<?xml version='1.0' encoding='UTF-8'?>
<testsuite hostname="ione" name="Tests" tests="11" errors="0" failures="3" skipped="0" time="0.128" timestamp="2024-06-14T15:24:32">
          <properties>
[...]
</properties>
          <testcase classname="Tests" name="Valid profile id:294083" time="0.075">
                      
                    </testcase><testcase classname="Tests" name="E1 (1p):" time="0.004">
                      
                    </testcase><testcase classname="Tests" name="E2 (1p):" time="0.004">
                      
                    </testcase><testcase classname="Tests" name="E3 (1p):" time="0.005">
                      <failure message="an implementation is missing" type="scala.NotImplementedError">scala.NotImplementedError: an implementation is missing
	at munit.FunSuite.assert(FunSuite.scala:11)
	at Tests.$anonfun$new$20(Tests.scala:24)
	at scala.runtime.java8.JFunction0$mcV$sp.apply(JFunction0$mcV$sp.scala:18)
</failure>
                    </testcase><testcase classname="Tests" name="E4 (1p):" time="0.004">
                      
                    </testcase><testcase classname="Tests" name="E5 (1p):" time="0.001">
                      <failure message="an implementation is missing" type="scala.NotImplementedError">scala.NotImplementedError: an implementation is missing
	at munit.FunSuite.assert(FunSuite.scala:11)
	at Tests.$anonfun$new$38(Tests.scala:39)
	at scala.runtime.java8.JFunction0$mcV$sp.apply(JFunction0$mcV$sp.scala:18)
</failure>
                    </testcase><testcase classname="Tests" name="E6 (1p):" time="0.007">
                      
                    </testcase><testcase classname="Tests" name="E7 (1p):" time="0.005">
                      
                    </testcase><testcase classname="Tests" name="E8 (1p):" time="0.007">
                      
                    </testcase><testcase classname="Tests" name="E9 (1p):" time="0.002">
                      <failure message="an implementation is missing" type="scala.NotImplementedError">scala.NotImplementedError: an implementation is missing
	at munit.FunSuite.assert(FunSuite.scala:11)
	at Tests.$anonfun$new$83(Tests.scala:74)
	at scala.runtime.java8.JFunction0$mcV$sp.apply(JFunction0$mcV$sp.scala:18)
</failure>
                    </testcase><testcase classname="Tests" name="E10 (1p):" time="0.014">
                      
                    </testcase>
          <system-out><![CDATA[]]></system-out>
          <system-err><![CDATA[]]></system-err>
        </testsuite>