<?xml version='1.0' encoding='UTF-8'?>
<testsuite hostname="ione" name="WTreeTest" tests="18" errors="0" failures="0" skipped="0" time="0.069" timestamp="2024-06-13T18:51:38">
          <properties>
[...]
</properties>
          <testcase classname="WTreeTest" name="Valid profile id:294083" time="0.026">
                      
                    </testcase><testcase classname="WTreeTest" name="split: Simple split test (10p)" time="0.001">
                      
                    </testcase><testcase classname="WTreeTest" name="split: Making sure trailing whitespace is handled correctly (5p)" time="0.001">
                      
                    </testcase><testcase classname="WTreeTest" name="split: multiple consecutive whitespaces (5p)" time="0.0">
                      
                    </testcase><testcase classname="WTreeTest" name="computeTokens: Simple test (5p)" time="0.002">
                      
                    </testcase><testcase classname="WTreeTest" name="computeTokens: Multiple occurrences (10p)" time="0.001">
                      
                    </testcase><testcase classname="WTreeTest" name="makeTree: nonempty (10p)" time="0.003">
                      
                    </testcase><testcase classname="WTreeTest" name="makeTree: empty tree (5p)" time="0.001">
                      
                    </testcase><testcase classname="WTreeTest" name="size: empty tree (2p)" time="0.0">
                      
                    </testcase><testcase classname="WTreeTest" name="size: nonempty (3p)" time="0.0">
                      
                    </testcase><testcase classname="WTreeTest" name="contains: empty tree (2p)" time="0.001">
                      
                    </testcase><testcase classname="WTreeTest" name="contains: non-empty tree (3p)" time="0.001">
                      
                    </testcase><testcase classname="WTreeTest" name="filter: Simple test 1 (5p)" time="0.002">
                      
                    </testcase><testcase classname="WTreeTest" name="filter: Simple test 2 (5p)" time="0.001">
                      
                    </testcase><testcase classname="WTreeTest" name="filter: Simple test with empty tree after filtering (10p)" time="0.001">
                      
                    </testcase><testcase classname="WTreeTest" name="Scala keyword frequency (5p)" time="0.014">
                      
                    </testcase><testcase classname="WTreeTest" name="How many programming languages (10p)" time="0.007">
                      
                    </testcase><testcase classname="WTreeTest" name="How many words (5p)" time="0.007">
                      
                    </testcase>
          <system-out><![CDATA[]]></system-out>
          <system-err><![CDATA[]]></system-err>
        </testsuite>