2024.03.15 14:33:45 INFO  Started: Metals version 1.2.2 in folders '/home/ione/Documents/University/Year_3/Functional_Programming/Labs/lab_02' for client Visual Studio Code 1.87.2.[0m
14:33:45.788 [pool-1-thread-2] INFO org.flywaydb.core.internal.license.VersionPrinter -- Flyway Community Edition 9.22.3 by Redgate
14:33:45.794 [pool-1-thread-2] INFO org.flywaydb.core.internal.license.VersionPrinter -- See release notes here: https://rd.gt/416ObMi
14:33:45.794 [pool-1-thread-2] INFO org.flywaydb.core.internal.license.VersionPrinter -- 
14:33:45.800 [pool-1-thread-2] DEBUG org.flywaydb.core.internal.scanner.classpath.ClassPathScanner -- Scanning for classpath resources at 'classpath:db/callback' ...
14:33:45.800 [pool-1-thread-2] DEBUG org.flywaydb.core.internal.scanner.classpath.ClassPathScanner -- Determining location urls for classpath:db/callback using ClassLoader jdk.internal.loader.ClassLoaders$AppClassLoader@4f2410ac ...
14:33:45.800 [pool-1-thread-2] DEBUG org.flywaydb.core.internal.scanner.classpath.ClassPathScanner -- Unable to resolve location classpath:db/callback.
14:33:45.800 [pool-1-thread-2] DEBUG org.flywaydb.core.internal.scanner.classpath.ClassPathScanner -- Scanning for classpath resources at 'classpath:db/migration' ...
14:33:45.800 [pool-1-thread-2] DEBUG org.flywaydb.core.internal.scanner.classpath.ClassPathScanner -- Determining location urls for classpath:db/migration using ClassLoader jdk.internal.loader.ClassLoaders$AppClassLoader@4f2410ac ...
14:33:45.801 [pool-1-thread-2] DEBUG org.flywaydb.core.internal.scanner.classpath.ClassPathScanner -- Scanning URL: jar:file:/home/ione/.cache/coursier/v1/https/repo1.maven.org/maven2/org/scalameta/metals_2.13/1.2.2/metals_2.13-1.2.2.jar!/db/migration
14:33:45.809 [pool-1-thread-2] DEBUG org.flywaydb.core.internal.scanner.classpath.ClassPathScanner -- Found resource: db/migration/
14:33:45.809 [pool-1-thread-2] DEBUG org.flywaydb.core.internal.scanner.classpath.ClassPathScanner -- Found resource: db/migration/V1__Create_tables.sql
14:33:45.809 [pool-1-thread-2] DEBUG org.flywaydb.core.internal.scanner.classpath.ClassPathScanner -- Found resource: db/migration/V2__Server_discovery.sql
14:33:45.809 [pool-1-thread-2] DEBUG org.flywaydb.core.internal.scanner.classpath.ClassPathScanner -- Found resource: db/migration/V3__Jar_symbols.sql
14:33:45.809 [pool-1-thread-2] DEBUG org.flywaydb.core.internal.scanner.classpath.ClassPathScanner -- Found resource: db/migration/V4__Fingerprints.sql
14:33:45.809 [pool-1-thread-2] DEBUG org.flywaydb.core.internal.scanner.classpath.ClassPathScanner -- Scanning for classes at classpath:db/migration
14:33:45.815 [pool-1-thread-2] DEBUG org.flywaydb.core.internal.scanner.Scanner -- Filtering out resource: db/migration/ (filename: )
14:33:45.816 [pool-1-thread-2] DEBUG org.flywaydb.core.internal.resource.ResourceNameValidator -- Validating V3__Jar_symbols.sql
14:33:45.817 [pool-1-thread-2] DEBUG org.flywaydb.core.internal.resource.ResourceNameValidator -- Validating V2__Server_discovery.sql
14:33:45.817 [pool-1-thread-2] DEBUG org.flywaydb.core.internal.resource.ResourceNameValidator -- Validating V1__Create_tables.sql
14:33:45.818 [pool-1-thread-2] DEBUG org.flywaydb.core.internal.resource.ResourceNameValidator -- Validating V4__Fingerprints.sql
14:33:45.914 [pool-1-thread-2] INFO org.flywaydb.core.FlywayExecutor -- Database: jdbc:h2:file:/home/ione/Documents/University/Year_3/Functional_Programming/Labs/lab_02/.metals/metals (H2 2.2)
14:33:45.915 [pool-1-thread-2] DEBUG org.flywaydb.core.FlywayExecutor -- Driver: H2 JDBC Driver 2.2.224 (2023-09-17)
14:33:45.915 [pool-1-thread-2] DEBUG org.flywaydb.core.FlywayExecutor -- DDL Transactions Supported: false
14:33:45.917 [pool-1-thread-2] DEBUG org.flywaydb.core.internal.schemahistory.SchemaHistoryFactory -- Schemas: 
14:33:45.917 [pool-1-thread-2] DEBUG org.flywaydb.core.internal.schemahistory.SchemaHistoryFactory -- Default schema: null
14:33:45.923 [pool-1-thread-2] WARN org.flywaydb.core.internal.database.base.Database -- Flyway upgrade recommended: H2 2.2.224 is newer than this version of Flyway and support has not been tested. The latest supported version of H2 is 2.2.220.
14:33:45.925 [pool-1-thread-2] DEBUG org.flywaydb.core.internal.callback.SqlScriptCallbackFactory -- Scanning for SQL callbacks ...
14:33:45.925 [pool-1-thread-2] DEBUG org.flywaydb.core.internal.scanner.Scanner -- Filtering out resource: db/migration/ (filename: )
14:33:45.936 [pool-1-thread-2] DEBUG org.flywaydb.core.internal.command.DbValidate -- Validating migrations ...
14:33:45.941 [pool-1-thread-2] DEBUG org.flywaydb.core.internal.scanner.Scanner -- Filtering out resource: db/migration/ (filename: )
14:33:45.950 [pool-1-thread-2] DEBUG org.flywaydb.core.internal.scanner.Scanner -- Filtering out resource: db/migration/V3__Jar_symbols.sql (filename: V3__Jar_symbols.sql)
14:33:45.950 [pool-1-thread-2] DEBUG org.flywaydb.core.internal.scanner.Scanner -- Filtering out resource: db/migration/ (filename: )
14:33:45.950 [pool-1-thread-2] DEBUG org.flywaydb.core.internal.scanner.Scanner -- Filtering out resource: db/migration/V2__Server_discovery.sql (filename: V2__Server_discovery.sql)
14:33:45.950 [pool-1-thread-2] DEBUG org.flywaydb.core.internal.scanner.Scanner -- Filtering out resource: db/migration/V1__Create_tables.sql (filename: V1__Create_tables.sql)
14:33:45.950 [pool-1-thread-2] DEBUG org.flywaydb.core.internal.scanner.Scanner -- Filtering out resource: db/migration/V4__Fingerprints.sql (filename: V4__Fingerprints.sql)
14:33:45.951 [pool-1-thread-2] DEBUG org.flywaydb.core.internal.scanner.Scanner -- Filtering out resource: db/migration/V3__Jar_symbols.sql (filename: V3__Jar_symbols.sql)
14:33:45.951 [pool-1-thread-2] DEBUG org.flywaydb.core.internal.scanner.Scanner -- Filtering out resource: db/migration/ (filename: )
14:33:45.951 [pool-1-thread-2] DEBUG org.flywaydb.core.internal.scanner.Scanner -- Filtering out resource: db/migration/V2__Server_discovery.sql (filename: V2__Server_discovery.sql)
14:33:45.951 [pool-1-thread-2] DEBUG org.flywaydb.core.internal.scanner.Scanner -- Filtering out resource: db/migration/V1__Create_tables.sql (filename: V1__Create_tables.sql)
14:33:45.951 [pool-1-thread-2] DEBUG org.flywaydb.core.internal.scanner.Scanner -- Filtering out resource: db/migration/V4__Fingerprints.sql (filename: V4__Fingerprints.sql)
14:33:45.953 [pool-1-thread-2] INFO org.flywaydb.core.internal.schemahistory.JdbcTableSchemaHistory -- Schema history table "PUBLIC"."flyway_schema_history" does not exist yet
14:33:45.957 [pool-1-thread-2] INFO org.flywaydb.core.internal.command.DbValidate -- Successfully validated 4 migrations (execution time 00:00.020s)
14:33:45.960 [pool-1-thread-2] DEBUG org.flywaydb.core.internal.command.DbSchemas -- Skipping creation of existing schema: "PUBLIC"
14:33:45.964 [pool-1-thread-2] INFO org.flywaydb.core.internal.schemahistory.JdbcTableSchemaHistory -- Creating Schema History table "PUBLIC"."flyway_schema_history" ...
14:33:45.966 [pool-1-thread-2] DEBUG org.flywaydb.core.internal.parser.Parser -- Parsing  ...
14:33:45.976 [pool-1-thread-2] DEBUG org.flywaydb.core.internal.sqlscript.ParserSqlScript -- Found statement at line 1: CREATE TABLE IF NOT EXISTS "PUBLIC"."flyway_schema_history" (
    "installed_rank" INT NOT NULL,
    "version" VARCHAR(50),
    "description" VARCHAR(200) NOT NULL,
    "type" VARCHAR(20) NOT NULL,
    "script" VARCHAR(1000) NOT NULL,
    "checksum" INT,
    "installed_by" VARCHAR(100) NOT NULL,
    "installed_on" TIMESTAMP NOT NULL DEFAULT CURRENT_TIMESTAMP,
    "execution_time" INT NOT NULL,
    "success" BOOLEAN NOT NULL,
    CONSTRAINT "flyway_schema_history_pk" PRIMARY KEY ("installed_rank")
) AS SELECT -1, NULL, '<< Flyway Schema History table created >>', 'TABLE', '', NULL, 'SA', CURRENT_TIMESTAMP, 0, TRUE
14:33:45.977 [pool-1-thread-2] DEBUG org.flywaydb.core.internal.sqlscript.ParserSqlScript -- Found statement at line 14: CREATE INDEX "PUBLIC"."flyway_schema_history_s_idx" ON "PUBLIC"."flyway_schema_history" ("success")
14:33:45.977 [pool-1-thread-2] DEBUG org.flywaydb.core.internal.sqlscript.DefaultSqlScriptExecutor -- Executing SQL: CREATE TABLE IF NOT EXISTS "PUBLIC"."flyway_schema_history" (
    "installed_rank" INT NOT NULL,
    "version" VARCHAR(50),
    "description" VARCHAR(200) NOT NULL,
    "type" VARCHAR(20) NOT NULL,
    "script" VARCHAR(1000) NOT NULL,
    "checksum" INT,
    "installed_by" VARCHAR(100) NOT NULL,
    "installed_on" TIMESTAMP NOT NULL DEFAULT CURRENT_TIMESTAMP,
    "execution_time" INT NOT NULL,
    "success" BOOLEAN NOT NULL,
    CONSTRAINT "flyway_schema_history_pk" PRIMARY KEY ("installed_rank")
) AS SELECT -1, NULL, '<< Flyway Schema History table created >>', 'TABLE', '', NULL, 'SA', CURRENT_TIMESTAMP, 0, TRUE
14:33:45.982 [pool-1-thread-2] DEBUG org.flywaydb.core.internal.sqlscript.DefaultSqlScriptExecutor -- 0 rows affected
14:33:45.982 [pool-1-thread-2] DEBUG org.flywaydb.core.internal.sqlscript.DefaultSqlScriptExecutor -- Executing SQL: CREATE INDEX "PUBLIC"."flyway_schema_history_s_idx" ON "PUBLIC"."flyway_schema_history" ("success")
14:33:45.986 [pool-1-thread-2] DEBUG org.flywaydb.core.internal.sqlscript.DefaultSqlScriptExecutor -- 0 rows affected
14:33:45.986 [pool-1-thread-2] DEBUG org.flywaydb.core.internal.schemahistory.JdbcTableSchemaHistory -- Created Schema History table "PUBLIC"."flyway_schema_history"
14:33:45.994 [pool-1-thread-2] INFO org.flywaydb.core.internal.command.DbMigrate -- Current version of schema "PUBLIC": << Empty Schema >>
14:33:45.995 [pool-1-thread-2] DEBUG org.flywaydb.core.internal.parser.Parser -- Parsing V1__Create_tables.sql ...
14:33:45.997 [pool-1-thread-2] DEBUG org.flywaydb.core.internal.sqlscript.ParserSqlScript -- Found statement at line 4: -- The relationship between library dependency sources under .metals/readonly/**
-- and build targets they belong to. Required to know what classpath to use
-- for compiling dependency sources.
create table dependency_source(
  text_document_uri varchar primary key,
  build_target_uri varchar not null
)
14:33:45.998 [pool-1-thread-2] DEBUG org.flywaydb.core.internal.sqlscript.ParserSqlScript -- Found statement at line 12: -- The relationship between library dependency sources under .metals/readonly/**
-- and worksheets they belong to. Required to know what classpath to use
-- for compiling dependency sources.
create table worksheet_dependency_source(
  text_document_uri varchar primary key,
  worksheet_uri varchar not null
)
14:33:45.999 [pool-1-thread-2] DEBUG org.flywaydb.core.internal.sqlscript.ParserSqlScript -- Found statement at line 19: -- The relationship between what library dependency sources under .metals/readonly/**
-- map to which build targets.
create table sbt_digest(
  md5 varchar,
  status tinyint not null,
  when_recorded timestamp
)
14:33:46.000 [pool-1-thread-2] DEBUG org.flywaydb.core.internal.sqlscript.ParserSqlScript -- Found statement at line 27: -- Which window/showMessage and window/showMessageRequest dialogues have been dismissed
-- by the user via "Don't show again" or closed by clicking on "x".
create table dismissed_notification(
  id int,
  when_dismissed timestamp,
  when_expires timestamp
)
14:33:46.000 [pool-1-thread-2] DEBUG org.flywaydb.core.internal.sqlscript.ParserSqlScript -- Found statement at line 34: -- The choice of build tool when multiple build tool files are found in a workspace
create table chosen_build_tool(
  build_tool varchar primary key
)
14:33:46.002 [pool-1-thread-2] DEBUG org.flywaydb.core.internal.command.DbMigrate -- Starting migration of schema "PUBLIC" to version "1 - Create tables" ...
14:33:46.004 [pool-1-thread-2] INFO org.flywaydb.core.internal.command.DbMigrate -- Migrating schema "PUBLIC" to version "1 - Create tables"
14:33:46.005 [pool-1-thread-2] DEBUG org.flywaydb.core.internal.sqlscript.DefaultSqlScriptExecutor -- Executing SQL: -- The relationship between library dependency sources under .metals/readonly/**
-- and build targets they belong to. Required to know what classpath to use
-- for compiling dependency sources.
create table dependency_source(
  text_document_uri varchar primary key,
  build_target_uri varchar not null
)
14:33:46.007 [pool-1-thread-2] DEBUG org.flywaydb.core.internal.sqlscript.DefaultSqlScriptExecutor -- 0 rows affected
14:33:46.008 [pool-1-thread-2] DEBUG org.flywaydb.core.internal.sqlscript.DefaultSqlScriptExecutor -- Executing SQL: -- The relationship between library dependency sources under .metals/readonly/**
-- and worksheets they belong to. Required to know what classpath to use
-- for compiling dependency sources.
create table worksheet_dependency_source(
  text_document_uri varchar primary key,
  worksheet_uri varchar not null
)
14:33:46.010 [pool-1-thread-2] DEBUG org.flywaydb.core.internal.sqlscript.DefaultSqlScriptExecutor -- 0 rows affected
14:33:46.010 [pool-1-thread-2] DEBUG org.flywaydb.core.internal.sqlscript.DefaultSqlScriptExecutor -- Executing SQL: -- The relationship between what library dependency sources under .metals/readonly/**
-- map to which build targets.
create table sbt_digest(
  md5 varchar,
  status tinyint not null,
  when_recorded timestamp
)
14:33:46.011 [pool-1-thread-2] DEBUG org.flywaydb.core.internal.sqlscript.DefaultSqlScriptExecutor -- 0 rows affected
14:33:46.011 [pool-1-thread-2] DEBUG org.flywaydb.core.internal.sqlscript.DefaultSqlScriptExecutor -- Executing SQL: -- Which window/showMessage and window/showMessageRequest dialogues have been dismissed
-- by the user via "Don't show again" or closed by clicking on "x".
create table dismissed_notification(
  id int,
  when_dismissed timestamp,
  when_expires timestamp
)
14:33:46.012 [pool-1-thread-2] DEBUG org.flywaydb.core.internal.sqlscript.DefaultSqlScriptExecutor -- 0 rows affected
14:33:46.012 [pool-1-thread-2] DEBUG org.flywaydb.core.internal.sqlscript.DefaultSqlScriptExecutor -- Executing SQL: -- The choice of build tool when multiple build tool files are found in a workspace
create table chosen_build_tool(
  build_tool varchar primary key
)
14:33:46.014 [pool-1-thread-2] DEBUG org.flywaydb.core.internal.sqlscript.DefaultSqlScriptExecutor -- 0 rows affected
14:33:46.014 [pool-1-thread-2] DEBUG org.flywaydb.core.internal.command.DbMigrate -- Successfully completed migration of schema "PUBLIC" to version "1 - Create tables"
14:33:46.018 [pool-1-thread-2] DEBUG org.flywaydb.core.internal.schemahistory.JdbcTableSchemaHistory -- Schema History table "PUBLIC"."flyway_schema_history" successfully updated to reflect changes
14:33:46.025 [pool-1-thread-2] DEBUG org.flywaydb.core.internal.parser.Parser -- Parsing V2__Server_discovery.sql ...
14:33:46.031 [pool-1-thread-2] DEBUG org.flywaydb.core.internal.sqlscript.ParserSqlScript -- Found statement at line 4: -- For each unique combination of installed build servers we select one server.
-- The md5 checksum is computed from the names of the installed build servers, and
-- the selected server is the server which the user chose for this workspace.
create table chosen_build_server(
  md5 varchar primary key,
  selected_server varchar,
  when_recorded timestamp
)
14:33:46.031 [pool-1-thread-2] DEBUG org.flywaydb.core.internal.command.DbMigrate -- Starting migration of schema "PUBLIC" to version "2 - Server discovery" ...
14:33:46.033 [pool-1-thread-2] INFO org.flywaydb.core.internal.command.DbMigrate -- Migrating schema "PUBLIC" to version "2 - Server discovery"
14:33:46.033 [pool-1-thread-2] DEBUG org.flywaydb.core.internal.sqlscript.DefaultSqlScriptExecutor -- Executing SQL: -- For each unique combination of installed build servers we select one server.
-- The md5 checksum is computed from the names of the installed build servers, and
-- the selected server is the server which the user chose for this workspace.
create table chosen_build_server(
  md5 varchar primary key,
  selected_server varchar,
  when_recorded timestamp
)
14:33:46.035 [pool-1-thread-2] DEBUG org.flywaydb.core.internal.sqlscript.DefaultSqlScriptExecutor -- 0 rows affected
14:33:46.035 [pool-1-thread-2] DEBUG org.flywaydb.core.internal.command.DbMigrate -- Successfully completed migration of schema "PUBLIC" to version "2 - Server discovery"
14:33:46.038 [pool-1-thread-2] DEBUG org.flywaydb.core.internal.schemahistory.JdbcTableSchemaHistory -- Schema History table "PUBLIC"."flyway_schema_history" successfully updated to reflect changes
14:33:46.041 [pool-1-thread-2] DEBUG org.flywaydb.core.internal.parser.Parser -- Parsing V3__Jar_symbols.sql ...
14:33:46.043 [pool-1-thread-2] DEBUG org.flywaydb.core.internal.sqlscript.ParserSqlScript -- Found statement at line 2: -- Indexed jars, the MD5 digest of path, modified time and size as key
create table indexed_jar(
  id int auto_increment unique,
  md5 varchar primary key
)
14:33:46.044 [pool-1-thread-2] DEBUG org.flywaydb.core.internal.sqlscript.ParserSqlScript -- Found statement at line 7: -- Top Level Symbols per jar, allow for multiple jars with same symbols and paths
create table toplevel_symbol(
  symbol varchar not null,
  path varchar not null,
  jar int,
  foreign key (jar) references indexed_jar (id) on delete cascade,
  primary key (jar, path, symbol)
)
14:33:46.046 [pool-1-thread-2] DEBUG org.flywaydb.core.internal.sqlscript.ParserSqlScript -- Found statement at line 15: -- Create index to speedup lookup of jar symbols
create index toplevel_symbol_jar on toplevel_symbol(jar)
14:33:46.046 [pool-1-thread-2] DEBUG org.flywaydb.core.internal.command.DbMigrate -- Starting migration of schema "PUBLIC" to version "3 - Jar symbols" ...
14:33:46.047 [pool-1-thread-2] INFO org.flywaydb.core.internal.command.DbMigrate -- Migrating schema "PUBLIC" to version "3 - Jar symbols"
14:33:46.047 [pool-1-thread-2] DEBUG org.flywaydb.core.internal.sqlscript.DefaultSqlScriptExecutor -- Executing SQL: -- Indexed jars, the MD5 digest of path, modified time and size as key
create table indexed_jar(
  id int auto_increment unique,
  md5 varchar primary key
)
14:33:46.055 [pool-1-thread-2] DEBUG org.flywaydb.core.internal.sqlscript.DefaultSqlScriptExecutor -- 0 rows affected
14:33:46.055 [pool-1-thread-2] DEBUG org.flywaydb.core.internal.sqlscript.DefaultSqlScriptExecutor -- Executing SQL: -- Top Level Symbols per jar, allow for multiple jars with same symbols and paths
create table toplevel_symbol(
  symbol varchar not null,
  path varchar not null,
  jar int,
  foreign key (jar) references indexed_jar (id) on delete cascade,
  primary key (jar, path, symbol)
)
14:33:46.063 [pool-1-thread-2] DEBUG org.flywaydb.core.internal.sqlscript.DefaultSqlScriptExecutor -- 0 rows affected
14:33:46.064 [pool-1-thread-2] DEBUG org.flywaydb.core.internal.sqlscript.DefaultSqlScriptExecutor -- Executing SQL: -- Create index to speedup lookup of jar symbols
create index toplevel_symbol_jar on toplevel_symbol(jar)
14:33:46.065 [pool-1-thread-2] DEBUG org.flywaydb.core.internal.sqlscript.DefaultSqlScriptExecutor -- 0 rows affected
14:33:46.065 [pool-1-thread-2] DEBUG org.flywaydb.core.internal.command.DbMigrate -- Successfully completed migration of schema "PUBLIC" to version "3 - Jar symbols"
14:33:46.068 [pool-1-thread-2] DEBUG org.flywaydb.core.internal.schemahistory.JdbcTableSchemaHistory -- Schema History table "PUBLIC"."flyway_schema_history" successfully updated to reflect changes
14:33:46.072 [pool-1-thread-2] DEBUG org.flywaydb.core.internal.parser.Parser -- Parsing V4__Fingerprints.sql ...
14:33:46.074 [pool-1-thread-2] DEBUG org.flywaydb.core.internal.sqlscript.ParserSqlScript -- Found statement at line 2: -- Fingerprints saved between invocations
create table fingerprints(
  path varchar not null,
  text varchar not null,
  md5 varchar not null,
  id int auto_increment unique
)
14:33:46.074 [pool-1-thread-2] DEBUG org.flywaydb.core.internal.command.DbMigrate -- Starting migration of schema "PUBLIC" to version "4 - Fingerprints" ...
14:33:46.075 [pool-1-thread-2] INFO org.flywaydb.core.internal.command.DbMigrate -- Migrating schema "PUBLIC" to version "4 - Fingerprints"
14:33:46.075 [pool-1-thread-2] DEBUG org.flywaydb.core.internal.sqlscript.DefaultSqlScriptExecutor -- Executing SQL: -- Fingerprints saved between invocations
create table fingerprints(
  path varchar not null,
  text varchar not null,
  md5 varchar not null,
  id int auto_increment unique
)
14:33:46.077 [pool-1-thread-2] DEBUG org.flywaydb.core.internal.sqlscript.DefaultSqlScriptExecutor -- 0 rows affected
14:33:46.077 [pool-1-thread-2] DEBUG org.flywaydb.core.internal.command.DbMigrate -- Successfully completed migration of schema "PUBLIC" to version "4 - Fingerprints"
14:33:46.080 [pool-1-thread-2] DEBUG org.flywaydb.core.internal.schemahistory.JdbcTableSchemaHistory -- Schema History table "PUBLIC"."flyway_schema_history" successfully updated to reflect changes
14:33:46.087 [pool-1-thread-2] INFO org.flywaydb.core.internal.command.DbMigrate -- Successfully applied 4 migrations to schema "PUBLIC", now at version v4 (execution time 00:00.037s)
14:33:46.106 [pool-1-thread-2] DEBUG org.flywaydb.core.FlywayExecutor -- Memory usage: 36 of 100M
2024.03.15 14:33:46 WARN  Build server is not auto-connectable.[0m
2024.03.15 14:34:31 WARN  Cannot create file, no directory provided.[0m
2024.03.15 14:34:43 WARN  no build target for: /home/ione/Documents/University/Year_3/Functional_Programming/Labs/lab_02/src/lab_02.worksheet.sc[0m
2024.03.15 14:34:50 INFO  no build target found for /home/ione/Documents/University/Year_3/Functional_Programming/Labs/lab_02/src/lab_02.worksheet.sc. Using presentation compiler with project's scala-library version: 3.3.1[0m
Mar 15, 2024 2:34:51 PM org.eclipse.lsp4j.jsonrpc.RemoteEndpoint handleCancellation
WARNING: Unmatched cancel notification for request id 11
Mar 15, 2024 2:34:51 PM org.eclipse.lsp4j.jsonrpc.RemoteEndpoint handleCancellation
WARNING: Unmatched cancel notification for request id 13
Mar 15, 2024 2:34:51 PM org.eclipse.lsp4j.jsonrpc.RemoteEndpoint handleCancellation
WARNING: Unmatched cancel notification for request id 15
Mar 15, 2024 2:34:51 PM org.eclipse.lsp4j.jsonrpc.RemoteEndpoint handleCancellation
WARNING: Unmatched cancel notification for request id 20
Mar 15, 2024 2:34:51 PM org.eclipse.lsp4j.jsonrpc.RemoteEndpoint handleCancellation
WARNING: Unmatched cancel notification for request id 23
2024.03.15 14:34:51 WARN  no build target for: /home/ione/Documents/University/Year_3/Functional_Programming/Labs/lab_02/src/lab_02.worksheet.sc[0m
Mar 15, 2024 2:34:52 PM org.eclipse.lsp4j.jsonrpc.RemoteEndpoint handleCancellation
WARNING: Unmatched cancel notification for request id 25
[31merror[39m: src/lab_02.worksheet.sc:1:1: 
Not found: v
v
^
2024.03.15 14:34:52 INFO  time: evaluated worksheet 'lab_02.worksheet.sc' in 9.19s[0m
2024.03.15 14:34:53 WARN  no build target for: /home/ione/Documents/University/Year_3/Functional_Programming/Labs/lab_02/src/lab_02.worksheet.sc[0m
2024.03.15 14:34:55 INFO  time: code lens generation in 10s[0m
2024.03.15 14:34:55 INFO  time: code lens generation in 3.1s[0m
2024.03.15 14:34:55 INFO  time: code lens generation in 11s[0m
2024.03.15 14:34:55 INFO  time: code lens generation in 3.27s[0m
2024.03.15 14:34:55 INFO  time: code lens generation in 3.03s[0m
2024.03.15 14:34:55 INFO  time: evaluated worksheet 'lab_02.worksheet.sc' in 3.42s[0m
2024.03.15 14:34:57 INFO  time: evaluated worksheet 'lab_02.worksheet.sc' in 1.66s[0m
2024.03.15 14:34:58 INFO  no build target found for /home/ione/Documents/University/Year_3/Functional_Programming/Labs/lab_02/src/lab_02.worksheet.sc. Using presentation compiler with project's scala-library version: 3.3.1[0m
Mar 15, 2024 2:34:58 PM org.eclipse.lsp4j.jsonrpc.RemoteEndpoint handleCancellation
WARNING: Unmatched cancel notification for request id 33
Mar 15, 2024 2:34:58 PM org.eclipse.lsp4j.jsonrpc.RemoteEndpoint handleCancellation
WARNING: Unmatched cancel notification for request id 10
2024.03.15 14:34:58 WARN  no build target for: /home/ione/Documents/University/Year_3/Functional_Programming/Labs/lab_02/src/lab_02.worksheet.sc[0m
Mar 15, 2024 2:34:58 PM org.eclipse.lsp4j.jsonrpc.RemoteEndpoint handleCancellation
WARNING: Unmatched cancel notification for request id 39
Mar 15, 2024 2:34:58 PM org.eclipse.lsp4j.jsonrpc.RemoteEndpoint handleCancellation
WARNING: Unmatched cancel notification for request id 43
2024.03.15 14:34:58 WARN  no build target for: /home/ione/Documents/University/Year_3/Functional_Programming/Labs/lab_02/src/lab_02.worksheet.sc[0m
2024.03.15 14:34:59 INFO  time: evaluated worksheet 'lab_02.worksheet.sc' in 1.68s[0m
2024.03.15 14:35:00 INFO  time: evaluated worksheet 'lab_02.worksheet.sc' in 0.58s[0m
2024.03.15 14:41:35 WARN  no build target for: /home/ione/Documents/University/Year_3/Functional_Programming/Labs/lab_02/src/lab_02.worksheet.sc[0m
[31merror[39m: src/lab_02.worksheet.sc:3:20: 
Not found: acc
        if(i == n) acc
                   ^^^
[31merror[39m: src/lab_02.worksheet.sc:6:1: 
Found:    Unit
Required: Int
}
^
2024.03.15 14:41:36 INFO  time: evaluated worksheet 'lab_02.worksheet.sc' in 0.34s[0m
Mar 15, 2024 2:42:42 PM org.eclipse.lsp4j.jsonrpc.RemoteEndpoint handleCancellation
WARNING: Unmatched cancel notification for request id 599
2024.03.15 14:43:57 WARN  no build target for: /home/ione/Documents/University/Year_3/Functional_Programming/Labs/lab_02/src/lab_02.worksheet.sc[0m
[31merror[39m: src/lab_02.worksheet.sc:5:1: 
Found:    Unit
Required: Int
}
^
2024.03.15 14:43:58 INFO  time: evaluated worksheet 'lab_02.worksheet.sc' in 0.39s[0m
2024.03.15 14:43:59 WARN  no build target for: /home/ione/Documents/University/Year_3/Functional_Programming/Labs/lab_02/src/lab_02.worksheet.sc[0m
[31merror[39m: src/lab_02.worksheet.sc:6:1: 
Found:    Unit
Required: Int
}
^
2024.03.15 14:43:59 INFO  time: evaluated worksheet 'lab_02.worksheet.sc' in 0.3s[0m
2024.03.15 14:43:59 WARN  no build target for: /home/ione/Documents/University/Year_3/Functional_Programming/Labs/lab_02/src/lab_02.worksheet.sc[0m
[31merror[39m: src/lab_02.worksheet.sc:6:1: 
Found:    Unit
Required: Int
}
^
2024.03.15 14:43:59 INFO  time: evaluated worksheet 'lab_02.worksheet.sc' in 0.3s[0m
2024.03.15 14:44:08 WARN  no build target for: /home/ione/Documents/University/Year_3/Functional_Programming/Labs/lab_02/src/lab_02.worksheet.sc[0m
[31merror[39m: src/lab_02.worksheet.sc:6:1: 
Found:    Unit
Required: Int
}
^
2024.03.15 14:44:08 INFO  time: evaluated worksheet 'lab_02.worksheet.sc' in 0.16s[0m
Mar 15, 2024 2:44:18 PM org.eclipse.lsp4j.jsonrpc.RemoteEndpoint handleCancellation
WARNING: Unmatched cancel notification for request id 770
2024.03.15 14:44:51 WARN  no build target for: /home/ione/Documents/University/Year_3/Functional_Programming/Labs/lab_02/src/lab_02.worksheet.sc[0m
[31merror[39m: src/lab_02.worksheet.sc:7:1: 
Found:    Unit
Required: Int
}
^
2024.03.15 14:44:51 INFO  time: evaluated worksheet 'lab_02.worksheet.sc' in 0.18s[0m
2024.03.15 14:45:44 WARN  no build target for: /home/ione/Documents/University/Year_3/Functional_Programming/Labs/lab_02/src/lab_02.worksheet.sc[0m
[31merror[39m: src/lab_02.worksheet.sc:5:1: 
Found:    Unit
Required: Int
}
^
2024.03.15 14:45:44 INFO  time: evaluated worksheet 'lab_02.worksheet.sc' in 0.15s[0m
2024.03.15 14:51:51 WARN  no build target for: /home/ione/Documents/University/Year_3/Functional_Programming/Labs/lab_02/src/lab_02.worksheet.sc[0m
[31merror[39m: src/lab_02.worksheet.sc:5:1: 
Found:    Unit
Required: Int
}
^
2024.03.15 14:51:52 INFO  time: evaluated worksheet 'lab_02.worksheet.sc' in 0.25s[0m
Mar 15, 2024 2:53:57 PM org.eclipse.lsp4j.jsonrpc.RemoteEndpoint handleCancellation
WARNING: Unmatched cancel notification for request id 1136
Mar 15, 2024 2:54:02 PM org.eclipse.lsp4j.jsonrpc.RemoteEndpoint handleCancellation
WARNING: Unmatched cancel notification for request id 1166
2024.03.15 14:54:12 WARN  no build target for: /home/ione/Documents/University/Year_3/Functional_Programming/Labs/lab_02/src/lab_02.worksheet.sc[0m
[31merror[39m: src/lab_02.worksheet.sc:7:1: 
Found:    Unit
Required: Int
}
^
2024.03.15 14:54:12 INFO  time: evaluated worksheet 'lab_02.worksheet.sc' in 0.18s[0m
2024.03.15 14:54:29 WARN  no build target for: /home/ione/Documents/University/Year_3/Functional_Programming/Labs/lab_02/src/lab_02.worksheet.sc[0m
2024.03.15 14:54:30 INFO  time: evaluated worksheet 'lab_02.worksheet.sc' in 0.7s[0m
2024.03.15 14:54:36 WARN  no build target for: /home/ione/Documents/University/Year_3/Functional_Programming/Labs/lab_02/src/lab_02.worksheet.sc[0m
2024.03.15 14:54:37 INFO  time: evaluated worksheet 'lab_02.worksheet.sc' in 0.53s[0m
2024.03.15 14:54:37 WARN  no build target for: /home/ione/Documents/University/Year_3/Functional_Programming/Labs/lab_02/src/lab_02.worksheet.sc[0m
2024.03.15 14:54:38 INFO  time: evaluated worksheet 'lab_02.worksheet.sc' in 0.6s[0m
2024.03.15 14:54:55 WARN  no build target for: /home/ione/Documents/University/Year_3/Functional_Programming/Labs/lab_02/src/lab_02.worksheet.sc[0m
[31merror[39m: src/lab_02.worksheet.sc:3:12: illegal start of simple expression
        if() res
           ^
2024.03.15 14:54:56 INFO  time: evaluated worksheet 'lab_02.worksheet.sc' in 0.28s[0m
2024.03.15 14:55:01 WARN  no build target for: /home/ione/Documents/University/Year_3/Functional_Programming/Labs/lab_02/src/lab_02.worksheet.sc[0m
[31merror[39m: src/lab_02.worksheet.sc:3:12: illegal start of simple expression
        if() res
           ^
2024.03.15 14:55:01 INFO  time: evaluated worksheet 'lab_02.worksheet.sc' in 0.24s[0m
Mar 15, 2024 2:56:07 PM org.eclipse.lsp4j.jsonrpc.RemoteEndpoint handleCancellation
WARNING: Unmatched cancel notification for request id 1442
2024.03.15 14:56:13 WARN  no build target for: /home/ione/Documents/University/Year_3/Functional_Programming/Labs/lab_02/src/lab_02.worksheet.sc[0m
[31merror[39m: src/lab_02.worksheet.sc:5:2: 
Found:    Unit
Required: Int
}
 ^
2024.03.15 14:56:13 INFO  time: evaluated worksheet 'lab_02.worksheet.sc' in 0.17s[0m
2024.03.15 14:56:19 WARN  no build target for: /home/ione/Documents/University/Year_3/Functional_Programming/Labs/lab_02/src/lab_02.worksheet.sc[0m
[31merror[39m: src/lab_02.worksheet.sc:6:2: 
Found:    Unit
Required: Int
}
 ^
2024.03.15 14:56:19 INFO  time: evaluated worksheet 'lab_02.worksheet.sc' in 0.17s[0m
Mar 15, 2024 2:56:27 PM org.eclipse.lsp4j.jsonrpc.RemoteEndpoint handleCancellation
WARNING: Unmatched cancel notification for request id 1517
2024.03.15 14:56:31 WARN  no build target for: /home/ione/Documents/University/Year_3/Functional_Programming/Labs/lab_02/src/lab_02.worksheet.sc[0m
[31merror[39m: src/lab_02.worksheet.sc:6:2: 
Found:    Unit
Required: Int
}
 ^
2024.03.15 14:56:31 INFO  time: evaluated worksheet 'lab_02.worksheet.sc' in 0.17s[0m
2024.03.15 14:56:39 WARN  no build target for: /home/ione/Documents/University/Year_3/Functional_Programming/Labs/lab_02/src/lab_02.worksheet.sc[0m
[31merror[39m: src/lab_02.worksheet.sc:5:5: 
Found:    Unit
Required: Int
    return 
    ^^^^^^
2024.03.15 14:56:39 INFO  time: evaluated worksheet 'lab_02.worksheet.sc' in 0.16s[0m
2024.03.15 14:56:43 WARN  no build target for: /home/ione/Documents/University/Year_3/Functional_Programming/Labs/lab_02/src/lab_02.worksheet.sc[0m
[31merror[39m: src/lab_02.worksheet.sc:5:5: 
Found:    Unit
Required: Int
    return 
    ^^^^^^
2024.03.15 14:56:43 INFO  time: evaluated worksheet 'lab_02.worksheet.sc' in 0.15s[0m
2024.03.15 14:56:59 WARN  no build target for: /home/ione/Documents/University/Year_3/Functional_Programming/Labs/lab_02/src/lab_02.worksheet.sc[0m
2024.03.15 14:57:00 INFO  time: evaluated worksheet 'lab_02.worksheet.sc' in 0.47s[0m
2024.03.15 14:57:00 WARN  no build target for: /home/ione/Documents/University/Year_3/Functional_Programming/Labs/lab_02/src/lab_02.worksheet.sc[0m
2024.03.15 14:57:00 INFO  time: evaluated worksheet 'lab_02.worksheet.sc' in 0.32s[0m
2024.03.15 14:57:02 WARN  no build target for: /home/ione/Documents/University/Year_3/Functional_Programming/Labs/lab_02/src/lab_02.worksheet.sc[0m
2024.03.15 14:57:03 INFO  time: evaluated worksheet 'lab_02.worksheet.sc' in 0.35s[0m
2024.03.15 14:57:14 WARN  no build target for: /home/ione/Documents/University/Year_3/Functional_Programming/Labs/lab_02/src/lab_02.worksheet.sc[0m
2024.03.15 14:57:15 INFO  time: evaluated worksheet 'lab_02.worksheet.sc' in 0.32s[0m
2024.03.15 14:57:18 WARN  no build target for: /home/ione/Documents/University/Year_3/Functional_Programming/Labs/lab_02/src/lab_02.worksheet.sc[0m
2024.03.15 14:57:18 INFO  time: evaluated worksheet 'lab_02.worksheet.sc' in 0.32s[0m
2024.03.15 14:57:19 WARN  no build target for: /home/ione/Documents/University/Year_3/Functional_Programming/Labs/lab_02/src/lab_02.worksheet.sc[0m
2024.03.15 14:57:20 INFO  time: evaluated worksheet 'lab_02.worksheet.sc' in 0.5s[0m
2024.03.15 14:57:22 WARN  no build target for: /home/ione/Documents/University/Year_3/Functional_Programming/Labs/lab_02/src/lab_02.worksheet.sc[0m
2024.03.15 14:57:22 INFO  time: evaluated worksheet 'lab_02.worksheet.sc' in 0.31s[0m
2024.03.15 14:57:26 WARN  no build target for: /home/ione/Documents/University/Year_3/Functional_Programming/Labs/lab_02/src/lab_02.worksheet.sc[0m
2024.03.15 14:57:26 INFO  time: evaluated worksheet 'lab_02.worksheet.sc' in 0.3s[0m
2024.03.15 14:57:29 WARN  no build target for: /home/ione/Documents/University/Year_3/Functional_Programming/Labs/lab_02/src/lab_02.worksheet.sc[0m
2024.03.15 14:57:29 INFO  time: evaluated worksheet 'lab_02.worksheet.sc' in 0.34s[0m
2024.03.15 14:57:31 WARN  no build target for: /home/ione/Documents/University/Year_3/Functional_Programming/Labs/lab_02/src/lab_02.worksheet.sc[0m
2024.03.15 14:57:32 INFO  time: evaluated worksheet 'lab_02.worksheet.sc' in 0.28s[0m
2024.03.15 14:57:33 WARN  no build target for: /home/ione/Documents/University/Year_3/Functional_Programming/Labs/lab_02/src/lab_02.worksheet.sc[0m
2024.03.15 14:57:34 INFO  time: evaluated worksheet 'lab_02.worksheet.sc' in 0.31s[0m
2024.03.15 14:57:38 WARN  no build target for: /home/ione/Documents/University/Year_3/Functional_Programming/Labs/lab_02/src/lab_02.worksheet.sc[0m
2024.03.15 14:57:38 INFO  time: evaluated worksheet 'lab_02.worksheet.sc' in 0.44s[0m
2024.03.15 14:57:39 WARN  no build target for: /home/ione/Documents/University/Year_3/Functional_Programming/Labs/lab_02/src/lab_02.worksheet.sc[0m
2024.03.15 14:57:39 INFO  time: evaluated worksheet 'lab_02.worksheet.sc' in 0.34s[0m
2024.03.15 14:57:57 WARN  no build target for: /home/ione/Documents/University/Year_3/Functional_Programming/Labs/lab_02/src/lab_02.worksheet.sc[0m
[31merror[39m: 
lab_02.worksheet.sc:21 (mdoc generated code) 
 Found:    Unit
Required: Int
    $doc.endStatement();


2024.03.15 14:57:57 INFO  time: evaluated worksheet 'lab_02.worksheet.sc' in 0.16s[0m
2024.03.15 14:58:24 WARN  no build target for: /home/ione/Documents/University/Year_3/Functional_Programming/Labs/lab_02/src/lab_02.worksheet.sc[0m
[31merror[39m: 
lab_02.worksheet.sc:21 (mdoc generated code) 
 Found:    Unit
Required: Int
    $doc.endStatement();


2024.03.15 14:58:24 INFO  time: evaluated worksheet 'lab_02.worksheet.sc' in 0.31s[0m
2024.03.15 15:00:24 WARN  no build target for: /home/ione/Documents/University/Year_3/Functional_Programming/Labs/lab_02/src/lab_02.worksheet.sc[0m
[31merror[39m: 
lab_02.worksheet.sc:21 (mdoc generated code) 
 Found:    Unit
Required: Int
    $doc.endStatement();


2024.03.15 15:00:24 INFO  time: evaluated worksheet 'lab_02.worksheet.sc' in 0.15s[0m
2024.03.15 15:00:25 WARN  no build target for: /home/ione/Documents/University/Year_3/Functional_Programming/Labs/lab_02/src/lab_02.worksheet.sc[0m
[31merror[39m: 
lab_02.worksheet.sc:21 (mdoc generated code) 
 Found:    Unit
Required: Int
    $doc.endStatement();


2024.03.15 15:00:25 INFO  time: evaluated worksheet 'lab_02.worksheet.sc' in 0.13s[0m
2024.03.15 15:00:26 WARN  no build target for: /home/ione/Documents/University/Year_3/Functional_Programming/Labs/lab_02/src/lab_02.worksheet.sc[0m
[31merror[39m: 
lab_02.worksheet.sc:21 (mdoc generated code) 
 Found:    Unit
Required: Int
    $doc.endStatement();


2024.03.15 15:00:27 INFO  time: evaluated worksheet 'lab_02.worksheet.sc' in 0.14s[0m
2024.03.15 15:01:26 WARN  no build target for: /home/ione/Documents/University/Year_3/Functional_Programming/Labs/lab_02/src/lab_02.worksheet.sc[0m
[31merror[39m: 
lab_02.worksheet.sc:21 (mdoc generated code) 
 Found:    Unit
Required: Int
    $doc.endStatement();


2024.03.15 15:01:26 INFO  time: evaluated worksheet 'lab_02.worksheet.sc' in 0.25s[0m
2024.03.15 15:03:15 WARN  no build target for: /home/ione/Documents/University/Year_3/Functional_Programming/Labs/lab_02/src/lab_02.worksheet.sc[0m
[31merror[39m: src/lab_02.worksheet.sc:11:8: 
Reassignment to val a
    if(a = b) a
       ^^^^^
2024.03.15 15:03:15 INFO  time: evaluated worksheet 'lab_02.worksheet.sc' in 0.15s[0m
2024.03.15 15:03:18 WARN  no build target for: /home/ione/Documents/University/Year_3/Functional_Programming/Labs/lab_02/src/lab_02.worksheet.sc[0m
[31merror[39m: src/lab_02.worksheet.sc:14:1: end of file expected but } found
}
^
2024.03.15 15:03:18 INFO  time: evaluated worksheet 'lab_02.worksheet.sc' in 0.19s[0m
2024.03.15 15:03:21 WARN  no build target for: /home/ione/Documents/University/Year_3/Functional_Programming/Labs/lab_02/src/lab_02.worksheet.sc[0m
[31merror[39m: src/lab_02.worksheet.sc:14:5: ; expected but else found
    else b
    ^^^^
2024.03.15 15:03:22 INFO  time: evaluated worksheet 'lab_02.worksheet.sc' in 0.26s[0m
Mar 15, 2024 3:03:23 PM org.eclipse.lsp4j.jsonrpc.RemoteEndpoint handleCancellation
WARNING: Unmatched cancel notification for request id 2423
2024.03.15 15:03:24 WARN  no build target for: /home/ione/Documents/University/Year_3/Functional_Programming/Labs/lab_02/src/lab_02.worksheet.sc[0m
[31merror[39m: src/lab_02.worksheet.sc:14:5: ; expected but else found
    else b
    ^^^^
2024.03.15 15:03:24 INFO  time: evaluated worksheet 'lab_02.worksheet.sc' in 0.23s[0m
2024.03.15 15:03:26 WARN  no build target for: /home/ione/Documents/University/Year_3/Functional_Programming/Labs/lab_02/src/lab_02.worksheet.sc[0m
[31merror[39m: src/lab_02.worksheet.sc:14:5: ; expected but else found
    else b
    ^^^^
2024.03.15 15:03:26 INFO  time: evaluated worksheet 'lab_02.worksheet.sc' in 0.19s[0m
2024.03.15 15:03:34 WARN  no build target for: /home/ione/Documents/University/Year_3/Functional_Programming/Labs/lab_02/src/lab_02.worksheet.sc[0m
[31merror[39m: src/lab_02.worksheet.sc:15:1: end of file expected but } found
}
^
2024.03.15 15:03:34 INFO  time: evaluated worksheet 'lab_02.worksheet.sc' in 0.19s[0m
2024.03.15 15:03:42 WARN  no build target for: /home/ione/Documents/University/Year_3/Functional_Programming/Labs/lab_02/src/lab_02.worksheet.sc[0m
[31merror[39m: src/lab_02.worksheet.sc:14:1: end of file expected but } found
}
^
2024.03.15 15:03:42 INFO  time: evaluated worksheet 'lab_02.worksheet.sc' in 0.38s[0m
2024.03.15 15:03:45 WARN  no build target for: /home/ione/Documents/University/Year_3/Functional_Programming/Labs/lab_02/src/lab_02.worksheet.sc[0m
[31merror[39m: src/lab_02.worksheet.sc:11:5: 
Found:    Unit
Required: Int
    if(a == b) a
    ^
2024.03.15 15:03:45 INFO  time: evaluated worksheet 'lab_02.worksheet.sc' in 0.31s[0m
2024.03.15 15:03:46 WARN  no build target for: /home/ione/Documents/University/Year_3/Functional_Programming/Labs/lab_02/src/lab_02.worksheet.sc[0m
[31merror[39m: src/lab_02.worksheet.sc:11:5: 
Found:    Unit
Required: Int
    if(a == b) a
    ^
2024.03.15 15:03:46 INFO  time: evaluated worksheet 'lab_02.worksheet.sc' in 0.14s[0m
2024.03.15 15:03:55 WARN  no build target for: /home/ione/Documents/University/Year_3/Functional_Programming/Labs/lab_02/src/lab_02.worksheet.sc[0m
[31merror[39m: src/lab_02.worksheet.sc:14:1: end of file expected but } found
}
^
2024.03.15 15:03:55 INFO  time: evaluated worksheet 'lab_02.worksheet.sc' in 0.23s[0m
2024.03.15 15:03:56 WARN  no build target for: /home/ione/Documents/University/Year_3/Functional_Programming/Labs/lab_02/src/lab_02.worksheet.sc[0m
[31merror[39m: src/lab_02.worksheet.sc:11:5: 
Found:    Unit
Required: Int
    if(a == b) a
    ^
2024.03.15 15:03:56 INFO  time: evaluated worksheet 'lab_02.worksheet.sc' in 0.18s[0m
2024.03.15 15:03:57 WARN  no build target for: /home/ione/Documents/University/Year_3/Functional_Programming/Labs/lab_02/src/lab_02.worksheet.sc[0m
[31merror[39m: src/lab_02.worksheet.sc:11:5: 
Found:    Unit
Required: Int
    if(a == b) a
    ^
2024.03.15 15:03:57 INFO  time: evaluated worksheet 'lab_02.worksheet.sc' in 0.14s[0m
2024.03.15 15:04:05 WARN  no build target for: /home/ione/Documents/University/Year_3/Functional_Programming/Labs/lab_02/src/lab_02.worksheet.sc[0m
[31merror[39m: src/lab_02.worksheet.sc:11:5: 
Found:    Unit
Required: Int
    if(a == b) a
    ^
2024.03.15 15:04:05 INFO  time: evaluated worksheet 'lab_02.worksheet.sc' in 0.16s[0m
2024.03.15 15:04:26 WARN  no build target for: /home/ione/Documents/University/Year_3/Functional_Programming/Labs/lab_02/src/lab_02.worksheet.sc[0m
[31merror[39m: src/lab_02.worksheet.sc:10:32: 
Found:    Unit
Required: Int
def gcd(a: Int, b: Int): Int = {
                               ^
2024.03.15 15:04:26 INFO  time: evaluated worksheet 'lab_02.worksheet.sc' in 0.15s[0m
2024.03.15 15:04:46 WARN  no build target for: /home/ione/Documents/University/Year_3/Functional_Programming/Labs/lab_02/src/lab_02.worksheet.sc[0m
[31merror[39m: src/lab_02.worksheet.sc:11:5: 
Found:    Unit
Required: Int
Maybe you are missing an else part for the conditional?
    if(a < b) gcd(b % a, b)
    ^^^^^^^^^^^^^^^^^^^^^^^
2024.03.15 15:04:46 INFO  time: evaluated worksheet 'lab_02.worksheet.sc' in 0.12s[0m
2024.03.15 15:05:03 WARN  no build target for: /home/ione/Documents/University/Year_3/Functional_Programming/Labs/lab_02/src/lab_02.worksheet.sc[0m
2024.03.15 15:05:03 INFO  time: evaluated worksheet 'lab_02.worksheet.sc' in 0.34s[0m
2024.03.15 15:05:05 WARN  no build target for: /home/ione/Documents/University/Year_3/Functional_Programming/Labs/lab_02/src/lab_02.worksheet.sc[0m
2024.03.15 15:05:05 INFO  time: evaluated worksheet 'lab_02.worksheet.sc' in 0.27s[0m
2024.03.15 15:05:09 WARN  no build target for: /home/ione/Documents/University/Year_3/Functional_Programming/Labs/lab_02/src/lab_02.worksheet.sc[0m
2024.03.15 15:05:09 INFO  time: evaluated worksheet 'lab_02.worksheet.sc' in 0.34s[0m
2024.03.15 15:05:09 WARN  no build target for: /home/ione/Documents/University/Year_3/Functional_Programming/Labs/lab_02/src/lab_02.worksheet.sc[0m
2024.03.15 15:05:10 INFO  time: evaluated worksheet 'lab_02.worksheet.sc' in 0.33s[0m
2024.03.15 15:05:55 WARN  no build target for: /home/ione/Documents/University/Year_3/Functional_Programming/Labs/lab_02/src/lab_02.worksheet.sc[0m
[31merror[39m: src/lab_02.worksheet.sc:11:5: 
Found:    Unit
Required: Int
    if(a == b) a
    ^
2024.03.15 15:05:55 INFO  time: evaluated worksheet 'lab_02.worksheet.sc' in 0.14s[0m
2024.03.15 15:05:57 WARN  no build target for: /home/ione/Documents/University/Year_3/Functional_Programming/Labs/lab_02/src/lab_02.worksheet.sc[0m
[31merror[39m: src/lab_02.worksheet.sc:11:8: 
Reassignment to val a
    if(a = b) a
       ^^^^^
[33mwarning[39m: src/lab_02.worksheet.sc:11:15: 
A pure expression does nothing in statement position; you may be omitting necessary parentheses
    if(a = b) a
              ^
2024.03.15 15:05:57 INFO  time: evaluated worksheet 'lab_02.worksheet.sc' in 0.16s[0m
2024.03.15 15:06:02 WARN  no build target for: /home/ione/Documents/University/Year_3/Functional_Programming/Labs/lab_02/src/lab_02.worksheet.sc[0m
[31merror[39m: src/lab_02.worksheet.sc:11:8: illegal start of simple expression
    if() a
       ^
2024.03.15 15:06:02 INFO  time: evaluated worksheet 'lab_02.worksheet.sc' in 0.19s[0m
2024.03.15 15:06:07 WARN  no build target for: /home/ione/Documents/University/Year_3/Functional_Programming/Labs/lab_02/src/lab_02.worksheet.sc[0m
[31merror[39m: src/lab_02.worksheet.sc:11:5: 
Found:    Unit
Required: Int
    if(a equals b) a
    ^
2024.03.15 15:06:08 INFO  time: evaluated worksheet 'lab_02.worksheet.sc' in 0.14s[0m
2024.03.15 15:06:08 WARN  no build target for: /home/ione/Documents/University/Year_3/Functional_Programming/Labs/lab_02/src/lab_02.worksheet.sc[0m
[31merror[39m: src/lab_02.worksheet.sc:11:5: 
Found:    Unit
Required: Int
    if(a equals b) a
    ^
2024.03.15 15:06:07 INFO  time: evaluated worksheet 'lab_02.worksheet.sc' in 0.13s[0m
2024.03.15 15:06:17 WARN  no build target for: /home/ione/Documents/University/Year_3/Functional_Programming/Labs/lab_02/src/lab_02.worksheet.sc[0m
[31merror[39m: src/lab_02.worksheet.sc:11:5: 
Found:    Unit
Required: Int
    if(a == b) a
    ^
2024.03.15 15:06:17 INFO  time: evaluated worksheet 'lab_02.worksheet.sc' in 0.14s[0m
2024.03.15 15:06:20 WARN  no build target for: /home/ione/Documents/University/Year_3/Functional_Programming/Labs/lab_02/src/lab_02.worksheet.sc[0m
[31merror[39m: src/lab_02.worksheet.sc:11:5: 
Found:    Unit
Required: Int
    if(a == b) a
    ^
2024.03.15 15:06:20 INFO  time: evaluated worksheet 'lab_02.worksheet.sc' in 0.14s[0m
2024.03.15 15:06:39 WARN  no build target for: /home/ione/Documents/University/Year_3/Functional_Programming/Labs/lab_02/src/lab_02.worksheet.sc[0m
[31merror[39m: src/lab_02.worksheet.sc:11:5: 
Found:    Unit
Required: Int
    if(a == b) a
    ^
2024.03.15 15:06:39 INFO  time: evaluated worksheet 'lab_02.worksheet.sc' in 0.14s[0m
2024.03.15 15:07:26 WARN  no build target for: /home/ione/Documents/University/Year_3/Functional_Programming/Labs/lab_02/src/lab_02.worksheet.sc[0m
[31merror[39m: src/lab_02.worksheet.sc:15:1: illegal start of simple expression
}
^
2024.03.15 15:07:26 INFO  time: evaluated worksheet 'lab_02.worksheet.sc' in 0.2s[0m
2024.03.15 15:07:28 WARN  no build target for: /home/ione/Documents/University/Year_3/Functional_Programming/Labs/lab_02/src/lab_02.worksheet.sc[0m
2024.03.15 15:07:29 INFO  time: evaluated worksheet 'lab_02.worksheet.sc' in 0.29s[0m
2024.03.15 15:07:31 WARN  no build target for: /home/ione/Documents/University/Year_3/Functional_Programming/Labs/lab_02/src/lab_02.worksheet.sc[0m
2024.03.15 15:07:31 INFO  time: evaluated worksheet 'lab_02.worksheet.sc' in 0.25s[0m
2024.03.15 15:07:36 WARN  no build target for: /home/ione/Documents/University/Year_3/Functional_Programming/Labs/lab_02/src/lab_02.worksheet.sc[0m
2024.03.15 15:07:36 INFO  time: evaluated worksheet 'lab_02.worksheet.sc' in 0.26s[0m
2024.03.15 15:08:21 WARN  no build target for: /home/ione/Documents/University/Year_3/Functional_Programming/Labs/lab_02/src/lab_02.worksheet.sc[0m
2024.03.15 15:08:21 INFO  time: evaluated worksheet 'lab_02.worksheet.sc' in 0.31s[0m
Mar 15, 2024 3:08:22 PM org.eclipse.lsp4j.jsonrpc.RemoteEndpoint handleCancellation
WARNING: Unmatched cancel notification for request id 3305
2024.03.15 15:08:23 WARN  no build target for: /home/ione/Documents/University/Year_3/Functional_Programming/Labs/lab_02/src/lab_02.worksheet.sc[0m
[31merror[39m: src/lab_02.worksheet.sc:11:5: 
Found:    Unit
Required: Int
    if(a == b) a
    ^
2024.03.15 15:08:23 INFO  time: evaluated worksheet 'lab_02.worksheet.sc' in 0.15s[0m
2024.03.15 15:08:29 WARN  no build target for: /home/ione/Documents/University/Year_3/Functional_Programming/Labs/lab_02/src/lab_02.worksheet.sc[0m
[31merror[39m: src/lab_02.worksheet.sc:11:5: 
Found:    Unit
Required: Int
    if(a == b) a
    ^
2024.03.15 15:08:29 INFO  time: evaluated worksheet 'lab_02.worksheet.sc' in 0.16s[0m
2024.03.15 15:08:30 WARN  no build target for: /home/ione/Documents/University/Year_3/Functional_Programming/Labs/lab_02/src/lab_02.worksheet.sc[0m
[31merror[39m: src/lab_02.worksheet.sc:11:5: 
Found:    Unit
Required: Int
    if(a == b) a
    ^
2024.03.15 15:08:30 INFO  time: evaluated worksheet 'lab_02.worksheet.sc' in 0.13s[0m
Mar 15, 2024 3:08:56 PM org.eclipse.lsp4j.jsonrpc.RemoteEndpoint handleCancellation
WARNING: Unmatched cancel notification for request id 3442
2024.03.15 15:08:57 WARN  no build target for: /home/ione/Documents/University/Year_3/Functional_Programming/Labs/lab_02/src/lab_02.worksheet.sc[0m
2024.03.15 15:08:57 INFO  time: evaluated worksheet 'lab_02.worksheet.sc' in 0.4s[0m
2024.03.15 15:08:57 WARN  no build target for: /home/ione/Documents/University/Year_3/Functional_Programming/Labs/lab_02/src/lab_02.worksheet.sc[0m
2024.03.15 15:08:57 INFO  time: evaluated worksheet 'lab_02.worksheet.sc' in 0.25s[0m
2024.03.15 15:09:02 WARN  no build target for: /home/ione/Documents/University/Year_3/Functional_Programming/Labs/lab_02/src/lab_02.worksheet.sc[0m
[31merror[39m: src/lab_02.worksheet.sc:16:5: 
Not found: a
gcd(a, b)
    ^
[31merror[39m: src/lab_02.worksheet.sc:16:8: 
Not found: b
gcd(a, b)
       ^
2024.03.15 15:09:02 INFO  time: evaluated worksheet 'lab_02.worksheet.sc' in 0.17s[0m
2024.03.15 15:09:02 WARN  no build target for: /home/ione/Documents/University/Year_3/Functional_Programming/Labs/lab_02/src/lab_02.worksheet.sc[0m
[31merror[39m: src/lab_02.worksheet.sc:16:5: 
Not found: a
gcd(a, b)
    ^
[31merror[39m: src/lab_02.worksheet.sc:16:8: 
Not found: b
gcd(a, b)
       ^
2024.03.15 15:09:02 INFO  time: evaluated worksheet 'lab_02.worksheet.sc' in 0.11s[0m
2024.03.15 15:09:07 WARN  no build target for: /home/ione/Documents/University/Year_3/Functional_Programming/Labs/lab_02/src/lab_02.worksheet.sc[0m
2024.03.15 15:09:07 INFO  time: evaluated worksheet 'lab_02.worksheet.sc' in 0.27s[0m
2024.03.15 15:09:08 WARN  no build target for: /home/ione/Documents/University/Year_3/Functional_Programming/Labs/lab_02/src/lab_02.worksheet.sc[0m
2024.03.15 15:09:09 INFO  time: evaluated worksheet 'lab_02.worksheet.sc' in 0.3s[0m
2024.03.15 15:09:37 WARN  no build target for: /home/ione/Documents/University/Year_3/Functional_Programming/Labs/lab_02/src/lab_02.worksheet.sc[0m
2024.03.15 15:09:37 INFO  time: evaluated worksheet 'lab_02.worksheet.sc' in 0.29s[0m
2024.03.15 15:10:06 WARN  no build target for: /home/ione/Documents/University/Year_3/Functional_Programming/Labs/lab_02/src/lab_02.worksheet.sc[0m
2024.03.15 15:10:07 INFO  time: evaluated worksheet 'lab_02.worksheet.sc' in 0.24s[0m
2024.03.15 15:10:45 WARN  no build target for: /home/ione/Documents/University/Year_3/Functional_Programming/Labs/lab_02/src/lab_02.worksheet.sc[0m
2024.03.15 15:10:46 INFO  time: evaluated worksheet 'lab_02.worksheet.sc' in 0.22s[0m
Mar 15, 2024 3:10:47 PM org.eclipse.lsp4j.jsonrpc.RemoteEndpoint handleCancellation
WARNING: Unmatched cancel notification for request id 3647
2024.03.15 15:11:01 WARN  no build target for: /home/ione/Documents/University/Year_3/Functional_Programming/Labs/lab_02/src/lab_02.worksheet.sc[0m
[31merror[39m: src/lab_02.worksheet.sc:18:31: 
Found:    Unit
Required: Int
def sumSquares(n : Int): Int ={
                              ^
2024.03.15 15:11:01 INFO  time: evaluated worksheet 'lab_02.worksheet.sc' in 0.13s[0m
2024.03.15 15:11:51 WARN  no build target for: /home/ione/Documents/University/Year_3/Functional_Programming/Labs/lab_02/src/lab_02.worksheet.sc[0m
[31merror[39m: src/lab_02.worksheet.sc:23:42: 
Found:    Unit
Required: Int
    def aux_sum(i: Int, acc: Int): Int = {
                                         ^
[31merror[39m: src/lab_02.worksheet.sc:26:2: 
Found:    Unit
Required: Int
}
 ^
2024.03.15 15:11:51 INFO  time: evaluated worksheet 'lab_02.worksheet.sc' in 0.16s[0m
2024.03.15 15:12:56 WARN  no build target for: /home/ione/Documents/University/Year_3/Functional_Programming/Labs/lab_02/src/lab_02.worksheet.sc[0m
[31merror[39m: src/lab_02.worksheet.sc:24:12: 
Reassignment to val i
        if(i = 1) acc
           ^^^^^
[31merror[39m: src/lab_02.worksheet.sc:27:2: 
Found:    Unit
Required: Int
}
 ^
2024.03.15 15:12:57 INFO  time: evaluated worksheet 'lab_02.worksheet.sc' in 0.14s[0m
2024.03.15 15:13:00 WARN  no build target for: /home/ione/Documents/University/Year_3/Functional_Programming/Labs/lab_02/src/lab_02.worksheet.sc[0m
[31merror[39m: src/lab_02.worksheet.sc:27:2: 
Found:    Unit
Required: Int
}
 ^
2024.03.15 15:13:00 INFO  time: evaluated worksheet 'lab_02.worksheet.sc' in 0.13s[0m
2024.03.15 15:13:09 WARN  no build target for: /home/ione/Documents/University/Year_3/Functional_Programming/Labs/lab_02/src/lab_02.worksheet.sc[0m
2024.03.15 15:13:09 INFO  time: evaluated worksheet 'lab_02.worksheet.sc' in 0.29s[0m
2024.03.15 15:13:12 WARN  no build target for: /home/ione/Documents/University/Year_3/Functional_Programming/Labs/lab_02/src/lab_02.worksheet.sc[0m
2024.03.15 15:13:12 INFO  time: evaluated worksheet 'lab_02.worksheet.sc' in 0.23s[0m
2024.03.15 15:13:19 WARN  no build target for: /home/ione/Documents/University/Year_3/Functional_Programming/Labs/lab_02/src/lab_02.worksheet.sc[0m
2024.03.15 15:13:19 INFO  time: evaluated worksheet 'lab_02.worksheet.sc' in 0.23s[0m
2024.03.15 15:13:19 WARN  no build target for: /home/ione/Documents/University/Year_3/Functional_Programming/Labs/lab_02/src/lab_02.worksheet.sc[0m
2024.03.15 15:13:20 INFO  time: evaluated worksheet 'lab_02.worksheet.sc' in 0.36s[0m
2024.03.15 15:13:30 WARN  no build target for: /home/ione/Documents/University/Year_3/Functional_Programming/Labs/lab_02/src/lab_02.worksheet.sc[0m
2024.03.15 15:13:30 INFO  time: evaluated worksheet 'lab_02.worksheet.sc' in 0.26s[0m
2024.03.15 15:13:46 WARN  no build target for: /home/ione/Documents/University/Year_3/Functional_Programming/Labs/lab_02/src/lab_02.worksheet.sc[0m
[31merror[39m: src/lab_02.worksheet.sc:25:29: 
Found:    Double
Required: Int
        else aux_sum(i - 1, acc + math.pow(i, 2))
                            ^^^^^^^^^^^^^^^^^^^^
2024.03.15 15:13:46 INFO  time: evaluated worksheet 'lab_02.worksheet.sc' in 0.15s[0m
2024.03.15 15:13:47 WARN  no build target for: /home/ione/Documents/University/Year_3/Functional_Programming/Labs/lab_02/src/lab_02.worksheet.sc[0m
[31merror[39m: src/lab_02.worksheet.sc:25:29: 
Found:    Double
Required: Int
        else aux_sum(i - 1, acc + math.pow(i, 2))
                            ^^^^^^^^^^^^^^^^^^^^
2024.03.15 15:13:47 INFO  time: evaluated worksheet 'lab_02.worksheet.sc' in 0.12s[0m
2024.03.15 15:14:02 WARN  no build target for: /home/ione/Documents/University/Year_3/Functional_Programming/Labs/lab_02/src/lab_02.worksheet.sc[0m
[31merror[39m: src/lab_02.worksheet.sc:25:35: 
Not found: int
        else aux_sum(i - 1, acc + int(math.pow(i, 2)))
                                  ^^^
2024.03.15 15:14:02 INFO  time: evaluated worksheet 'lab_02.worksheet.sc' in 0.11s[0m
2024.03.15 15:14:04 WARN  no build target for: /home/ione/Documents/University/Year_3/Functional_Programming/Labs/lab_02/src/lab_02.worksheet.sc[0m
[31merror[39m: src/lab_02.worksheet.sc:25:35: 
Not found: int
        else aux_sum(i - 1, acc + int(math.pow(i, 2)))
                                  ^^^
2024.03.15 15:14:04 INFO  time: evaluated worksheet 'lab_02.worksheet.sc' in 0.12s[0m
2024.03.15 15:14:28 WARN  no build target for: /home/ione/Documents/University/Year_3/Functional_Programming/Labs/lab_02/src/lab_02.worksheet.sc[0m
2024.03.15 15:14:28 INFO  time: evaluated worksheet 'lab_02.worksheet.sc' in 0.61s[0m
2024.03.15 15:14:29 WARN  no build target for: /home/ione/Documents/University/Year_3/Functional_Programming/Labs/lab_02/src/lab_02.worksheet.sc[0m
2024.03.15 15:14:29 INFO  time: evaluated worksheet 'lab_02.worksheet.sc' in 0.36s[0m
Mar 15, 2024 3:14:34 PM org.eclipse.lsp4j.jsonrpc.RemoteEndpoint handleCancellation
WARNING: Unmatched cancel notification for request id 4626
2024.03.15 15:14:34 WARN  no build target for: /home/ione/Documents/University/Year_3/Functional_Programming/Labs/lab_02/src/lab_02.worksheet.sc[0m
2024.03.15 15:14:35 INFO  time: evaluated worksheet 'lab_02.worksheet.sc' in 0.5s[0m
2024.03.15 15:14:37 WARN  no build target for: /home/ione/Documents/University/Year_3/Functional_Programming/Labs/lab_02/src/lab_02.worksheet.sc[0m
2024.03.15 15:14:38 INFO  time: evaluated worksheet 'lab_02.worksheet.sc' in 0.45s[0m
2024.03.15 15:14:51 WARN  no build target for: /home/ione/Documents/University/Year_3/Functional_Programming/Labs/lab_02/src/lab_02.worksheet.sc[0m
[33mwarning[39m: src/lab_02.worksheet.sc:26:16: 
A pure expression does nothing in statement position; you may be omitting necessary parentheses
    if(n == 1) 1
               ^
2024.03.15 15:14:52 INFO  time: evaluated worksheet 'lab_02.worksheet.sc' in 0.6s[0m
2024.03.15 15:14:53 WARN  no build target for: /home/ione/Documents/University/Year_3/Functional_Programming/Labs/lab_02/src/lab_02.worksheet.sc[0m
[33mwarning[39m: src/lab_02.worksheet.sc:26:16: 
A pure expression does nothing in statement position; you may be omitting necessary parentheses
    if(n == 1) 1
               ^
2024.03.15 15:14:53 INFO  time: evaluated worksheet 'lab_02.worksheet.sc' in 0.38s[0m
2024.03.15 15:14:54 WARN  no build target for: /home/ione/Documents/University/Year_3/Functional_Programming/Labs/lab_02/src/lab_02.worksheet.sc[0m
[33mwarning[39m: src/lab_02.worksheet.sc:26:16: 
A pure expression does nothing in statement position; you may be omitting necessary parentheses
    if(n == 1) 1
               ^
2024.03.15 15:14:54 INFO  time: evaluated worksheet 'lab_02.worksheet.sc' in 0.31s[0m
2024.03.15 15:14:57 WARN  no build target for: /home/ione/Documents/University/Year_3/Functional_Programming/Labs/lab_02/src/lab_02.worksheet.sc[0m
2024.03.15 15:14:58 INFO  time: evaluated worksheet 'lab_02.worksheet.sc' in 0.56s[0m
2024.03.15 15:15:01 WARN  no build target for: /home/ione/Documents/University/Year_3/Functional_Programming/Labs/lab_02/src/lab_02.worksheet.sc[0m
2024.03.15 15:15:01 INFO  time: evaluated worksheet 'lab_02.worksheet.sc' in 0.53s[0m
2024.03.15 15:15:07 WARN  no build target for: /home/ione/Documents/University/Year_3/Functional_Programming/Labs/lab_02/src/lab_02.worksheet.sc[0m
2024.03.15 15:15:08 INFO  time: evaluated worksheet 'lab_02.worksheet.sc' in 0.75s[0m
2024.03.15 15:15:13 WARN  no build target for: /home/ione/Documents/University/Year_3/Functional_Programming/Labs/lab_02/src/lab_02.worksheet.sc[0m
2024.03.15 15:15:13 INFO  time: evaluated worksheet 'lab_02.worksheet.sc' in 0.53s[0m
2024.03.15 15:15:17 WARN  no build target for: /home/ione/Documents/University/Year_3/Functional_Programming/Labs/lab_02/src/lab_02.worksheet.sc[0m
2024.03.15 15:15:17 INFO  time: evaluated worksheet 'lab_02.worksheet.sc' in 0.53s[0m
2024.03.15 15:15:20 WARN  no build target for: /home/ione/Documents/University/Year_3/Functional_Programming/Labs/lab_02/src/lab_02.worksheet.sc[0m
2024.03.15 15:15:20 INFO  time: evaluated worksheet 'lab_02.worksheet.sc' in 0.46s[0m
2024.03.15 15:15:21 WARN  no build target for: /home/ione/Documents/University/Year_3/Functional_Programming/Labs/lab_02/src/lab_02.worksheet.sc[0m
2024.03.15 15:15:22 INFO  time: evaluated worksheet 'lab_02.worksheet.sc' in 0.41s[0m
2024.03.15 15:15:24 WARN  no build target for: /home/ione/Documents/University/Year_3/Functional_Programming/Labs/lab_02/src/lab_02.worksheet.sc[0m
2024.03.15 15:15:25 INFO  time: evaluated worksheet 'lab_02.worksheet.sc' in 0.77s[0m
2024.03.15 15:15:27 WARN  no build target for: /home/ione/Documents/University/Year_3/Functional_Programming/Labs/lab_02/src/lab_02.worksheet.sc[0m
2024.03.15 15:15:27 INFO  time: evaluated worksheet 'lab_02.worksheet.sc' in 0.3s[0m
2024.03.15 15:15:27 WARN  no build target for: /home/ione/Documents/University/Year_3/Functional_Programming/Labs/lab_02/src/lab_02.worksheet.sc[0m
2024.03.15 15:15:28 INFO  time: evaluated worksheet 'lab_02.worksheet.sc' in 0.39s[0m
2024.03.15 15:15:43 WARN  no build target for: /home/ione/Documents/University/Year_3/Functional_Programming/Labs/lab_02/src/lab_02.worksheet.sc[0m
2024.03.15 15:15:44 INFO  time: evaluated worksheet 'lab_02.worksheet.sc' in 0.23s[0m
2024.03.15 15:16:57 WARN  no build target for: /home/ione/Documents/University/Year_3/Functional_Programming/Labs/lab_02/src/lab_02.worksheet.sc[0m
[31merror[39m: src/lab_02.worksheet.sc:34:43: : expected but ) found
    def aux_sum(start: Int, stop: Int, acc): Int{
                                          ^
2024.03.15 15:16:57 INFO  time: evaluated worksheet 'lab_02.worksheet.sc' in 0.25s[0m
Mar 15, 2024 3:17:05 PM org.eclipse.lsp4j.jsonrpc.RemoteEndpoint handleCancellation
WARNING: Unmatched cancel notification for request id 5173
2024.03.15 15:17:52 WARN  no build target for: /home/ione/Documents/University/Year_3/Functional_Programming/Labs/lab_02/src/lab_02.worksheet.sc[0m
[31merror[39m: src/lab_02.worksheet.sc:35:9: illegal start of declaration (possible cause: missing `=' in front of current method body)
        if( start != )
        ^^
2024.03.15 15:17:52 INFO  time: evaluated worksheet 'lab_02.worksheet.sc' in 0.18s[0m
2024.03.15 15:17:55 WARN  no build target for: /home/ione/Documents/University/Year_3/Functional_Programming/Labs/lab_02/src/lab_02.worksheet.sc[0m
[31merror[39m: src/lab_02.worksheet.sc:35:9: illegal start of declaration (possible cause: missing `=' in front of current method body)
        if( start != )
        ^^
2024.03.15 15:17:55 INFO  time: evaluated worksheet 'lab_02.worksheet.sc' in 0.16s[0m
2024.03.15 15:17:58 WARN  no build target for: /home/ione/Documents/University/Year_3/Functional_Programming/Labs/lab_02/src/lab_02.worksheet.sc[0m
[31merror[39m: src/lab_02.worksheet.sc:35:9: illegal start of declaration (possible cause: missing `=' in front of current method body)
        if( start != )
        ^^
2024.03.15 15:17:58 INFO  time: evaluated worksheet 'lab_02.worksheet.sc' in 0.15s[0m
2024.03.15 15:18:04 WARN  no build target for: /home/ione/Documents/University/Year_3/Functional_Programming/Labs/lab_02/src/lab_02.worksheet.sc[0m
[31merror[39m: src/lab_02.worksheet.sc:35:9: illegal start of declaration (possible cause: missing `=' in front of current method body)
        if( start != )
        ^^
2024.03.15 15:18:04 INFO  time: evaluated worksheet 'lab_02.worksheet.sc' in 0.14s[0m
2024.03.15 15:18:08 WARN  no build target for: /home/ione/Documents/University/Year_3/Functional_Programming/Labs/lab_02/src/lab_02.worksheet.sc[0m
[31merror[39m: src/lab_02.worksheet.sc:35:9: illegal start of declaration (possible cause: missing `=' in front of current method body)
        if(start != )
        ^^
2024.03.15 15:18:08 INFO  time: evaluated worksheet 'lab_02.worksheet.sc' in 0.15s[0m
2024.03.15 15:18:18 WARN  no build target for: /home/ione/Documents/University/Year_3/Functional_Programming/Labs/lab_02/src/lab_02.worksheet.sc[0m
[31merror[39m: src/lab_02.worksheet.sc:35:9: illegal start of declaration (possible cause: missing `=' in front of current method body)
        if(start == stop) 0
        ^^
2024.03.15 15:18:19 INFO  time: evaluated worksheet 'lab_02.worksheet.sc' in 0.15s[0m
2024.03.15 15:18:20 WARN  no build target for: /home/ione/Documents/University/Year_3/Functional_Programming/Labs/lab_02/src/lab_02.worksheet.sc[0m
[31merror[39m: src/lab_02.worksheet.sc:35:9: illegal start of declaration (possible cause: missing `=' in front of current method body)
        if(start == stop) 0
        ^^
2024.03.15 15:18:20 INFO  time: evaluated worksheet 'lab_02.worksheet.sc' in 0.19s[0m
2024.03.15 15:18:27 WARN  no build target for: /home/ione/Documents/University/Year_3/Functional_Programming/Labs/lab_02/src/lab_02.worksheet.sc[0m
[31merror[39m: src/lab_02.worksheet.sc:37:5: illegal start of simple expression
    }
    ^
2024.03.15 15:18:27 INFO  time: evaluated worksheet 'lab_02.worksheet.sc' in 0.17s[0m
2024.03.15 15:18:28 WARN  no build target for: /home/ione/Documents/University/Year_3/Functional_Programming/Labs/lab_02/src/lab_02.worksheet.sc[0m
[31merror[39m: src/lab_02.worksheet.sc:37:5: illegal start of simple expression
    }
    ^
2024.03.15 15:18:29 INFO  time: evaluated worksheet 'lab_02.worksheet.sc' in 0.21s[0m
2024.03.15 15:18:30 WARN  no build target for: /home/ione/Documents/University/Year_3/Functional_Programming/Labs/lab_02/src/lab_02.worksheet.sc[0m
[31merror[39m: src/lab_02.worksheet.sc:37:5: illegal start of simple expression
    }
    ^
2024.03.15 15:18:30 INFO  time: evaluated worksheet 'lab_02.worksheet.sc' in 0.15s[0m
2024.03.15 15:19:16 WARN  no build target for: /home/ione/Documents/University/Year_3/Functional_Programming/Labs/lab_02/src/lab_02.worksheet.sc[0m
2024.03.15 15:19:16 INFO  time: evaluated worksheet 'lab_02.worksheet.sc' in 0.3s[0m
2024.03.15 15:19:17 WARN  no build target for: /home/ione/Documents/University/Year_3/Functional_Programming/Labs/lab_02/src/lab_02.worksheet.sc[0m
2024.03.15 15:19:17 INFO  time: evaluated worksheet 'lab_02.worksheet.sc' in 0.21s[0m
2024.03.15 15:19:20 WARN  no build target for: /home/ione/Documents/University/Year_3/Functional_Programming/Labs/lab_02/src/lab_02.worksheet.sc[0m
2024.03.15 15:19:20 INFO  time: evaluated worksheet 'lab_02.worksheet.sc' in 0.23s[0m
2024.03.15 15:19:26 WARN  no build target for: /home/ione/Documents/University/Year_3/Functional_Programming/Labs/lab_02/src/lab_02.worksheet.sc[0m
2024.03.15 15:19:26 INFO  time: evaluated worksheet 'lab_02.worksheet.sc' in 0.27s[0m
2024.03.15 15:19:26 WARN  no build target for: /home/ione/Documents/University/Year_3/Functional_Programming/Labs/lab_02/src/lab_02.worksheet.sc[0m
2024.03.15 15:19:27 INFO  time: evaluated worksheet 'lab_02.worksheet.sc' in 0.22s[0m
2024.03.15 15:19:46 WARN  no build target for: /home/ione/Documents/University/Year_3/Functional_Programming/Labs/lab_02/src/lab_02.worksheet.sc[0m
2024.03.15 15:19:46 INFO  time: evaluated worksheet 'lab_02.worksheet.sc' in 0.32s[0m
2024.03.15 15:19:46 WARN  no build target for: /home/ione/Documents/University/Year_3/Functional_Programming/Labs/lab_02/src/lab_02.worksheet.sc[0m
2024.03.15 15:19:47 INFO  time: evaluated worksheet 'lab_02.worksheet.sc' in 0.18s[0m
2024.03.15 15:19:52 WARN  no build target for: /home/ione/Documents/University/Year_3/Functional_Programming/Labs/lab_02/src/lab_02.worksheet.sc[0m
[31merror[39m: src/lab_02.worksheet.sc:42:12: illegal start of simple expression
sumNats(1, )
           ^
2024.03.15 15:19:52 INFO  time: evaluated worksheet 'lab_02.worksheet.sc' in 0.19s[0m
2024.03.15 15:19:54 WARN  no build target for: /home/ione/Documents/University/Year_3/Functional_Programming/Labs/lab_02/src/lab_02.worksheet.sc[0m
2024.03.15 15:19:55 INFO  time: evaluated worksheet 'lab_02.worksheet.sc' in 0.3s[0m
2024.03.15 15:19:55 WARN  no build target for: /home/ione/Documents/University/Year_3/Functional_Programming/Labs/lab_02/src/lab_02.worksheet.sc[0m
2024.03.15 15:19:55 INFO  time: evaluated worksheet 'lab_02.worksheet.sc' in 0.33s[0m
2024.03.15 15:19:58 WARN  no build target for: /home/ione/Documents/University/Year_3/Functional_Programming/Labs/lab_02/src/lab_02.worksheet.sc[0m
2024.03.15 15:19:58 INFO  time: evaluated worksheet 'lab_02.worksheet.sc' in 0.27s[0m
Mar 15, 2024 3:20:01 PM org.eclipse.lsp4j.jsonrpc.RemoteEndpoint handleCancellation
WARNING: Unmatched cancel notification for request id 5844
2024.03.15 15:20:37 WARN  no build target for: /home/ione/Documents/University/Year_3/Functional_Programming/Labs/lab_02/src/lab_02.worksheet.sc[0m
[31merror[39m: src/lab_02.worksheet.sc:44:46: 
Found:    Unit
Required: Int
def tailSumNats(start: Int, stop: Int): Int ={
                                             ^
2024.03.15 15:20:37 INFO  time: evaluated worksheet 'lab_02.worksheet.sc' in 0.15s[0m
Mar 15, 2024 3:20:45 PM org.eclipse.lsp4j.jsonrpc.RemoteEndpoint handleCancellation
WARNING: Unmatched cancel notification for request id 6061
2024.03.15 15:20:54 WARN  no build target for: /home/ione/Documents/University/Year_3/Functional_Programming/Labs/lab_02/src/lab_02.worksheet.sc[0m
[31merror[39m: src/lab_02.worksheet.sc:45:43: : expected but ) found
    def aux_sum(start: Int, stop: Int, acc)
                                          ^
2024.03.15 15:20:54 INFO  time: evaluated worksheet 'lab_02.worksheet.sc' in 0.17s[0m
2024.03.15 15:21:05 WARN  no build target for: /home/ione/Documents/University/Year_3/Functional_Programming/Labs/lab_02/src/lab_02.worksheet.sc[0m
[31merror[39m: src/lab_02.worksheet.sc:45:43: : expected but ) found
    def aux_sum(start: Int, stop: Int, acc): Int = {
                                          ^
2024.03.15 15:21:06 INFO  time: evaluated worksheet 'lab_02.worksheet.sc' in 0.18s[0m
Mar 15, 2024 3:21:19 PM org.eclipse.lsp4j.jsonrpc.RemoteEndpoint handleCancellation
WARNING: Unmatched cancel notification for request id 6358
Mar 15, 2024 3:21:29 PM scala.meta.internal.pc.CompilerAccess handleError
SEVERE: A severe compiler error occurred, full details of the error can be found in the error report /home/ione/Documents/University/Year_3/Functional_Programming/Labs/lab_02/.metals/.reports/metals-full/2024-03-15/r_compiler-error_15-21-29-147.md
Mar 15, 2024 3:21:29 PM scala.meta.internal.pc.CompilerAccess handleError
SEVERE: A severe compiler error occurred, full details of the error can be found in the error report /home/ione/Documents/University/Year_3/Functional_Programming/Labs/lab_02/.metals/.reports/metals-full/2024-03-15/r_compiler-error_15-21-29-813.md
2024.03.15 15:21:30 WARN  no build target for: /home/ione/Documents/University/Year_3/Functional_Programming/Labs/lab_02/src/lab_02.worksheet.sc[0m
[31merror[39m: src/lab_02.worksheet.sc:45:43: : expected but ) found
    def aux_sum(start: Int, stop: Int, acc): Int = {
                                          ^
2024.03.15 15:21:30 INFO  time: evaluated worksheet 'lab_02.worksheet.sc' in 0.16s[0m
2024.03.15 15:21:31 WARN  no build target for: /home/ione/Documents/University/Year_3/Functional_Programming/Labs/lab_02/src/lab_02.worksheet.sc[0m
[31merror[39m: src/lab_02.worksheet.sc:45:43: : expected but ) found
    def aux_sum(start: Int, stop: Int, acc): Int = {
                                          ^
2024.03.15 15:21:31 INFO  time: evaluated worksheet 'lab_02.worksheet.sc' in 0.17s[0m
2024.03.15 15:21:33 WARN  no build target for: /home/ione/Documents/University/Year_3/Functional_Programming/Labs/lab_02/src/lab_02.worksheet.sc[0m
[31merror[39m: src/lab_02.worksheet.sc:45:43: : expected but ) found
    def aux_sum(start: Int, stop: Int, acc): Int = {
                                          ^
2024.03.15 15:21:33 INFO  time: evaluated worksheet 'lab_02.worksheet.sc' in 0.24s[0m
2024.03.15 15:21:40 WARN  no build target for: /home/ione/Documents/University/Year_3/Functional_Programming/Labs/lab_02/src/lab_02.worksheet.sc[0m
2024.03.15 15:21:40 INFO  time: evaluated worksheet 'lab_02.worksheet.sc' in 0.27s[0m
2024.03.15 15:21:46 WARN  no build target for: /home/ione/Documents/University/Year_3/Functional_Programming/Labs/lab_02/src/lab_02.worksheet.sc[0m
2024.03.15 15:21:47 INFO  time: evaluated worksheet 'lab_02.worksheet.sc' in 0.26s[0m
2024.03.15 15:21:48 WARN  no build target for: /home/ione/Documents/University/Year_3/Functional_Programming/Labs/lab_02/src/lab_02.worksheet.sc[0m
2024.03.15 15:21:48 INFO  time: evaluated worksheet 'lab_02.worksheet.sc' in 0.24s[0m
2024.03.15 15:22:07 WARN  no build target for: /home/ione/Documents/University/Year_3/Functional_Programming/Labs/lab_02/src/lab_02.worksheet.sc[0m
2024.03.15 15:22:07 INFO  time: evaluated worksheet 'lab_02.worksheet.sc' in 0.27s[0m
Mar 15, 2024 3:22:10 PM org.eclipse.lsp4j.jsonrpc.RemoteEndpoint handleCancellation
WARNING: Unmatched cancel notification for request id 6564
2024.03.15 15:22:46 WARN  no build target for: /home/ione/Documents/University/Year_3/Functional_Programming/Labs/lab_02/src/lab_02.worksheet.sc[0m
2024.03.15 15:22:46 INFO  time: evaluated worksheet 'lab_02.worksheet.sc' in 0.32s[0m
2024.03.15 15:23:22 WARN  no build target for: /home/ione/Documents/University/Year_3/Functional_Programming/Labs/lab_02/src/lab_02.worksheet.sc[0m
2024.03.15 15:23:22 INFO  time: evaluated worksheet 'lab_02.worksheet.sc' in 0.27s[0m
Mar 15, 2024 3:23:42 PM org.eclipse.lsp4j.jsonrpc.RemoteEndpoint handleCancellation
WARNING: Unmatched cancel notification for request id 6705
2024.03.15 15:23:47 WARN  no build target for: /home/ione/Documents/University/Year_3/Functional_Programming/Labs/lab_02/src/lab_02.worksheet.sc[0m
[31merror[39m: src/lab_02.worksheet.sc:58:57: 
Found:    Unit
Required: Int
def subtractRange(x: Int, start: Int, stop: Int): Int = {
                                                        ^
2024.03.15 15:23:47 INFO  time: evaluated worksheet 'lab_02.worksheet.sc' in 0.19s[0m
2024.03.15 15:24:30 WARN  no build target for: /home/ione/Documents/University/Year_3/Functional_Programming/Labs/lab_02/src/lab_02.worksheet.sc[0m
[31merror[39m: src/lab_02.worksheet.sc:58:57: 
Found:    Unit
Required: Int
def subtractRange(x: Int, start: Int, stop: Int): Int = {
                                                        ^
2024.03.15 15:24:30 INFO  time: evaluated worksheet 'lab_02.worksheet.sc' in 0.15s[0m
Mar 15, 2024 3:33:38 PM org.eclipse.lsp4j.jsonrpc.RemoteEndpoint handleCancellation
WARNING: Unmatched cancel notification for request id 7099
2024.03.15 15:33:47 WARN  no build target for: /home/ione/Documents/University/Year_3/Functional_Programming/Labs/lab_02/src/lab_02.worksheet.sc[0m
[31merror[39m: src/lab_02.worksheet.sc:60:10: 
None of the overloaded alternatives of method - in class Int with types
 (x: Double): Double
 (x: Float): Float
 (x: Long): Long
 (x: Int): Int
 (x: Char): Int
 (x: Short): Int
 (x: Byte): Int
match arguments ((Int, Int, Int) => Int)
    else x - subtractRange
         ^^^
2024.03.15 15:33:47 INFO  time: evaluated worksheet 'lab_02.worksheet.sc' in 0.23s[0m
2024.03.15 15:35:27 WARN  no build target for: /home/ione/Documents/University/Year_3/Functional_Programming/Labs/lab_02/src/lab_02.worksheet.sc[0m
[31merror[39m: src/lab_02.worksheet.sc:58:57: 
Found:    Unit
Required: Int
def subtractRange(x: Int, start: Int, stop: Int): Int = {
                                                        ^
2024.03.15 15:35:28 INFO  time: evaluated worksheet 'lab_02.worksheet.sc' in 0.21s[0m
2024.03.15 15:35:28 WARN  no build target for: /home/ione/Documents/University/Year_3/Functional_Programming/Labs/lab_02/src/lab_02.worksheet.sc[0m
[31merror[39m: src/lab_02.worksheet.sc:58:57: 
Found:    Unit
Required: Int
def subtractRange(x: Int, start: Int, stop: Int): Int = {
                                                        ^
2024.03.15 15:35:29 INFO  time: evaluated worksheet 'lab_02.worksheet.sc' in 0.17s[0m
Mar 15, 2024 3:36:07 PM org.eclipse.lsp4j.jsonrpc.RemoteEndpoint handleCancellation
WARNING: Unmatched cancel notification for request id 7567
Mar 15, 2024 3:36:08 PM scala.meta.internal.pc.CompilerAccess handleError
SEVERE: A severe compiler error occurred, full details of the error can be found in the error report /home/ione/Documents/University/Year_3/Functional_Programming/Labs/lab_02/.metals/.reports/metals-full/2024-03-15/r_compiler-error_15-36-08-937.md
2024.03.15 15:36:12 WARN  no build target for: /home/ione/Documents/University/Year_3/Functional_Programming/Labs/lab_02/src/lab_02.worksheet.sc[0m
[31merror[39m: src/lab_02.worksheet.sc:59:65: 
Found:    Unit
Required: Int
    def aux_sub(x: Int, start: Int, stop: Int, acc: Int): Int = {
                                                                ^
2024.03.15 15:36:12 INFO  time: evaluated worksheet 'lab_02.worksheet.sc' in 0.19s[0m
2024.03.15 15:36:16 WARN  no build target for: /home/ione/Documents/University/Year_3/Functional_Programming/Labs/lab_02/src/lab_02.worksheet.sc[0m
[31merror[39m: src/lab_02.worksheet.sc:59:65: 
Found:    Unit
Required: Int
    def aux_sub(x: Int, start: Int, stop: Int, acc: Int): Int = {
                                                                ^
2024.03.15 15:36:16 INFO  time: evaluated worksheet 'lab_02.worksheet.sc' in 0.15s[0m
2024.03.15 15:36:50 WARN  no build target for: /home/ione/Documents/University/Year_3/Functional_Programming/Labs/lab_02/src/lab_02.worksheet.sc[0m
[31merror[39m: src/lab_02.worksheet.sc:62:5: illegal start of simple expression
    }
    ^
2024.03.15 15:36:50 INFO  time: evaluated worksheet 'lab_02.worksheet.sc' in 0.17s[0m
2024.03.15 15:37:31 WARN  no build target for: /home/ione/Documents/University/Year_3/Functional_Programming/Labs/lab_02/src/lab_02.worksheet.sc[0m
[31merror[39m: src/lab_02.worksheet.sc:61:14: 
Not found: aux_sum
        else aux_sum(start + 1, stop, acc - start)
             ^^^^^^^
2024.03.15 15:37:31 INFO  time: evaluated worksheet 'lab_02.worksheet.sc' in 0.18s[0m
2024.03.15 15:37:33 WARN  no build target for: /home/ione/Documents/University/Year_3/Functional_Programming/Labs/lab_02/src/lab_02.worksheet.sc[0m
[31merror[39m: src/lab_02.worksheet.sc:61:14: 
Not found: aux_sum
        else aux_sum(start + 1, stop, acc - start)
             ^^^^^^^
2024.03.15 15:37:33 INFO  time: evaluated worksheet 'lab_02.worksheet.sc' in 0.17s[0m
2024.03.15 15:37:36 WARN  no build target for: /home/ione/Documents/University/Year_3/Functional_Programming/Labs/lab_02/src/lab_02.worksheet.sc[0m
2024.03.15 15:37:36 INFO  time: evaluated worksheet 'lab_02.worksheet.sc' in 0.34s[0m
2024.03.15 15:37:38 WARN  no build target for: /home/ione/Documents/University/Year_3/Functional_Programming/Labs/lab_02/src/lab_02.worksheet.sc[0m
2024.03.15 15:37:39 INFO  time: evaluated worksheet 'lab_02.worksheet.sc' in 0.28s[0m
2024.03.15 15:38:11 WARN  no build target for: /home/ione/Documents/University/Year_3/Functional_Programming/Labs/lab_02/src/lab_02.worksheet.sc[0m
2024.03.15 15:38:12 INFO  time: evaluated worksheet 'lab_02.worksheet.sc' in 0.36s[0m
2024.03.15 15:38:13 WARN  no build target for: /home/ione/Documents/University/Year_3/Functional_Programming/Labs/lab_02/src/lab_02.worksheet.sc[0m
2024.03.15 15:38:13 INFO  time: evaluated worksheet 'lab_02.worksheet.sc' in 0.32s[0m
2024.03.15 15:38:14 WARN  no build target for: /home/ione/Documents/University/Year_3/Functional_Programming/Labs/lab_02/src/lab_02.worksheet.sc[0m
2024.03.15 15:38:14 INFO  time: evaluated worksheet 'lab_02.worksheet.sc' in 0.27s[0m
2024.03.15 15:38:16 WARN  no build target for: /home/ione/Documents/University/Year_3/Functional_Programming/Labs/lab_02/src/lab_02.worksheet.sc[0m
2024.03.15 15:38:16 INFO  time: evaluated worksheet 'lab_02.worksheet.sc' in 0.33s[0m
2024.03.15 15:38:18 WARN  no build target for: /home/ione/Documents/University/Year_3/Functional_Programming/Labs/lab_02/src/lab_02.worksheet.sc[0m
2024.03.15 15:38:18 INFO  time: evaluated worksheet 'lab_02.worksheet.sc' in 0.35s[0m
2024.03.15 15:38:21 WARN  no build target for: /home/ione/Documents/University/Year_3/Functional_Programming/Labs/lab_02/src/lab_02.worksheet.sc[0m
2024.03.15 15:38:21 INFO  time: evaluated worksheet 'lab_02.worksheet.sc' in 0.43s[0m
2024.03.15 15:38:23 WARN  no build target for: /home/ione/Documents/University/Year_3/Functional_Programming/Labs/lab_02/src/lab_02.worksheet.sc[0m
2024.03.15 15:38:23 INFO  time: evaluated worksheet 'lab_02.worksheet.sc' in 0.26s[0m
2024.03.15 15:38:41 WARN  no build target for: /home/ione/Documents/University/Year_3/Functional_Programming/Labs/lab_02/src/lab_02.worksheet.sc[0m
2024.03.15 15:38:41 INFO  time: evaluated worksheet 'lab_02.worksheet.sc' in 0.67s[0m
Mar 15, 2024 3:40:38 PM org.eclipse.lsp4j.jsonrpc.RemoteEndpoint handleCancellation
WARNING: Unmatched cancel notification for request id 8274
2024.03.15 15:41:13 WARN  no build target for: /home/ione/Documents/University/Year_3/Functional_Programming/Labs/lab_02/src/lab_02.worksheet.sc[0m
[31merror[39m: src/lab_02.worksheet.sc:73:9: Procedure syntax is not supported. Convert procedure `aux_sub` to method by adding `: Unit =`.
    def aux_sub()
        ^^^^^^^
2024.03.15 15:41:13 INFO  time: evaluated worksheet 'lab_02.worksheet.sc' in 0.21s[0m
2024.03.15 15:41:32 WARN  no build target for: /home/ione/Documents/University/Year_3/Functional_Programming/Labs/lab_02/src/lab_02.worksheet.sc[0m
[31merror[39m: src/lab_02.worksheet.sc:73:47: 
Found:    Unit
Required: Int
    def aux_sub(start: Int, stop: Int): Int = {
                                              ^
[31merror[39m: src/lab_02.worksheet.sc:76:1: 
Found:    Unit
Required: Int
}
^
2024.03.15 15:41:32 INFO  time: evaluated worksheet 'lab_02.worksheet.sc' in 0.17s[0m
2024.03.15 15:41:55 WARN  no build target for: /home/ione/Documents/University/Year_3/Functional_Programming/Labs/lab_02/src/lab_02.worksheet.sc[0m
[31merror[39m: src/lab_02.worksheet.sc:76:5: illegal start of simple expression
    }
    ^
2024.03.15 15:41:55 INFO  time: evaluated worksheet 'lab_02.worksheet.sc' in 0.26s[0m
2024.03.15 15:42:04 WARN  no build target for: /home/ione/Documents/University/Year_3/Functional_Programming/Labs/lab_02/src/lab_02.worksheet.sc[0m
[31merror[39m: src/lab_02.worksheet.sc:73:18: : expected but , found
    def aux_sub(x, start: Int, stop: Int): Int = {
                 ^
2024.03.15 15:42:04 INFO  time: evaluated worksheet 'lab_02.worksheet.sc' in 0.16s[0m
2024.03.15 15:42:59 WARN  no build target for: /home/ione/Documents/University/Year_3/Functional_Programming/Labs/lab_02/src/lab_02.worksheet.sc[0m
[31merror[39m: src/lab_02.worksheet.sc:77:1: 
Found:    Unit
Required: Int
}
^
2024.03.15 15:42:59 INFO  time: evaluated worksheet 'lab_02.worksheet.sc' in 0.17s[0m
2024.03.15 15:43:00 WARN  no build target for: /home/ione/Documents/University/Year_3/Functional_Programming/Labs/lab_02/src/lab_02.worksheet.sc[0m
[31merror[39m: src/lab_02.worksheet.sc:77:1: 
Found:    Unit
Required: Int
}
^
2024.03.15 15:43:01 INFO  time: evaluated worksheet 'lab_02.worksheet.sc' in 0.25s[0m
Mar 15, 2024 3:43:13 PM org.eclipse.lsp4j.jsonrpc.RemoteEndpoint handleCancellation
WARNING: Unmatched cancel notification for request id 8889
Mar 15, 2024 3:43:13 PM org.eclipse.lsp4j.jsonrpc.RemoteEndpoint handleCancellation
WARNING: Unmatched cancel notification for request id 8890
2024.03.15 15:43:34 WARN  no build target for: /home/ione/Documents/University/Year_3/Functional_Programming/Labs/lab_02/src/lab_02.worksheet.sc[0m
[31merror[39m: src/lab_02.worksheet.sc:74:18: 
Not found: aux_sub
    else start - aux_sub(x, start + 1, stop, x)
                 ^^^^^^^
2024.03.15 15:43:34 INFO  time: evaluated worksheet 'lab_02.worksheet.sc' in 0.18s[0m
2024.03.15 15:43:35 WARN  no build target for: /home/ione/Documents/University/Year_3/Functional_Programming/Labs/lab_02/src/lab_02.worksheet.sc[0m
[31merror[39m: src/lab_02.worksheet.sc:74:18: 
Not found: aux_sub
    else start - aux_sub(x, start + 1, stop, x)
                 ^^^^^^^
2024.03.15 15:43:35 INFO  time: evaluated worksheet 'lab_02.worksheet.sc' in 0.17s[0m
2024.03.15 15:43:42 WARN  no build target for: /home/ione/Documents/University/Year_3/Functional_Programming/Labs/lab_02/src/lab_02.worksheet.sc[0m
[31merror[39m: src/lab_02.worksheet.sc:74:58: 
too many arguments for method directSubtractRange in class MdocApp: (x: Int, start: Int, stop: Int): Int
    else start - directSubtractRange(x, start + 1, stop, x)
                                                         ^
2024.03.15 15:43:43 INFO  time: evaluated worksheet 'lab_02.worksheet.sc' in 0.19s[0m
2024.03.15 15:43:45 WARN  no build target for: /home/ione/Documents/University/Year_3/Functional_Programming/Labs/lab_02/src/lab_02.worksheet.sc[0m
[31merror[39m: src/lab_02.worksheet.sc:74:58: 
too many arguments for method directSubtractRange in class MdocApp: (x: Int, start: Int, stop: Int): Int
    else start - directSubtractRange(x, start + 1, stop, x)
                                                         ^
2024.03.15 15:43:45 INFO  time: evaluated worksheet 'lab_02.worksheet.sc' in 0.2s[0m
2024.03.15 15:43:46 WARN  no build target for: /home/ione/Documents/University/Year_3/Functional_Programming/Labs/lab_02/src/lab_02.worksheet.sc[0m
2024.03.15 15:43:47 INFO  time: evaluated worksheet 'lab_02.worksheet.sc' in 0.39s[0m
2024.03.15 15:43:51 WARN  no build target for: /home/ione/Documents/University/Year_3/Functional_Programming/Labs/lab_02/src/lab_02.worksheet.sc[0m
2024.03.15 15:43:51 INFO  time: evaluated worksheet 'lab_02.worksheet.sc' in 0.3s[0m
2024.03.15 15:43:55 WARN  no build target for: /home/ione/Documents/University/Year_3/Functional_Programming/Labs/lab_02/src/lab_02.worksheet.sc[0m
2024.03.15 15:43:55 INFO  time: evaluated worksheet 'lab_02.worksheet.sc' in 0.31s[0m
2024.03.15 15:43:56 WARN  no build target for: /home/ione/Documents/University/Year_3/Functional_Programming/Labs/lab_02/src/lab_02.worksheet.sc[0m
2024.03.15 15:43:56 INFO  time: evaluated worksheet 'lab_02.worksheet.sc' in 0.28s[0m
2024.03.15 15:44:26 WARN  no build target for: /home/ione/Documents/University/Year_3/Functional_Programming/Labs/lab_02/src/lab_02.worksheet.sc[0m
2024.03.15 15:44:26 INFO  time: evaluated worksheet 'lab_02.worksheet.sc' in 0.25s[0m
Mar 15, 2024 3:44:28 PM org.eclipse.lsp4j.jsonrpc.RemoteEndpoint handleCancellation
WARNING: Unmatched cancel notification for request id 9079
2024.03.15 15:44:31 WARN  no build target for: /home/ione/Documents/University/Year_3/Functional_Programming/Labs/lab_02/src/lab_02.worksheet.sc[0m
2024.03.15 15:44:31 INFO  time: evaluated worksheet 'lab_02.worksheet.sc' in 0.27s[0m
2024.03.15 15:45:00 WARN  no build target for: /home/ione/Documents/University/Year_3/Functional_Programming/Labs/lab_02/src/lab_02.worksheet.sc[0m
2024.03.15 15:45:00 INFO  time: evaluated worksheet 'lab_02.worksheet.sc' in 0.32s[0m
2024.03.15 15:45:03 WARN  no build target for: /home/ione/Documents/University/Year_3/Functional_Programming/Labs/lab_02/src/lab_02.worksheet.sc[0m
2024.03.15 15:45:03 INFO  time: evaluated worksheet 'lab_02.worksheet.sc' in 0.32s[0m
2024.03.15 15:45:05 WARN  no build target for: /home/ione/Documents/University/Year_3/Functional_Programming/Labs/lab_02/src/lab_02.worksheet.sc[0m
2024.03.15 15:45:05 INFO  time: evaluated worksheet 'lab_02.worksheet.sc' in 0.32s[0m
2024.03.15 15:45:07 WARN  no build target for: /home/ione/Documents/University/Year_3/Functional_Programming/Labs/lab_02/src/lab_02.worksheet.sc[0m
2024.03.15 15:45:07 INFO  time: evaluated worksheet 'lab_02.worksheet.sc' in 0.33s[0m
2024.03.15 15:45:09 WARN  no build target for: /home/ione/Documents/University/Year_3/Functional_Programming/Labs/lab_02/src/lab_02.worksheet.sc[0m
2024.03.15 15:45:09 INFO  time: evaluated worksheet 'lab_02.worksheet.sc' in 0.35s[0m
2024.03.15 15:45:12 WARN  no build target for: /home/ione/Documents/University/Year_3/Functional_Programming/Labs/lab_02/src/lab_02.worksheet.sc[0m
2024.03.15 15:45:13 INFO  time: evaluated worksheet 'lab_02.worksheet.sc' in 0.28s[0m
2024.03.15 15:45:49 WARN  no build target for: /home/ione/Documents/University/Year_3/Functional_Programming/Labs/lab_02/src/lab_02.worksheet.sc[0m
2024.03.15 15:45:50 INFO  time: evaluated worksheet 'lab_02.worksheet.sc' in 0.49s[0m
2024.03.15 15:45:51 WARN  no build target for: /home/ione/Documents/University/Year_3/Functional_Programming/Labs/lab_02/src/lab_02.worksheet.sc[0m
2024.03.15 15:45:51 INFO  time: evaluated worksheet 'lab_02.worksheet.sc' in 0.33s[0m
2024.03.15 15:45:57 ERROR Failed to tokenize input for semantic tokens for /home/ione/Documents/University/Year_3/Functional_Programming/Labs/lab_02/src/lab_02.worksheet.sc
scala.meta.tokenizers.TokenizeException: <input>:13: error: unclosed comment
  /* 
  ^
	at scala.meta.internal.tokenizers.Reporter.incompleteInputError(Reporter.scala:27)
	at scala.meta.internal.tokenizers.Reporter.incompleteInputError$(Reporter.scala:26)
	at scala.meta.internal.tokenizers.Reporter$$anon$1.incompleteInputError(Reporter.scala:33)
	at scala.meta.internal.tokenizers.Reporter.incompleteInputError(Reporter.scala:29)
	at scala.meta.internal.tokenizers.Reporter.incompleteInputError$(Reporter.scala:29)
	at scala.meta.internal.tokenizers.Reporter$$anon$1.incompleteInputError(Reporter.scala:33)
	at scala.meta.internal.tokenizers.LegacyScanner.skipNestedComments(LegacyScanner.scala:52)
	at scala.meta.internal.tokenizers.LegacyScanner.skipToCommentEnd(LegacyScanner.scala:71)
	at scala.meta.internal.tokenizers.LegacyScanner.fetchToken(LegacyScanner.scala:313)
	at scala.meta.internal.tokenizers.LegacyScanner.nextToken(LegacyScanner.scala:211)
	at scala.meta.internal.tokenizers.LegacyScanner.foreach(LegacyScanner.scala:1011)
	at scala.meta.internal.tokenizers.ScalametaTokenizer.uncachedTokenize(ScalametaTokenizer.scala:24)
	at scala.meta.internal.tokenizers.ScalametaTokenizer.$anonfun$tokenize$1(ScalametaTokenizer.scala:17)
	at scala.collection.concurrent.TrieMap.getOrElseUpdate(TrieMap.scala:962)
	at scala.meta.internal.tokenizers.ScalametaTokenizer.tokenize(ScalametaTokenizer.scala:17)
	at scala.meta.internal.tokenizers.ScalametaTokenizer$$anon$2.apply(ScalametaTokenizer.scala:332)
	at scala.meta.tokenizers.Api$XtensionTokenizeDialectInput.tokenize(Api.scala:25)
	at scala.meta.tokenizers.Api$XtensionTokenizeInputLike.tokenize(Api.scala:14)
	at scala.meta.internal.metals.SemanticTokensProvider$.getTokens(SemanticTokensProvider.scala:28)
	at scala.meta.internal.metals.SemanticTokensProvider$.provide(SemanticTokensProvider.scala:89)
	at scala.meta.internal.metals.Compilers.$anonfun$semanticTokens$3(Compilers.scala:541)
	at scala.concurrent.impl.Promise$Transformation.run(Promise.scala:467)
	at java.util.concurrent.ThreadPoolExecutor.runWorker(ThreadPoolExecutor.java:1144)
	at java.util.concurrent.ThreadPoolExecutor$Worker.run(ThreadPoolExecutor.java:642)
	at java.lang.Thread.run(Thread.java:1583)
[0m
2024.03.15 15:46:00 WARN  no build target for: /home/ione/Documents/University/Year_3/Functional_Programming/Labs/lab_02/src/lab_02.worksheet.sc[0m
2024.03.15 15:46:00 INFO  time: evaluated worksheet 'lab_02.worksheet.sc' in 0.36s[0m
2024.03.15 15:46:04 WARN  no build target for: /home/ione/Documents/University/Year_3/Functional_Programming/Labs/lab_02/src/lab_02.worksheet.sc[0m
2024.03.15 15:46:04 INFO  time: evaluated worksheet 'lab_02.worksheet.sc' in 0.26s[0m
2024.03.15 15:46:39 WARN  no build target for: /home/ione/Documents/University/Year_3/Functional_Programming/Labs/lab_02/src/lab_02.worksheet.sc[0m
2024.03.15 15:46:39 INFO  time: evaluated worksheet 'lab_02.worksheet.sc' in 0.29s[0m
Mar 15, 2024 3:46:59 PM org.eclipse.lsp4j.jsonrpc.RemoteEndpoint handleCancellation
WARNING: Unmatched cancel notification for request id 9236
2024.03.15 15:46:59 WARN  no build target for: /home/ione/Documents/University/Year_3/Functional_Programming/Labs/lab_02/src/lab_02.worksheet.sc[0m
2024.03.15 15:47:00 INFO  time: evaluated worksheet 'lab_02.worksheet.sc' in 0.97s[0m
2024.03.15 15:47:05 WARN  no build target for: /home/ione/Documents/University/Year_3/Functional_Programming/Labs/lab_02/src/lab_02.worksheet.sc[0m
2024.03.15 15:47:05 INFO  time: evaluated worksheet 'lab_02.worksheet.sc' in 0.45s[0m
2024.03.15 15:47:47 WARN  no build target for: /home/ione/Documents/University/Year_3/Functional_Programming/Labs/lab_02/src/lab_02.worksheet.sc[0m
2024.03.15 15:47:47 INFO  time: evaluated worksheet 'lab_02.worksheet.sc' in 0.31s[0m
Mar 15, 2024 3:48:19 PM org.eclipse.lsp4j.jsonrpc.RemoteEndpoint handleCancellation
WARNING: Unmatched cancel notification for request id 9293
2024.03.15 15:48:33 WARN  no build target for: /home/ione/Documents/University/Year_3/Functional_Programming/Labs/lab_02/src/lab_02.worksheet.sc[0m
[31merror[39m: src/lab_02.worksheet.sc:14:5: 
Found:    Unit
Required: Int
Maybe you are missing an else part for the conditional?
    if(a > b) gcd(a % b, a)
    ^^^^^^^^^^^^^^^^^^^^^^^
2024.03.15 15:48:33 INFO  time: evaluated worksheet 'lab_02.worksheet.sc' in 0.32s[0m
2024.03.15 15:48:43 WARN  no build target for: /home/ione/Documents/University/Year_3/Functional_Programming/Labs/lab_02/src/lab_02.worksheet.sc[0m
[31merror[39m: src/lab_02.worksheet.sc:16:1: illegal start of simple expression
}
^
2024.03.15 15:48:43 INFO  time: evaluated worksheet 'lab_02.worksheet.sc' in 0.16s[0m
2024.03.15 15:48:51 WARN  no build target for: /home/ione/Documents/University/Year_3/Functional_Programming/Labs/lab_02/src/lab_02.worksheet.sc[0m
[31merror[39m: src/lab_02.worksheet.sc:14:10: 
Found:    Unit
Required: Int
         if(a > b) gcd(a % b, a)
         ^
2024.03.15 15:48:52 INFO  time: evaluated worksheet 'lab_02.worksheet.sc' in 0.2s[0m
2024.03.15 15:49:06 WARN  no build target for: /home/ione/Documents/University/Year_3/Functional_Programming/Labs/lab_02/src/lab_02.worksheet.sc[0m
2024.03.15 15:49:07 INFO  time: evaluated worksheet 'lab_02.worksheet.sc' in 0.32s[0m
2024.03.15 15:49:07 WARN  no build target for: /home/ione/Documents/University/Year_3/Functional_Programming/Labs/lab_02/src/lab_02.worksheet.sc[0m
2024.03.15 15:49:07 INFO  time: evaluated worksheet 'lab_02.worksheet.sc' in 0.26s[0m
2024.03.15 15:49:12 WARN  no build target for: /home/ione/Documents/University/Year_3/Functional_Programming/Labs/lab_02/src/lab_02.worksheet.sc[0m
2024.03.15 15:49:13 INFO  time: evaluated worksheet 'lab_02.worksheet.sc' in 0.37s[0m
2024.03.15 15:49:17 WARN  no build target for: /home/ione/Documents/University/Year_3/Functional_Programming/Labs/lab_02/src/lab_02.worksheet.sc[0m
2024.03.15 15:49:17 INFO  time: evaluated worksheet 'lab_02.worksheet.sc' in 0.32s[0m
2024.03.15 15:49:59 WARN  no build target for: /home/ione/Documents/University/Year_3/Functional_Programming/Labs/lab_02/src/lab_02.worksheet.sc[0m
[31merror[39m: src/lab_02.worksheet.sc:16:1: illegal start of simple expression
}
^
2024.03.15 15:49:59 INFO  time: evaluated worksheet 'lab_02.worksheet.sc' in 0.17s[0m
2024.03.15 15:50:04 WARN  no build target for: /home/ione/Documents/University/Year_3/Functional_Programming/Labs/lab_02/src/lab_02.worksheet.sc[0m
[31merror[39m: src/lab_02.worksheet.sc:16:1: illegal start of simple expression
}
^
2024.03.15 15:50:04 INFO  time: evaluated worksheet 'lab_02.worksheet.sc' in 0.17s[0m
2024.03.15 15:50:49 WARN  no build target for: /home/ione/Documents/University/Year_3/Functional_Programming/Labs/lab_02/src/lab_02.worksheet.sc[0m
[31merror[39m: src/lab_02.worksheet.sc:16:5: illegal start of simple expression
    else gcd(b, a % b)
    ^^^^
2024.03.15 15:50:49 INFO  time: evaluated worksheet 'lab_02.worksheet.sc' in 0.18s[0m
2024.03.15 15:50:49 WARN  no build target for: /home/ione/Documents/University/Year_3/Functional_Programming/Labs/lab_02/src/lab_02.worksheet.sc[0m
[31merror[39m: src/lab_02.worksheet.sc:16:5: illegal start of simple expression
    else gcd(b, a % b)
    ^^^^
2024.03.15 15:50:49 INFO  time: evaluated worksheet 'lab_02.worksheet.sc' in 0.12s[0m
2024.03.15 15:50:53 WARN  no build target for: /home/ione/Documents/University/Year_3/Functional_Programming/Labs/lab_02/src/lab_02.worksheet.sc[0m
[31merror[39m: src/lab_02.worksheet.sc:16:5: illegal start of simple expression
    else gcd(b, a % b)
    ^^^^
2024.03.15 15:50:53 INFO  time: evaluated worksheet 'lab_02.worksheet.sc' in 0.13s[0m
2024.03.15 15:50:57 WARN  no build target for: /home/ione/Documents/University/Year_3/Functional_Programming/Labs/lab_02/src/lab_02.worksheet.sc[0m
2024.03.15 15:50:57 INFO  time: evaluated worksheet 'lab_02.worksheet.sc' in 0.43s[0m
2024.03.15 15:50:57 WARN  no build target for: /home/ione/Documents/University/Year_3/Functional_Programming/Labs/lab_02/src/lab_02.worksheet.sc[0m
2024.03.15 15:50:59 INFO  time: evaluated worksheet 'lab_02.worksheet.sc' in 0.37s[0m
2024.03.15 15:51:04 WARN  no build target for: /home/ione/Documents/University/Year_3/Functional_Programming/Labs/lab_02/src/lab_02.worksheet.sc[0m
2024.03.15 15:51:04 INFO  time: evaluated worksheet 'lab_02.worksheet.sc' in 0.35s[0m
2024.03.15 15:51:08 WARN  no build target for: /home/ione/Documents/University/Year_3/Functional_Programming/Labs/lab_02/src/lab_02.worksheet.sc[0m
2024.03.15 15:51:08 INFO  time: evaluated worksheet 'lab_02.worksheet.sc' in 0.34s[0m
2024.03.15 15:51:38 WARN  no build target for: /home/ione/Documents/University/Year_3/Functional_Programming/Labs/lab_02/src/lab_02.worksheet.sc[0m
[31merror[39m: src/lab_02.worksheet.sc:19:5: illegal start of simple expression
gcd(, 7)
    ^
2024.03.15 15:51:39 INFO  time: evaluated worksheet 'lab_02.worksheet.sc' in 0.13s[0m
2024.03.15 15:51:43 WARN  no build target for: /home/ione/Documents/University/Year_3/Functional_Programming/Labs/lab_02/src/lab_02.worksheet.sc[0m
2024.03.15 15:51:44 INFO  time: evaluated worksheet 'lab_02.worksheet.sc' in 0.41s[0m
2024.03.15 15:51:50 WARN  no build target for: /home/ione/Documents/University/Year_3/Functional_Programming/Labs/lab_02/src/lab_02.worksheet.sc[0m
2024.03.15 15:51:50 INFO  time: evaluated worksheet 'lab_02.worksheet.sc' in 0.31s[0m
2024.03.15 15:51:52 WARN  no build target for: /home/ione/Documents/University/Year_3/Functional_Programming/Labs/lab_02/src/lab_02.worksheet.sc[0m
2024.03.15 15:51:52 INFO  time: evaluated worksheet 'lab_02.worksheet.sc' in 0.34s[0m
2024.03.15 15:51:54 WARN  no build target for: /home/ione/Documents/University/Year_3/Functional_Programming/Labs/lab_02/src/lab_02.worksheet.sc[0m
[31merror[39m: src/lab_02.worksheet.sc:19:5: illegal start of simple expression
gcd(, 7)
    ^
2024.03.15 15:51:55 INFO  time: evaluated worksheet 'lab_02.worksheet.sc' in 0.15s[0m
2024.03.15 15:58:39 WARN  no build target for: /home/ione/Documents/University/Year_3/Functional_Programming/Labs/lab_02/src/lab_02.worksheet.sc[0m
[31merror[39m: src/lab_02.worksheet.sc:19:5: illegal start of simple expression
gcd(, 7)
    ^
2024.03.15 15:58:39 INFO  time: evaluated worksheet 'lab_02.worksheet.sc' in 0.13s[0m
2024.03.15 15:58:43 WARN  no build target for: /home/ione/Documents/University/Year_3/Functional_Programming/Labs/lab_02/src/lab_02.worksheet.sc[0m
2024.03.15 15:58:43 INFO  time: evaluated worksheet 'lab_02.worksheet.sc' in 0.41s[0m
2024.03.15 15:58:44 WARN  no build target for: /home/ione/Documents/University/Year_3/Functional_Programming/Labs/lab_02/src/lab_02.worksheet.sc[0m
2024.03.15 15:58:44 INFO  time: evaluated worksheet 'lab_02.worksheet.sc' in 0.26s[0m
2024.03.15 15:58:56 WARN  no build target for: /home/ione/Documents/University/Year_3/Functional_Programming/Labs/lab_02/src/lab_02.worksheet.sc[0m
2024.03.15 15:58:56 INFO  time: evaluated worksheet 'lab_02.worksheet.sc' in 0.27s[0m
2024.03.15 15:59:02 WARN  no build target for: /home/ione/Documents/University/Year_3/Functional_Programming/Labs/lab_02/src/lab_02.worksheet.sc[0m
2024.03.15 15:59:03 INFO  time: evaluated worksheet 'lab_02.worksheet.sc' in 0.46s[0m
2024.03.15 16:02:07 WARN  no build target for: /home/ione/Documents/University/Year_3/Functional_Programming/Labs/lab_02/src/lab_02.worksheet.sc[0m
2024.03.15 16:02:07 INFO  time: evaluated worksheet 'lab_02.worksheet.sc' in 0.33s[0m
2024.03.15 16:02:10 WARN  no build target for: /home/ione/Documents/University/Year_3/Functional_Programming/Labs/lab_02/src/lab_02.worksheet.sc[0m
[31merror[39m: src/lab_02.worksheet.sc:81:4: 
expression expected but unindent found
de improve
   ^^^^^^^
[31merror[39m: src/lab_02.worksheet.sc:81:1: 
Not found: de
de improve
^^
2024.03.15 16:02:10 INFO  time: evaluated worksheet 'lab_02.worksheet.sc' in 0.19s[0m
2024.03.15 16:02:38 WARN  no build target for: /home/ione/Documents/University/Year_3/Functional_Programming/Labs/lab_02/src/lab_02.worksheet.sc[0m
[31merror[39m: src/lab_02.worksheet.sc:81:4: 
expression expected but unindent found
de improve
   ^^^^^^^
[31merror[39m: src/lab_02.worksheet.sc:81:1: 
Not found: de
de improve
^^
2024.03.15 16:02:38 INFO  time: evaluated worksheet 'lab_02.worksheet.sc' in 0.28s[0m
2024.03.15 16:02:39 WARN  no build target for: /home/ione/Documents/University/Year_3/Functional_Programming/Labs/lab_02/src/lab_02.worksheet.sc[0m
[31merror[39m: src/lab_02.worksheet.sc:81:4: 
expression expected but unindent found
de improve
   ^^^^^^^
[31merror[39m: src/lab_02.worksheet.sc:81:1: 
Not found: de
de improve
^^
2024.03.15 16:02:40 INFO  time: evaluated worksheet 'lab_02.worksheet.sc' in 0.29s[0m
2024.03.15 16:02:58 WARN  no build target for: /home/ione/Documents/University/Year_3/Functional_Programming/Labs/lab_02/src/lab_02.worksheet.sc[0m
[31merror[39m: src/lab_02.worksheet.sc:81:5: Procedure syntax is not supported. Convert procedure `improve` to method by adding `: Unit =`.
def improve
    ^^^^^^^
2024.03.15 16:02:58 INFO  time: evaluated worksheet 'lab_02.worksheet.sc' in 0.19s[0m
2024.03.15 16:03:01 WARN  no build target for: /home/ione/Documents/University/Year_3/Functional_Programming/Labs/lab_02/src/lab_02.worksheet.sc[0m
2024.03.15 16:03:02 INFO  time: evaluated worksheet 'lab_02.worksheet.sc' in 0.37s[0m
2024.03.15 16:03:05 WARN  no build target for: /home/ione/Documents/University/Year_3/Functional_Programming/Labs/lab_02/src/lab_02.worksheet.sc[0m
2024.03.15 16:03:05 INFO  time: evaluated worksheet 'lab_02.worksheet.sc' in 0.39s[0m
2024.03.15 16:03:28 WARN  no build target for: /home/ione/Documents/University/Year_3/Functional_Programming/Labs/lab_02/src/lab_02.worksheet.sc[0m
2024.03.15 16:03:28 INFO  time: evaluated worksheet 'lab_02.worksheet.sc' in 0.34s[0m
2024.03.15 16:03:30 WARN  no build target for: /home/ione/Documents/University/Year_3/Functional_Programming/Labs/lab_02/src/lab_02.worksheet.sc[0m
[31merror[39m: src/lab_02.worksheet.sc:77:28: illegal start of simple expression
directSubtractRange(10, 1, )
                           ^
2024.03.15 16:03:30 INFO  time: evaluated worksheet 'lab_02.worksheet.sc' in 0.15s[0m
2024.03.15 16:03:33 WARN  no build target for: /home/ione/Documents/University/Year_3/Functional_Programming/Labs/lab_02/src/lab_02.worksheet.sc[0m
[31merror[39m: src/lab_02.worksheet.sc:77:28: illegal start of simple expression
directSubtractRange(10, 1, )
                           ^
2024.03.15 16:03:34 INFO  time: evaluated worksheet 'lab_02.worksheet.sc' in 0.14s[0m
2024.03.15 16:03:39 WARN  no build target for: /home/ione/Documents/University/Year_3/Functional_Programming/Labs/lab_02/src/lab_02.worksheet.sc[0m
2024.03.15 16:03:40 INFO  time: evaluated worksheet 'lab_02.worksheet.sc' in 0.51s[0m
2024.03.15 16:03:42 WARN  no build target for: /home/ione/Documents/University/Year_3/Functional_Programming/Labs/lab_02/src/lab_02.worksheet.sc[0m
2024.03.15 16:03:42 INFO  time: evaluated worksheet 'lab_02.worksheet.sc' in 0.31s[0m
2024.03.15 16:04:25 WARN  no build target for: /home/ione/Documents/University/Year_3/Functional_Programming/Labs/lab_02/src/lab_02.worksheet.sc[0m
2024.03.15 16:04:25 INFO  time: evaluated worksheet 'lab_02.worksheet.sc' in 0.33s[0m
2024.03.15 16:04:31 WARN  no build target for: /home/ione/Documents/University/Year_3/Functional_Programming/Labs/lab_02/src/lab_02.worksheet.sc[0m
2024.03.15 16:04:31 INFO  time: evaluated worksheet 'lab_02.worksheet.sc' in 0.32s[0m
2024.03.15 16:04:42 WARN  no build target for: /home/ione/Documents/University/Year_3/Functional_Programming/Labs/lab_02/src/lab_02.worksheet.sc[0m
[31merror[39m: src/lab_02.worksheet.sc:64:5: 
missing argument for parameter acc of method aux_sub: (start: Int, stop: Int, acc: Int): Int
    aux_sub(start, x)
    ^^^^^^^^^^^^^^^^^
2024.03.15 16:04:42 INFO  time: evaluated worksheet 'lab_02.worksheet.sc' in 0.2s[0m
2024.03.15 16:04:46 WARN  no build target for: /home/ione/Documents/University/Year_3/Functional_Programming/Labs/lab_02/src/lab_02.worksheet.sc[0m
[31merror[39m: src/lab_02.worksheet.sc:61:39: 
too many arguments for method aux_sub: (start: Int, acc: Int): Int
        else aux_sub(start + 1, stop, acc - start)
                                      ^^^^^^^^^^^
2024.03.15 16:04:46 INFO  time: evaluated worksheet 'lab_02.worksheet.sc' in 0.19s[0m
2024.03.15 16:04:48 WARN  no build target for: /home/ione/Documents/University/Year_3/Functional_Programming/Labs/lab_02/src/lab_02.worksheet.sc[0m
[31merror[39m: src/lab_02.worksheet.sc:61:39: 
too many arguments for method aux_sub: (start: Int, acc: Int): Int
        else aux_sub(start + 1, stop, acc - start)
                                      ^^^^^^^^^^^
2024.03.15 16:04:48 INFO  time: evaluated worksheet 'lab_02.worksheet.sc' in 0.19s[0m
2024.03.15 16:04:52 WARN  no build target for: /home/ione/Documents/University/Year_3/Functional_Programming/Labs/lab_02/src/lab_02.worksheet.sc[0m
[31merror[39m: src/lab_02.worksheet.sc:61:39: 
too many arguments for method aux_sub: (start: Int, acc: Int): Int
        else aux_sub(start + 1, stop, acc - start)
                                      ^^^^^^^^^^^
2024.03.15 16:04:52 INFO  time: evaluated worksheet 'lab_02.worksheet.sc' in 0.18s[0m
2024.03.15 16:05:02 WARN  no build target for: /home/ione/Documents/University/Year_3/Functional_Programming/Labs/lab_02/src/lab_02.worksheet.sc[0m
2024.03.15 16:05:02 INFO  time: evaluated worksheet 'lab_02.worksheet.sc' in 0.31s[0m
2024.03.15 16:05:32 WARN  no build target for: /home/ione/Documents/University/Year_3/Functional_Programming/Labs/lab_02/src/lab_02.worksheet.sc[0m
2024.03.15 16:05:32 INFO  time: evaluated worksheet 'lab_02.worksheet.sc' in 0.3s[0m
2024.03.15 16:05:36 WARN  no build target for: /home/ione/Documents/University/Year_3/Functional_Programming/Labs/lab_02/src/lab_02.worksheet.sc[0m
2024.03.15 16:05:36 INFO  time: evaluated worksheet 'lab_02.worksheet.sc' in 0.34s[0m
2024.03.15 16:08:35 INFO  Shutting down server[0m
2024.03.15 16:08:35 INFO  shutting down Metals[0m
2024.03.15 16:08:35 ERROR Unexpected error initializing server: 
org.eclipse.lsp4j.jsonrpc.ResponseErrorException: Request window/showMessageRequest failed with message: Canceled
	at org.eclipse.lsp4j.jsonrpc.RemoteEndpoint.handleResponse(RemoteEndpoint.java:209)
	at org.eclipse.lsp4j.jsonrpc.RemoteEndpoint.consume(RemoteEndpoint.java:193)
	at org.eclipse.lsp4j.jsonrpc.json.StreamMessageProducer.handleMessage(StreamMessageProducer.java:194)
	at org.eclipse.lsp4j.jsonrpc.json.StreamMessageProducer.listen(StreamMessageProducer.java:94)
	at org.eclipse.lsp4j.jsonrpc.json.ConcurrentMessageProcessor.run(ConcurrentMessageProcessor.java:113)
	at java.util.concurrent.Executors$RunnableAdapter.call(Executors.java:572)
	at java.util.concurrent.FutureTask.run(FutureTask.java:317)
	at java.util.concurrent.ThreadPoolExecutor.runWorker(ThreadPoolExecutor.java:1144)
	at java.util.concurrent.ThreadPoolExecutor$Worker.run(ThreadPoolExecutor.java:642)
	at java.lang.Thread.run(Thread.java:1583)
[0m
2024.03.15 16:08:35 INFO  Exiting server[0m
2024.03.15 18:03:19 INFO  Started: Metals version 1.2.2 in folders '/home/ione/Documents/University/Year_3/Functional_Programming/Labs/lab_02' for client Visual Studio Code 1.87.2.[0m
18:03:20.174 [pool-1-thread-1] INFO org.flywaydb.core.internal.license.VersionPrinter -- Flyway Community Edition 9.22.3 by Redgate
18:03:20.176 [pool-1-thread-1] INFO org.flywaydb.core.internal.license.VersionPrinter -- See release notes here: https://rd.gt/416ObMi
18:03:20.176 [pool-1-thread-1] INFO org.flywaydb.core.internal.license.VersionPrinter -- 
18:03:20.177 [pool-1-thread-1] DEBUG org.flywaydb.core.internal.scanner.classpath.ClassPathScanner -- Scanning for classpath resources at 'classpath:db/callback' ...
18:03:20.177 [pool-1-thread-1] DEBUG org.flywaydb.core.internal.scanner.classpath.ClassPathScanner -- Determining location urls for classpath:db/callback using ClassLoader jdk.internal.loader.ClassLoaders$AppClassLoader@4f2410ac ...
18:03:20.177 [pool-1-thread-1] DEBUG org.flywaydb.core.internal.scanner.classpath.ClassPathScanner -- Unable to resolve location classpath:db/callback.
18:03:20.177 [pool-1-thread-1] DEBUG org.flywaydb.core.internal.scanner.classpath.ClassPathScanner -- Scanning for classpath resources at 'classpath:db/migration' ...
18:03:20.177 [pool-1-thread-1] DEBUG org.flywaydb.core.internal.scanner.classpath.ClassPathScanner -- Determining location urls for classpath:db/migration using ClassLoader jdk.internal.loader.ClassLoaders$AppClassLoader@4f2410ac ...
18:03:20.178 [pool-1-thread-1] DEBUG org.flywaydb.core.internal.scanner.classpath.ClassPathScanner -- Scanning URL: jar:file:/home/ione/.cache/coursier/v1/https/repo1.maven.org/maven2/org/scalameta/metals_2.13/1.2.2/metals_2.13-1.2.2.jar!/db/migration
18:03:20.179 [pool-1-thread-1] DEBUG org.flywaydb.core.internal.scanner.classpath.ClassPathScanner -- Found resource: db/migration/
18:03:20.179 [pool-1-thread-1] DEBUG org.flywaydb.core.internal.scanner.classpath.ClassPathScanner -- Found resource: db/migration/V1__Create_tables.sql
18:03:20.180 [pool-1-thread-1] DEBUG org.flywaydb.core.internal.scanner.classpath.ClassPathScanner -- Found resource: db/migration/V2__Server_discovery.sql
18:03:20.180 [pool-1-thread-1] DEBUG org.flywaydb.core.internal.scanner.classpath.ClassPathScanner -- Found resource: db/migration/V3__Jar_symbols.sql
18:03:20.180 [pool-1-thread-1] DEBUG org.flywaydb.core.internal.scanner.classpath.ClassPathScanner -- Found resource: db/migration/V4__Fingerprints.sql
18:03:20.180 [pool-1-thread-1] DEBUG org.flywaydb.core.internal.scanner.classpath.ClassPathScanner -- Scanning for classes at classpath:db/migration
18:03:20.181 [pool-1-thread-1] DEBUG org.flywaydb.core.internal.scanner.Scanner -- Filtering out resource: db/migration/ (filename: )
18:03:20.181 [pool-1-thread-1] DEBUG org.flywaydb.core.internal.resource.ResourceNameValidator -- Validating V3__Jar_symbols.sql
18:03:20.182 [pool-1-thread-1] DEBUG org.flywaydb.core.internal.resource.ResourceNameValidator -- Validating V2__Server_discovery.sql
18:03:20.182 [pool-1-thread-1] DEBUG org.flywaydb.core.internal.resource.ResourceNameValidator -- Validating V1__Create_tables.sql
18:03:20.182 [pool-1-thread-1] DEBUG org.flywaydb.core.internal.resource.ResourceNameValidator -- Validating V4__Fingerprints.sql
18:03:20.237 [pool-1-thread-1] INFO org.flywaydb.core.FlywayExecutor -- Database: jdbc:h2:file:/home/ione/Documents/University/Year_3/Functional_Programming/Labs/lab_02/.metals/metals (H2 2.2)
18:03:20.237 [pool-1-thread-1] DEBUG org.flywaydb.core.FlywayExecutor -- Driver: H2 JDBC Driver 2.2.224 (2023-09-17)
18:03:20.237 [pool-1-thread-1] DEBUG org.flywaydb.core.FlywayExecutor -- DDL Transactions Supported: false
18:03:20.237 [pool-1-thread-1] DEBUG org.flywaydb.core.internal.schemahistory.SchemaHistoryFactory -- Schemas: 
18:03:20.238 [pool-1-thread-1] DEBUG org.flywaydb.core.internal.schemahistory.SchemaHistoryFactory -- Default schema: null
18:03:20.240 [pool-1-thread-1] WARN org.flywaydb.core.internal.database.base.Database -- Flyway upgrade recommended: H2 2.2.224 is newer than this version of Flyway and support has not been tested. The latest supported version of H2 is 2.2.220.
18:03:20.240 [pool-1-thread-1] DEBUG org.flywaydb.core.internal.callback.SqlScriptCallbackFactory -- Scanning for SQL callbacks ...
18:03:20.240 [pool-1-thread-1] DEBUG org.flywaydb.core.internal.scanner.Scanner -- Filtering out resource: db/migration/ (filename: )
18:03:20.243 [pool-1-thread-1] DEBUG org.flywaydb.core.internal.command.DbValidate -- Validating migrations ...
18:03:20.245 [pool-1-thread-1] DEBUG org.flywaydb.core.internal.scanner.Scanner -- Filtering out resource: db/migration/ (filename: )
18:03:20.249 [pool-1-thread-1] DEBUG org.flywaydb.core.internal.scanner.Scanner -- Filtering out resource: db/migration/V3__Jar_symbols.sql (filename: V3__Jar_symbols.sql)
18:03:20.249 [pool-1-thread-1] DEBUG org.flywaydb.core.internal.scanner.Scanner -- Filtering out resource: db/migration/ (filename: )
18:03:20.249 [pool-1-thread-1] DEBUG org.flywaydb.core.internal.scanner.Scanner -- Filtering out resource: db/migration/V2__Server_discovery.sql (filename: V2__Server_discovery.sql)
18:03:20.249 [pool-1-thread-1] DEBUG org.flywaydb.core.internal.scanner.Scanner -- Filtering out resource: db/migration/V1__Create_tables.sql (filename: V1__Create_tables.sql)
18:03:20.249 [pool-1-thread-1] DEBUG org.flywaydb.core.internal.scanner.Scanner -- Filtering out resource: db/migration/V4__Fingerprints.sql (filename: V4__Fingerprints.sql)
18:03:20.249 [pool-1-thread-1] DEBUG org.flywaydb.core.internal.scanner.Scanner -- Filtering out resource: db/migration/V3__Jar_symbols.sql (filename: V3__Jar_symbols.sql)
18:03:20.249 [pool-1-thread-1] DEBUG org.flywaydb.core.internal.scanner.Scanner -- Filtering out resource: db/migration/ (filename: )
18:03:20.249 [pool-1-thread-1] DEBUG org.flywaydb.core.internal.scanner.Scanner -- Filtering out resource: db/migration/V2__Server_discovery.sql (filename: V2__Server_discovery.sql)
18:03:20.249 [pool-1-thread-1] DEBUG org.flywaydb.core.internal.scanner.Scanner -- Filtering out resource: db/migration/V1__Create_tables.sql (filename: V1__Create_tables.sql)
18:03:20.249 [pool-1-thread-1] DEBUG org.flywaydb.core.internal.scanner.Scanner -- Filtering out resource: db/migration/V4__Fingerprints.sql (filename: V4__Fingerprints.sql)
18:03:20.254 [pool-1-thread-1] INFO org.flywaydb.core.internal.command.DbValidate -- Successfully validated 4 migrations (execution time 00:00.010s)
18:03:20.255 [pool-1-thread-1] DEBUG org.flywaydb.core.internal.command.DbSchemas -- Skipping creation of existing schema: "PUBLIC"
18:03:20.259 [pool-1-thread-1] INFO org.flywaydb.core.internal.command.DbMigrate -- Current version of schema "PUBLIC": 4
18:03:20.261 [pool-1-thread-1] INFO org.flywaydb.core.internal.command.DbMigrate -- Schema "PUBLIC" is up to date. No migration necessary.
18:03:20.270 [pool-1-thread-1] DEBUG org.flywaydb.core.FlywayExecutor -- Memory usage: 35 of 100M
2024.03.15 18:03:20 WARN  Build server is not auto-connectable.[0m
2024.03.15 18:03:20 WARN  no build target for: /home/ione/Documents/University/Year_3/Functional_Programming/Labs/lab_02/src/lab_02.worksheet.sc[0m
2024.03.15 18:03:22 INFO  no build target found for /home/ione/Documents/University/Year_3/Functional_Programming/Labs/lab_02/src/lab_02.worksheet.sc. Using presentation compiler with project's scala-library version: 3.3.1[0m
Mar 15, 2024 6:03:23 PM org.eclipse.lsp4j.jsonrpc.RemoteEndpoint handleCancellation
WARNING: Unmatched cancel notification for request id 9
2024.03.15 18:03:24 INFO  time: code lens generation in 1.38s[0m
2024.03.15 18:03:24 INFO  time: evaluated worksheet 'lab_02.worksheet.sc' in 4.02s[0m
2024.03.15 18:03:25 INFO  no build target found for /home/ione/Documents/University/Year_3/Functional_Programming/Labs/lab_02/src/lab_02.worksheet.sc. Using presentation compiler with project's scala-library version: 3.3.1[0m
2024.03.15 18:03:56 INFO  Shutting down server[0m
2024.03.15 18:03:56 INFO  shutting down Metals[0m
2024.03.15 18:03:56 INFO  Exiting server[0m
2024.03.15 18:03:56 ERROR Unexpected error initializing server: 
org.eclipse.lsp4j.jsonrpc.ResponseErrorException: Request window/showMessageRequest failed with message: Canceled
	at org.eclipse.lsp4j.jsonrpc.RemoteEndpoint.handleResponse(RemoteEndpoint.java:209)
	at org.eclipse.lsp4j.jsonrpc.RemoteEndpoint.consume(RemoteEndpoint.java:193)
	at org.eclipse.lsp4j.jsonrpc.json.StreamMessageProducer.handleMessage(StreamMessageProducer.java:194)
	at org.eclipse.lsp4j.jsonrpc.json.StreamMessageProducer.listen(StreamMessageProducer.java:94)
	at org.eclipse.lsp4j.jsonrpc.json.ConcurrentMessageProcessor.run(ConcurrentMessageProcessor.java:113)
	at java.util.concurrent.Executors$RunnableAdapter.call(Executors.java:572)
	at java.util.concurrent.FutureTask.run(FutureTask.java:317)
	at java.util.concurrent.ThreadPoolExecutor.runWorker(ThreadPoolExecutor.java:1144)
	at java.util.concurrent.ThreadPoolExecutor$Worker.run(ThreadPoolExecutor.java:642)
	at java.lang.Thread.run(Thread.java:1583)
[0m
2024.03.15 20:08:30 INFO  Started: Metals version 1.2.2 in folders '/home/ione/Documents/University/Year_3/Functional_Programming/Labs/lab_02' for client Visual Studio Code 1.87.2.[0m
20:08:30.497 [pool-1-thread-1] INFO org.flywaydb.core.internal.license.VersionPrinter -- Flyway Community Edition 9.22.3 by Redgate
20:08:30.500 [pool-1-thread-1] INFO org.flywaydb.core.internal.license.VersionPrinter -- See release notes here: https://rd.gt/416ObMi
20:08:30.500 [pool-1-thread-1] INFO org.flywaydb.core.internal.license.VersionPrinter -- 
20:08:30.503 [pool-1-thread-1] DEBUG org.flywaydb.core.internal.scanner.classpath.ClassPathScanner -- Scanning for classpath resources at 'classpath:db/callback' ...
20:08:30.503 [pool-1-thread-1] DEBUG org.flywaydb.core.internal.scanner.classpath.ClassPathScanner -- Determining location urls for classpath:db/callback using ClassLoader jdk.internal.loader.ClassLoaders$AppClassLoader@4f2410ac ...
20:08:30.503 [pool-1-thread-1] DEBUG org.flywaydb.core.internal.scanner.classpath.ClassPathScanner -- Unable to resolve location classpath:db/callback.
20:08:30.503 [pool-1-thread-1] DEBUG org.flywaydb.core.internal.scanner.classpath.ClassPathScanner -- Scanning for classpath resources at 'classpath:db/migration' ...
20:08:30.503 [pool-1-thread-1] DEBUG org.flywaydb.core.internal.scanner.classpath.ClassPathScanner -- Determining location urls for classpath:db/migration using ClassLoader jdk.internal.loader.ClassLoaders$AppClassLoader@4f2410ac ...
20:08:30.504 [pool-1-thread-1] DEBUG org.flywaydb.core.internal.scanner.classpath.ClassPathScanner -- Scanning URL: jar:file:/home/ione/.cache/coursier/v1/https/repo1.maven.org/maven2/org/scalameta/metals_2.13/1.2.2/metals_2.13-1.2.2.jar!/db/migration
20:08:30.509 [pool-1-thread-1] DEBUG org.flywaydb.core.internal.scanner.classpath.ClassPathScanner -- Found resource: db/migration/
20:08:30.509 [pool-1-thread-1] DEBUG org.flywaydb.core.internal.scanner.classpath.ClassPathScanner -- Found resource: db/migration/V1__Create_tables.sql
20:08:30.509 [pool-1-thread-1] DEBUG org.flywaydb.core.internal.scanner.classpath.ClassPathScanner -- Found resource: db/migration/V2__Server_discovery.sql
20:08:30.510 [pool-1-thread-1] DEBUG org.flywaydb.core.internal.scanner.classpath.ClassPathScanner -- Found resource: db/migration/V3__Jar_symbols.sql
20:08:30.510 [pool-1-thread-1] DEBUG org.flywaydb.core.internal.scanner.classpath.ClassPathScanner -- Found resource: db/migration/V4__Fingerprints.sql
20:08:30.510 [pool-1-thread-1] DEBUG org.flywaydb.core.internal.scanner.classpath.ClassPathScanner -- Scanning for classes at classpath:db/migration
20:08:30.513 [pool-1-thread-1] DEBUG org.flywaydb.core.internal.scanner.Scanner -- Filtering out resource: db/migration/ (filename: )
20:08:30.513 [pool-1-thread-1] DEBUG org.flywaydb.core.internal.resource.ResourceNameValidator -- Validating V3__Jar_symbols.sql
20:08:30.514 [pool-1-thread-1] DEBUG org.flywaydb.core.internal.resource.ResourceNameValidator -- Validating V2__Server_discovery.sql
20:08:30.514 [pool-1-thread-1] DEBUG org.flywaydb.core.internal.resource.ResourceNameValidator -- Validating V1__Create_tables.sql
20:08:30.514 [pool-1-thread-1] DEBUG org.flywaydb.core.internal.resource.ResourceNameValidator -- Validating V4__Fingerprints.sql
20:08:30.569 [pool-1-thread-1] INFO org.flywaydb.core.FlywayExecutor -- Database: jdbc:h2:file:/home/ione/Documents/University/Year_3/Functional_Programming/Labs/lab_02/.metals/metals (H2 2.2)
20:08:30.569 [pool-1-thread-1] DEBUG org.flywaydb.core.FlywayExecutor -- Driver: H2 JDBC Driver 2.2.224 (2023-09-17)
20:08:30.569 [pool-1-thread-1] DEBUG org.flywaydb.core.FlywayExecutor -- DDL Transactions Supported: false
20:08:30.570 [pool-1-thread-1] DEBUG org.flywaydb.core.internal.schemahistory.SchemaHistoryFactory -- Schemas: 
20:08:30.570 [pool-1-thread-1] DEBUG org.flywaydb.core.internal.schemahistory.SchemaHistoryFactory -- Default schema: null
20:08:30.573 [pool-1-thread-1] WARN org.flywaydb.core.internal.database.base.Database -- Flyway upgrade recommended: H2 2.2.224 is newer than this version of Flyway and support has not been tested. The latest supported version of H2 is 2.2.220.
20:08:30.574 [pool-1-thread-1] DEBUG org.flywaydb.core.internal.callback.SqlScriptCallbackFactory -- Scanning for SQL callbacks ...
20:08:30.574 [pool-1-thread-1] DEBUG org.flywaydb.core.internal.scanner.Scanner -- Filtering out resource: db/migration/ (filename: )
20:08:30.579 [pool-1-thread-1] DEBUG org.flywaydb.core.internal.command.DbValidate -- Validating migrations ...
20:08:30.581 [pool-1-thread-1] DEBUG org.flywaydb.core.internal.scanner.Scanner -- Filtering out resource: db/migration/ (filename: )
20:08:30.584 [pool-1-thread-1] DEBUG org.flywaydb.core.internal.scanner.Scanner -- Filtering out resource: db/migration/V3__Jar_symbols.sql (filename: V3__Jar_symbols.sql)
20:08:30.584 [pool-1-thread-1] DEBUG org.flywaydb.core.internal.scanner.Scanner -- Filtering out resource: db/migration/ (filename: )
20:08:30.585 [pool-1-thread-1] DEBUG org.flywaydb.core.internal.scanner.Scanner -- Filtering out resource: db/migration/V2__Server_discovery.sql (filename: V2__Server_discovery.sql)
20:08:30.585 [pool-1-thread-1] DEBUG org.flywaydb.core.internal.scanner.Scanner -- Filtering out resource: db/migration/V1__Create_tables.sql (filename: V1__Create_tables.sql)
20:08:30.585 [pool-1-thread-1] DEBUG org.flywaydb.core.internal.scanner.Scanner -- Filtering out resource: db/migration/V4__Fingerprints.sql (filename: V4__Fingerprints.sql)
20:08:30.585 [pool-1-thread-1] DEBUG org.flywaydb.core.internal.scanner.Scanner -- Filtering out resource: db/migration/V3__Jar_symbols.sql (filename: V3__Jar_symbols.sql)
20:08:30.585 [pool-1-thread-1] DEBUG org.flywaydb.core.internal.scanner.Scanner -- Filtering out resource: db/migration/ (filename: )
20:08:30.585 [pool-1-thread-1] DEBUG org.flywaydb.core.internal.scanner.Scanner -- Filtering out resource: db/migration/V2__Server_discovery.sql (filename: V2__Server_discovery.sql)
20:08:30.585 [pool-1-thread-1] DEBUG org.flywaydb.core.internal.scanner.Scanner -- Filtering out resource: db/migration/V1__Create_tables.sql (filename: V1__Create_tables.sql)
20:08:30.585 [pool-1-thread-1] DEBUG org.flywaydb.core.internal.scanner.Scanner -- Filtering out resource: db/migration/V4__Fingerprints.sql (filename: V4__Fingerprints.sql)
20:08:30.591 [pool-1-thread-1] INFO org.flywaydb.core.internal.command.DbValidate -- Successfully validated 4 migrations (execution time 00:00.011s)
20:08:30.592 [pool-1-thread-1] DEBUG org.flywaydb.core.internal.command.DbSchemas -- Skipping creation of existing schema: "PUBLIC"
20:08:30.595 [pool-1-thread-1] INFO org.flywaydb.core.internal.command.DbMigrate -- Current version of schema "PUBLIC": 4
20:08:30.597 [pool-1-thread-1] INFO org.flywaydb.core.internal.command.DbMigrate -- Schema "PUBLIC" is up to date. No migration necessary.
20:08:30.604 [pool-1-thread-1] DEBUG org.flywaydb.core.FlywayExecutor -- Memory usage: 35 of 100M
2024.03.15 20:08:30 WARN  Build server is not auto-connectable.[0m
2024.03.15 20:08:30 WARN  no build target for: /home/ione/Documents/University/Year_3/Functional_Programming/Labs/lab_02/src/lab_02.worksheet.sc[0m
Mar 15, 2024 8:08:31 PM org.eclipse.lsp4j.jsonrpc.services.GenericEndpoint notify
INFO: Unsupported notification method: $/setTrace
2024.03.15 20:08:32 INFO  no build target found for /home/ione/Documents/University/Year_3/Functional_Programming/Labs/lab_02/src/lab_02.worksheet.sc. Using presentation compiler with project's scala-library version: 3.3.1[0m
2024.03.15 20:08:34 INFO  time: evaluated worksheet 'lab_02.worksheet.sc' in 3.88s[0m
2024.03.15 20:08:35 INFO  no build target found for /home/ione/Documents/University/Year_3/Functional_Programming/Labs/lab_02/src/lab_02.worksheet.sc. Using presentation compiler with project's scala-library version: 3.3.1[0m
2024.03.15 20:09:10 INFO  Shutting down server[0m
2024.03.15 20:09:10 INFO  shutting down Metals[0m
2024.03.15 20:09:10 INFO  Exiting server[0m
