2024.03.28 17:12:26 INFO  Started: Metals version 1.2.2 in folders '/home/ione/Documents/University/Year_3/Functional_Programming/Labs' for client Visual Studio Code 1.87.2.[0m
17:12:26.961 [pool-1-thread-1] INFO org.flywaydb.core.internal.license.VersionPrinter -- Flyway Community Edition 9.22.3 by Redgate
17:12:26.963 [pool-1-thread-1] INFO org.flywaydb.core.internal.license.VersionPrinter -- See release notes here: https://rd.gt/416ObMi
17:12:26.963 [pool-1-thread-1] INFO org.flywaydb.core.internal.license.VersionPrinter -- 
17:12:26.964 [pool-1-thread-1] DEBUG org.flywaydb.core.internal.scanner.classpath.ClassPathScanner -- Scanning for classpath resources at 'classpath:db/callback' ...
17:12:26.964 [pool-1-thread-1] DEBUG org.flywaydb.core.internal.scanner.classpath.ClassPathScanner -- Determining location urls for classpath:db/callback using ClassLoader jdk.internal.loader.ClassLoaders$AppClassLoader@5cb0d902 ...
17:12:26.964 [pool-1-thread-1] DEBUG org.flywaydb.core.internal.scanner.classpath.ClassPathScanner -- Unable to resolve location classpath:db/callback.
17:12:26.965 [pool-1-thread-1] DEBUG org.flywaydb.core.internal.scanner.classpath.ClassPathScanner -- Scanning for classpath resources at 'classpath:db/migration' ...
17:12:26.965 [pool-1-thread-1] DEBUG org.flywaydb.core.internal.scanner.classpath.ClassPathScanner -- Determining location urls for classpath:db/migration using ClassLoader jdk.internal.loader.ClassLoaders$AppClassLoader@5cb0d902 ...
17:12:26.965 [pool-1-thread-1] DEBUG org.flywaydb.core.internal.scanner.classpath.ClassPathScanner -- Scanning URL: jar:file:/home/ione/.cache/coursier/v1/https/repo1.maven.org/maven2/org/scalameta/metals_2.13/1.2.2/metals_2.13-1.2.2.jar!/db/migration
17:12:26.966 [pool-1-thread-1] DEBUG org.flywaydb.core.internal.scanner.classpath.ClassPathScanner -- Found resource: db/migration/
17:12:26.966 [pool-1-thread-1] DEBUG org.flywaydb.core.internal.scanner.classpath.ClassPathScanner -- Found resource: db/migration/V1__Create_tables.sql
17:12:26.966 [pool-1-thread-1] DEBUG org.flywaydb.core.internal.scanner.classpath.ClassPathScanner -- Found resource: db/migration/V2__Server_discovery.sql
17:12:26.966 [pool-1-thread-1] DEBUG org.flywaydb.core.internal.scanner.classpath.ClassPathScanner -- Found resource: db/migration/V3__Jar_symbols.sql
17:12:26.966 [pool-1-thread-1] DEBUG org.flywaydb.core.internal.scanner.classpath.ClassPathScanner -- Found resource: db/migration/V4__Fingerprints.sql
17:12:26.966 [pool-1-thread-1] DEBUG org.flywaydb.core.internal.scanner.classpath.ClassPathScanner -- Scanning for classes at classpath:db/migration
17:12:26.968 [pool-1-thread-1] DEBUG org.flywaydb.core.internal.scanner.Scanner -- Filtering out resource: db/migration/ (filename: )
17:12:26.968 [pool-1-thread-1] DEBUG org.flywaydb.core.internal.resource.ResourceNameValidator -- Validating V3__Jar_symbols.sql
17:12:26.968 [pool-1-thread-1] DEBUG org.flywaydb.core.internal.resource.ResourceNameValidator -- Validating V2__Server_discovery.sql
17:12:26.968 [pool-1-thread-1] DEBUG org.flywaydb.core.internal.resource.ResourceNameValidator -- Validating V1__Create_tables.sql
17:12:26.968 [pool-1-thread-1] DEBUG org.flywaydb.core.internal.resource.ResourceNameValidator -- Validating V4__Fingerprints.sql
17:12:27.014 [pool-1-thread-1] INFO org.flywaydb.core.FlywayExecutor -- Database: jdbc:h2:file:/home/ione/Documents/University/Year_3/Functional_Programming/Labs/.metals/metals (H2 2.2)
17:12:27.014 [pool-1-thread-1] DEBUG org.flywaydb.core.FlywayExecutor -- Driver: H2 JDBC Driver 2.2.224 (2023-09-17)
17:12:27.014 [pool-1-thread-1] DEBUG org.flywaydb.core.FlywayExecutor -- DDL Transactions Supported: false
17:12:27.014 [pool-1-thread-1] DEBUG org.flywaydb.core.internal.schemahistory.SchemaHistoryFactory -- Schemas: 
17:12:27.014 [pool-1-thread-1] DEBUG org.flywaydb.core.internal.schemahistory.SchemaHistoryFactory -- Default schema: null
17:12:27.017 [pool-1-thread-1] WARN org.flywaydb.core.internal.database.base.Database -- Flyway upgrade recommended: H2 2.2.224 is newer than this version of Flyway and support has not been tested. The latest supported version of H2 is 2.2.220.
17:12:27.017 [pool-1-thread-1] DEBUG org.flywaydb.core.internal.callback.SqlScriptCallbackFactory -- Scanning for SQL callbacks ...
17:12:27.018 [pool-1-thread-1] DEBUG org.flywaydb.core.internal.scanner.Scanner -- Filtering out resource: db/migration/ (filename: )
17:12:27.021 [pool-1-thread-1] DEBUG org.flywaydb.core.internal.command.DbValidate -- Validating migrations ...
17:12:27.023 [pool-1-thread-1] DEBUG org.flywaydb.core.internal.scanner.Scanner -- Filtering out resource: db/migration/ (filename: )
17:12:27.027 [pool-1-thread-1] DEBUG org.flywaydb.core.internal.scanner.Scanner -- Filtering out resource: db/migration/V3__Jar_symbols.sql (filename: V3__Jar_symbols.sql)
17:12:27.027 [pool-1-thread-1] DEBUG org.flywaydb.core.internal.scanner.Scanner -- Filtering out resource: db/migration/ (filename: )
17:12:27.027 [pool-1-thread-1] DEBUG org.flywaydb.core.internal.scanner.Scanner -- Filtering out resource: db/migration/V2__Server_discovery.sql (filename: V2__Server_discovery.sql)
17:12:27.027 [pool-1-thread-1] DEBUG org.flywaydb.core.internal.scanner.Scanner -- Filtering out resource: db/migration/V1__Create_tables.sql (filename: V1__Create_tables.sql)
17:12:27.027 [pool-1-thread-1] DEBUG org.flywaydb.core.internal.scanner.Scanner -- Filtering out resource: db/migration/V4__Fingerprints.sql (filename: V4__Fingerprints.sql)
17:12:27.027 [pool-1-thread-1] DEBUG org.flywaydb.core.internal.scanner.Scanner -- Filtering out resource: db/migration/V3__Jar_symbols.sql (filename: V3__Jar_symbols.sql)
17:12:27.028 [pool-1-thread-1] DEBUG org.flywaydb.core.internal.scanner.Scanner -- Filtering out resource: db/migration/ (filename: )
17:12:27.028 [pool-1-thread-1] DEBUG org.flywaydb.core.internal.scanner.Scanner -- Filtering out resource: db/migration/V2__Server_discovery.sql (filename: V2__Server_discovery.sql)
17:12:27.028 [pool-1-thread-1] DEBUG org.flywaydb.core.internal.scanner.Scanner -- Filtering out resource: db/migration/V1__Create_tables.sql (filename: V1__Create_tables.sql)
17:12:27.028 [pool-1-thread-1] DEBUG org.flywaydb.core.internal.scanner.Scanner -- Filtering out resource: db/migration/V4__Fingerprints.sql (filename: V4__Fingerprints.sql)
17:12:27.028 [pool-1-thread-1] INFO org.flywaydb.core.internal.schemahistory.JdbcTableSchemaHistory -- Schema history table "PUBLIC"."flyway_schema_history" does not exist yet
17:12:27.030 [pool-1-thread-1] INFO org.flywaydb.core.internal.command.DbValidate -- Successfully validated 4 migrations (execution time 00:00.008s)
17:12:27.031 [pool-1-thread-1] DEBUG org.flywaydb.core.internal.command.DbSchemas -- Skipping creation of existing schema: "PUBLIC"
17:12:27.033 [pool-1-thread-1] INFO org.flywaydb.core.internal.schemahistory.JdbcTableSchemaHistory -- Creating Schema History table "PUBLIC"."flyway_schema_history" ...
17:12:27.034 [pool-1-thread-1] DEBUG org.flywaydb.core.internal.parser.Parser -- Parsing  ...
17:12:27.037 [pool-1-thread-1] DEBUG org.flywaydb.core.internal.sqlscript.ParserSqlScript -- Found statement at line 1: CREATE TABLE IF NOT EXISTS "PUBLIC"."flyway_schema_history" (
    "installed_rank" INT NOT NULL,
    "version" VARCHAR(50),
    "description" VARCHAR(200) NOT NULL,
    "type" VARCHAR(20) NOT NULL,
    "script" VARCHAR(1000) NOT NULL,
    "checksum" INT,
    "installed_by" VARCHAR(100) NOT NULL,
    "installed_on" TIMESTAMP NOT NULL DEFAULT CURRENT_TIMESTAMP,
    "execution_time" INT NOT NULL,
    "success" BOOLEAN NOT NULL,
    CONSTRAINT "flyway_schema_history_pk" PRIMARY KEY ("installed_rank")
) AS SELECT -1, NULL, '<< Flyway Schema History table created >>', 'TABLE', '', NULL, 'SA', CURRENT_TIMESTAMP, 0, TRUE
17:12:27.037 [pool-1-thread-1] DEBUG org.flywaydb.core.internal.sqlscript.ParserSqlScript -- Found statement at line 14: CREATE INDEX "PUBLIC"."flyway_schema_history_s_idx" ON "PUBLIC"."flyway_schema_history" ("success")
17:12:27.037 [pool-1-thread-1] DEBUG org.flywaydb.core.internal.sqlscript.DefaultSqlScriptExecutor -- Executing SQL: CREATE TABLE IF NOT EXISTS "PUBLIC"."flyway_schema_history" (
    "installed_rank" INT NOT NULL,
    "version" VARCHAR(50),
    "description" VARCHAR(200) NOT NULL,
    "type" VARCHAR(20) NOT NULL,
    "script" VARCHAR(1000) NOT NULL,
    "checksum" INT,
    "installed_by" VARCHAR(100) NOT NULL,
    "installed_on" TIMESTAMP NOT NULL DEFAULT CURRENT_TIMESTAMP,
    "execution_time" INT NOT NULL,
    "success" BOOLEAN NOT NULL,
    CONSTRAINT "flyway_schema_history_pk" PRIMARY KEY ("installed_rank")
) AS SELECT -1, NULL, '<< Flyway Schema History table created >>', 'TABLE', '', NULL, 'SA', CURRENT_TIMESTAMP, 0, TRUE
17:12:27.039 [pool-1-thread-1] DEBUG org.flywaydb.core.internal.sqlscript.DefaultSqlScriptExecutor -- 0 rows affected
17:12:27.039 [pool-1-thread-1] DEBUG org.flywaydb.core.internal.sqlscript.DefaultSqlScriptExecutor -- Executing SQL: CREATE INDEX "PUBLIC"."flyway_schema_history_s_idx" ON "PUBLIC"."flyway_schema_history" ("success")
17:12:27.041 [pool-1-thread-1] DEBUG org.flywaydb.core.internal.sqlscript.DefaultSqlScriptExecutor -- 0 rows affected
17:12:27.041 [pool-1-thread-1] DEBUG org.flywaydb.core.internal.schemahistory.JdbcTableSchemaHistory -- Created Schema History table "PUBLIC"."flyway_schema_history"
17:12:27.044 [pool-1-thread-1] INFO org.flywaydb.core.internal.command.DbMigrate -- Current version of schema "PUBLIC": << Empty Schema >>
17:12:27.044 [pool-1-thread-1] DEBUG org.flywaydb.core.internal.parser.Parser -- Parsing V1__Create_tables.sql ...
17:12:27.045 [pool-1-thread-1] DEBUG org.flywaydb.core.internal.sqlscript.ParserSqlScript -- Found statement at line 4: -- The relationship between library dependency sources under .metals/readonly/**
-- and build targets they belong to. Required to know what classpath to use
-- for compiling dependency sources.
create table dependency_source(
  text_document_uri varchar primary key,
  build_target_uri varchar not null
)
17:12:27.045 [pool-1-thread-1] DEBUG org.flywaydb.core.internal.sqlscript.ParserSqlScript -- Found statement at line 12: -- The relationship between library dependency sources under .metals/readonly/**
-- and worksheets they belong to. Required to know what classpath to use
-- for compiling dependency sources.
create table worksheet_dependency_source(
  text_document_uri varchar primary key,
  worksheet_uri varchar not null
)
17:12:27.045 [pool-1-thread-1] DEBUG org.flywaydb.core.internal.sqlscript.ParserSqlScript -- Found statement at line 19: -- The relationship between what library dependency sources under .metals/readonly/**
-- map to which build targets.
create table sbt_digest(
  md5 varchar,
  status tinyint not null,
  when_recorded timestamp
)
17:12:27.046 [pool-1-thread-1] DEBUG org.flywaydb.core.internal.sqlscript.ParserSqlScript -- Found statement at line 27: -- Which window/showMessage and window/showMessageRequest dialogues have been dismissed
-- by the user via "Don't show again" or closed by clicking on "x".
create table dismissed_notification(
  id int,
  when_dismissed timestamp,
  when_expires timestamp
)
17:12:27.046 [pool-1-thread-1] DEBUG org.flywaydb.core.internal.sqlscript.ParserSqlScript -- Found statement at line 34: -- The choice of build tool when multiple build tool files are found in a workspace
create table chosen_build_tool(
  build_tool varchar primary key
)
17:12:27.046 [pool-1-thread-1] DEBUG org.flywaydb.core.internal.command.DbMigrate -- Starting migration of schema "PUBLIC" to version "1 - Create tables" ...
17:12:27.047 [pool-1-thread-1] INFO org.flywaydb.core.internal.command.DbMigrate -- Migrating schema "PUBLIC" to version "1 - Create tables"
17:12:27.047 [pool-1-thread-1] DEBUG org.flywaydb.core.internal.sqlscript.DefaultSqlScriptExecutor -- Executing SQL: -- The relationship between library dependency sources under .metals/readonly/**
-- and build targets they belong to. Required to know what classpath to use
-- for compiling dependency sources.
create table dependency_source(
  text_document_uri varchar primary key,
  build_target_uri varchar not null
)
17:12:27.048 [pool-1-thread-1] DEBUG org.flywaydb.core.internal.sqlscript.DefaultSqlScriptExecutor -- 0 rows affected
17:12:27.048 [pool-1-thread-1] DEBUG org.flywaydb.core.internal.sqlscript.DefaultSqlScriptExecutor -- Executing SQL: -- The relationship between library dependency sources under .metals/readonly/**
-- and worksheets they belong to. Required to know what classpath to use
-- for compiling dependency sources.
create table worksheet_dependency_source(
  text_document_uri varchar primary key,
  worksheet_uri varchar not null
)
17:12:27.049 [pool-1-thread-1] DEBUG org.flywaydb.core.internal.sqlscript.DefaultSqlScriptExecutor -- 0 rows affected
17:12:27.049 [pool-1-thread-1] DEBUG org.flywaydb.core.internal.sqlscript.DefaultSqlScriptExecutor -- Executing SQL: -- The relationship between what library dependency sources under .metals/readonly/**
-- map to which build targets.
create table sbt_digest(
  md5 varchar,
  status tinyint not null,
  when_recorded timestamp
)
17:12:27.049 [pool-1-thread-1] DEBUG org.flywaydb.core.internal.sqlscript.DefaultSqlScriptExecutor -- 0 rows affected
17:12:27.049 [pool-1-thread-1] DEBUG org.flywaydb.core.internal.sqlscript.DefaultSqlScriptExecutor -- Executing SQL: -- Which window/showMessage and window/showMessageRequest dialogues have been dismissed
-- by the user via "Don't show again" or closed by clicking on "x".
create table dismissed_notification(
  id int,
  when_dismissed timestamp,
  when_expires timestamp
)
17:12:27.049 [pool-1-thread-1] DEBUG org.flywaydb.core.internal.sqlscript.DefaultSqlScriptExecutor -- 0 rows affected
17:12:27.050 [pool-1-thread-1] DEBUG org.flywaydb.core.internal.sqlscript.DefaultSqlScriptExecutor -- Executing SQL: -- The choice of build tool when multiple build tool files are found in a workspace
create table chosen_build_tool(
  build_tool varchar primary key
)
17:12:27.050 [pool-1-thread-1] DEBUG org.flywaydb.core.internal.sqlscript.DefaultSqlScriptExecutor -- 0 rows affected
17:12:27.050 [pool-1-thread-1] DEBUG org.flywaydb.core.internal.command.DbMigrate -- Successfully completed migration of schema "PUBLIC" to version "1 - Create tables"
17:12:27.051 [pool-1-thread-1] DEBUG org.flywaydb.core.internal.schemahistory.JdbcTableSchemaHistory -- Schema History table "PUBLIC"."flyway_schema_history" successfully updated to reflect changes
17:12:27.054 [pool-1-thread-1] DEBUG org.flywaydb.core.internal.parser.Parser -- Parsing V2__Server_discovery.sql ...
17:12:27.055 [pool-1-thread-1] DEBUG org.flywaydb.core.internal.sqlscript.ParserSqlScript -- Found statement at line 4: -- For each unique combination of installed build servers we select one server.
-- The md5 checksum is computed from the names of the installed build servers, and
-- the selected server is the server which the user chose for this workspace.
create table chosen_build_server(
  md5 varchar primary key,
  selected_server varchar,
  when_recorded timestamp
)
17:12:27.055 [pool-1-thread-1] DEBUG org.flywaydb.core.internal.command.DbMigrate -- Starting migration of schema "PUBLIC" to version "2 - Server discovery" ...
17:12:27.056 [pool-1-thread-1] INFO org.flywaydb.core.internal.command.DbMigrate -- Migrating schema "PUBLIC" to version "2 - Server discovery"
17:12:27.056 [pool-1-thread-1] DEBUG org.flywaydb.core.internal.sqlscript.DefaultSqlScriptExecutor -- Executing SQL: -- For each unique combination of installed build servers we select one server.
-- The md5 checksum is computed from the names of the installed build servers, and
-- the selected server is the server which the user chose for this workspace.
create table chosen_build_server(
  md5 varchar primary key,
  selected_server varchar,
  when_recorded timestamp
)
17:12:27.056 [pool-1-thread-1] DEBUG org.flywaydb.core.internal.sqlscript.DefaultSqlScriptExecutor -- 0 rows affected
17:12:27.056 [pool-1-thread-1] DEBUG org.flywaydb.core.internal.command.DbMigrate -- Successfully completed migration of schema "PUBLIC" to version "2 - Server discovery"
17:12:27.057 [pool-1-thread-1] DEBUG org.flywaydb.core.internal.schemahistory.JdbcTableSchemaHistory -- Schema History table "PUBLIC"."flyway_schema_history" successfully updated to reflect changes
17:12:27.058 [pool-1-thread-1] DEBUG org.flywaydb.core.internal.parser.Parser -- Parsing V3__Jar_symbols.sql ...
17:12:27.059 [pool-1-thread-1] DEBUG org.flywaydb.core.internal.sqlscript.ParserSqlScript -- Found statement at line 2: -- Indexed jars, the MD5 digest of path, modified time and size as key
create table indexed_jar(
  id int auto_increment unique,
  md5 varchar primary key
)
17:12:27.059 [pool-1-thread-1] DEBUG org.flywaydb.core.internal.sqlscript.ParserSqlScript -- Found statement at line 7: -- Top Level Symbols per jar, allow for multiple jars with same symbols and paths
create table toplevel_symbol(
  symbol varchar not null,
  path varchar not null,
  jar int,
  foreign key (jar) references indexed_jar (id) on delete cascade,
  primary key (jar, path, symbol)
)
17:12:27.060 [pool-1-thread-1] DEBUG org.flywaydb.core.internal.sqlscript.ParserSqlScript -- Found statement at line 15: -- Create index to speedup lookup of jar symbols
create index toplevel_symbol_jar on toplevel_symbol(jar)
17:12:27.060 [pool-1-thread-1] DEBUG org.flywaydb.core.internal.command.DbMigrate -- Starting migration of schema "PUBLIC" to version "3 - Jar symbols" ...
17:12:27.060 [pool-1-thread-1] INFO org.flywaydb.core.internal.command.DbMigrate -- Migrating schema "PUBLIC" to version "3 - Jar symbols"
17:12:27.060 [pool-1-thread-1] DEBUG org.flywaydb.core.internal.sqlscript.DefaultSqlScriptExecutor -- Executing SQL: -- Indexed jars, the MD5 digest of path, modified time and size as key
create table indexed_jar(
  id int auto_increment unique,
  md5 varchar primary key
)
17:12:27.062 [pool-1-thread-1] DEBUG org.flywaydb.core.internal.sqlscript.DefaultSqlScriptExecutor -- 0 rows affected
17:12:27.062 [pool-1-thread-1] DEBUG org.flywaydb.core.internal.sqlscript.DefaultSqlScriptExecutor -- Executing SQL: -- Top Level Symbols per jar, allow for multiple jars with same symbols and paths
create table toplevel_symbol(
  symbol varchar not null,
  path varchar not null,
  jar int,
  foreign key (jar) references indexed_jar (id) on delete cascade,
  primary key (jar, path, symbol)
)
17:12:27.065 [pool-1-thread-1] DEBUG org.flywaydb.core.internal.sqlscript.DefaultSqlScriptExecutor -- 0 rows affected
17:12:27.065 [pool-1-thread-1] DEBUG org.flywaydb.core.internal.sqlscript.DefaultSqlScriptExecutor -- Executing SQL: -- Create index to speedup lookup of jar symbols
create index toplevel_symbol_jar on toplevel_symbol(jar)
17:12:27.065 [pool-1-thread-1] DEBUG org.flywaydb.core.internal.sqlscript.DefaultSqlScriptExecutor -- 0 rows affected
17:12:27.065 [pool-1-thread-1] DEBUG org.flywaydb.core.internal.command.DbMigrate -- Successfully completed migration of schema "PUBLIC" to version "3 - Jar symbols"
17:12:27.066 [pool-1-thread-1] DEBUG org.flywaydb.core.internal.schemahistory.JdbcTableSchemaHistory -- Schema History table "PUBLIC"."flyway_schema_history" successfully updated to reflect changes
17:12:27.067 [pool-1-thread-1] DEBUG org.flywaydb.core.internal.parser.Parser -- Parsing V4__Fingerprints.sql ...
17:12:27.068 [pool-1-thread-1] DEBUG org.flywaydb.core.internal.sqlscript.ParserSqlScript -- Found statement at line 2: -- Fingerprints saved between invocations
create table fingerprints(
  path varchar not null,
  text varchar not null,
  md5 varchar not null,
  id int auto_increment unique
)
17:12:27.068 [pool-1-thread-1] DEBUG org.flywaydb.core.internal.command.DbMigrate -- Starting migration of schema "PUBLIC" to version "4 - Fingerprints" ...
17:12:27.068 [pool-1-thread-1] INFO org.flywaydb.core.internal.command.DbMigrate -- Migrating schema "PUBLIC" to version "4 - Fingerprints"
17:12:27.068 [pool-1-thread-1] DEBUG org.flywaydb.core.internal.sqlscript.DefaultSqlScriptExecutor -- Executing SQL: -- Fingerprints saved between invocations
create table fingerprints(
  path varchar not null,
  text varchar not null,
  md5 varchar not null,
  id int auto_increment unique
)
17:12:27.070 [pool-1-thread-1] DEBUG org.flywaydb.core.internal.sqlscript.DefaultSqlScriptExecutor -- 0 rows affected
17:12:27.070 [pool-1-thread-1] DEBUG org.flywaydb.core.internal.command.DbMigrate -- Successfully completed migration of schema "PUBLIC" to version "4 - Fingerprints"
17:12:27.071 [pool-1-thread-1] DEBUG org.flywaydb.core.internal.schemahistory.JdbcTableSchemaHistory -- Schema History table "PUBLIC"."flyway_schema_history" successfully updated to reflect changes
17:12:27.073 [pool-1-thread-1] INFO org.flywaydb.core.internal.command.DbMigrate -- Successfully applied 4 migrations to schema "PUBLIC", now at version v4 (execution time 00:00.010s)
17:12:27.082 [pool-1-thread-1] DEBUG org.flywaydb.core.FlywayExecutor -- Memory usage: 36 of 100M
2024.03.28 17:12:27 WARN  Build server is not auto-connectable.[0m
2024.03.28 17:12:27 WARN  no build target for: /home/ione/Documents/University/Year_3/Functional_Programming/Labs/lab_03/src/main/scala/lab_03.worksheet.sc[0m
2024.03.28 17:12:30 INFO  no build target found for /home/ione/Documents/University/Year_3/Functional_Programming/Labs/lab_03/src/main/scala/lab_03.worksheet.sc. Using presentation compiler with project's scala-library version: 3.3.1[0m
2024.03.28 17:12:31 WARN  no build target for: /home/ione/Documents/University/Year_3/Functional_Programming/Labs/lab_03/src/main/scala/lab_03.worksheet.sc[0m
2024.03.28 17:12:32 INFO  time: evaluated worksheet 'lab_03.worksheet.sc' in 4.85s[0m
2024.03.28 17:12:32 INFO  time: code lens generation in 3.18s[0m
2024.03.28 17:12:32 INFO  time: code lens generation in 4.91s[0m
2024.03.28 17:12:32 INFO  time: evaluated worksheet 'lab_03.worksheet.sc' in 1.22s[0m
2024.03.28 17:12:34 INFO  no build target found for /home/ione/Documents/University/Year_3/Functional_Programming/Labs/lab_03/src/main/scala/lab_03.worksheet.sc. Using presentation compiler with project's scala-library version: 3.3.1[0m
2024.03.28 17:14:37 INFO  Shutting down server[0m
2024.03.28 17:14:37 INFO  shutting down Metals[0m
2024.03.28 17:14:37 INFO  Exiting server[0m
2024.03.29 14:02:16 INFO  Started: Metals version 1.2.2 in folders '/home/ione/Documents/University/Year_3/Functional_Programming/Labs' for client Visual Studio Code 1.87.2.[0m
14:02:17.134 [pool-1-thread-1] INFO org.flywaydb.core.internal.license.VersionPrinter -- Flyway Community Edition 9.22.3 by Redgate
14:02:17.139 [pool-1-thread-1] INFO org.flywaydb.core.internal.license.VersionPrinter -- See release notes here: https://rd.gt/416ObMi
14:02:17.139 [pool-1-thread-1] INFO org.flywaydb.core.internal.license.VersionPrinter -- 
14:02:17.143 [pool-1-thread-1] DEBUG org.flywaydb.core.internal.scanner.classpath.ClassPathScanner -- Scanning for classpath resources at 'classpath:db/callback' ...
14:02:17.143 [pool-1-thread-1] DEBUG org.flywaydb.core.internal.scanner.classpath.ClassPathScanner -- Determining location urls for classpath:db/callback using ClassLoader jdk.internal.loader.ClassLoaders$AppClassLoader@5cb0d902 ...
14:02:17.143 [pool-1-thread-1] DEBUG org.flywaydb.core.internal.scanner.classpath.ClassPathScanner -- Unable to resolve location classpath:db/callback.
14:02:17.143 [pool-1-thread-1] DEBUG org.flywaydb.core.internal.scanner.classpath.ClassPathScanner -- Scanning for classpath resources at 'classpath:db/migration' ...
14:02:17.143 [pool-1-thread-1] DEBUG org.flywaydb.core.internal.scanner.classpath.ClassPathScanner -- Determining location urls for classpath:db/migration using ClassLoader jdk.internal.loader.ClassLoaders$AppClassLoader@5cb0d902 ...
14:02:17.144 [pool-1-thread-1] DEBUG org.flywaydb.core.internal.scanner.classpath.ClassPathScanner -- Scanning URL: jar:file:/home/ione/.cache/coursier/v1/https/repo1.maven.org/maven2/org/scalameta/metals_2.13/1.2.2/metals_2.13-1.2.2.jar!/db/migration
14:02:17.148 [pool-1-thread-1] DEBUG org.flywaydb.core.internal.scanner.classpath.ClassPathScanner -- Found resource: db/migration/
14:02:17.148 [pool-1-thread-1] DEBUG org.flywaydb.core.internal.scanner.classpath.ClassPathScanner -- Found resource: db/migration/V1__Create_tables.sql
14:02:17.148 [pool-1-thread-1] DEBUG org.flywaydb.core.internal.scanner.classpath.ClassPathScanner -- Found resource: db/migration/V2__Server_discovery.sql
14:02:17.148 [pool-1-thread-1] DEBUG org.flywaydb.core.internal.scanner.classpath.ClassPathScanner -- Found resource: db/migration/V3__Jar_symbols.sql
14:02:17.148 [pool-1-thread-1] DEBUG org.flywaydb.core.internal.scanner.classpath.ClassPathScanner -- Found resource: db/migration/V4__Fingerprints.sql
14:02:17.148 [pool-1-thread-1] DEBUG org.flywaydb.core.internal.scanner.classpath.ClassPathScanner -- Scanning for classes at classpath:db/migration
14:02:17.153 [pool-1-thread-1] DEBUG org.flywaydb.core.internal.scanner.Scanner -- Filtering out resource: db/migration/ (filename: )
14:02:17.153 [pool-1-thread-1] DEBUG org.flywaydb.core.internal.resource.ResourceNameValidator -- Validating V3__Jar_symbols.sql
14:02:17.154 [pool-1-thread-1] DEBUG org.flywaydb.core.internal.resource.ResourceNameValidator -- Validating V2__Server_discovery.sql
14:02:17.154 [pool-1-thread-1] DEBUG org.flywaydb.core.internal.resource.ResourceNameValidator -- Validating V1__Create_tables.sql
14:02:17.155 [pool-1-thread-1] DEBUG org.flywaydb.core.internal.resource.ResourceNameValidator -- Validating V4__Fingerprints.sql
14:02:17.262 [pool-1-thread-1] INFO org.flywaydb.core.FlywayExecutor -- Database: jdbc:h2:file:/home/ione/Documents/University/Year_3/Functional_Programming/Labs/.metals/metals (H2 2.2)
14:02:17.263 [pool-1-thread-1] DEBUG org.flywaydb.core.FlywayExecutor -- Driver: H2 JDBC Driver 2.2.224 (2023-09-17)
14:02:17.263 [pool-1-thread-1] DEBUG org.flywaydb.core.FlywayExecutor -- DDL Transactions Supported: false
14:02:17.264 [pool-1-thread-1] DEBUG org.flywaydb.core.internal.schemahistory.SchemaHistoryFactory -- Schemas: 
14:02:17.265 [pool-1-thread-1] DEBUG org.flywaydb.core.internal.schemahistory.SchemaHistoryFactory -- Default schema: null
14:02:17.271 [pool-1-thread-1] WARN org.flywaydb.core.internal.database.base.Database -- Flyway upgrade recommended: H2 2.2.224 is newer than this version of Flyway and support has not been tested. The latest supported version of H2 is 2.2.220.
14:02:17.272 [pool-1-thread-1] DEBUG org.flywaydb.core.internal.callback.SqlScriptCallbackFactory -- Scanning for SQL callbacks ...
14:02:17.273 [pool-1-thread-1] DEBUG org.flywaydb.core.internal.scanner.Scanner -- Filtering out resource: db/migration/ (filename: )
14:02:17.282 [pool-1-thread-1] DEBUG org.flywaydb.core.internal.command.DbValidate -- Validating migrations ...
14:02:17.287 [pool-1-thread-1] DEBUG org.flywaydb.core.internal.scanner.Scanner -- Filtering out resource: db/migration/ (filename: )
14:02:17.298 [pool-1-thread-1] DEBUG org.flywaydb.core.internal.scanner.Scanner -- Filtering out resource: db/migration/V3__Jar_symbols.sql (filename: V3__Jar_symbols.sql)
14:02:17.298 [pool-1-thread-1] DEBUG org.flywaydb.core.internal.scanner.Scanner -- Filtering out resource: db/migration/ (filename: )
14:02:17.298 [pool-1-thread-1] DEBUG org.flywaydb.core.internal.scanner.Scanner -- Filtering out resource: db/migration/V2__Server_discovery.sql (filename: V2__Server_discovery.sql)
14:02:17.298 [pool-1-thread-1] DEBUG org.flywaydb.core.internal.scanner.Scanner -- Filtering out resource: db/migration/V1__Create_tables.sql (filename: V1__Create_tables.sql)
14:02:17.298 [pool-1-thread-1] DEBUG org.flywaydb.core.internal.scanner.Scanner -- Filtering out resource: db/migration/V4__Fingerprints.sql (filename: V4__Fingerprints.sql)
14:02:17.299 [pool-1-thread-1] DEBUG org.flywaydb.core.internal.scanner.Scanner -- Filtering out resource: db/migration/V3__Jar_symbols.sql (filename: V3__Jar_symbols.sql)
14:02:17.300 [pool-1-thread-1] DEBUG org.flywaydb.core.internal.scanner.Scanner -- Filtering out resource: db/migration/ (filename: )
14:02:17.300 [pool-1-thread-1] DEBUG org.flywaydb.core.internal.scanner.Scanner -- Filtering out resource: db/migration/V2__Server_discovery.sql (filename: V2__Server_discovery.sql)
14:02:17.300 [pool-1-thread-1] DEBUG org.flywaydb.core.internal.scanner.Scanner -- Filtering out resource: db/migration/V1__Create_tables.sql (filename: V1__Create_tables.sql)
14:02:17.300 [pool-1-thread-1] DEBUG org.flywaydb.core.internal.scanner.Scanner -- Filtering out resource: db/migration/V4__Fingerprints.sql (filename: V4__Fingerprints.sql)
14:02:17.315 [pool-1-thread-1] INFO org.flywaydb.core.internal.command.DbValidate -- Successfully validated 4 migrations (execution time 00:00.032s)
14:02:17.318 [pool-1-thread-1] DEBUG org.flywaydb.core.internal.command.DbSchemas -- Skipping creation of existing schema: "PUBLIC"
14:02:17.325 [pool-1-thread-1] INFO org.flywaydb.core.internal.command.DbMigrate -- Current version of schema "PUBLIC": 4
14:02:17.329 [pool-1-thread-1] INFO org.flywaydb.core.internal.command.DbMigrate -- Schema "PUBLIC" is up to date. No migration necessary.
14:02:17.556 [pool-1-thread-1] DEBUG org.flywaydb.core.FlywayExecutor -- Memory usage: 37 of 100M
2024.03.29 14:02:17 WARN  Build server is not auto-connectable.[0m
2024.03.29 14:02:17 WARN  no build target for: /home/ione/Documents/University/Year_3/Functional_Programming/Labs/lab_03/src/main/scala/lab_03.worksheet.sc[0m
2024.03.29 14:02:34 INFO  no build target found for /home/ione/Documents/University/Year_3/Functional_Programming/Labs/lab_03/src/main/scala/lab_03.worksheet.sc. Using presentation compiler with project's scala-library version: 3.3.1[0m
2024.03.29 14:02:37 INFO  time: evaluated worksheet 'lab_03.worksheet.sc' in 19s[0m
2024.03.29 14:02:40 INFO  time: code lens generation in 21s[0m
2024.03.29 14:02:47 INFO  no build target found for /home/ione/Documents/University/Year_3/Functional_Programming/Labs/lab_03/src/main/scala/lab_03.worksheet.sc. Using presentation compiler with project's scala-library version: 3.3.1[0m
2024.03.29 14:03:17 WARN  no build target for: /home/ione/Documents/University/Year_3/Functional_Programming/Labs/lab_04/lab_04.worksheet.sc[0m
2024.03.29 14:03:18 INFO  time: evaluated worksheet 'lab_04.worksheet.sc' in 0.96s[0m
2024.03.29 14:03:21 WARN  no build target for: /home/ione/Documents/University/Year_3/Functional_Programming/Labs/lab_04/lab_04.worksheet.sc[0m
2024.03.29 14:03:22 INFO  time: evaluated worksheet 'lab_04.worksheet.sc' in 0.94s[0m
2024.03.29 14:03:22 WARN  no build target for: /home/ione/Documents/University/Year_3/Functional_Programming/Labs/lab_04/lab_04.worksheet.sc[0m
2024.03.29 14:03:23 INFO  time: evaluated worksheet 'lab_04.worksheet.sc' in 0.51s[0m
2024.03.29 14:03:23 INFO  no build target found for /home/ione/Documents/University/Year_3/Functional_Programming/Labs/lab_04/lab_04.worksheet.sc. Using presentation compiler with project's scala-library version: 3.3.1[0m
2024.03.29 14:04:40 WARN  no build target for: /home/ione/Documents/University/Year_3/Functional_Programming/Labs/lab_04/lab_04.worksheet.sc[0m
[31merror[39m: lab_04/lab_04.worksheet.sc:1:8: 
Not found: type IList
Void : IList
       ^^^^^
[31merror[39m: lab_04/lab_04.worksheet.sc:1:1: 
Java defined class Void is not a value
Void : IList
^^^^
2024.03.29 14:04:40 INFO  time: evaluated worksheet 'lab_04.worksheet.sc' in 0.19s[0m
2024.03.29 14:04:50 WARN  no build target for: /home/ione/Documents/University/Year_3/Functional_Programming/Labs/lab_04/lab_04.worksheet.sc[0m
[31merror[39m: lab_04/lab_04.worksheet.sc:1:8: 
Not found: type IList
Void : IList
       ^^^^^
[31merror[39m: lab_04/lab_04.worksheet.sc:1:1: 
Java defined class Void is not a value
Void : IList
^^^^
[31merror[39m: lab_04/lab_04.worksheet.sc:2:12: 
Not found: type x
Cons : Int x IList -> IList
           ^
[31merror[39m: lab_04/lab_04.worksheet.sc:2:20: 
Not found: type ->
Cons : Int x IList -> IList
                   ^^
[31merror[39m: lab_04/lab_04.worksheet.sc:2:14: 
Not found: type IList
Cons : Int x IList -> IList
             ^^^^^
[31merror[39m: lab_04/lab_04.worksheet.sc:2:23: 
Not found: type IList
Cons : Int x IList -> IList
                      ^^^^^
[31merror[39m: lab_04/lab_04.worksheet.sc:2:1: 
Not found: Cons
Cons : Int x IList -> IList
^^^^
2024.03.29 14:04:50 INFO  time: evaluated worksheet 'lab_04.worksheet.sc' in 0.22s[0m
2024.03.29 14:04:51 WARN  no build target for: /home/ione/Documents/University/Year_3/Functional_Programming/Labs/lab_04/lab_04.worksheet.sc[0m
[31merror[39m: lab_04/lab_04.worksheet.sc:2:8: 
Not found: type IList
Void : IList
       ^^^^^
[31merror[39m: lab_04/lab_04.worksheet.sc:2:1: 
Java defined class Void is not a value
Void : IList
^^^^
[31merror[39m: lab_04/lab_04.worksheet.sc:3:12: 
Not found: type x
Cons : Int x IList -> ItemListener\
           ^
[31merror[39m: lab_04/lab_04.worksheet.sc:3:20: 
Not found: type ->
Cons : Int x IList -> ItemListener\
                   ^^
[31merror[39m: lab_04/lab_04.worksheet.sc:3:14: 
Not found: type IList
Cons : Int x IList -> ItemListener\
             ^^^^^
[31merror[39m: lab_04/lab_04.worksheet.sc:3:35: 
Not found: type \
Cons : Int x IList -> ItemListener\
                                  ^
[31merror[39m: lab_04/lab_04.worksheet.sc:4:1: 
Not found: type \
\
^
[31merror[39m: lab_04/lab_04.worksheet.sc:3:1: 
Not found: Cons
Cons : Int x IList -> ItemListener\
^^^^
2024.03.29 14:04:51 INFO  time: evaluated worksheet 'lab_04.worksheet.sc' in 0.26s[0m
2024.03.29 14:04:53 WARN  no build target for: /home/ione/Documents/University/Year_3/Functional_Programming/Labs/lab_04/lab_04.worksheet.sc[0m
[31merror[39m: lab_04/lab_04.worksheet.sc:2:8: 
Not found: type IList
Void : IList
       ^^^^^
[31merror[39m: lab_04/lab_04.worksheet.sc:2:1: 
Java defined class Void is not a value
Void : IList
^^^^
[31merror[39m: lab_04/lab_04.worksheet.sc:3:12: 
Not found: type x
Cons : Int x IList -> ItemListener
           ^
[31merror[39m: lab_04/lab_04.worksheet.sc:3:20: 
Not found: type ->
Cons : Int x IList -> ItemListener
                   ^^
[31merror[39m: lab_04/lab_04.worksheet.sc:3:14: 
Not found: type IList
Cons : Int x IList -> ItemListener
             ^^^^^
[31merror[39m: lab_04/lab_04.worksheet.sc:3:1: 
Not found: Cons
Cons : Int x IList -> ItemListener
^^^^
2024.03.29 14:04:53 INFO  time: evaluated worksheet 'lab_04.worksheet.sc' in 0.15s[0m
2024.03.29 14:04:57 WARN  no build target for: /home/ione/Documents/University/Year_3/Functional_Programming/Labs/lab_04/lab_04.worksheet.sc[0m
[31merror[39m: lab_04/lab_04.worksheet.sc:2:8: 
Not found: type IList
Void : IList
       ^^^^^
[31merror[39m: lab_04/lab_04.worksheet.sc:2:1: 
Java defined class Void is not a value
Void : IList
^^^^
[31merror[39m: lab_04/lab_04.worksheet.sc:3:12: 
Not found: type x
Cons : Int x IList -> IList
           ^
[31merror[39m: lab_04/lab_04.worksheet.sc:3:20: 
Not found: type ->
Cons : Int x IList -> IList
                   ^^
[31merror[39m: lab_04/lab_04.worksheet.sc:3:14: 
Not found: type IList
Cons : Int x IList -> IList
             ^^^^^
[31merror[39m: lab_04/lab_04.worksheet.sc:3:23: 
Not found: type IList
Cons : Int x IList -> IList
                      ^^^^^
[31merror[39m: lab_04/lab_04.worksheet.sc:3:1: 
Not found: Cons
Cons : Int x IList -> IList
^^^^
2024.03.29 14:04:57 INFO  time: evaluated worksheet 'lab_04.worksheet.sc' in 0.17s[0m
2024.03.29 14:05:02 WARN  no build target for: /home/ione/Documents/University/Year_3/Functional_Programming/Labs/lab_04/lab_04.worksheet.sc[0m
2024.03.29 14:05:02 INFO  time: evaluated worksheet 'lab_04.worksheet.sc' in 0.35s[0m
Mar 29, 2024 2:22:27 PM org.eclipse.lsp4j.jsonrpc.RemoteEndpoint handleCancellation
WARNING: Unmatched cancel notification for request id 319
2024.03.29 14:22:28 WARN  no build target for: /home/ione/Documents/University/Year_3/Functional_Programming/Labs/lab_04/lab_04.worksheet.sc[0m
[31merror[39m: lab_04/lab_04.worksheet.sc:1:14: 
Not found: type ->
isEMpty: Nat -> Boolean
             ^^
[31merror[39m: lab_04/lab_04.worksheet.sc:1:10: 
Not found: type Nat
isEMpty: Nat -> Boolean
         ^^^
[31merror[39m: lab_04/lab_04.worksheet.sc:1:1: 
Not found: isEMpty
isEMpty: Nat -> Boolean
^^^^^^^
2024.03.29 14:22:28 INFO  time: evaluated worksheet 'lab_04.worksheet.sc' in 0.14s[0m
2024.03.29 14:22:36 WARN  no build target for: /home/ione/Documents/University/Year_3/Functional_Programming/Labs/lab_04/lab_04.worksheet.sc[0m
[31merror[39m: lab_04/lab_04.worksheet.sc:1:14: 
Not found: type ->
isEmpty: Nat -> Boolean
             ^^
[31merror[39m: lab_04/lab_04.worksheet.sc:1:10: 
Not found: type Nat
isEmpty: Nat -> Boolean
         ^^^
[31merror[39m: lab_04/lab_04.worksheet.sc:1:1: 
Not found: isEmpty
isEmpty: Nat -> Boolean
^^^^^^^
2024.03.29 14:22:36 INFO  time: evaluated worksheet 'lab_04.worksheet.sc' in 0.12s[0m
Mar 29, 2024 2:27:40 PM org.eclipse.lsp4j.jsonrpc.RemoteEndpoint handleCancellation
WARNING: Unmatched cancel notification for request id 375
Mar 29, 2024 2:27:54 PM org.eclipse.lsp4j.jsonrpc.RemoteEndpoint handleCancellation
WARNING: Unmatched cancel notification for request id 440
Mar 29, 2024 2:28:00 PM org.eclipse.lsp4j.jsonrpc.RemoteEndpoint handleCancellation
WARNING: Unmatched cancel notification for request id 492
2024.03.29 14:28:38 WARN  no build target for: /home/ione/Documents/University/Year_3/Functional_Programming/Labs/lab_04/lab_04.worksheet.sc[0m
[31merror[39m: lab_04/lab_04.worksheet.sc:5:14: 
Not found: type ->
isEmpty: Nat -> Boolean
             ^^
[31merror[39m: lab_04/lab_04.worksheet.sc:5:10: 
Not found: type Nat
isEmpty: Nat -> Boolean
         ^^^
[31merror[39m: lab_04/lab_04.worksheet.sc:5:1: 
Not found: isEmpty
isEmpty: Nat -> Boolean
^^^^^^^
2024.03.29 14:28:38 INFO  time: evaluated worksheet 'lab_04.worksheet.sc' in 0.45s[0m
2024.03.29 14:28:40 WARN  no build target for: /home/ione/Documents/University/Year_3/Functional_Programming/Labs/lab_04/lab_04.worksheet.sc[0m
2024.03.29 14:28:42 INFO  time: evaluated worksheet 'lab_04.worksheet.sc' in 1.19s[0m
Mar 29, 2024 2:28:44 PM org.eclipse.lsp4j.jsonrpc.RemoteEndpoint handleCancellation
WARNING: Unmatched cancel notification for request id 696
2024.03.29 14:28:48 WARN  no build target for: /home/ione/Documents/University/Year_3/Functional_Programming/Labs/lab_04/lab_04.worksheet.sc[0m
[31merror[39m: lab_04/lab_04.worksheet.sc:3:44: 
Not found: type ILists
case class Cons(x: Int, xs: IList) extends ILists
                                           ^^^^^^
2024.03.29 14:28:48 INFO  time: evaluated worksheet 'lab_04.worksheet.sc' in 0.14s[0m
2024.03.29 14:31:10 WARN  no build target for: /home/ione/Documents/University/Year_3/Functional_Programming/Labs/lab_04/lab_04.worksheet.sc[0m
[31merror[39m: lab_04/lab_04.worksheet.sc:3:44: 
Not found: type ILists
case class Cons(x: Int, xs: IList) extends ILists
                                           ^^^^^^
[31merror[39m: lab_04/lab_04.worksheet.sc:5:17: 
Not found: type ->
isEmpty : IList -> Boolean 
                ^^
[31merror[39m: lab_04/lab_04.worksheet.sc:5:1: 
Not found: isEmpty
isEmpty : IList -> Boolean 
^^^^^^^
2024.03.29 14:31:10 INFO  time: evaluated worksheet 'lab_04.worksheet.sc' in 0.14s[0m
2024.03.29 14:31:10 WARN  no build target for: /home/ione/Documents/University/Year_3/Functional_Programming/Labs/lab_04/lab_04.worksheet.sc[0m
[31merror[39m: lab_04/lab_04.worksheet.sc:3:44: 
Not found: type ILists
case class Cons(x: Int, xs: IList) extends ILists
                                           ^^^^^^
[31merror[39m: lab_04/lab_04.worksheet.sc:5:17: 
Not found: type ->
isEmpty : IList -> Boolean
                ^^
[31merror[39m: lab_04/lab_04.worksheet.sc:5:1: 
Not found: isEmpty
isEmpty : IList -> Boolean
^^^^^^^
2024.03.29 14:31:11 INFO  time: evaluated worksheet 'lab_04.worksheet.sc' in 0.15s[0m
2024.03.29 14:31:22 WARN  no build target for: /home/ione/Documents/University/Year_3/Functional_Programming/Labs/lab_04/lab_04.worksheet.sc[0m
[31merror[39m: lab_04/lab_04.worksheet.sc:3:44: 
Not found: type ILists
case class Cons(x: Int, xs: IList) extends ILists
                                           ^^^^^^
[31merror[39m: lab_04/lab_04.worksheet.sc:5:17: 
Not found: type ->
isEmpty : IList -> Boolean
                ^^
[31merror[39m: lab_04/lab_04.worksheet.sc:5:1: 
Not found: isEmpty
isEmpty : IList -> Boolean
^^^^^^^
[31merror[39m: lab_04/lab_04.worksheet.sc:6:1: 
Not found: isEmpty
isEmpty(Void) = true
^^^^^^^
2024.03.29 14:31:22 INFO  time: evaluated worksheet 'lab_04.worksheet.sc' in 0.15s[0m
2024.03.29 14:31:32 WARN  no build target for: /home/ione/Documents/University/Year_3/Functional_Programming/Labs/lab_04/lab_04.worksheet.sc[0m
[31merror[39m: lab_04/lab_04.worksheet.sc:3:44: 
Not found: type ILists
case class Cons(x: Int, xs: IList) extends ILists
                                           ^^^^^^
[31merror[39m: lab_04/lab_04.worksheet.sc:5:17: 
Not found: type ->
isEmpty : IList -> Boolean
                ^^
[31merror[39m: lab_04/lab_04.worksheet.sc:5:1: 
Not found: isEmpty
isEmpty : IList -> Boolean
^^^^^^^
[31merror[39m: lab_04/lab_04.worksheet.sc:6:1: 
Not found: isEmpty
isEmpty(Void) = true
^^^^^^^
[31merror[39m: lab_04/lab_04.worksheet.sc:7:1: 
Not found: isEmprty
isEmprty(Cons(h, t)) -> false
^^^^^^^^
[31merror[39m: lab_04/lab_04.worksheet.sc:7:15: 
Not found: h
isEmprty(Cons(h, t)) -> false
              ^
[31merror[39m: lab_04/lab_04.worksheet.sc:7:18: 
Not found: t
isEmprty(Cons(h, t)) -> false
                 ^
2024.03.29 14:31:32 INFO  time: evaluated worksheet 'lab_04.worksheet.sc' in 0.2s[0m
2024.03.29 14:31:34 WARN  no build target for: /home/ione/Documents/University/Year_3/Functional_Programming/Labs/lab_04/lab_04.worksheet.sc[0m
[31merror[39m: lab_04/lab_04.worksheet.sc:3:44: 
Not found: type ILists
case class Cons(x: Int, xs: IList) extends ILists
                                           ^^^^^^
[31merror[39m: lab_04/lab_04.worksheet.sc:5:17: 
Not found: type ->
isEmpty : IList -> Boolean
                ^^
[31merror[39m: lab_04/lab_04.worksheet.sc:5:1: 
Not found: isEmpty
isEmpty : IList -> Boolean
^^^^^^^
[31merror[39m: lab_04/lab_04.worksheet.sc:6:1: 
Not found: isEmpty
isEmpty(Void) = true
^^^^^^^
[31merror[39m: lab_04/lab_04.worksheet.sc:7:1: 
Not found: isEmpty
isEmpty(Cons(h, t)) -> false
^^^^^^^
[31merror[39m: lab_04/lab_04.worksheet.sc:7:14: 
Not found: h
isEmpty(Cons(h, t)) -> false
             ^
[31merror[39m: lab_04/lab_04.worksheet.sc:7:17: 
Not found: t
isEmpty(Cons(h, t)) -> false
                ^
2024.03.29 14:31:34 INFO  time: evaluated worksheet 'lab_04.worksheet.sc' in 0.21s[0m
Mar 29, 2024 2:32:11 PM scala.meta.internal.pc.CompilerAccess handleError
SEVERE: A severe compiler error occurred, full details of the error can be found in the error report /home/ione/Documents/University/Year_3/Functional_Programming/Labs/.metals/.reports/metals-full/2024-03-29/r_compiler-error_14-32-11-880.md
Mar 29, 2024 2:35:26 PM org.eclipse.lsp4j.jsonrpc.RemoteEndpoint handleCancellation
WARNING: Unmatched cancel notification for request id 1309
2024.03.29 14:35:38 WARN  no build target for: /home/ione/Documents/University/Year_3/Functional_Programming/Labs/lab_04/lab_04.worksheet.sc[0m
[31merror[39m: lab_04/lab_04.worksheet.sc:9:5: => expected but } found
    }
    ^
2024.03.29 14:35:39 INFO  time: evaluated worksheet 'lab_04.worksheet.sc' in 0.36s[0m
2024.03.29 14:35:39 WARN  no build target for: /home/ione/Documents/University/Year_3/Functional_Programming/Labs/lab_04/lab_04.worksheet.sc[0m
[31merror[39m: lab_04/lab_04.worksheet.sc:9:5: => expected but } found
    }
    ^
2024.03.29 14:35:40 INFO  time: evaluated worksheet 'lab_04.worksheet.sc' in 0.34s[0m
2024.03.29 14:35:44 WARN  no build target for: /home/ione/Documents/University/Year_3/Functional_Programming/Labs/lab_04/lab_04.worksheet.sc[0m
[31merror[39m: lab_04/lab_04.worksheet.sc:9:5: => expected but } found
    }
    ^
2024.03.29 14:35:44 INFO  time: evaluated worksheet 'lab_04.worksheet.sc' in 0.4s[0m
2024.03.29 14:35:47 WARN  no build target for: /home/ione/Documents/University/Year_3/Functional_Programming/Labs/lab_04/lab_04.worksheet.sc[0m
[31merror[39m: lab_04/lab_04.worksheet.sc:9:5: => expected but } found
    }
    ^
2024.03.29 14:35:47 INFO  time: evaluated worksheet 'lab_04.worksheet.sc' in 0.25s[0m
2024.03.29 14:35:48 WARN  no build target for: /home/ione/Documents/University/Year_3/Functional_Programming/Labs/lab_04/lab_04.worksheet.sc[0m
[31merror[39m: lab_04/lab_04.worksheet.sc:9:5: => expected but } found
    }
    ^
2024.03.29 14:35:48 INFO  time: evaluated worksheet 'lab_04.worksheet.sc' in 0.45s[0m
2024.03.29 14:35:53 WARN  no build target for: /home/ione/Documents/University/Year_3/Functional_Programming/Labs/lab_04/lab_04.worksheet.sc[0m
[31merror[39m: lab_04/lab_04.worksheet.sc:3:44: 
Not found: type ILists
case class Cons(x: Int, xs: IList) extends ILists
                                           ^^^^^^
[31merror[39m: lab_04/lab_04.worksheet.sc:5:16: 
Not found: type Nat
def isEmpty(n: Nat): Boolean = 
               ^^^
[31merror[39m: lab_04/lab_04.worksheet.sc:7:14: 
Not found: Zero
        case Zero => true
             ^^^^
[31merror[39m: lab_04/lab_04.worksheet.sc:8:14: 
Not found: Succ
        case Succ(x) => false
             ^^^^
2024.03.29 14:35:53 INFO  time: evaluated worksheet 'lab_04.worksheet.sc' in 0.16s[0m
2024.03.29 14:35:57 WARN  no build target for: /home/ione/Documents/University/Year_3/Functional_Programming/Labs/lab_04/lab_04.worksheet.sc[0m
[31merror[39m: lab_04/lab_04.worksheet.sc:10:1: end of file expected but } found
}
^
2024.03.29 14:35:57 INFO  time: evaluated worksheet 'lab_04.worksheet.sc' in 0.26s[0m
2024.03.29 14:35:58 WARN  no build target for: /home/ione/Documents/University/Year_3/Functional_Programming/Labs/lab_04/lab_04.worksheet.sc[0m
[31merror[39m: lab_04/lab_04.worksheet.sc:10:1: end of file expected but } found
}
^
2024.03.29 14:35:58 INFO  time: evaluated worksheet 'lab_04.worksheet.sc' in 0.19s[0m
2024.03.29 14:36:00 WARN  no build target for: /home/ione/Documents/University/Year_3/Functional_Programming/Labs/lab_04/lab_04.worksheet.sc[0m
[31merror[39m: lab_04/lab_04.worksheet.sc:3:44: 
Not found: type ILists
case class Cons(x: Int, xs: IList) extends ILists
                                           ^^^^^^
[31merror[39m: lab_04/lab_04.worksheet.sc:5:16: 
Not found: type Nat
def isEmpty(n: Nat): Boolean = {
               ^^^
[31merror[39m: lab_04/lab_04.worksheet.sc:7:14: 
Not found: Zero
        case Zero => true
             ^^^^
[31merror[39m: lab_04/lab_04.worksheet.sc:8:14: 
Not found: Succ
        case Succ(x) => false
             ^^^^
2024.03.29 14:36:00 INFO  time: evaluated worksheet 'lab_04.worksheet.sc' in 0.11s[0m
2024.03.29 14:36:04 WARN  no build target for: /home/ione/Documents/University/Year_3/Functional_Programming/Labs/lab_04/lab_04.worksheet.sc[0m
[31merror[39m: lab_04/lab_04.worksheet.sc:3:44: 
Not found: type ILists
case class Cons(x: Int, xs: IList) extends ILists
                                           ^^^^^^
[31merror[39m: lab_04/lab_04.worksheet.sc:5:16: 
Not found: type Nat
def isEmpty(n: Nat): Boolean = {
               ^^^
[31merror[39m: lab_04/lab_04.worksheet.sc:7:14: 
Not found: Zero
        case Zero => true
             ^^^^
[31merror[39m: lab_04/lab_04.worksheet.sc:8:14: 
Not found: Succ
        case Succ(x) => false
             ^^^^
2024.03.29 14:36:04 INFO  time: evaluated worksheet 'lab_04.worksheet.sc' in 0.11s[0m
2024.03.29 14:36:20 WARN  no build target for: /home/ione/Documents/University/Year_3/Functional_Programming/Labs/lab_04/lab_04.worksheet.sc[0m
[31merror[39m: lab_04/lab_04.worksheet.sc:3:44: 
Not found: type ILists
case class Cons(x: Int, xs: IList) extends ILists
                                           ^^^^^^
2024.03.29 14:36:20 INFO  time: evaluated worksheet 'lab_04.worksheet.sc' in 0.1s[0m
Mar 29, 2024 2:38:57 PM org.eclipse.lsp4j.jsonrpc.RemoteEndpoint handleCancellation
WARNING: Unmatched cancel notification for request id 1760
2024.03.29 14:39:04 WARN  no build target for: /home/ione/Documents/University/Year_3/Functional_Programming/Labs/lab_04/lab_04.worksheet.sc[0m
[31merror[39m: lab_04/lab_04.worksheet.sc:3:44: 
Not found: type ILists
case class Cons(x: Int, xs: IList) extends ILists
                                           ^^^^^^
2024.03.29 14:39:04 INFO  time: evaluated worksheet 'lab_04.worksheet.sc' in 0.11s[0m
2024.03.29 14:39:06 WARN  no build target for: /home/ione/Documents/University/Year_3/Functional_Programming/Labs/lab_04/lab_04.worksheet.sc[0m
[31merror[39m: lab_04/lab_04.worksheet.sc:3:44: 
Not found: type ILists
case class Cons(x: Int, xs: IList) extends ILists
                                           ^^^^^^
2024.03.29 14:39:06 INFO  time: evaluated worksheet 'lab_04.worksheet.sc' in 0.11s[0m
2024.03.29 14:39:10 WARN  no build target for: /home/ione/Documents/University/Year_3/Functional_Programming/Labs/lab_04/lab_04.worksheet.sc[0m
2024.03.29 14:39:11 INFO  time: evaluated worksheet 'lab_04.worksheet.sc' in 0.65s[0m
2024.03.29 14:39:11 WARN  no build target for: /home/ione/Documents/University/Year_3/Functional_Programming/Labs/lab_04/lab_04.worksheet.sc[0m
2024.03.29 14:39:12 INFO  time: evaluated worksheet 'lab_04.worksheet.sc' in 0.31s[0m
2024.03.29 14:39:21 WARN  no build target for: /home/ione/Documents/University/Year_3/Functional_Programming/Labs/lab_04/lab_04.worksheet.sc[0m
[31merror[39m: lab_04/lab_04.worksheet.sc:8:20: ; expected but => found
        Cons(h, t) => false
                   ^^
2024.03.29 14:39:21 INFO  time: evaluated worksheet 'lab_04.worksheet.sc' in 0.23s[0m
2024.03.29 14:39:22 WARN  no build target for: /home/ione/Documents/University/Year_3/Functional_Programming/Labs/lab_04/lab_04.worksheet.sc[0m
[31merror[39m: lab_04/lab_04.worksheet.sc:8:20: ; expected but => found
        Cons(h, t) => false
                   ^^
2024.03.29 14:39:22 INFO  time: evaluated worksheet 'lab_04.worksheet.sc' in 0.23s[0m
2024.03.29 14:39:25 WARN  no build target for: /home/ione/Documents/University/Year_3/Functional_Programming/Labs/lab_04/lab_04.worksheet.sc[0m
2024.03.29 14:39:25 INFO  time: evaluated worksheet 'lab_04.worksheet.sc' in 0.39s[0m
2024.03.29 14:40:34 WARN  no build target for: /home/ione/Documents/University/Year_3/Functional_Programming/Labs/lab_04/lab_04.worksheet.sc[0m
2024.03.29 14:40:34 INFO  time: evaluated worksheet 'lab_04.worksheet.sc' in 0.38s[0m
2024.03.29 14:40:34 WARN  no build target for: /home/ione/Documents/University/Year_3/Functional_Programming/Labs/lab_04/lab_04.worksheet.sc[0m
2024.03.29 14:40:35 INFO  time: evaluated worksheet 'lab_04.worksheet.sc' in 0.54s[0m
2024.03.29 14:40:46 WARN  no build target for: /home/ione/Documents/University/Year_3/Functional_Programming/Labs/lab_04/lab_04.worksheet.sc[0m
2024.03.29 14:40:46 INFO  time: evaluated worksheet 'lab_04.worksheet.sc' in 0.3s[0m
Mar 29, 2024 2:41:15 PM org.eclipse.lsp4j.jsonrpc.RemoteEndpoint handleCancellation
WARNING: Unmatched cancel notification for request id 2040
Mar 29, 2024 2:41:19 PM org.eclipse.lsp4j.jsonrpc.RemoteEndpoint handleCancellation
WARNING: Unmatched cancel notification for request id 2076
2024.03.29 14:41:24 WARN  no build target for: /home/ione/Documents/University/Year_3/Functional_Programming/Labs/lab_04/lab_04.worksheet.sc[0m
[31merror[39m: lab_04/lab_04.worksheet.sc:16:30: 
Found:    Unit
Required: Int
def size(list: IList): Int = {
                             ^
2024.03.29 14:41:24 INFO  time: evaluated worksheet 'lab_04.worksheet.sc' in 0.23s[0m
2024.03.29 14:41:46 WARN  no build target for: /home/ione/Documents/University/Year_3/Functional_Programming/Labs/lab_04/lab_04.worksheet.sc[0m
[31merror[39m: lab_04/lab_04.worksheet.sc:17:9: Procedure syntax is not supported. Convert procedure `counter` to method by adding `: Unit =`.
    def counter(list: IList, count: Int)
        ^^^^^^^
2024.03.29 14:41:47 INFO  time: evaluated worksheet 'lab_04.worksheet.sc' in 0.23s[0m
2024.03.29 14:42:01 WARN  no build target for: /home/ione/Documents/University/Year_3/Functional_Programming/Labs/lab_04/lab_04.worksheet.sc[0m
[31merror[39m: lab_04/lab_04.worksheet.sc:17:48: 
Found:    Unit
Required: Int
    def counter(list: IList, count: Int): Int ={
                                               ^
2024.03.29 14:42:01 INFO  time: evaluated worksheet 'lab_04.worksheet.sc' in 0.16s[0m
2024.03.29 14:42:44 ERROR Failed to tokenize input for semantic tokens for /home/ione/Documents/University/Year_3/Functional_Programming/Labs/lab_04/lab_04.worksheet.sc
scala.meta.tokenizers.TokenizeException: <input>:20: error: Non-zero integral values may not have a leading zero.
              case 000Void
                   ^
	at scala.meta.internal.tokenizers.Reporter.syntaxError(Reporter.scala:23)
	at scala.meta.internal.tokenizers.Reporter.syntaxError$(Reporter.scala:23)
	at scala.meta.internal.tokenizers.Reporter$$anon$1.syntaxError(Reporter.scala:33)
	at scala.meta.internal.tokenizers.Reporter.syntaxError(Reporter.scala:25)
	at scala.meta.internal.tokenizers.Reporter.syntaxError$(Reporter.scala:25)
	at scala.meta.internal.tokenizers.Reporter$$anon$1.syntaxError(Reporter.scala:33)
	at scala.meta.internal.tokenizers.LegacyScanner.restOfUncertainToken$1(LegacyScanner.scala:856)
	at scala.meta.internal.tokenizers.LegacyScanner.getNumber(LegacyScanner.scala:872)
	at scala.meta.internal.tokenizers.LegacyScanner.fetchZero$1(LegacyScanner.scala:330)
	at scala.meta.internal.tokenizers.LegacyScanner.fetchToken(LegacyScanner.scala:332)
	at scala.meta.internal.tokenizers.LegacyScanner.nextToken(LegacyScanner.scala:211)
	at scala.meta.internal.tokenizers.LegacyScanner.foreach(LegacyScanner.scala:1011)
	at scala.meta.internal.tokenizers.ScalametaTokenizer.uncachedTokenize(ScalametaTokenizer.scala:24)
	at scala.meta.internal.tokenizers.ScalametaTokenizer.$anonfun$tokenize$1(ScalametaTokenizer.scala:17)
	at scala.collection.concurrent.TrieMap.getOrElseUpdate(TrieMap.scala:962)
	at scala.meta.internal.tokenizers.ScalametaTokenizer.tokenize(ScalametaTokenizer.scala:17)
	at scala.meta.internal.tokenizers.ScalametaTokenizer$$anon$2.apply(ScalametaTokenizer.scala:332)
	at scala.meta.tokenizers.Api$XtensionTokenizeDialectInput.tokenize(Api.scala:25)
	at scala.meta.tokenizers.Api$XtensionTokenizeInputLike.tokenize(Api.scala:14)
	at scala.meta.internal.metals.SemanticTokensProvider$.getTokens(SemanticTokensProvider.scala:28)
	at scala.meta.internal.metals.SemanticTokensProvider$.provide(SemanticTokensProvider.scala:89)
	at scala.meta.internal.metals.Compilers.$anonfun$semanticTokens$3(Compilers.scala:541)
	at scala.concurrent.impl.Promise$Transformation.run(Promise.scala:467)
	at java.util.concurrent.ThreadPoolExecutor.runWorker(ThreadPoolExecutor.java:1136)
	at java.util.concurrent.ThreadPoolExecutor$Worker.run(ThreadPoolExecutor.java:635)
	at java.lang.Thread.run(Thread.java:833)
[0m
Mar 29, 2024 2:47:52 PM org.eclipse.lsp4j.jsonrpc.RemoteEndpoint handleCancellation
WARNING: Unmatched cancel notification for request id 2550
2024.03.29 14:48:08 WARN  no build target for: /home/ione/Documents/University/Year_3/Functional_Programming/Labs/lab_04/lab_04.worksheet.sc[0m
[31merror[39m: lab_04/lab_04.worksheet.sc:20:35: 
Found:    Boolean
Required: Int
            case Cons(_, tail) => !isEmpty(tail)
                                  ^^^^^^^^^^^^^^
2024.03.29 14:48:08 INFO  time: evaluated worksheet 'lab_04.worksheet.sc' in 0.18s[0m
2024.03.29 14:48:09 WARN  no build target for: /home/ione/Documents/University/Year_3/Functional_Programming/Labs/lab_04/lab_04.worksheet.sc[0m
[31merror[39m: lab_04/lab_04.worksheet.sc:20:35: 
Found:    Boolean
Required: Int
            case Cons(_, tail) => !isEmpty(tail)
                                  ^^^^^^^^^^^^^^
2024.03.29 14:48:09 INFO  time: evaluated worksheet 'lab_04.worksheet.sc' in 0.16s[0m
2024.03.29 14:48:10 WARN  no build target for: /home/ione/Documents/University/Year_3/Functional_Programming/Labs/lab_04/lab_04.worksheet.sc[0m
[31merror[39m: lab_04/lab_04.worksheet.sc:20:35: 
Found:    Boolean
Required: Int
            case Cons(_, tail) => !isEmpty(tail)
                                  ^^^^^^^^^^^^^^
2024.03.29 14:48:10 INFO  time: evaluated worksheet 'lab_04.worksheet.sc' in 0.21s[0m
2024.03.29 14:50:43 WARN  no build target for: /home/ione/Documents/University/Year_3/Functional_Programming/Labs/lab_04/lab_04.worksheet.sc[0m
2024.03.29 14:50:43 INFO  time: evaluated worksheet 'lab_04.worksheet.sc' in 0.3s[0m
2024.03.29 14:50:46 WARN  no build target for: /home/ione/Documents/University/Year_3/Functional_Programming/Labs/lab_04/lab_04.worksheet.sc[0m
2024.03.29 14:50:46 INFO  time: evaluated worksheet 'lab_04.worksheet.sc' in 0.38s[0m
2024.03.29 14:51:07 WARN  no build target for: /home/ione/Documents/University/Year_3/Functional_Programming/Labs/lab_04/lab_04.worksheet.sc[0m
2024.03.29 14:51:07 INFO  time: evaluated worksheet 'lab_04.worksheet.sc' in 0.35s[0m
Mar 29, 2024 2:51:27 PM org.eclipse.lsp4j.jsonrpc.RemoteEndpoint handleCancellation
WARNING: Unmatched cancel notification for request id 2873
2024.03.29 14:51:43 WARN  no build target for: /home/ione/Documents/University/Year_3/Functional_Programming/Labs/lab_04/lab_04.worksheet.sc[0m
[31merror[39m: lab_04/lab_04.worksheet.sc:27:12: 
Not found: Ilist
val list = Ilist(1, Cons(2, Cons(3, Cons(4, Void))))
           ^^^^^
2024.03.29 14:51:43 INFO  time: evaluated worksheet 'lab_04.worksheet.sc' in 0.18s[0m
2024.03.29 14:51:44 WARN  no build target for: /home/ione/Documents/University/Year_3/Functional_Programming/Labs/lab_04/lab_04.worksheet.sc[0m
[31merror[39m: lab_04/lab_04.worksheet.sc:27:12: 
Not found: Ilist
val list = Ilist(1, Cons(2, Cons(3, Cons(4, Void))))
           ^^^^^
2024.03.29 14:51:44 INFO  time: evaluated worksheet 'lab_04.worksheet.sc' in 0.14s[0m
2024.03.29 14:51:57 WARN  no build target for: /home/ione/Documents/University/Year_3/Functional_Programming/Labs/lab_04/lab_04.worksheet.sc[0m
2024.03.29 14:51:58 INFO  time: evaluated worksheet 'lab_04.worksheet.sc' in 0.47s[0m
2024.03.29 14:51:58 WARN  no build target for: /home/ione/Documents/University/Year_3/Functional_Programming/Labs/lab_04/lab_04.worksheet.sc[0m
2024.03.29 14:51:59 INFO  time: evaluated worksheet 'lab_04.worksheet.sc' in 0.46s[0m
2024.03.29 14:52:02 WARN  no build target for: /home/ione/Documents/University/Year_3/Functional_Programming/Labs/lab_04/lab_04.worksheet.sc[0m
2024.03.29 14:52:02 INFO  time: evaluated worksheet 'lab_04.worksheet.sc' in 0.4s[0m
2024.03.29 14:52:11 WARN  no build target for: /home/ione/Documents/University/Year_3/Functional_Programming/Labs/lab_04/lab_04.worksheet.sc[0m
2024.03.29 14:52:12 INFO  time: evaluated worksheet 'lab_04.worksheet.sc' in 0.44s[0m
2024.03.29 14:52:13 WARN  no build target for: /home/ione/Documents/University/Year_3/Functional_Programming/Labs/lab_04/lab_04.worksheet.sc[0m
2024.03.29 14:52:13 INFO  time: evaluated worksheet 'lab_04.worksheet.sc' in 0.38s[0m
2024.03.29 14:52:28 WARN  no build target for: /home/ione/Documents/University/Year_3/Functional_Programming/Labs/lab_04/lab_04.worksheet.sc[0m
2024.03.29 14:52:28 INFO  time: evaluated worksheet 'lab_04.worksheet.sc' in 0.4s[0m
2024.03.29 14:52:37 WARN  no build target for: /home/ione/Documents/University/Year_3/Functional_Programming/Labs/lab_04/lab_04.worksheet.sc[0m
[31merror[39m: lab_04/lab_04.worksheet.sc:33:43: 
Found:    Unit
Required: Boolean
def contains(e: Int, l: IList): Boolean = {
                                          ^
2024.03.29 14:52:37 INFO  time: evaluated worksheet 'lab_04.worksheet.sc' in 0.17s[0m
2024.03.29 14:52:38 WARN  no build target for: /home/ione/Documents/University/Year_3/Functional_Programming/Labs/lab_04/lab_04.worksheet.sc[0m
[31merror[39m: lab_04/lab_04.worksheet.sc:33:43: 
Found:    Unit
Required: Boolean
def contains(e: Int, l: IList): Boolean = {
                                          ^
2024.03.29 14:52:38 INFO  time: evaluated worksheet 'lab_04.worksheet.sc' in 0.3s[0m
2024.03.29 14:53:12 WARN  no build target for: /home/ione/Documents/University/Year_3/Functional_Programming/Labs/lab_04/lab_04.worksheet.sc[0m
[31merror[39m: lab_04/lab_04.worksheet.sc:34:9: Procedure syntax is not supported. Convert procedure `find` to method by adding `: Unit =`.
    def find(list: IList)
        ^^^^
2024.03.29 14:53:12 INFO  time: evaluated worksheet 'lab_04.worksheet.sc' in 0.18s[0m
2024.03.29 14:53:15 WARN  no build target for: /home/ione/Documents/University/Year_3/Functional_Programming/Labs/lab_04/lab_04.worksheet.sc[0m
[31merror[39m: lab_04/lab_04.worksheet.sc:37:2: 
Found:    Unit
Required: Boolean
}
 ^
2024.03.29 14:53:15 INFO  time: evaluated worksheet 'lab_04.worksheet.sc' in 0.19s[0m
Mar 29, 2024 2:53:37 PM org.eclipse.lsp4j.jsonrpc.RemoteEndpoint handleCancellation
WARNING: Unmatched cancel notification for request id 3521
2024.03.29 14:53:42 WARN  no build target for: /home/ione/Documents/University/Year_3/Functional_Programming/Labs/lab_04/lab_04.worksheet.sc[0m
[31merror[39m: lab_04/lab_04.worksheet.sc:36:23: 
Found:    Unit
Required: Boolean
            case Void => 
                      ^^
[31merror[39m: lab_04/lab_04.worksheet.sc:39:2: 
Found:    Unit
Required: Boolean
}
 ^
2024.03.29 14:53:42 INFO  time: evaluated worksheet 'lab_04.worksheet.sc' in 0.21s[0m
2024.03.29 14:53:48 WARN  no build target for: /home/ione/Documents/University/Year_3/Functional_Programming/Labs/lab_04/lab_04.worksheet.sc[0m
[31merror[39m: lab_04/lab_04.worksheet.sc:39:2: 
Found:    Unit
Required: Boolean
}
 ^
2024.03.29 14:53:48 INFO  time: evaluated worksheet 'lab_04.worksheet.sc' in 0.18s[0m
2024.03.29 14:54:00 WARN  no build target for: /home/ione/Documents/University/Year_3/Functional_Programming/Labs/lab_04/lab_04.worksheet.sc[0m
[31merror[39m: lab_04/lab_04.worksheet.sc:38:9: => expected but } found
        } 
        ^
2024.03.29 14:54:00 INFO  time: evaluated worksheet 'lab_04.worksheet.sc' in 0.19s[0m
2024.03.29 14:54:08 WARN  no build target for: /home/ione/Documents/University/Year_3/Functional_Programming/Labs/lab_04/lab_04.worksheet.sc[0m
[31merror[39m: lab_04/lab_04.worksheet.sc:40:2: 
Found:    Unit
Required: Boolean
}
 ^
2024.03.29 14:54:08 INFO  time: evaluated worksheet 'lab_04.worksheet.sc' in 0.17s[0m
2024.03.29 14:54:14 WARN  no build target for: /home/ione/Documents/University/Year_3/Functional_Programming/Labs/lab_04/lab_04.worksheet.sc[0m
[31merror[39m: lab_04/lab_04.worksheet.sc:40:2: 
Found:    Unit
Required: Boolean
}
 ^
2024.03.29 14:54:15 INFO  time: evaluated worksheet 'lab_04.worksheet.sc' in 0.17s[0m
2024.03.29 14:54:36 ERROR Failed to tokenize input for semantic tokens for /home/ione/Documents/University/Year_3/Functional_Programming/Labs/lab_04/lab_04.worksheet.sc
scala.meta.tokenizers.TokenizeException: <input>:40: error: Invalid literal number
          1Cons(_, tail) => 
          ^
	at scala.meta.internal.tokenizers.Reporter.syntaxError(Reporter.scala:23)
	at scala.meta.internal.tokenizers.Reporter.syntaxError$(Reporter.scala:23)
	at scala.meta.internal.tokenizers.Reporter$$anon$1.syntaxError(Reporter.scala:33)
	at scala.meta.internal.tokenizers.Reporter.syntaxError(Reporter.scala:25)
	at scala.meta.internal.tokenizers.Reporter.syntaxError$(Reporter.scala:25)
	at scala.meta.internal.tokenizers.Reporter$$anon$1.syntaxError(Reporter.scala:33)
	at scala.meta.internal.tokenizers.LegacyScanner.checkNoLetter(LegacyScanner.scala:820)
	at scala.meta.internal.tokenizers.LegacyScanner.restOfUncertainToken$1(LegacyScanner.scala:864)
	at scala.meta.internal.tokenizers.LegacyScanner.getNumber(LegacyScanner.scala:872)
	at scala.meta.internal.tokenizers.LegacyScanner.fetchToken(LegacyScanner.scala:335)
	at scala.meta.internal.tokenizers.LegacyScanner.nextToken(LegacyScanner.scala:211)
	at scala.meta.internal.tokenizers.LegacyScanner.foreach(LegacyScanner.scala:1011)
	at scala.meta.internal.tokenizers.ScalametaTokenizer.uncachedTokenize(ScalametaTokenizer.scala:24)
	at scala.meta.internal.tokenizers.ScalametaTokenizer.$anonfun$tokenize$1(ScalametaTokenizer.scala:17)
	at scala.collection.concurrent.TrieMap.getOrElseUpdate(TrieMap.scala:962)
	at scala.meta.internal.tokenizers.ScalametaTokenizer.tokenize(ScalametaTokenizer.scala:17)
	at scala.meta.internal.tokenizers.ScalametaTokenizer$$anon$2.apply(ScalametaTokenizer.scala:332)
	at scala.meta.tokenizers.Api$XtensionTokenizeDialectInput.tokenize(Api.scala:25)
	at scala.meta.tokenizers.Api$XtensionTokenizeInputLike.tokenize(Api.scala:14)
	at scala.meta.internal.metals.SemanticTokensProvider$.getTokens(SemanticTokensProvider.scala:28)
	at scala.meta.internal.metals.SemanticTokensProvider$.provide(SemanticTokensProvider.scala:89)
	at scala.meta.internal.metals.Compilers.$anonfun$semanticTokens$3(Compilers.scala:541)
	at scala.concurrent.impl.Promise$Transformation.run(Promise.scala:467)
	at java.util.concurrent.ThreadPoolExecutor.runWorker(ThreadPoolExecutor.java:1136)
	at java.util.concurrent.ThreadPoolExecutor$Worker.run(ThreadPoolExecutor.java:635)
	at java.lang.Thread.run(Thread.java:833)
[0m
Mar 29, 2024 2:55:01 PM org.eclipse.lsp4j.jsonrpc.RemoteEndpoint handleCancellation
WARNING: Unmatched cancel notification for request id 4015
2024.03.29 14:55:06 WARN  no build target for: /home/ione/Documents/University/Year_3/Functional_Programming/Labs/lab_04/lab_04.worksheet.sc[0m
[31merror[39m: lab_04/lab_04.worksheet.sc:38:24: ) expected but . found
            case Cons(_. tail) => find(tail)
                       ^
2024.03.29 14:55:07 INFO  time: evaluated worksheet 'lab_04.worksheet.sc' in 0.23s[0m
2024.03.29 14:55:10 WARN  no build target for: /home/ione/Documents/University/Year_3/Functional_Programming/Labs/lab_04/lab_04.worksheet.sc[0m
[31merror[39m: lab_04/lab_04.worksheet.sc:41:2: 
Found:    Unit
Required: Boolean
}
 ^
2024.03.29 14:55:10 INFO  time: evaluated worksheet 'lab_04.worksheet.sc' in 0.21s[0m
2024.03.29 14:55:15 WARN  no build target for: /home/ione/Documents/University/Year_3/Functional_Programming/Labs/lab_04/lab_04.worksheet.sc[0m
[33mwarning[39m: lab_04/lab_04.worksheet.sc:38:18: 
Unreachable case
            case Cons(_, tail) => find(tail)
                 ^^^^^^^^^^^^^
2024.03.29 14:55:15 INFO  time: evaluated worksheet 'lab_04.worksheet.sc' in 0.59s[0m
2024.03.29 14:55:16 WARN  no build target for: /home/ione/Documents/University/Year_3/Functional_Programming/Labs/lab_04/lab_04.worksheet.sc[0m
[33mwarning[39m: lab_04/lab_04.worksheet.sc:38:18: 
Unreachable case
            case Cons(_, tail) => find(tail)
                 ^^^^^^^^^^^^^
2024.03.29 14:55:16 INFO  time: evaluated worksheet 'lab_04.worksheet.sc' in 0.45s[0m
2024.03.29 14:55:22 WARN  no build target for: /home/ione/Documents/University/Year_3/Functional_Programming/Labs/lab_04/lab_04.worksheet.sc[0m
[33mwarning[39m: lab_04/lab_04.worksheet.sc:37:18: 
Unreachable case
            case Cons(e, _) => true
                 ^^^^^^^^^^
2024.03.29 14:55:22 INFO  time: evaluated worksheet 'lab_04.worksheet.sc' in 0.4s[0m
2024.03.29 14:55:24 WARN  no build target for: /home/ione/Documents/University/Year_3/Functional_Programming/Labs/lab_04/lab_04.worksheet.sc[0m
[33mwarning[39m: lab_04/lab_04.worksheet.sc:38:18: 
Unreachable case
            case Cons(e, _) => true
                 ^^^^^^^^^^
2024.03.29 14:55:25 INFO  time: evaluated worksheet 'lab_04.worksheet.sc' in 0.36s[0m
2024.03.29 14:55:26 WARN  no build target for: /home/ione/Documents/University/Year_3/Functional_Programming/Labs/lab_04/lab_04.worksheet.sc[0m
[33mwarning[39m: lab_04/lab_04.worksheet.sc:37:18: 
Unreachable case
            case Cons(_, tail) => find(tail)
                 ^^^^^^^^^^^^^
2024.03.29 14:55:27 INFO  time: evaluated worksheet 'lab_04.worksheet.sc' in 0.4s[0m
2024.03.29 14:55:44 WARN  no build target for: /home/ione/Documents/University/Year_3/Functional_Programming/Labs/lab_04/lab_04.worksheet.sc[0m
[33mwarning[39m: lab_04/lab_04.worksheet.sc:39:18: 
Unreachable case
            case Cons(_, tail) => find(tail)
                 ^^^^^^^^^^^^^
2024.03.29 14:55:44 INFO  time: evaluated worksheet 'lab_04.worksheet.sc' in 0.36s[0m
Mar 29, 2024 2:55:49 PM org.eclipse.lsp4j.jsonrpc.RemoteEndpoint handleCancellation
WARNING: Unmatched cancel notification for request id 4335
2024.03.29 14:55:49 WARN  no build target for: /home/ione/Documents/University/Year_3/Functional_Programming/Labs/lab_04/lab_04.worksheet.sc[0m
[31merror[39m: lab_04/lab_04.worksheet.sc:42:6: 
Found:    Unit
Required: Boolean
    }
     ^
2024.03.29 14:55:49 INFO  time: evaluated worksheet 'lab_04.worksheet.sc' in 0.51s[0m
2024.03.29 14:56:30 WARN  no build target for: /home/ione/Documents/University/Year_3/Functional_Programming/Labs/lab_04/lab_04.worksheet.sc[0m
[31merror[39m: lab_04/lab_04.worksheet.sc:7:20: 
Not found: VOid
val eList: IList = VOid
                   ^^^^
2024.03.29 14:56:31 INFO  time: evaluated worksheet 'lab_04.worksheet.sc' in 0.18s[0m
Mar 29, 2024 2:56:32 PM org.eclipse.lsp4j.jsonrpc.RemoteEndpoint handleCancellation
WARNING: Unmatched cancel notification for request id 4510
2024.03.29 14:56:32 WARN  no build target for: /home/ione/Documents/University/Year_3/Functional_Programming/Labs/lab_04/lab_04.worksheet.sc[0m
[33mwarning[39m: lab_04/lab_04.worksheet.sc:40:18: 
Unreachable case
            case Cons(_, tail) => find(tail)
                 ^^^^^^^^^^^^^
2024.03.29 14:56:33 INFO  time: evaluated worksheet 'lab_04.worksheet.sc' in 0.41s[0m
2024.03.29 14:56:33 WARN  no build target for: /home/ione/Documents/University/Year_3/Functional_Programming/Labs/lab_04/lab_04.worksheet.sc[0m
[33mwarning[39m: lab_04/lab_04.worksheet.sc:40:18: 
Unreachable case
            case Cons(_, tail) => find(tail)
                 ^^^^^^^^^^^^^
2024.03.29 14:56:34 INFO  time: evaluated worksheet 'lab_04.worksheet.sc' in 0.36s[0m
2024.03.29 14:56:35 WARN  no build target for: /home/ione/Documents/University/Year_3/Functional_Programming/Labs/lab_04/lab_04.worksheet.sc[0m
[33mwarning[39m: lab_04/lab_04.worksheet.sc:39:18: 
Unreachable case
            case Cons(_, tail) => find(tail)
                 ^^^^^^^^^^^^^
2024.03.29 14:56:35 INFO  time: evaluated worksheet 'lab_04.worksheet.sc' in 0.65s[0m
2024.03.29 14:56:59 WARN  no build target for: /home/ione/Documents/University/Year_3/Functional_Programming/Labs/lab_04/lab_04.worksheet.sc[0m
[33mwarning[39m: lab_04/lab_04.worksheet.sc:39:18: 
Unreachable case
            case Cons(_, tail) => find(tail)
                 ^^^^^^^^^^^^^
2024.03.29 14:57:00 INFO  time: evaluated worksheet 'lab_04.worksheet.sc' in 0.44s[0m
2024.03.29 14:57:05 WARN  no build target for: /home/ione/Documents/University/Year_3/Functional_Programming/Labs/lab_04/lab_04.worksheet.sc[0m
[33mwarning[39m: lab_04/lab_04.worksheet.sc:39:18: 
Unreachable case
            case Cons(_, tail) => find(tail)
                 ^^^^^^^^^^^^^
2024.03.29 14:57:06 INFO  time: evaluated worksheet 'lab_04.worksheet.sc' in 0.38s[0m
2024.03.29 14:57:08 WARN  no build target for: /home/ione/Documents/University/Year_3/Functional_Programming/Labs/lab_04/lab_04.worksheet.sc[0m
[33mwarning[39m: lab_04/lab_04.worksheet.sc:39:18: 
Unreachable case
            case Cons(_, tail) => find(tail)
                 ^^^^^^^^^^^^^
2024.03.29 14:57:08 INFO  time: evaluated worksheet 'lab_04.worksheet.sc' in 0.37s[0m
2024.03.29 14:57:14 WARN  no build target for: /home/ione/Documents/University/Year_3/Functional_Programming/Labs/lab_04/lab_04.worksheet.sc[0m
[31merror[39m: 
lab_04.worksheet.sc:51 (mdoc generated code) 
 Missing parameter type

I could not infer the type of the parameter x$1 of expanded function:
x$1 =>
  x$1 match
    {
      case Cons(e, _) =>
        true
      case Cons(_, tail) =>
        find(tail)
      case Void =>
        false
    }.
                case Cons(e, _) => true


[31merror[39m: lab_04/lab_04.worksheet.sc:38:40: 
Not found: tail
            case Cons(_, tail) => find(tail)
                                       ^^^^
2024.03.29 14:57:15 INFO  time: evaluated worksheet 'lab_04.worksheet.sc' in 0.23s[0m
2024.03.29 14:57:21 WARN  no build target for: /home/ione/Documents/University/Year_3/Functional_Programming/Labs/lab_04/lab_04.worksheet.sc[0m
[31merror[39m: lab_04/lab_04.worksheet.sc:37:20: ; expected but => found
        Cons(e, _) => true
                   ^^
2024.03.29 14:57:22 INFO  time: evaluated worksheet 'lab_04.worksheet.sc' in 0.19s[0m
Mar 29, 2024 2:57:58 PM org.eclipse.lsp4j.jsonrpc.RemoteEndpoint handleCancellation
WARNING: Unmatched cancel notification for request id 4706
Mar 29, 2024 2:57:58 PM org.eclipse.lsp4j.jsonrpc.RemoteEndpoint handleCancellation
WARNING: Unmatched cancel notification for request id 4707
2024.03.29 14:58:07 WARN  no build target for: /home/ione/Documents/University/Year_3/Functional_Programming/Labs/lab_04/lab_04.worksheet.sc[0m
[31merror[39m: lab_04/lab_04.worksheet.sc:38:23: ; expected but => found
        Cons(_, tail) => find(tail)
                      ^^
2024.03.29 14:58:07 INFO  time: evaluated worksheet 'lab_04.worksheet.sc' in 0.23s[0m
2024.03.29 14:58:09 WARN  no build target for: /home/ione/Documents/University/Year_3/Functional_Programming/Labs/lab_04/lab_04.worksheet.sc[0m
[31merror[39m: lab_04/lab_04.worksheet.sc:38:23: ; expected but => found
        Cons(_, tail) => find(tail)
                      ^^
2024.03.29 14:58:09 INFO  time: evaluated worksheet 'lab_04.worksheet.sc' in 0.19s[0m
Mar 29, 2024 2:58:31 PM org.eclipse.lsp4j.jsonrpc.RemoteEndpoint handleCancellation
WARNING: Unmatched cancel notification for request id 4818
Mar 29, 2024 2:58:44 PM org.eclipse.lsp4j.jsonrpc.RemoteEndpoint handleCancellation
WARNING: Unmatched cancel notification for request id 4863
2024.03.29 14:58:47 WARN  no build target for: /home/ione/Documents/University/Year_3/Functional_Programming/Labs/lab_04/lab_04.worksheet.sc[0m
[31merror[39m: lab_04/lab_04.worksheet.sc:36:38: 
Found:    Unit
Required: Boolean
    def find(list: IList): Boolean = {
                                     ^
2024.03.29 14:58:47 INFO  time: evaluated worksheet 'lab_04.worksheet.sc' in 0.33s[0m
2024.03.29 14:58:50 WARN  no build target for: /home/ione/Documents/University/Year_3/Functional_Programming/Labs/lab_04/lab_04.worksheet.sc[0m
[33mwarning[39m: lab_04/lab_04.worksheet.sc:39:18: 
Unreachable case
            case Cons(_, tail) => find(tail)
                 ^^^^^^^^^^^^^
2024.03.29 14:58:51 INFO  time: evaluated worksheet 'lab_04.worksheet.sc' in 0.35s[0m
2024.03.29 14:59:12 WARN  no build target for: /home/ione/Documents/University/Year_3/Functional_Programming/Labs/lab_04/lab_04.worksheet.sc[0m
[33mwarning[39m: lab_04/lab_04.worksheet.sc:42:18: 
Unreachable case
            case Cons(_, tail) => find(tail)
                 ^^^^^^^^^^^^^
2024.03.29 14:59:12 WARN  no build target for: /home/ione/Documents/University/Year_3/Functional_Programming/Labs/lab_04/lab_04.worksheet.sc[0m
2024.03.29 14:59:12 INFO  time: evaluated worksheet 'lab_04.worksheet.sc' in 0.43s[0m
[33mwarning[39m: lab_04/lab_04.worksheet.sc:42:18: 
Unreachable case
            case Cons(_, tail) => find(tail)
                 ^^^^^^^^^^^^^
2024.03.29 14:59:13 INFO  time: evaluated worksheet 'lab_04.worksheet.sc' in 0.53s[0m
2024.03.29 14:59:14 WARN  no build target for: /home/ione/Documents/University/Year_3/Functional_Programming/Labs/lab_04/lab_04.worksheet.sc[0m
[33mwarning[39m: lab_04/lab_04.worksheet.sc:42:18: 
Unreachable case
            case Cons(_, tail) => find(tail)
                 ^^^^^^^^^^^^^
2024.03.29 14:59:14 INFO  time: evaluated worksheet 'lab_04.worksheet.sc' in 0.39s[0m
2024.03.29 14:59:46 WARN  no build target for: /home/ione/Documents/University/Year_3/Functional_Programming/Labs/lab_04/lab_04.worksheet.sc[0m
[33mwarning[39m: lab_04/lab_04.worksheet.sc:42:18: 
Unreachable case
            case tail => find(tail)
                 ^^^^
[33mwarning[39m: lab_04/lab_04.worksheet.sc:43:18: 
Unreachable case
            case Void => false
                 ^^^^
2024.03.29 14:59:46 INFO  time: evaluated worksheet 'lab_04.worksheet.sc' in 0.37s[0m
2024.03.29 14:59:47 WARN  no build target for: /home/ione/Documents/University/Year_3/Functional_Programming/Labs/lab_04/lab_04.worksheet.sc[0m
[33mwarning[39m: lab_04/lab_04.worksheet.sc:42:18: 
Unreachable case
            case tail => find(tail)
                 ^^^^
[33mwarning[39m: lab_04/lab_04.worksheet.sc:43:18: 
Unreachable case
            case Void => false
                 ^^^^
2024.03.29 14:59:48 INFO  time: evaluated worksheet 'lab_04.worksheet.sc' in 0.43s[0m
2024.03.29 15:00:01 WARN  no build target for: /home/ione/Documents/University/Year_3/Functional_Programming/Labs/lab_04/lab_04.worksheet.sc[0m
[31merror[39m: lab_04/lab_04.worksheet.sc:44:14: 
Not found: tail
        find(tail)
             ^^^^
2024.03.29 15:00:01 INFO  time: evaluated worksheet 'lab_04.worksheet.sc' in 0.16s[0m
2024.03.29 15:00:10 WARN  no build target for: /home/ione/Documents/University/Year_3/Functional_Programming/Labs/lab_04/lab_04.worksheet.sc[0m
[31merror[39m: lab_04/lab_04.worksheet.sc:45:5: ) expected but } found
    }
    ^
2024.03.29 15:00:11 INFO  time: evaluated worksheet 'lab_04.worksheet.sc' in 0.19s[0m
2024.03.29 15:00:17 WARN  no build target for: /home/ione/Documents/University/Year_3/Functional_Programming/Labs/lab_04/lab_04.worksheet.sc[0m
[31merror[39m: lab_04/lab_04.worksheet.sc:44:22: 
Not found: tail
        find(Cons(_, tail))
                     ^^^^
2024.03.29 15:00:17 INFO  time: evaluated worksheet 'lab_04.worksheet.sc' in 0.18s[0m
2024.03.29 15:00:17 WARN  no build target for: /home/ione/Documents/University/Year_3/Functional_Programming/Labs/lab_04/lab_04.worksheet.sc[0m
[31merror[39m: lab_04/lab_04.worksheet.sc:44:22: 
Not found: tail
        find(Cons(_, tail))
                     ^^^^
2024.03.29 15:00:18 INFO  time: evaluated worksheet 'lab_04.worksheet.sc' in 0.18s[0m
Mar 29, 2024 3:02:02 PM org.eclipse.lsp4j.jsonrpc.RemoteEndpoint handleCancellation
WARNING: Unmatched cancel notification for request id 5375
2024.03.29 15:02:03 WARN  no build target for: /home/ione/Documents/University/Year_3/Functional_Programming/Labs/lab_04/lab_04.worksheet.sc[0m
[31merror[39m: lab_04/lab_04.worksheet.sc:42:20: 
Reassignment to val x
                if(x = e) true
                   ^^^^^
[31merror[39m: lab_04/lab_04.worksheet.sc:43:22: 
Found:    (Int, MdocApp.this.IList) => Boolean
Required: Boolean
                else contains
                     ^^^^^^^^
2024.03.29 15:02:03 INFO  time: evaluated worksheet 'lab_04.worksheet.sc' in 0.23s[0m
2024.03.29 15:02:07 WARN  no build target for: /home/ione/Documents/University/Year_3/Functional_Programming/Labs/lab_04/lab_04.worksheet.sc[0m
[31merror[39m: lab_04/lab_04.worksheet.sc:43:22: 
Found:    MdocApp.this.IList => Boolean
Required: Boolean
                else find
                     ^^^^
2024.03.29 15:02:08 INFO  time: evaluated worksheet 'lab_04.worksheet.sc' in 0.19s[0m
2024.03.29 15:02:14 WARN  no build target for: /home/ione/Documents/University/Year_3/Functional_Programming/Labs/lab_04/lab_04.worksheet.sc[0m
2024.03.29 15:02:14 INFO  time: evaluated worksheet 'lab_04.worksheet.sc' in 0.37s[0m
2024.03.29 15:02:15 WARN  no build target for: /home/ione/Documents/University/Year_3/Functional_Programming/Labs/lab_04/lab_04.worksheet.sc[0m
2024.03.29 15:02:16 INFO  time: evaluated worksheet 'lab_04.worksheet.sc' in 0.5s[0m
2024.03.29 15:02:29 WARN  no build target for: /home/ione/Documents/University/Year_3/Functional_Programming/Labs/lab_04/lab_04.worksheet.sc[0m
[31merror[39m: lab_04/lab_04.worksheet.sc:48:1: } expected but end of file found

^
2024.03.29 15:02:30 INFO  time: evaluated worksheet 'lab_04.worksheet.sc' in 0.21s[0m
2024.03.29 15:02:32 WARN  no build target for: /home/ione/Documents/University/Year_3/Functional_Programming/Labs/lab_04/lab_04.worksheet.sc[0m
[31merror[39m: lab_04/lab_04.worksheet.sc:47:1: } expected but end of file found

^
2024.03.29 15:02:33 INFO  time: evaluated worksheet 'lab_04.worksheet.sc' in 0.19s[0m
2024.03.29 15:02:38 WARN  no build target for: /home/ione/Documents/University/Year_3/Functional_Programming/Labs/lab_04/lab_04.worksheet.sc[0m
[31merror[39m: lab_04/lab_04.worksheet.sc:42:18: 
Not found: find
            else find(tail)
                 ^^^^
2024.03.29 15:02:39 INFO  time: evaluated worksheet 'lab_04.worksheet.sc' in 0.27s[0m
2024.03.29 15:02:43 WARN  no build target for: /home/ione/Documents/University/Year_3/Functional_Programming/Labs/lab_04/lab_04.worksheet.sc[0m
[31merror[39m: lab_04/lab_04.worksheet.sc:42:27: 
Found:    (tail : MdocApp.this.IList)
Required: Int
            else contains(tail)
                          ^^^^
2024.03.29 15:02:43 INFO  time: evaluated worksheet 'lab_04.worksheet.sc' in 0.22s[0m
2024.03.29 15:02:49 WARN  no build target for: /home/ione/Documents/University/Year_3/Functional_Programming/Labs/lab_04/lab_04.worksheet.sc[0m
2024.03.29 15:02:49 INFO  time: evaluated worksheet 'lab_04.worksheet.sc' in 0.38s[0m
2024.03.29 15:02:51 WARN  no build target for: /home/ione/Documents/University/Year_3/Functional_Programming/Labs/lab_04/lab_04.worksheet.sc[0m
2024.03.29 15:02:51 INFO  time: evaluated worksheet 'lab_04.worksheet.sc' in 0.39s[0m
2024.03.29 15:03:19 WARN  no build target for: /home/ione/Documents/University/Year_3/Functional_Programming/Labs/lab_04/lab_04.worksheet.sc[0m
2024.03.29 15:03:20 INFO  time: evaluated worksheet 'lab_04.worksheet.sc' in 0.55s[0m
2024.03.29 15:03:21 WARN  no build target for: /home/ione/Documents/University/Year_3/Functional_Programming/Labs/lab_04/lab_04.worksheet.sc[0m
2024.03.29 15:03:21 INFO  time: evaluated worksheet 'lab_04.worksheet.sc' in 0.4s[0m
2024.03.29 15:03:24 WARN  no build target for: /home/ione/Documents/University/Year_3/Functional_Programming/Labs/lab_04/lab_04.worksheet.sc[0m
2024.03.29 15:03:24 INFO  time: evaluated worksheet 'lab_04.worksheet.sc' in 0.41s[0m
2024.03.29 15:03:37 WARN  no build target for: /home/ione/Documents/University/Year_3/Functional_Programming/Labs/lab_04/lab_04.worksheet.sc[0m
2024.03.29 15:03:37 INFO  time: evaluated worksheet 'lab_04.worksheet.sc' in 0.42s[0m
2024.03.29 15:04:06 WARN  no build target for: /home/ione/Documents/University/Year_3/Functional_Programming/Labs/lab_04/lab_04.worksheet.sc[0m
2024.03.29 15:04:06 INFO  time: evaluated worksheet 'lab_04.worksheet.sc' in 0.41s[0m
Mar 29, 2024 3:04:08 PM org.eclipse.lsp4j.jsonrpc.RemoteEndpoint handleCancellation
WARNING: Unmatched cancel notification for request id 5734
2024.03.29 15:04:16 WARN  no build target for: /home/ione/Documents/University/Year_3/Functional_Programming/Labs/lab_04/lab_04.worksheet.sc[0m
2024.03.29 15:04:16 INFO  time: evaluated worksheet 'lab_04.worksheet.sc' in 0.37s[0m
2024.03.29 15:04:25 WARN  no build target for: /home/ione/Documents/University/Year_3/Functional_Programming/Labs/lab_04/lab_04.worksheet.sc[0m
2024.03.29 15:04:25 INFO  time: evaluated worksheet 'lab_04.worksheet.sc' in 0.33s[0m
Mar 29, 2024 3:04:40 PM org.eclipse.lsp4j.jsonrpc.RemoteEndpoint handleCancellation
WARNING: Unmatched cancel notification for request id 5819
2024.03.29 15:04:45 WARN  no build target for: /home/ione/Documents/University/Year_3/Functional_Programming/Labs/lab_04/lab_04.worksheet.sc[0m
[31merror[39m: lab_04/lab_04.worksheet.sc:43:13: 
unindent expected, but 'case' found
            case Void => false
            ^^^^
2024.03.29 15:04:45 INFO  time: evaluated worksheet 'lab_04.worksheet.sc' in 0.18s[0m
Mar 29, 2024 3:04:53 PM org.eclipse.lsp4j.jsonrpc.RemoteEndpoint handleCancellation
WARNING: Unmatched cancel notification for request id 5915
2024.03.29 15:04:57 WARN  no build target for: /home/ione/Documents/University/Year_3/Functional_Programming/Labs/lab_04/lab_04.worksheet.sc[0m
[31merror[39m: lab_04/lab_04.worksheet.sc:41:5: = expected but identifier found
    list match{
    ^^^^
2024.03.29 15:04:57 INFO  time: evaluated worksheet 'lab_04.worksheet.sc' in 0.2s[0m
2024.03.29 15:05:12 WARN  no build target for: /home/ione/Documents/University/Year_3/Functional_Programming/Labs/lab_04/lab_04.worksheet.sc[0m
[31merror[39m: lab_04/lab_04.worksheet.sc:46:17: 
unindent expected, but 'case' found
                case Void => false
                ^^^^
2024.03.29 15:05:12 INFO  time: evaluated worksheet 'lab_04.worksheet.sc' in 0.21s[0m
2024.03.29 15:05:14 WARN  no build target for: /home/ione/Documents/University/Year_3/Functional_Programming/Labs/lab_04/lab_04.worksheet.sc[0m
[31merror[39m: lab_04/lab_04.worksheet.sc:45:17: 
unindent expected, but 'case' found
                case Void => false
                ^^^^
2024.03.29 15:05:14 INFO  time: evaluated worksheet 'lab_04.worksheet.sc' in 0.2s[0m
2024.03.29 15:05:15 WARN  no build target for: /home/ione/Documents/University/Year_3/Functional_Programming/Labs/lab_04/lab_04.worksheet.sc[0m
[31merror[39m: lab_04/lab_04.worksheet.sc:44:17: 
unindent expected, but 'case' found
                case Void => false
                ^^^^
2024.03.29 15:05:15 INFO  time: evaluated worksheet 'lab_04.worksheet.sc' in 0.17s[0m
2024.03.29 15:05:24 WARN  no build target for: /home/ione/Documents/University/Year_3/Functional_Programming/Labs/lab_04/lab_04.worksheet.sc[0m
[31merror[39m: lab_04/lab_04.worksheet.sc:44:17: 
unindent expected, but 'case' found
                case Void => false
                ^^^^
2024.03.29 15:05:25 INFO  time: evaluated worksheet 'lab_04.worksheet.sc' in 0.18s[0m
Mar 29, 2024 3:05:30 PM org.eclipse.lsp4j.jsonrpc.RemoteEndpoint handleCancellation
WARNING: Unmatched cancel notification for request id 6166
2024.03.29 15:05:32 WARN  no build target for: /home/ione/Documents/University/Year_3/Functional_Programming/Labs/lab_04/lab_04.worksheet.sc[0m
2024.03.29 15:05:33 INFO  time: evaluated worksheet 'lab_04.worksheet.sc' in 0.4s[0m
2024.03.29 15:05:34 WARN  no build target for: /home/ione/Documents/University/Year_3/Functional_Programming/Labs/lab_04/lab_04.worksheet.sc[0m
2024.03.29 15:05:34 INFO  time: evaluated worksheet 'lab_04.worksheet.sc' in 0.48s[0m
2024.03.29 15:05:35 WARN  no build target for: /home/ione/Documents/University/Year_3/Functional_Programming/Labs/lab_04/lab_04.worksheet.sc[0m
2024.03.29 15:05:36 INFO  time: evaluated worksheet 'lab_04.worksheet.sc' in 0.42s[0m
2024.03.29 15:05:37 WARN  no build target for: /home/ione/Documents/University/Year_3/Functional_Programming/Labs/lab_04/lab_04.worksheet.sc[0m
[31merror[39m: lab_04/lab_04.worksheet.sc:44:17: 
unindent expected, but 'case' found
                case Void => false
                ^^^^
2024.03.29 15:05:37 INFO  time: evaluated worksheet 'lab_04.worksheet.sc' in 0.32s[0m
2024.03.29 15:05:41 WARN  no build target for: /home/ione/Documents/University/Year_3/Functional_Programming/Labs/lab_04/lab_04.worksheet.sc[0m
2024.03.29 15:05:41 INFO  time: evaluated worksheet 'lab_04.worksheet.sc' in 0.45s[0m
2024.03.29 15:05:42 WARN  no build target for: /home/ione/Documents/University/Year_3/Functional_Programming/Labs/lab_04/lab_04.worksheet.sc[0m
2024.03.29 15:05:42 INFO  time: evaluated worksheet 'lab_04.worksheet.sc' in 0.47s[0m
2024.03.29 15:05:53 WARN  no build target for: /home/ione/Documents/University/Year_3/Functional_Programming/Labs/lab_04/lab_04.worksheet.sc[0m
2024.03.29 15:05:53 INFO  time: evaluated worksheet 'lab_04.worksheet.sc' in 0.38s[0m
2024.03.29 15:06:00 WARN  no build target for: /home/ione/Documents/University/Year_3/Functional_Programming/Labs/lab_04/lab_04.worksheet.sc[0m
2024.03.29 15:06:01 WARN  no build target for: /home/ione/Documents/University/Year_3/Functional_Programming/Labs/lab_04/lab_04.worksheet.sc[0m
2024.03.29 15:06:02 WARN  no build target for: /home/ione/Documents/University/Year_3/Functional_Programming/Labs/lab_04/lab_04.worksheet.sc[0m
2024.03.29 15:06:30 INFO  time: evaluated worksheet 'lab_04.worksheet.sc' in 29s[0m
2024.03.29 15:06:30 WARN  thread interrupt: Evaluating Worksheet lab_04.worksheet.sc[0m
2024.03.29 15:06:34 WARN  no build target for: /home/ione/Documents/University/Year_3/Functional_Programming/Labs/lab_04/lab_04.worksheet.sc[0m
2024.03.29 15:06:36 WARN  thread interrupt: Evaluating Worksheet lab_04.worksheet.sc[0m
2024.03.29 15:06:36 INFO  time: evaluated worksheet 'lab_04.worksheet.sc' in 6.2s[0m
2024.03.29 15:06:38 WARN  no build target for: /home/ione/Documents/University/Year_3/Functional_Programming/Labs/lab_04/lab_04.worksheet.sc[0m
2024.03.29 15:06:52 WARN  no build target for: /home/ione/Documents/University/Year_3/Functional_Programming/Labs/lab_04/lab_04.worksheet.sc[0m
2024.03.29 15:06:54 WARN  no build target for: /home/ione/Documents/University/Year_3/Functional_Programming/Labs/lab_04/lab_04.worksheet.sc[0m
2024.03.29 15:06:58 WARN  thread interrupt: Evaluating Worksheet lab_04.worksheet.sc[0m
2024.03.29 15:06:58 INFO  time: evaluated worksheet 'lab_04.worksheet.sc' in 22s[0m
2024.03.29 15:07:04 WARN  thread interrupt: Evaluating Worksheet lab_04.worksheet.sc[0m
2024.03.29 15:07:04 INFO  time: evaluated worksheet 'lab_04.worksheet.sc' in 5.5s[0m
2024.03.29 15:07:10 WARN  thread interrupt: Evaluating Worksheet lab_04.worksheet.sc[0m
2024.03.29 15:07:10 INFO  time: evaluated worksheet 'lab_04.worksheet.sc' in 6.22s[0m
2024.03.29 15:07:21 WARN  thread interrupt: Evaluating Worksheet lab_04.worksheet.sc[0m
2024.03.29 15:07:21 INFO  time: evaluated worksheet 'lab_04.worksheet.sc' in 11s[0m
Mar 29, 2024 3:07:27 PM org.eclipse.lsp4j.jsonrpc.RemoteEndpoint handleCancellation
WARNING: Unmatched cancel notification for request id 6372
Mar 29, 2024 3:07:38 PM org.eclipse.lsp4j.jsonrpc.RemoteEndpoint handleCancellation
WARNING: Unmatched cancel notification for request id 6377
2024.03.29 15:08:00 WARN  thread interrupt: Evaluating Worksheet lab_04.worksheet.sc[0m
2024.03.29 15:08:00 INFO  time: evaluated worksheet 'lab_04.worksheet.sc' in 39s[0m
2024.03.29 15:08:30 WARN  no build target for: /home/ione/Documents/University/Year_3/Functional_Programming/Labs/lab_04/lab_04.worksheet.sc[0m
2024.03.29 15:08:31 INFO  time: evaluated worksheet 'lab_04.worksheet.sc' in 0.77s[0m
2024.03.29 15:08:31 WARN  no build target for: /home/ione/Documents/University/Year_3/Functional_Programming/Labs/lab_04/lab_04.worksheet.sc[0m
2024.03.29 15:08:32 INFO  time: evaluated worksheet 'lab_04.worksheet.sc' in 0.48s[0m
2024.03.29 15:08:35 WARN  no build target for: /home/ione/Documents/University/Year_3/Functional_Programming/Labs/lab_04/lab_04.worksheet.sc[0m
[31merror[39m: lab_04/lab_04.worksheet.sc:45:2: 
Found:    Unit
Required: Boolean
}
 ^
2024.03.29 15:08:35 INFO  time: evaluated worksheet 'lab_04.worksheet.sc' in 0.38s[0m
2024.03.29 15:08:36 WARN  no build target for: /home/ione/Documents/University/Year_3/Functional_Programming/Labs/lab_04/lab_04.worksheet.sc[0m
[31merror[39m: lab_04/lab_04.worksheet.sc:44:2: 
Found:    Unit
Required: Boolean
}
 ^
2024.03.29 15:08:36 INFO  time: evaluated worksheet 'lab_04.worksheet.sc' in 0.22s[0m
2024.03.29 15:08:40 WARN  no build target for: /home/ione/Documents/University/Year_3/Functional_Programming/Labs/lab_04/lab_04.worksheet.sc[0m
[31merror[39m: lab_04/lab_04.worksheet.sc:44:2: 
Found:    Unit
Required: Boolean
}
 ^
2024.03.29 15:08:40 INFO  time: evaluated worksheet 'lab_04.worksheet.sc' in 0.27s[0m
2024.03.29 15:08:46 WARN  no build target for: /home/ione/Documents/University/Year_3/Functional_Programming/Labs/lab_04/lab_04.worksheet.sc[0m
[31merror[39m: lab_04/lab_04.worksheet.sc:46:1: } expected but end of file found

^
2024.03.29 15:08:47 INFO  time: evaluated worksheet 'lab_04.worksheet.sc' in 0.28s[0m
2024.03.29 15:08:48 WARN  no build target for: /home/ione/Documents/University/Year_3/Functional_Programming/Labs/lab_04/lab_04.worksheet.sc[0m
[31merror[39m: lab_04/lab_04.worksheet.sc:44:18: } expected but end of file found
contains(2, list)
                 ^
2024.03.29 15:08:48 INFO  time: evaluated worksheet 'lab_04.worksheet.sc' in 0.21s[0m
2024.03.29 15:08:51 WARN  no build target for: /home/ione/Documents/University/Year_3/Functional_Programming/Labs/lab_04/lab_04.worksheet.sc[0m
[31merror[39m: lab_04/lab_04.worksheet.sc:41:52: 
Not found: find
        case Cons(x, tail) => if(x == e) true else find(tail)
                                                   ^^^^
2024.03.29 15:08:51 INFO  time: evaluated worksheet 'lab_04.worksheet.sc' in 0.26s[0m
2024.03.29 15:09:05 WARN  no build target for: /home/ione/Documents/University/Year_3/Functional_Programming/Labs/lab_04/lab_04.worksheet.sc[0m
2024.03.29 15:09:06 INFO  time: evaluated worksheet 'lab_04.worksheet.sc' in 0.52s[0m
2024.03.29 15:09:07 WARN  no build target for: /home/ione/Documents/University/Year_3/Functional_Programming/Labs/lab_04/lab_04.worksheet.sc[0m
2024.03.29 15:09:07 INFO  time: evaluated worksheet 'lab_04.worksheet.sc' in 0.42s[0m
2024.03.29 15:09:09 WARN  no build target for: /home/ione/Documents/University/Year_3/Functional_Programming/Labs/lab_04/lab_04.worksheet.sc[0m
2024.03.29 15:09:10 INFO  time: evaluated worksheet 'lab_04.worksheet.sc' in 0.58s[0m
2024.03.29 15:09:11 WARN  no build target for: /home/ione/Documents/University/Year_3/Functional_Programming/Labs/lab_04/lab_04.worksheet.sc[0m
2024.03.29 15:09:11 INFO  time: evaluated worksheet 'lab_04.worksheet.sc' in 0.37s[0m
2024.03.29 15:09:11 WARN  no build target for: /home/ione/Documents/University/Year_3/Functional_Programming/Labs/lab_04/lab_04.worksheet.sc[0m
2024.03.29 15:09:12 INFO  time: evaluated worksheet 'lab_04.worksheet.sc' in 0.8s[0m
2024.03.29 15:09:27 WARN  no build target for: /home/ione/Documents/University/Year_3/Functional_Programming/Labs/lab_04/lab_04.worksheet.sc[0m
2024.03.29 15:09:28 INFO  time: evaluated worksheet 'lab_04.worksheet.sc' in 0.53s[0m
2024.03.29 15:09:35 WARN  no build target for: /home/ione/Documents/University/Year_3/Functional_Programming/Labs/lab_04/lab_04.worksheet.sc[0m
[31merror[39m: lab_04/lab_04.worksheet.sc:50:1: { expected but } found
}
^
2024.03.29 15:09:35 INFO  time: evaluated worksheet 'lab_04.worksheet.sc' in 0.23s[0m
2024.03.29 15:09:44 WARN  no build target for: /home/ione/Documents/University/Year_3/Functional_Programming/Labs/lab_04/lab_04.worksheet.sc[0m
[31merror[39m: lab_04/lab_04.worksheet.sc:50:1: { expected but } found
}
^
2024.03.29 15:09:44 INFO  time: evaluated worksheet 'lab_04.worksheet.sc' in 0.23s[0m
2024.03.29 15:09:46 WARN  no build target for: /home/ione/Documents/University/Year_3/Functional_Programming/Labs/lab_04/lab_04.worksheet.sc[0m
[31merror[39m: lab_04/lab_04.worksheet.sc:50:1: { expected but } found
}
^
2024.03.29 15:09:46 INFO  time: evaluated worksheet 'lab_04.worksheet.sc' in 0.22s[0m
2024.03.29 15:09:49 WARN  no build target for: /home/ione/Documents/University/Year_3/Functional_Programming/Labs/lab_04/lab_04.worksheet.sc[0m
[31merror[39m: lab_04/lab_04.worksheet.sc:49:5: 
Found:    (MdocApp.this.list : MdocApp.this.IList)
Required: Int
    list
    ^^^^
2024.03.29 15:09:50 INFO  time: evaluated worksheet 'lab_04.worksheet.sc' in 0.31s[0m
2024.03.29 15:09:51 WARN  no build target for: /home/ione/Documents/University/Year_3/Functional_Programming/Labs/lab_04/lab_04.worksheet.sc[0m
[31merror[39m: lab_04/lab_04.worksheet.sc:49:5: 
Found:    (list : MdocApp.this.IList)
Required: Int
    list
    ^^^^
2024.03.29 15:09:51 INFO  time: evaluated worksheet 'lab_04.worksheet.sc' in 0.21s[0m
2024.03.29 15:10:16 WARN  no build target for: /home/ione/Documents/University/Year_3/Functional_Programming/Labs/lab_04/lab_04.worksheet.sc[0m
[31merror[39m: lab_04/lab_04.worksheet.sc:50:48: Expected braces or indentation
    def findMax(max: Int, list: Ilistlist match(
                                               ^
2024.03.29 15:10:17 INFO  time: evaluated worksheet 'lab_04.worksheet.sc' in 0.26s[0m
2024.03.29 15:10:18 WARN  no build target for: /home/ione/Documents/University/Year_3/Functional_Programming/Labs/lab_04/lab_04.worksheet.sc[0m
[31merror[39m: lab_04/lab_04.worksheet.sc:49:48: Expected braces or indentation
    def findMax(max: Int, list: Ilistlist match(
                                               ^
2024.03.29 15:10:18 INFO  time: evaluated worksheet 'lab_04.worksheet.sc' in 0.37s[0m
2024.03.29 15:10:34 WARN  no build target for: /home/ione/Documents/University/Year_3/Functional_Programming/Labs/lab_04/lab_04.worksheet.sc[0m
[31merror[39m: lab_04/lab_04.worksheet.sc:50:19: { expected but ( found
        list match(
                  ^
2024.03.29 15:10:34 INFO  time: evaluated worksheet 'lab_04.worksheet.sc' in 0.28s[0m
2024.03.29 15:10:42 WARN  no build target for: /home/ione/Documents/University/Year_3/Functional_Programming/Labs/lab_04/lab_04.worksheet.sc[0m
[31merror[39m: lab_04/lab_04.worksheet.sc:50:19: { expected but ( found
        list match(
                  ^
2024.03.29 15:10:42 INFO  time: evaluated worksheet 'lab_04.worksheet.sc' in 0.19s[0m
2024.03.29 15:10:44 WARN  no build target for: /home/ione/Documents/University/Year_3/Functional_Programming/Labs/lab_04/lab_04.worksheet.sc[0m
[31merror[39m: lab_04/lab_04.worksheet.sc:50:19: { expected but ( found
        list match(
                  ^
2024.03.29 15:10:44 INFO  time: evaluated worksheet 'lab_04.worksheet.sc' in 0.18s[0m
2024.03.29 15:10:44 WARN  no build target for: /home/ione/Documents/University/Year_3/Functional_Programming/Labs/lab_04/lab_04.worksheet.sc[0m
[31merror[39m: lab_04/lab_04.worksheet.sc:50:19: { expected but ( found
        list match(
                  ^
2024.03.29 15:10:45 INFO  time: evaluated worksheet 'lab_04.worksheet.sc' in 0.21s[0m
2024.03.29 15:10:49 WARN  no build target for: /home/ione/Documents/University/Year_3/Functional_Programming/Labs/lab_04/lab_04.worksheet.sc[0m
[31merror[39m: lab_04/lab_04.worksheet.sc:50:19: { expected but ( found
        list match(
                  ^
2024.03.29 15:10:49 INFO  time: evaluated worksheet 'lab_04.worksheet.sc' in 0.27s[0m
2024.03.29 15:10:52 WARN  no build target for: /home/ione/Documents/University/Year_3/Functional_Programming/Labs/lab_04/lab_04.worksheet.sc[0m
[31merror[39m: lab_04/lab_04.worksheet.sc:50:20: case expected but } found
        list match{}
                   ^
2024.03.29 15:10:53 INFO  time: evaluated worksheet 'lab_04.worksheet.sc' in 0.26s[0m
2024.03.29 15:10:55 WARN  no build target for: /home/ione/Documents/University/Year_3/Functional_Programming/Labs/lab_04/lab_04.worksheet.sc[0m
[31merror[39m: lab_04/lab_04.worksheet.sc:52:9: case expected but } found
        }
        ^
2024.03.29 15:10:55 INFO  time: evaluated worksheet 'lab_04.worksheet.sc' in 0.4s[0m
2024.03.29 15:11:03 WARN  no build target for: /home/ione/Documents/University/Year_3/Functional_Programming/Labs/lab_04/lab_04.worksheet.sc[0m
[31merror[39m: lab_04/lab_04.worksheet.sc:52:9: case expected but } found
        }
        ^
2024.03.29 15:11:03 INFO  time: evaluated worksheet 'lab_04.worksheet.sc' in 0.26s[0m
2024.03.29 15:11:03 WARN  no build target for: /home/ione/Documents/University/Year_3/Functional_Programming/Labs/lab_04/lab_04.worksheet.sc[0m
[31merror[39m: lab_04/lab_04.worksheet.sc:52:9: case expected but } found
        }
        ^
2024.03.29 15:11:04 INFO  time: evaluated worksheet 'lab_04.worksheet.sc' in 0.35s[0m
2024.03.29 15:11:05 WARN  no build target for: /home/ione/Documents/University/Year_3/Functional_Programming/Labs/lab_04/lab_04.worksheet.sc[0m
[31merror[39m: lab_04/lab_04.worksheet.sc:52:9: case expected but } found
        }
        ^
2024.03.29 15:11:05 INFO  time: evaluated worksheet 'lab_04.worksheet.sc' in 0.23s[0m
2024.03.29 15:11:50 WARN  no build target for: /home/ione/Documents/University/Year_3/Functional_Programming/Labs/lab_04/lab_04.worksheet.sc[0m
[31merror[39m: lab_04/lab_04.worksheet.sc:49:33: 
Not found: type Ilist
    def findMax(max: Int, list: Ilist): Int ={
                                ^^^^^
[31merror[39m: lab_04/lab_04.worksheet.sc:52:32: 
Found:    Unit
Required: Int
            case Cons(x, tail) => 
                               ^^
[31merror[39m: lab_04/lab_04.worksheet.sc:55:13: 
Found:    MdocApp.this.IList
Required: Int
    findMax(l: IList, Int.MinValue)
            ^^^^^^^^
2024.03.29 15:11:50 INFO  time: evaluated worksheet 'lab_04.worksheet.sc' in 0.33s[0m
2024.03.29 15:11:52 WARN  no build target for: /home/ione/Documents/University/Year_3/Functional_Programming/Labs/lab_04/lab_04.worksheet.sc[0m
[31merror[39m: lab_04/lab_04.worksheet.sc:49:33: 
Not found: type Ilist
    def findMax(max: Int, list: Ilist): Int ={
                                ^^^^^
[31merror[39m: lab_04/lab_04.worksheet.sc:52:32: 
Found:    Unit
Required: Int
            case Cons(x, tail) => 
                               ^^
[31merror[39m: lab_04/lab_04.worksheet.sc:55:13: 
Found:    MdocApp.this.IList
Required: Int
    findMax(l: IList, Int.MinValue)
            ^^^^^^^^
2024.03.29 15:11:52 INFO  time: evaluated worksheet 'lab_04.worksheet.sc' in 0.3s[0m
2024.03.29 15:12:05 WARN  no build target for: /home/ione/Documents/University/Year_3/Functional_Programming/Labs/lab_04/lab_04.worksheet.sc[0m
[31merror[39m: lab_04/lab_04.worksheet.sc:56:9: then expected but } found
        }
        ^
2024.03.29 15:12:06 INFO  time: evaluated worksheet 'lab_04.worksheet.sc' in 0.29s[0m
2024.03.29 15:12:37 WARN  no build target for: /home/ione/Documents/University/Year_3/Functional_Programming/Labs/lab_04/lab_04.worksheet.sc[0m
[31merror[39m: lab_04/lab_04.worksheet.sc:51:33: 
Not found: type Ilist
    def findMax(max: Int, list: Ilist): Int ={
                                ^^^^^
[31merror[39m: lab_04/lab_04.worksheet.sc:55:21: 
Not found: x
                if (x > max) findMax(x, tail)
                    ^
[31merror[39m: lab_04/lab_04.worksheet.sc:55:38: 
Not found: x
                if (x > max) findMax(x, tail)
                                     ^
[31merror[39m: lab_04/lab_04.worksheet.sc:55:41: 
Not found: tail
                if (x > max) findMax(x, tail)
                                        ^^^^
[31merror[39m: lab_04/lab_04.worksheet.sc:56:35: 
Not found: tail
                else findMax(max, tail)
                                  ^^^^
[31merror[39m: lab_04/lab_04.worksheet.sc:59:13: 
Found:    MdocApp.this.IList
Required: Int
    findMax(l: IList, Int.MinValue)
            ^^^^^^^^
2024.03.29 15:12:37 INFO  time: evaluated worksheet 'lab_04.worksheet.sc' in 0.35s[0m
2024.03.29 15:12:38 WARN  no build target for: /home/ione/Documents/University/Year_3/Functional_Programming/Labs/lab_04/lab_04.worksheet.sc[0m
[31merror[39m: lab_04/lab_04.worksheet.sc:51:33: 
Not found: type Ilist
    def findMax(max: Int, list: Ilist): Int ={
                                ^^^^^
[31merror[39m: lab_04/lab_04.worksheet.sc:55:21: 
Not found: x
                if (x > max) findMax(x, tail)
                    ^
[31merror[39m: lab_04/lab_04.worksheet.sc:55:38: 
Not found: x
                if (x > max) findMax(x, tail)
                                     ^
[31merror[39m: lab_04/lab_04.worksheet.sc:55:41: 
Not found: tail
                if (x > max) findMax(x, tail)
                                        ^^^^
[31merror[39m: lab_04/lab_04.worksheet.sc:56:35: 
Not found: tail
                else findMax(max, tail)
                                  ^^^^
[31merror[39m: lab_04/lab_04.worksheet.sc:59:13: 
Found:    MdocApp.this.IList
Required: Int
    findMax(l: IList, Int.MinValue)
            ^^^^^^^^
2024.03.29 15:12:38 INFO  time: evaluated worksheet 'lab_04.worksheet.sc' in 0.3s[0m
2024.03.29 15:12:43 WARN  no build target for: /home/ione/Documents/University/Year_3/Functional_Programming/Labs/lab_04/lab_04.worksheet.sc[0m
[31merror[39m: lab_04/lab_04.worksheet.sc:51:33: 
Not found: type Ilist
    def findMax(max: Int, list: Ilist): Int ={
                                ^^^^^
[31merror[39m: lab_04/lab_04.worksheet.sc:55:21: 
Not found: x
                if (x > max) findMax(x, tail)
                    ^
[31merror[39m: lab_04/lab_04.worksheet.sc:55:38: 
Not found: x
                if (x > max) findMax(x, tail)
                                     ^
[31merror[39m: lab_04/lab_04.worksheet.sc:55:41: 
Not found: tail
                if (x > max) findMax(x, tail)
                                        ^^^^
[31merror[39m: lab_04/lab_04.worksheet.sc:56:35: 
Not found: tail
                else findMax(max, tail)
                                  ^^^^
[31merror[39m: lab_04/lab_04.worksheet.sc:59:13: 
Found:    (l : MdocApp.this.IList)
Required: Int
    findMax(l, Int.MinValue)
            ^
2024.03.29 15:12:43 INFO  time: evaluated worksheet 'lab_04.worksheet.sc' in 0.24s[0m
2024.03.29 15:12:44 WARN  no build target for: /home/ione/Documents/University/Year_3/Functional_Programming/Labs/lab_04/lab_04.worksheet.sc[0m
[31merror[39m: lab_04/lab_04.worksheet.sc:51:33: 
Not found: type Ilist
    def findMax(max: Int, list: Ilist): Int ={
                                ^^^^^
[31merror[39m: lab_04/lab_04.worksheet.sc:55:21: 
Not found: x
                if (x > max) findMax(x, tail)
                    ^
[31merror[39m: lab_04/lab_04.worksheet.sc:55:38: 
Not found: x
                if (x > max) findMax(x, tail)
                                     ^
[31merror[39m: lab_04/lab_04.worksheet.sc:55:41: 
Not found: tail
                if (x > max) findMax(x, tail)
                                        ^^^^
[31merror[39m: lab_04/lab_04.worksheet.sc:56:35: 
Not found: tail
                else findMax(max, tail)
                                  ^^^^
[31merror[39m: lab_04/lab_04.worksheet.sc:59:13: 
Found:    (l : MdocApp.this.IList)
Required: Int
    findMax(l, Int.MinValue)
            ^
2024.03.29 15:12:45 INFO  time: evaluated worksheet 'lab_04.worksheet.sc' in 0.24s[0m
2024.03.29 15:12:48 WARN  no build target for: /home/ione/Documents/University/Year_3/Functional_Programming/Labs/lab_04/lab_04.worksheet.sc[0m
[31merror[39m: lab_04/lab_04.worksheet.sc:59:13: 
Found:    (l : MdocApp.this.IList)
Required: Int
    findMax(l, Int.MinValue)
            ^
[31merror[39m: lab_04/lab_04.worksheet.sc:59:16: 
Found:    (-2147483648 : Int)
Required: MdocApp.this.IList
    findMax(l, Int.MinValue)
               ^^^^^^^^^^^^
2024.03.29 15:12:48 INFO  time: evaluated worksheet 'lab_04.worksheet.sc' in 0.29s[0m
2024.03.29 15:12:50 WARN  no build target for: /home/ione/Documents/University/Year_3/Functional_Programming/Labs/lab_04/lab_04.worksheet.sc[0m
[31merror[39m: lab_04/lab_04.worksheet.sc:59:13: 
Found:    (l : MdocApp.this.IList)
Required: Int
    findMax(l, Int.MinValue)
            ^
[31merror[39m: lab_04/lab_04.worksheet.sc:59:16: 
Found:    (-2147483648 : Int)
Required: MdocApp.this.IList
    findMax(l, Int.MinValue)
               ^^^^^^^^^^^^
2024.03.29 15:12:50 INFO  time: evaluated worksheet 'lab_04.worksheet.sc' in 0.34s[0m
2024.03.29 15:12:53 WARN  no build target for: /home/ione/Documents/University/Year_3/Functional_Programming/Labs/lab_04/lab_04.worksheet.sc[0m
[31merror[39m: lab_04/lab_04.worksheet.sc:59:13: 
Found:    (l : MdocApp.this.IList)
Required: Int
    findMax(l, Int.MinValue)
            ^
[31merror[39m: lab_04/lab_04.worksheet.sc:59:16: 
Found:    (-2147483648 : Int)
Required: MdocApp.this.IList
    findMax(l, Int.MinValue)
               ^^^^^^^^^^^^
2024.03.29 15:12:53 INFO  time: evaluated worksheet 'lab_04.worksheet.sc' in 0.26s[0m
2024.03.29 15:12:58 WARN  no build target for: /home/ione/Documents/University/Year_3/Functional_Programming/Labs/lab_04/lab_04.worksheet.sc[0m
2024.03.29 15:12:58 INFO  time: evaluated worksheet 'lab_04.worksheet.sc' in 0.52s[0m
2024.03.29 15:12:59 WARN  no build target for: /home/ione/Documents/University/Year_3/Functional_Programming/Labs/lab_04/lab_04.worksheet.sc[0m
2024.03.29 15:13:00 INFO  time: evaluated worksheet 'lab_04.worksheet.sc' in 0.53s[0m
2024.03.29 15:13:03 WARN  no build target for: /home/ione/Documents/University/Year_3/Functional_Programming/Labs/lab_04/lab_04.worksheet.sc[0m
2024.03.29 15:13:03 INFO  time: evaluated worksheet 'lab_04.worksheet.sc' in 0.54s[0m
2024.03.29 15:13:32 WARN  no build target for: /home/ione/Documents/University/Year_3/Functional_Programming/Labs/lab_04/lab_04.worksheet.sc[0m
2024.03.29 15:13:33 INFO  time: evaluated worksheet 'lab_04.worksheet.sc' in 0.76s[0m
Mar 29, 2024 3:13:33 PM org.eclipse.lsp4j.jsonrpc.RemoteEndpoint handleCancellation
WARNING: Unmatched cancel notification for request id 7812
2024.03.29 15:13:36 WARN  no build target for: /home/ione/Documents/University/Year_3/Functional_Programming/Labs/lab_04/lab_04.worksheet.sc[0m
2024.03.29 15:13:36 INFO  time: evaluated worksheet 'lab_04.worksheet.sc' in 0.59s[0m
2024.03.29 15:13:41 WARN  no build target for: /home/ione/Documents/University/Year_3/Functional_Programming/Labs/lab_04/lab_04.worksheet.sc[0m
2024.03.29 15:13:42 INFO  time: evaluated worksheet 'lab_04.worksheet.sc' in 0.61s[0m
2024.03.29 15:13:42 WARN  no build target for: /home/ione/Documents/University/Year_3/Functional_Programming/Labs/lab_04/lab_04.worksheet.sc[0m
2024.03.29 15:13:43 INFO  time: evaluated worksheet 'lab_04.worksheet.sc' in 0.68s[0m
2024.03.29 15:13:52 WARN  no build target for: /home/ione/Documents/University/Year_3/Functional_Programming/Labs/lab_04/lab_04.worksheet.sc[0m
[31merror[39m: lab_04/lab_04.worksheet.sc:6:70: 
Not found: VOid
val list2 : IList = Cons(1, Cons(3, Cons(5, Cons(2, Cons(10, Cons(7, VOid))))))
                                                                     ^^^^
2024.03.29 15:13:53 INFO  time: evaluated worksheet 'lab_04.worksheet.sc' in 0.24s[0m
2024.03.29 15:13:55 WARN  no build target for: /home/ione/Documents/University/Year_3/Functional_Programming/Labs/lab_04/lab_04.worksheet.sc[0m
2024.03.29 15:13:56 INFO  time: evaluated worksheet 'lab_04.worksheet.sc' in 0.66s[0m
2024.03.29 15:13:55 WARN  no build target for: /home/ione/Documents/University/Year_3/Functional_Programming/Labs/lab_04/lab_04.worksheet.sc[0m
2024.03.29 15:13:56 INFO  time: evaluated worksheet 'lab_04.worksheet.sc' in 0.59s[0m
2024.03.29 15:13:58 WARN  no build target for: /home/ione/Documents/University/Year_3/Functional_Programming/Labs/lab_04/lab_04.worksheet.sc[0m
2024.03.29 15:13:58 INFO  time: evaluated worksheet 'lab_04.worksheet.sc' in 0.69s[0m
2024.03.29 15:14:06 WARN  no build target for: /home/ione/Documents/University/Year_3/Functional_Programming/Labs/lab_04/lab_04.worksheet.sc[0m
[31merror[39m: lab_04/lab_04.worksheet.sc:66:38: ; expected but new found
 4.5. Implement take which returns a new list containing the first n elements of the original list:
                                     ^^^
2024.03.29 15:14:06 INFO  time: evaluated worksheet 'lab_04.worksheet.sc' in 0.25s[0m
2024.03.29 15:14:09 WARN  no build target for: /home/ione/Documents/University/Year_3/Functional_Programming/Labs/lab_04/lab_04.worksheet.sc[0m
2024.03.29 15:14:10 INFO  time: evaluated worksheet 'lab_04.worksheet.sc' in 0.67s[0m
2024.03.29 15:14:12 WARN  no build target for: /home/ione/Documents/University/Year_3/Functional_Programming/Labs/lab_04/lab_04.worksheet.sc[0m
[31merror[39m: lab_04/lab_04.worksheet.sc:68:37: 
Found:    Unit
Required: MdocApp.this.IList
def take(n: Int)(l: IList): IList = {
                                    ^
2024.03.29 15:14:13 INFO  time: evaluated worksheet 'lab_04.worksheet.sc' in 0.34s[0m
2024.03.29 15:14:30 WARN  no build target for: /home/ione/Documents/University/Year_3/Functional_Programming/Labs/lab_04/lab_04.worksheet.sc[0m
[31merror[39m: lab_04/lab_04.worksheet.sc:69:9: Procedure syntax is not supported. Convert procedure `form` to method by adding `: Unit =`.
    def form()
        ^^^^
2024.03.29 15:14:30 INFO  time: evaluated worksheet 'lab_04.worksheet.sc' in 0.36s[0m
2024.03.29 15:14:35 WARN  no build target for: /home/ione/Documents/University/Year_3/Functional_Programming/Labs/lab_04/lab_04.worksheet.sc[0m
[31merror[39m: lab_04/lab_04.worksheet.sc:69:9: Procedure syntax is not supported. Convert procedure `form` to method by adding `: Unit =`.
    def form()
        ^^^^
2024.03.29 15:14:35 INFO  time: evaluated worksheet 'lab_04.worksheet.sc' in 0.28s[0m
2024.03.29 15:14:35 WARN  no build target for: /home/ione/Documents/University/Year_3/Functional_Programming/Labs/lab_04/lab_04.worksheet.sc[0m
[31merror[39m: lab_04/lab_04.worksheet.sc:69:9: Procedure syntax is not supported. Convert procedure `form` to method by adding `: Unit =`.
    def form()
        ^^^^
2024.03.29 15:14:36 INFO  time: evaluated worksheet 'lab_04.worksheet.sc' in 0.24s[0m
2024.03.29 15:14:37 WARN  no build target for: /home/ione/Documents/University/Year_3/Functional_Programming/Labs/lab_04/lab_04.worksheet.sc[0m
[31merror[39m: lab_04/lab_04.worksheet.sc:69:9: Procedure syntax is not supported. Convert procedure `form` to method by adding `: Unit =`.
    def form()
        ^^^^
2024.03.29 15:14:37 INFO  time: evaluated worksheet 'lab_04.worksheet.sc' in 0.18s[0m
2024.03.29 15:16:04 WARN  no build target for: /home/ione/Documents/University/Year_3/Functional_Programming/Labs/lab_04/lab_04.worksheet.sc[0m
[31merror[39m: lab_04/lab_04.worksheet.sc:56:38: 
Found:    (Int, MdocApp.this.IList)
Required: Int
                if (x > max) findMax(x, tail)
                                     ^^^^^^^
[31merror[39m: lab_04/lab_04.worksheet.sc:57:30: 
Found:    (Int, MdocApp.this.IList)
Required: Int
                else findMax(max, tail)
                             ^^^^^^^^^
[31merror[39m: lab_04/lab_04.worksheet.sc:69:54: 
Found:    Unit
Required: MdocApp.this.IList
    def formNewList(count: Int)(list: IList): IList ={
                                                     ^
[31merror[39m: lab_04/lab_04.worksheet.sc:73:17: 
Found:    (Int, MdocApp.this.IList)
Required: Int
    formNewList(0, l)
                ^^^^
2024.03.29 15:16:04 INFO  time: evaluated worksheet 'lab_04.worksheet.sc' in 0.56s[0m
2024.03.29 15:16:09 WARN  no build target for: /home/ione/Documents/University/Year_3/Functional_Programming/Labs/lab_04/lab_04.worksheet.sc[0m
[31merror[39m: lab_04/lab_04.worksheet.sc:56:38: 
Found:    (Int, MdocApp.this.IList)
Required: Int
                if (x > max) findMax(x, tail)
                                     ^^^^^^^
[31merror[39m: lab_04/lab_04.worksheet.sc:57:30: 
Found:    (Int, MdocApp.this.IList)
Required: Int
                else findMax(max, tail)
                             ^^^^^^^^^
[31merror[39m: lab_04/lab_04.worksheet.sc:69:54: 
Found:    Unit
Required: MdocApp.this.IList
    def formNewList(count: Int)(list: IList): IList ={
                                                     ^
2024.03.29 15:16:10 INFO  time: evaluated worksheet 'lab_04.worksheet.sc' in 0.34s[0m
2024.03.29 15:16:12 WARN  no build target for: /home/ione/Documents/University/Year_3/Functional_Programming/Labs/lab_04/lab_04.worksheet.sc[0m
[31merror[39m: lab_04/lab_04.worksheet.sc:56:38: 
Found:    (Int, MdocApp.this.IList)
Required: Int
                if (x > max) findMax(x, tail)
                                     ^^^^^^^
[31merror[39m: lab_04/lab_04.worksheet.sc:57:30: 
Found:    (Int, MdocApp.this.IList)
Required: Int
                else findMax(max, tail)
                             ^^^^^^^^^
[31merror[39m: lab_04/lab_04.worksheet.sc:69:54: 
Found:    Unit
Required: MdocApp.this.IList
    def formNewList(count: Int)(list: IList): IList ={
                                                     ^
2024.03.29 15:16:12 INFO  time: evaluated worksheet 'lab_04.worksheet.sc' in 0.34s[0m
2024.03.29 15:16:24 WARN  no build target for: /home/ione/Documents/University/Year_3/Functional_Programming/Labs/lab_04/lab_04.worksheet.sc[0m
[31merror[39m: lab_04/lab_04.worksheet.sc:71:5: illegal start of simple expression
    }
    ^
2024.03.29 15:16:24 INFO  time: evaluated worksheet 'lab_04.worksheet.sc' in 0.2s[0m
2024.03.29 15:16:49 WARN  no build target for: /home/ione/Documents/University/Year_3/Functional_Programming/Labs/lab_04/lab_04.worksheet.sc[0m
[31merror[39m: lab_04/lab_04.worksheet.sc:71:9: illegal start of simple expression
        else 
        ^^^^
2024.03.29 15:16:49 INFO  time: evaluated worksheet 'lab_04.worksheet.sc' in 0.32s[0m
2024.03.29 15:17:03 WARN  no build target for: /home/ione/Documents/University/Year_3/Functional_Programming/Labs/lab_04/lab_04.worksheet.sc[0m
[31merror[39m: lab_04/lab_04.worksheet.sc:72:5: illegal start of simple expression
    }
    ^
2024.03.29 15:17:03 INFO  time: evaluated worksheet 'lab_04.worksheet.sc' in 0.22s[0m
2024.03.29 15:17:24 WARN  no build target for: /home/ione/Documents/University/Year_3/Functional_Programming/Labs/lab_04/lab_04.worksheet.sc[0m
[31merror[39m: lab_04/lab_04.worksheet.sc:72:27: ; expected but => found
            Cons(x, tail) => 
                          ^^
2024.03.29 15:17:24 INFO  time: evaluated worksheet 'lab_04.worksheet.sc' in 0.32s[0m
2024.03.29 15:17:27 WARN  no build target for: /home/ione/Documents/University/Year_3/Functional_Programming/Labs/lab_04/lab_04.worksheet.sc[0m
[31merror[39m: lab_04/lab_04.worksheet.sc:72:27: ; expected but => found
            Cons(x, tail) => tail = Void
                          ^^
2024.03.29 15:17:27 INFO  time: evaluated worksheet 'lab_04.worksheet.sc' in 0.29s[0m
2024.03.29 15:17:33 WARN  no build target for: /home/ione/Documents/University/Year_3/Functional_Programming/Labs/lab_04/lab_04.worksheet.sc[0m
[31merror[39m: lab_04/lab_04.worksheet.sc:56:38: 
Found:    (Int, MdocApp.this.IList)
Required: Int
                if (x > max) findMax(x, tail)
                                     ^^^^^^^
[31merror[39m: lab_04/lab_04.worksheet.sc:57:30: 
Found:    (Int, MdocApp.this.IList)
Required: Int
                else findMax(max, tail)
                             ^^^^^^^^^
[31merror[39m: lab_04/lab_04.worksheet.sc:70:35: 
Found:    (Int, MdocApp.this.IList)
Required: Int
        if(count < n) formNewList(count + 1, list)
                                  ^^^^^^^^^^^^^^^
[31merror[39m: lab_04/lab_04.worksheet.sc:71:13: 
Found:    Unit
Required: MdocApp.this.IList
        else{
            ^
2024.03.29 15:17:33 INFO  time: evaluated worksheet 'lab_04.worksheet.sc' in 0.34s[0m
2024.03.29 15:17:34 WARN  no build target for: /home/ione/Documents/University/Year_3/Functional_Programming/Labs/lab_04/lab_04.worksheet.sc[0m
[31merror[39m: lab_04/lab_04.worksheet.sc:56:38: 
Found:    (Int, MdocApp.this.IList)
Required: Int
                if (x > max) findMax(x, tail)
                                     ^^^^^^^
[31merror[39m: lab_04/lab_04.worksheet.sc:57:30: 
Found:    (Int, MdocApp.this.IList)
Required: Int
                else findMax(max, tail)
                             ^^^^^^^^^
[31merror[39m: lab_04/lab_04.worksheet.sc:70:35: 
Found:    (Int, MdocApp.this.IList)
Required: Int
        if(count < n) formNewList(count + 1, list)
                                  ^^^^^^^^^^^^^^^
[31merror[39m: lab_04/lab_04.worksheet.sc:71:13: 
Found:    Unit
Required: MdocApp.this.IList
        else{
            ^
2024.03.29 15:17:34 INFO  time: evaluated worksheet 'lab_04.worksheet.sc' in 0.63s[0m
2024.03.29 15:17:54 WARN  no build target for: /home/ione/Documents/University/Year_3/Functional_Programming/Labs/lab_04/lab_04.worksheet.sc[0m
[31merror[39m: lab_04/lab_04.worksheet.sc:56:38: 
Found:    (Int, MdocApp.this.IList)
Required: Int
                if (x > max) findMax(x, tail)
                                     ^^^^^^^
[31merror[39m: lab_04/lab_04.worksheet.sc:57:30: 
Found:    (Int, MdocApp.this.IList)
Required: Int
                else findMax(max, tail)
                             ^^^^^^^^^
[31merror[39m: lab_04/lab_04.worksheet.sc:70:35: 
Found:    (Int, MdocApp.this.IList)
Required: Int
        if(count < n) formNewList(count + 1, list)
                                  ^^^^^^^^^^^^^^^
[31merror[39m: lab_04/lab_04.worksheet.sc:71:13: 
Found:    Unit
Required: MdocApp.this.IList
        else{
            ^
2024.03.29 15:17:54 INFO  time: evaluated worksheet 'lab_04.worksheet.sc' in 0.36s[0m
2024.03.29 15:18:08 WARN  no build target for: /home/ione/Documents/University/Year_3/Functional_Programming/Labs/lab_04/lab_04.worksheet.sc[0m
[31merror[39m: lab_04/lab_04.worksheet.sc:57:39: 
expression expected but ')' found
                else findMax(max()tail)
                                      ^
[31merror[39m: lab_04/lab_04.worksheet.sc:57:30: 
parameter max does not take parameters
                else findMax(max()tail)
                             ^^^
[31merror[39m: lab_04/lab_04.worksheet.sc:70:35: 
Found:    (Int, MdocApp.this.IList)
Required: Int
        if(count < n) formNewList(count + 1, list)
                                  ^^^^^^^^^^^^^^^
[31merror[39m: lab_04/lab_04.worksheet.sc:71:13: 
Found:    Unit
Required: MdocApp.this.IList
        else{
            ^
2024.03.29 15:18:09 INFO  time: evaluated worksheet 'lab_04.worksheet.sc' in 0.39s[0m
2024.03.29 15:18:11 WARN  no build target for: /home/ione/Documents/University/Year_3/Functional_Programming/Labs/lab_04/lab_04.worksheet.sc[0m
[31merror[39m: lab_04/lab_04.worksheet.sc:70:35: 
Found:    (Int, MdocApp.this.IList)
Required: Int
        if(count < n) formNewList(count + 1, list)
                                  ^^^^^^^^^^^^^^^
[31merror[39m: lab_04/lab_04.worksheet.sc:71:13: 
Found:    Unit
Required: MdocApp.this.IList
        else{
            ^
2024.03.29 15:18:11 INFO  time: evaluated worksheet 'lab_04.worksheet.sc' in 0.41s[0m
2024.03.29 15:18:11 WARN  no build target for: /home/ione/Documents/University/Year_3/Functional_Programming/Labs/lab_04/lab_04.worksheet.sc[0m
[31merror[39m: lab_04/lab_04.worksheet.sc:70:35: 
Found:    (Int, MdocApp.this.IList)
Required: Int
        if(count < n) formNewList(count + 1, list)
                                  ^^^^^^^^^^^^^^^
[31merror[39m: lab_04/lab_04.worksheet.sc:71:13: 
Found:    Unit
Required: MdocApp.this.IList
        else{
            ^
2024.03.29 15:18:12 INFO  time: evaluated worksheet 'lab_04.worksheet.sc' in 0.34s[0m
2024.03.29 15:18:14 WARN  no build target for: /home/ione/Documents/University/Year_3/Functional_Programming/Labs/lab_04/lab_04.worksheet.sc[0m
[31merror[39m: lab_04/lab_04.worksheet.sc:70:35: 
Found:    (Int, MdocApp.this.IList)
Required: Int
        if(count < n) formNewList(count + 1, list)
                                  ^^^^^^^^^^^^^^^
[31merror[39m: lab_04/lab_04.worksheet.sc:71:13: 
Found:    Unit
Required: MdocApp.this.IList
        else{
            ^
2024.03.29 15:18:14 INFO  time: evaluated worksheet 'lab_04.worksheet.sc' in 0.39s[0m
2024.03.29 15:18:20 WARN  no build target for: /home/ione/Documents/University/Year_3/Functional_Programming/Labs/lab_04/lab_04.worksheet.sc[0m
[31merror[39m: lab_04/lab_04.worksheet.sc:71:13: 
Found:    Unit
Required: MdocApp.this.IList
        else{
            ^
2024.03.29 15:18:21 INFO  time: evaluated worksheet 'lab_04.worksheet.sc' in 0.36s[0m
2024.03.29 15:18:46 WARN  no build target for: /home/ione/Documents/University/Year_3/Functional_Programming/Labs/lab_04/lab_04.worksheet.sc[0m
[31merror[39m: lab_04/lab_04.worksheet.sc:73:39: 
Reassignment to val tail
                case Cons(x, tail) => tail = Void
                                      ^^^^^^^^^^^
2024.03.29 15:18:47 INFO  time: evaluated worksheet 'lab_04.worksheet.sc' in 0.33s[0m
2024.03.29 15:18:47 WARN  no build target for: /home/ione/Documents/University/Year_3/Functional_Programming/Labs/lab_04/lab_04.worksheet.sc[0m
[31merror[39m: lab_04/lab_04.worksheet.sc:73:39: 
Reassignment to val tail
                case Cons(x, tail) => tail = Void
                                      ^^^^^^^^^^^
2024.03.29 15:18:47 INFO  time: evaluated worksheet 'lab_04.worksheet.sc' in 0.42s[0m
2024.03.29 15:18:48 WARN  no build target for: /home/ione/Documents/University/Year_3/Functional_Programming/Labs/lab_04/lab_04.worksheet.sc[0m
2024.03.29 15:18:49 WARN  no build target for: /home/ione/Documents/University/Year_3/Functional_Programming/Labs/lab_04/lab_04.worksheet.sc[0m
[31merror[39m: lab_04/lab_04.worksheet.sc:73:39: 
Reassignment to val tail
                case Cons(x, tail) => tail = Void
                                      ^^^^^^^^^^^
2024.03.29 15:18:49 INFO  time: evaluated worksheet 'lab_04.worksheet.sc' in 0.38s[0m
[31merror[39m: lab_04/lab_04.worksheet.sc:73:39: 
Reassignment to val tail
                case Cons(x, tail) => tail = Void
                                      ^^^^^^^^^^^
2024.03.29 15:18:49 INFO  time: evaluated worksheet 'lab_04.worksheet.sc' in 0.49s[0m
2024.03.29 15:18:54 WARN  no build target for: /home/ione/Documents/University/Year_3/Functional_Programming/Labs/lab_04/lab_04.worksheet.sc[0m
[31merror[39m: lab_04/lab_04.worksheet.sc:73:39: 
Reassignment to val tail
                case Cons(x, tail) => tail = Void
                                      ^^^^^^^^^^^
2024.03.29 15:18:54 INFO  time: evaluated worksheet 'lab_04.worksheet.sc' in 0.33s[0m
2024.03.29 15:20:31 WARN  no build target for: /home/ione/Documents/University/Year_3/Functional_Programming/Labs/lab_04/lab_04.worksheet.sc[0m
[31merror[39m: lab_04/lab_04.worksheet.sc:70:39: 
Found:    Unit
Required: MdocApp.this.IList
        case Cons(x, tail) if (n > 0) =>
                                      ^^
2024.03.29 15:20:31 INFO  time: evaluated worksheet 'lab_04.worksheet.sc' in 0.34s[0m
2024.03.29 15:20:54 WARN  no build target for: /home/ione/Documents/University/Year_3/Functional_Programming/Labs/lab_04/lab_04.worksheet.sc[0m
2024.03.29 15:20:55 INFO  time: evaluated worksheet 'lab_04.worksheet.sc' in 0.64s[0m
2024.03.29 15:21:01 WARN  no build target for: /home/ione/Documents/University/Year_3/Functional_Programming/Labs/lab_04/lab_04.worksheet.sc[0m
[31merror[39m: lab_04/lab_04.worksheet.sc:71:19: 
Not found: void
        case _ => void
                  ^^^^
2024.03.29 15:21:01 INFO  time: evaluated worksheet 'lab_04.worksheet.sc' in 0.33s[0m
2024.03.29 15:21:04 WARN  no build target for: /home/ione/Documents/University/Year_3/Functional_Programming/Labs/lab_04/lab_04.worksheet.sc[0m
2024.03.29 15:21:05 INFO  time: evaluated worksheet 'lab_04.worksheet.sc' in 0.68s[0m
2024.03.29 15:21:05 WARN  no build target for: /home/ione/Documents/University/Year_3/Functional_Programming/Labs/lab_04/lab_04.worksheet.sc[0m
2024.03.29 15:21:06 INFO  time: evaluated worksheet 'lab_04.worksheet.sc' in 0.8s[0m
Mar 29, 2024 3:22:09 PM org.eclipse.lsp4j.jsonrpc.RemoteEndpoint handleCancellation
WARNING: Unmatched cancel notification for request id 9502
Mar 29, 2024 3:22:09 PM org.eclipse.lsp4j.jsonrpc.RemoteEndpoint handleCancellation
WARNING: Unmatched cancel notification for request id 9504
2024.03.29 15:22:11 WARN  no build target for: /home/ione/Documents/University/Year_3/Functional_Programming/Labs/lab_04/lab_04.worksheet.sc[0m
[31merror[39m: lab_04/lab_04.worksheet.sc:75:6: 
Found:    (Int, MdocApp.this.IList)
Required: Int
take(2, list)
     ^^^^^^^
2024.03.29 15:22:11 INFO  time: evaluated worksheet 'lab_04.worksheet.sc' in 0.38s[0m
2024.03.29 15:22:22 WARN  no build target for: /home/ione/Documents/University/Year_3/Functional_Programming/Labs/lab_04/lab_04.worksheet.sc[0m
[31merror[39m: lab_04/lab_04.worksheet.sc:75:6: 
Found:    (Int, MdocApp.this.IList)
Required: Int
take(2, list)
     ^^^^^^^
[31merror[39m: lab_04/lab_04.worksheet.sc:76:6: 
Found:    (Int, MdocApp.this.IList)
Required: Int
take(5, list2)
     ^^^^^^^^
2024.03.29 15:22:23 INFO  time: evaluated worksheet 'lab_04.worksheet.sc' in 0.42s[0m
2024.03.29 15:22:23 WARN  no build target for: /home/ione/Documents/University/Year_3/Functional_Programming/Labs/lab_04/lab_04.worksheet.sc[0m
[31merror[39m: lab_04/lab_04.worksheet.sc:75:6: 
Found:    (Int, MdocApp.this.IList)
Required: Int
take(2, list)
     ^^^^^^^
[31merror[39m: lab_04/lab_04.worksheet.sc:76:6: 
Found:    (Int, MdocApp.this.IList)
Required: Int
take(5, list2)
     ^^^^^^^^
2024.03.29 15:22:23 INFO  time: evaluated worksheet 'lab_04.worksheet.sc' in 0.37s[0m
2024.03.29 15:22:31 WARN  no build target for: /home/ione/Documents/University/Year_3/Functional_Programming/Labs/lab_04/lab_04.worksheet.sc[0m
2024.03.29 15:22:31 INFO  time: evaluated worksheet 'lab_04.worksheet.sc' in 0.78s[0m
2024.03.29 15:23:23 WARN  no build target for: /home/ione/Documents/University/Year_3/Functional_Programming/Labs/lab_04/lab_04.worksheet.sc[0m
2024.03.29 15:23:24 INFO  time: evaluated worksheet 'lab_04.worksheet.sc' in 0.78s[0m
2024.03.29 15:23:26 WARN  no build target for: /home/ione/Documents/University/Year_3/Functional_Programming/Labs/lab_04/lab_04.worksheet.sc[0m
2024.03.29 15:23:26 INFO  time: evaluated worksheet 'lab_04.worksheet.sc' in 0.52s[0m
2024.03.29 15:23:40 WARN  no build target for: /home/ione/Documents/University/Year_3/Functional_Programming/Labs/lab_04/lab_04.worksheet.sc[0m
2024.03.29 15:23:41 INFO  time: evaluated worksheet 'lab_04.worksheet.sc' in 0.59s[0m
2024.03.29 15:24:25 WARN  no build target for: /home/ione/Documents/University/Year_3/Functional_Programming/Labs/lab_04/lab_04.worksheet.sc[0m
2024.03.29 15:24:26 INFO  time: evaluated worksheet 'lab_04.worksheet.sc' in 0.69s[0m
2024.03.29 15:24:32 WARN  no build target for: /home/ione/Documents/University/Year_3/Functional_Programming/Labs/lab_04/lab_04.worksheet.sc[0m
[31merror[39m: lab_04/lab_04.worksheet.sc:80:37: 
Found:    Unit
Required: MdocApp.this.IList
def drop(n: Int)(l: IList): IList = {
                                    ^
2024.03.29 15:24:32 INFO  time: evaluated worksheet 'lab_04.worksheet.sc' in 0.3s[0m
2024.03.29 15:24:38 WARN  no build target for: /home/ione/Documents/University/Year_3/Functional_Programming/Labs/lab_04/lab_04.worksheet.sc[0m
[31merror[39m: lab_04/lab_04.worksheet.sc:69:5: 
Not found: l
    l match{
    ^
[31merror[39m: lab_04/lab_04.worksheet.sc:70:47: 
Not found: x
        case Cons(x, tail) if (n > 0) => Cons(x, take(n - 1)(tail))
                                              ^
[31merror[39m: lab_04/lab_04.worksheet.sc:70:62: 
Not found: tail
        case Cons(x, tail) if (n > 0) => Cons(x, take(n - 1)(tail))
                                                             ^^^^
[31merror[39m: lab_04/lab_04.worksheet.sc:80:37: 
Found:    Unit
Required: MdocApp.this.IList
def drop(n: Int)(l: IList): IList = {
                                    ^
2024.03.29 15:24:39 INFO  time: evaluated worksheet 'lab_04.worksheet.sc' in 0.4s[0m
2024.03.29 15:24:41 WARN  no build target for: /home/ione/Documents/University/Year_3/Functional_Programming/Labs/lab_04/lab_04.worksheet.sc[0m
[31merror[39m: lab_04/lab_04.worksheet.sc:80:37: 
Found:    Unit
Required: MdocApp.this.IList
def drop(n: Int)(l: IList): IList = {
                                    ^
2024.03.29 15:24:42 WARN  no build target for: /home/ione/Documents/University/Year_3/Functional_Programming/Labs/lab_04/lab_04.worksheet.sc[0m
2024.03.29 15:24:41 INFO  time: evaluated worksheet 'lab_04.worksheet.sc' in 0.49s[0m
[31merror[39m: lab_04/lab_04.worksheet.sc:80:37: 
Found:    Unit
Required: MdocApp.this.IList
def drop(n: Int)(l: IList): IList = {
                                    ^
2024.03.29 15:24:41 INFO  time: evaluated worksheet 'lab_04.worksheet.sc' in 0.32s[0m
Mar 29, 2024 3:24:45 PM org.eclipse.lsp4j.jsonrpc.RemoteEndpoint handleCancellation
WARNING: Unmatched cancel notification for request id 9832
Mar 29, 2024 3:24:45 PM org.eclipse.lsp4j.jsonrpc.RemoteEndpoint handleCancellation
WARNING: Unmatched cancel notification for request id 9834
Mar 29, 2024 3:24:45 PM org.eclipse.lsp4j.jsonrpc.RemoteEndpoint handleCancellation
WARNING: Unmatched cancel notification for request id 9835
2024.03.29 15:24:49 WARN  no build target for: /home/ione/Documents/University/Year_3/Functional_Programming/Labs/lab_04/lab_04.worksheet.sc[0m
[31merror[39m: lab_04/lab_04.worksheet.sc:17:9: 
Not found: list
isEmpty(list)
        ^^^^
[31merror[39m: lab_04/lab_04.worksheet.sc:34:6: 
Not found: list
size(list)
     ^^^^
[31merror[39m: lab_04/lab_04.worksheet.sc:46:13: 
Not found: list
contains(5, list)
            ^^^^
[31merror[39m: lab_04/lab_04.worksheet.sc:62:5: 
Not found: list
max(list)
    ^^^^
[31merror[39m: lab_04/lab_04.worksheet.sc:74:9: 
Not found: list
take(2)(list)
        ^^^^
[31merror[39m: lab_04/lab_04.worksheet.sc:79:37: 
Found:    Unit
Required: MdocApp.this.IList
def drop(n: Int)(l: IList): IList = {
                                    ^
2024.03.29 15:24:49 INFO  time: evaluated worksheet 'lab_04.worksheet.sc' in 0.38s[0m
2024.03.29 15:24:50 WARN  no build target for: /home/ione/Documents/University/Year_3/Functional_Programming/Labs/lab_04/lab_04.worksheet.sc[0m
[31merror[39m: lab_04/lab_04.worksheet.sc:17:9: 
Not found: list
isEmpty(list)
        ^^^^
[31merror[39m: lab_04/lab_04.worksheet.sc:34:6: 
Not found: list
size(list)
     ^^^^
[31merror[39m: lab_04/lab_04.worksheet.sc:46:13: 
Not found: list
contains(5, list)
            ^^^^
[31merror[39m: lab_04/lab_04.worksheet.sc:62:5: 
Not found: list
max(list)
    ^^^^
[31merror[39m: lab_04/lab_04.worksheet.sc:74:9: 
Not found: list
take(2)(list)
        ^^^^
[31merror[39m: lab_04/lab_04.worksheet.sc:79:37: 
Found:    Unit
Required: MdocApp.this.IList
def drop(n: Int)(l: IList): IList = {
                                    ^
2024.03.29 15:24:51 INFO  time: evaluated worksheet 'lab_04.worksheet.sc' in 0.29s[0m
2024.03.29 15:24:52 WARN  no build target for: /home/ione/Documents/University/Year_3/Functional_Programming/Labs/lab_04/lab_04.worksheet.sc[0m
[31merror[39m: lab_04/lab_04.worksheet.sc:34:6: 
Not found: list
size(list)
     ^^^^
[31merror[39m: lab_04/lab_04.worksheet.sc:46:13: 
Not found: list
contains(5, list)
            ^^^^
[31merror[39m: lab_04/lab_04.worksheet.sc:62:5: 
Not found: list
max(list)
    ^^^^
[31merror[39m: lab_04/lab_04.worksheet.sc:74:9: 
Not found: list
take(2)(list)
        ^^^^
[31merror[39m: lab_04/lab_04.worksheet.sc:79:37: 
Found:    Unit
Required: MdocApp.this.IList
def drop(n: Int)(l: IList): IList = {
                                    ^
2024.03.29 15:24:52 INFO  time: evaluated worksheet 'lab_04.worksheet.sc' in 0.33s[0m
2024.03.29 15:24:55 WARN  no build target for: /home/ione/Documents/University/Year_3/Functional_Programming/Labs/lab_04/lab_04.worksheet.sc[0m
[31merror[39m: lab_04/lab_04.worksheet.sc:46:13: 
Not found: list
contains(5, list)
            ^^^^
[31merror[39m: lab_04/lab_04.worksheet.sc:62:5: 
Not found: list
max(list)
    ^^^^
[31merror[39m: lab_04/lab_04.worksheet.sc:74:9: 
Not found: list
take(2)(list)
        ^^^^
[31merror[39m: lab_04/lab_04.worksheet.sc:79:37: 
Found:    Unit
Required: MdocApp.this.IList
def drop(n: Int)(l: IList): IList = {
                                    ^
2024.03.29 15:24:55 INFO  time: evaluated worksheet 'lab_04.worksheet.sc' in 0.32s[0m
2024.03.29 15:24:58 WARN  no build target for: /home/ione/Documents/University/Year_3/Functional_Programming/Labs/lab_04/lab_04.worksheet.sc[0m
2024.03.29 15:24:59 WARN  no build target for: /home/ione/Documents/University/Year_3/Functional_Programming/Labs/lab_04/lab_04.worksheet.sc[0m
2024.03.29 15:25:00 WARN  no build target for: /home/ione/Documents/University/Year_3/Functional_Programming/Labs/lab_04/lab_04.worksheet.sc[0m
[31merror[39m: lab_04/lab_04.worksheet.sc:62:5: 
Not found: list
max(list)
    ^^^^
[31merror[39m: lab_04/lab_04.worksheet.sc:74:9: 
Not found: list
take(2)(list)
        ^^^^
[31merror[39m: lab_04/lab_04.worksheet.sc:79:37: 
Found:    Unit
Required: MdocApp.this.IList
def drop(n: Int)(l: IList): IList = {
                                    ^
2024.03.29 15:25:00 INFO  time: evaluated worksheet 'lab_04.worksheet.sc' in 0.37s[0m
2024.03.29 15:25:05 WARN  no build target for: /home/ione/Documents/University/Year_3/Functional_Programming/Labs/lab_04/lab_04.worksheet.sc[0m
[31merror[39m: lab_04/lab_04.worksheet.sc:74:9: 
Not found: list
take(2)(list)
        ^^^^
[31merror[39m: lab_04/lab_04.worksheet.sc:79:37: 
Found:    Unit
Required: MdocApp.this.IList
def drop(n: Int)(l: IList): IList = {
                                    ^
2024.03.29 15:25:05 INFO  time: evaluated worksheet 'lab_04.worksheet.sc' in 0.32s[0m
2024.03.29 15:25:06 WARN  no build target for: /home/ione/Documents/University/Year_3/Functional_Programming/Labs/lab_04/lab_04.worksheet.sc[0m
[31merror[39m: lab_04/lab_04.worksheet.sc:74:9: 
Not found: list
take(2)(list)
        ^^^^
[31merror[39m: lab_04/lab_04.worksheet.sc:79:37: 
Found:    Unit
Required: MdocApp.this.IList
def drop(n: Int)(l: IList): IList = {
                                    ^
2024.03.29 15:25:06 INFO  time: evaluated worksheet 'lab_04.worksheet.sc' in 0.27s[0m
2024.03.29 15:25:12 WARN  no build target for: /home/ione/Documents/University/Year_3/Functional_Programming/Labs/lab_04/lab_04.worksheet.sc[0m
[31merror[39m: lab_04/lab_04.worksheet.sc:74:9: 
Not found: list
take(2)(list)
        ^^^^
2024.03.29 15:25:12 INFO  time: evaluated worksheet 'lab_04.worksheet.sc' in 0.47s[0m
2024.03.29 15:25:16 WARN  no build target for: /home/ione/Documents/University/Year_3/Functional_Programming/Labs/lab_04/lab_04.worksheet.sc[0m
[31merror[39m: lab_04/lab_04.worksheet.sc:82:5: case expected but } found
    }
    ^
2024.03.29 15:25:16 INFO  time: evaluated worksheet 'lab_04.worksheet.sc' in 0.19s[0m
2024.03.29 15:25:48 WARN  no build target for: /home/ione/Documents/University/Year_3/Functional_Programming/Labs/lab_04/lab_04.worksheet.sc[0m
[31merror[39m: lab_04/lab_04.worksheet.sc:82:5: case expected but } found
    }
    ^
2024.03.29 15:25:48 INFO  time: evaluated worksheet 'lab_04.worksheet.sc' in 0.21s[0m
2024.03.29 15:25:48 WARN  no build target for: /home/ione/Documents/University/Year_3/Functional_Programming/Labs/lab_04/lab_04.worksheet.sc[0m
[31merror[39m: lab_04/lab_04.worksheet.sc:82:5: case expected but } found
    }
    ^
2024.03.29 15:25:48 INFO  time: evaluated worksheet 'lab_04.worksheet.sc' in 0.25s[0m
2024.03.29 15:25:49 WARN  no build target for: /home/ione/Documents/University/Year_3/Functional_Programming/Labs/lab_04/lab_04.worksheet.sc[0m
[31merror[39m: lab_04/lab_04.worksheet.sc:82:5: case expected but } found
    }
    ^
2024.03.29 15:25:50 INFO  time: evaluated worksheet 'lab_04.worksheet.sc' in 0.24s[0m
2024.03.29 15:26:07 WARN  no build target for: /home/ione/Documents/University/Year_3/Functional_Programming/Labs/lab_04/lab_04.worksheet.sc[0m
[31merror[39m: lab_04/lab_04.worksheet.sc:82:5: => expected but } found
    }
    ^
2024.03.29 15:26:07 INFO  time: evaluated worksheet 'lab_04.worksheet.sc' in 0.22s[0m
2024.03.29 15:26:12 WARN  no build target for: /home/ione/Documents/University/Year_3/Functional_Programming/Labs/lab_04/lab_04.worksheet.sc[0m
[31merror[39m: lab_04/lab_04.worksheet.sc:81:39: 
Found:    Unit
Required: MdocApp.this.IList
        case Cons(x, tail) if (n > 0) => 
                                      ^^
2024.03.29 15:26:13 INFO  time: evaluated worksheet 'lab_04.worksheet.sc' in 0.41s[0m
2024.03.29 15:26:49 WARN  no build target for: /home/ione/Documents/University/Year_3/Functional_Programming/Labs/lab_04/lab_04.worksheet.sc[0m
2024.03.29 15:26:49 INFO  time: evaluated worksheet 'lab_04.worksheet.sc' in 0.62s[0m
Mar 29, 2024 3:26:51 PM org.eclipse.lsp4j.jsonrpc.RemoteEndpoint handleCancellation
WARNING: Unmatched cancel notification for request id 10253
2024.03.29 15:26:52 WARN  no build target for: /home/ione/Documents/University/Year_3/Functional_Programming/Labs/lab_04/lab_04.worksheet.sc[0m
2024.03.29 15:26:52 INFO  time: evaluated worksheet 'lab_04.worksheet.sc' in 0.54s[0m
2024.03.29 15:26:58 WARN  no build target for: /home/ione/Documents/University/Year_3/Functional_Programming/Labs/lab_04/lab_04.worksheet.sc[0m
[31merror[39m: lab_04/lab_04.worksheet.sc:82:19: 
Not found: tail
        case _ => tail 
                  ^^^^
2024.03.29 15:26:59 INFO  time: evaluated worksheet 'lab_04.worksheet.sc' in 0.39s[0m
2024.03.29 15:26:59 WARN  no build target for: /home/ione/Documents/University/Year_3/Functional_Programming/Labs/lab_04/lab_04.worksheet.sc[0m
[31merror[39m: lab_04/lab_04.worksheet.sc:82:19: 
Not found: tail
        case _ => tail 
                  ^^^^
2024.03.29 15:27:00 INFO  time: evaluated worksheet 'lab_04.worksheet.sc' in 0.35s[0m
2024.03.29 15:27:02 WARN  no build target for: /home/ione/Documents/University/Year_3/Functional_Programming/Labs/lab_04/lab_04.worksheet.sc[0m
2024.03.29 15:27:03 INFO  time: evaluated worksheet 'lab_04.worksheet.sc' in 0.7s[0m
2024.03.29 15:27:04 WARN  no build target for: /home/ione/Documents/University/Year_3/Functional_Programming/Labs/lab_04/lab_04.worksheet.sc[0m
2024.03.29 15:27:05 INFO  time: evaluated worksheet 'lab_04.worksheet.sc' in 0.67s[0m
2024.03.29 15:27:05 WARN  no build target for: /home/ione/Documents/University/Year_3/Functional_Programming/Labs/lab_04/lab_04.worksheet.sc[0m
2024.03.29 15:27:06 INFO  time: evaluated worksheet 'lab_04.worksheet.sc' in 0.66s[0m
2024.03.29 15:27:10 WARN  no build target for: /home/ione/Documents/University/Year_3/Functional_Programming/Labs/lab_04/lab_04.worksheet.sc[0m
[31merror[39m: lab_04/lab_04.worksheet.sc:86:6: 
Found:    (Int, MdocApp.this.IList)
Required: Int
drop(1, list2)
     ^^^^^^^^
2024.03.29 15:27:10 INFO  time: evaluated worksheet 'lab_04.worksheet.sc' in 0.45s[0m
2024.03.29 15:27:11 WARN  no build target for: /home/ione/Documents/University/Year_3/Functional_Programming/Labs/lab_04/lab_04.worksheet.sc[0m
[31merror[39m: lab_04/lab_04.worksheet.sc:86:6: 
Found:    (Int, MdocApp.this.IList)
Required: Int
drop(1, list2)
     ^^^^^^^^
2024.03.29 15:27:11 INFO  time: evaluated worksheet 'lab_04.worksheet.sc' in 0.42s[0m
2024.03.29 15:27:13 WARN  no build target for: /home/ione/Documents/University/Year_3/Functional_Programming/Labs/lab_04/lab_04.worksheet.sc[0m
2024.03.29 15:27:14 INFO  time: evaluated worksheet 'lab_04.worksheet.sc' in 0.78s[0m
2024.03.29 15:27:14 WARN  no build target for: /home/ione/Documents/University/Year_3/Functional_Programming/Labs/lab_04/lab_04.worksheet.sc[0m
2024.03.29 15:27:14 INFO  time: evaluated worksheet 'lab_04.worksheet.sc' in 0.74s[0m
Mar 29, 2024 3:27:16 PM org.eclipse.lsp4j.jsonrpc.RemoteEndpoint handleCancellation
WARNING: Unmatched cancel notification for request id 10418
2024.03.29 15:27:18 WARN  no build target for: /home/ione/Documents/University/Year_3/Functional_Programming/Labs/lab_04/lab_04.worksheet.sc[0m
2024.03.29 15:27:19 INFO  time: evaluated worksheet 'lab_04.worksheet.sc' in 0.68s[0m
2024.03.29 15:27:21 WARN  no build target for: /home/ione/Documents/University/Year_3/Functional_Programming/Labs/lab_04/lab_04.worksheet.sc[0m
2024.03.29 15:27:22 INFO  time: evaluated worksheet 'lab_04.worksheet.sc' in 0.62s[0m
2024.03.29 15:27:23 WARN  no build target for: /home/ione/Documents/University/Year_3/Functional_Programming/Labs/lab_04/lab_04.worksheet.sc[0m
2024.03.29 15:27:24 INFO  time: evaluated worksheet 'lab_04.worksheet.sc' in 0.69s[0m
2024.03.29 15:27:25 WARN  no build target for: /home/ione/Documents/University/Year_3/Functional_Programming/Labs/lab_04/lab_04.worksheet.sc[0m
2024.03.29 15:27:26 INFO  time: evaluated worksheet 'lab_04.worksheet.sc' in 0.68s[0m
2024.03.29 15:27:38 WARN  no build target for: /home/ione/Documents/University/Year_3/Functional_Programming/Labs/lab_04/lab_04.worksheet.sc[0m
2024.03.29 15:27:39 INFO  time: evaluated worksheet 'lab_04.worksheet.sc' in 0.64s[0m
2024.03.29 15:27:46 WARN  no build target for: /home/ione/Documents/University/Year_3/Functional_Programming/Labs/lab_04/lab_04.worksheet.sc[0m
[31merror[39m: lab_04/lab_04.worksheet.sc:90:43: 
Found:    Unit
Required: MdocApp.this.IList
def append(l1: IList, l2: IList): IList = {
                                          ^
2024.03.29 15:27:46 INFO  time: evaluated worksheet 'lab_04.worksheet.sc' in 0.42s[0m
2024.03.29 15:27:58 WARN  no build target for: /home/ione/Documents/University/Year_3/Functional_Programming/Labs/lab_04/lab_04.worksheet.sc[0m
[31merror[39m: lab_04/lab_04.worksheet.sc:93:5: case expected but } found
    }  
    ^
2024.03.29 15:27:58 INFO  time: evaluated worksheet 'lab_04.worksheet.sc' in 0.2s[0m
Mar 29, 2024 3:28:08 PM org.eclipse.lsp4j.jsonrpc.RemoteEndpoint handleCancellation
WARNING: Unmatched cancel notification for request id 10664
2024.03.29 15:28:22 WARN  no build target for: /home/ione/Documents/University/Year_3/Functional_Programming/Labs/lab_04/lab_04.worksheet.sc[0m
[31merror[39m: lab_04/lab_04.worksheet.sc:93:5: => expected but } found
    }  
    ^
2024.03.29 15:28:22 INFO  time: evaluated worksheet 'lab_04.worksheet.sc' in 0.27s[0m
2024.03.29 15:28:29 WARN  no build target for: /home/ione/Documents/University/Year_3/Functional_Programming/Labs/lab_04/lab_04.worksheet.sc[0m
[31merror[39m: lab_04/lab_04.worksheet.sc:91:5: 
Not found: l1
    l1 match{
    ^^
[31merror[39m: lab_04/lab_04.worksheet.sc:92:32: 
Not found: tail
        case Cons(x, tail) if (tail == Void) => tail = list2
                               ^^^^
[31merror[39m: lab_04/lab_04.worksheet.sc:92:49: 
Not found: tail
        case Cons(x, tail) if (tail == Void) => tail = list2
                                                ^^^^
2024.03.29 15:28:29 INFO  time: evaluated worksheet 'lab_04.worksheet.sc' in 0.37s[0m
2024.03.29 15:28:39 WARN  no build target for: /home/ione/Documents/University/Year_3/Functional_Programming/Labs/lab_04/lab_04.worksheet.sc[0m
[31merror[39m: lab_04/lab_04.worksheet.sc:94:5: => expected but } found
    }  
    ^
2024.03.29 15:28:39 INFO  time: evaluated worksheet 'lab_04.worksheet.sc' in 0.29s[0m
2024.03.29 15:28:46 WARN  no build target for: /home/ione/Documents/University/Year_3/Functional_Programming/Labs/lab_04/lab_04.worksheet.sc[0m
[31merror[39m: lab_04/lab_04.worksheet.sc:92:5: = expected but identifier found
    l1 match{
    ^^
2024.03.29 15:28:46 INFO  time: evaluated worksheet 'lab_04.worksheet.sc' in 0.26s[0m
2024.03.29 15:28:52 WARN  no build target for: /home/ione/Documents/University/Year_3/Functional_Programming/Labs/lab_04/lab_04.worksheet.sc[0m
[31merror[39m: lab_04/lab_04.worksheet.sc:94:5: => expected but } found
    }  
    ^
2024.03.29 15:28:52 INFO  time: evaluated worksheet 'lab_04.worksheet.sc' in 0.29s[0m
Mar 29, 2024 3:29:18 PM org.eclipse.lsp4j.jsonrpc.RemoteEndpoint handleCancellation
WARNING: Unmatched cancel notification for request id 11135
2024.03.29 15:29:29 WARN  no build target for: /home/ione/Documents/University/Year_3/Functional_Programming/Labs/lab_04/lab_04.worksheet.sc[0m
[31merror[39m: lab_04/lab_04.worksheet.sc:95:9: => expected but } found
        }  
        ^
2024.03.29 15:29:30 INFO  time: evaluated worksheet 'lab_04.worksheet.sc' in 0.28s[0m
2024.03.29 15:29:31 WARN  no build target for: /home/ione/Documents/University/Year_3/Functional_Programming/Labs/lab_04/lab_04.worksheet.sc[0m
[31merror[39m: lab_04/lab_04.worksheet.sc:95:9: => expected but } found
        }  
        ^
2024.03.29 15:29:31 INFO  time: evaluated worksheet 'lab_04.worksheet.sc' in 0.26s[0m
2024.03.29 15:29:38 WARN  no build target for: /home/ione/Documents/University/Year_3/Functional_Programming/Labs/lab_04/lab_04.worksheet.sc[0m
[31merror[39m: lab_04/lab_04.worksheet.sc:94:30: illegal start of simple pattern
            case _ -> append(, list2)
                             ^
2024.03.29 15:29:39 INFO  time: evaluated worksheet 'lab_04.worksheet.sc' in 0.22s[0m
2024.03.29 15:29:45 WARN  no build target for: /home/ione/Documents/University/Year_3/Functional_Programming/Labs/lab_04/lab_04.worksheet.sc[0m
[31merror[39m: lab_04/lab_04.worksheet.sc:95:9: => expected but } found
        }  
        ^
2024.03.29 15:29:45 INFO  time: evaluated worksheet 'lab_04.worksheet.sc' in 0.24s[0m
2024.03.29 15:29:46 WARN  no build target for: /home/ione/Documents/University/Year_3/Functional_Programming/Labs/lab_04/lab_04.worksheet.sc[0m
[31merror[39m: lab_04/lab_04.worksheet.sc:95:9: => expected but } found
        }  
        ^
2024.03.29 15:29:46 INFO  time: evaluated worksheet 'lab_04.worksheet.sc' in 0.18s[0m
2024.03.29 15:29:49 WARN  no build target for: /home/ione/Documents/University/Year_3/Functional_Programming/Labs/lab_04/lab_04.worksheet.sc[0m
[31merror[39m: lab_04/lab_04.worksheet.sc:95:9: => expected but } found
        }  
        ^
2024.03.29 15:29:49 INFO  time: evaluated worksheet 'lab_04.worksheet.sc' in 0.17s[0m
2024.03.29 15:29:52 WARN  no build target for: /home/ione/Documents/University/Year_3/Functional_Programming/Labs/lab_04/lab_04.worksheet.sc[0m
[31merror[39m: lab_04/lab_04.worksheet.sc:93:53: 
Reassignment to val tail
            case Cons(x, tail) if (tail == Void) => tail = list2
                                                    ^^^^^^^^^^^^
[31merror[39m: lab_04/lab_04.worksheet.sc:94:30: 
Not found: tail
            case _ => append(tail, list2)
                             ^^^^
[31merror[39m: lab_04/lab_04.worksheet.sc:97:1: 
Found:    Unit
Required: MdocApp.this.IList
}
^
2024.03.29 15:29:52 INFO  time: evaluated worksheet 'lab_04.worksheet.sc' in 0.5s[0m
2024.03.29 15:29:53 WARN  no build target for: /home/ione/Documents/University/Year_3/Functional_Programming/Labs/lab_04/lab_04.worksheet.sc[0m
[31merror[39m: lab_04/lab_04.worksheet.sc:93:53: 
Reassignment to val tail
            case Cons(x, tail) if (tail == Void) => tail = list2
                                                    ^^^^^^^^^^^^
[31merror[39m: lab_04/lab_04.worksheet.sc:94:30: 
Not found: tail
            case _ => append(tail, list2)
                             ^^^^
[31merror[39m: lab_04/lab_04.worksheet.sc:97:1: 
Found:    Unit
Required: MdocApp.this.IList
}
^
2024.03.29 15:29:53 INFO  time: evaluated worksheet 'lab_04.worksheet.sc' in 0.39s[0m
2024.03.29 15:30:36 WARN  no build target for: /home/ione/Documents/University/Year_3/Functional_Programming/Labs/lab_04/lab_04.worksheet.sc[0m
[31merror[39m: lab_04/lab_04.worksheet.sc:93:53: 
value update is not a member of object MdocApp.this.Cons
            case Cons(x, tail) if (tail == Void) => Cons() = list2
                                                    ^^^^
[31merror[39m: lab_04/lab_04.worksheet.sc:94:30: 
Not found: tail
            case _ => append(tail, list2)
                             ^^^^
[31merror[39m: lab_04/lab_04.worksheet.sc:97:1: 
Found:    Unit
Required: MdocApp.this.IList
}
^
2024.03.29 15:30:36 INFO  time: evaluated worksheet 'lab_04.worksheet.sc' in 0.38s[0m
2024.03.29 15:30:55 WARN  no build target for: /home/ione/Documents/University/Year_3/Functional_Programming/Labs/lab_04/lab_04.worksheet.sc[0m
2024.03.29 15:30:56 INFO  time: evaluated worksheet 'lab_04.worksheet.sc' in 0.62s[0m
2024.03.29 15:31:10 WARN  no build target for: /home/ione/Documents/University/Year_3/Functional_Programming/Labs/lab_04/lab_04.worksheet.sc[0m
[31merror[39m: lab_04/lab_04.worksheet.sc:101:30: 
Found:    Unit
Required: Int
def last(list: IList): Int = {
                             ^
2024.03.29 15:31:11 INFO  time: evaluated worksheet 'lab_04.worksheet.sc' in 0.35s[0m
2024.03.29 15:31:35 WARN  no build target for: /home/ione/Documents/University/Year_3/Functional_Programming/Labs/lab_04/lab_04.worksheet.sc[0m
2024.03.29 15:31:36 INFO  time: evaluated worksheet 'lab_04.worksheet.sc' in 0.67s[0m
2024.03.29 15:31:40 WARN  no build target for: /home/ione/Documents/University/Year_3/Functional_Programming/Labs/lab_04/lab_04.worksheet.sc[0m
[31merror[39m: lab_04/lab_04.worksheet.sc:104:19: 
Found:    MdocApp.this.Void.type
Required: Int
        case _ => Void
                  ^^^^
2024.03.29 15:31:40 INFO  time: evaluated worksheet 'lab_04.worksheet.sc' in 0.36s[0m
Mar 29, 2024 3:31:47 PM org.eclipse.lsp4j.jsonrpc.RemoteEndpoint handleCancellation
WARNING: Unmatched cancel notification for request id 11614
2024.03.29 15:31:59 WARN  no build target for: /home/ione/Documents/University/Year_3/Functional_Programming/Labs/lab_04/lab_04.worksheet.sc[0m
[31merror[39m: lab_04/lab_04.worksheet.sc:103:5: = expected but identifier found
    list match{
    ^^^^
2024.03.29 15:31:59 INFO  time: evaluated worksheet 'lab_04.worksheet.sc' in 0.27s[0m
2024.03.29 15:32:03 WARN  no build target for: /home/ione/Documents/University/Year_3/Functional_Programming/Labs/lab_04/lab_04.worksheet.sc[0m
[31merror[39m: lab_04/lab_04.worksheet.sc:103:5: = expected but identifier found
    element match{
    ^^^^^^^
2024.03.29 15:32:03 INFO  time: evaluated worksheet 'lab_04.worksheet.sc' in 0.24s[0m
2024.03.29 15:32:04 WARN  no build target for: /home/ione/Documents/University/Year_3/Functional_Programming/Labs/lab_04/lab_04.worksheet.sc[0m
[31merror[39m: lab_04/lab_04.worksheet.sc:103:5: = expected but identifier found
    element match{
    ^^^^^^^
2024.03.29 15:32:04 INFO  time: evaluated worksheet 'lab_04.worksheet.sc' in 0.18s[0m
2024.03.29 15:32:15 WARN  no build target for: /home/ione/Documents/University/Year_3/Functional_Programming/Labs/lab_04/lab_04.worksheet.sc[0m
[31merror[39m: lab_04/lab_04.worksheet.sc:102:9: Procedure syntax is not supported. Convert procedure `aux` to method by adding `: Unit =`.
    def aux(element: Ilist){   
        ^^^
2024.03.29 15:32:15 INFO  time: evaluated worksheet 'lab_04.worksheet.sc' in 0.28s[0m
2024.03.29 15:32:18 WARN  no build target for: /home/ione/Documents/University/Year_3/Functional_Programming/Labs/lab_04/lab_04.worksheet.sc[0m
[31merror[39m: lab_04/lab_04.worksheet.sc:102:9: Procedure syntax is not supported. Convert procedure `auxiliar` to method by adding `: Unit =`.
    def auxiliar(element: Ilist){   
        ^^^^^^^^
2024.03.29 15:32:18 INFO  time: evaluated worksheet 'lab_04.worksheet.sc' in 0.24s[0m
2024.03.29 15:32:22 WARN  no build target for: /home/ione/Documents/University/Year_3/Functional_Programming/Labs/lab_04/lab_04.worksheet.sc[0m
[31merror[39m: lab_04/lab_04.worksheet.sc:102:9: Procedure syntax is not supported. Convert procedure `auxiliar` to method by adding `: Unit =`.
    def auxiliar(element: Ilist){   
        ^^^^^^^^
2024.03.29 15:32:23 INFO  time: evaluated worksheet 'lab_04.worksheet.sc' in 0.29s[0m
2024.03.29 15:32:24 WARN  no build target for: /home/ione/Documents/University/Year_3/Functional_Programming/Labs/lab_04/lab_04.worksheet.sc[0m
[31merror[39m: lab_04/lab_04.worksheet.sc:102:9: Procedure syntax is not supported. Convert procedure `auxiliar` to method by adding `: Unit =`.
    def auxiliar(element: Ilist){   
        ^^^^^^^^
2024.03.29 15:32:24 INFO  time: evaluated worksheet 'lab_04.worksheet.sc' in 0.26s[0m
2024.03.29 15:32:27 WARN  no build target for: /home/ione/Documents/University/Year_3/Functional_Programming/Labs/lab_04/lab_04.worksheet.sc[0m
[31merror[39m: lab_04/lab_04.worksheet.sc:102:9: Procedure syntax is not supported. Convert procedure `auxiliar` to method by adding `: Unit =`.
    def auxiliar(element: Ilist){   
        ^^^^^^^^
2024.03.29 15:32:27 INFO  time: evaluated worksheet 'lab_04.worksheet.sc' in 0.19s[0m
2024.03.29 15:32:31 WARN  no build target for: /home/ione/Documents/University/Year_3/Functional_Programming/Labs/lab_04/lab_04.worksheet.sc[0m
[31merror[39m: lab_04/lab_04.worksheet.sc:102:9: Procedure syntax is not supported. Convert procedure `auxiliar` to method by adding `: Unit =`.
    def auxiliar(element: Ilist){   
        ^^^^^^^^
2024.03.29 15:32:31 INFO  time: evaluated worksheet 'lab_04.worksheet.sc' in 0.2s[0m
2024.03.29 15:32:42 WARN  no build target for: /home/ione/Documents/University/Year_3/Functional_Programming/Labs/lab_04/lab_04.worksheet.sc[0m
[31merror[39m: lab_04/lab_04.worksheet.sc:102:27: 
Not found: type Ilist
    def auxiliar(element: Ilist): Int = {   
                          ^^^^^
[31merror[39m: lab_04/lab_04.worksheet.sc:104:35: 
Not found: tail
            case Cons(x, tail) if(tail == Void) => x
                                  ^^^^
[31merror[39m: lab_04/lab_04.worksheet.sc:104:52: 
Not found: x
            case Cons(x, tail) if(tail == Void) => x
                                                   ^
[31merror[39m: lab_04/lab_04.worksheet.sc:105:20: 
Found:    Unit
Required: Int
            case _ => 
                   ^^
[31merror[39m: lab_04/lab_04.worksheet.sc:108:1: 
Found:    Unit
Required: Int
}
^
2024.03.29 15:32:43 INFO  time: evaluated worksheet 'lab_04.worksheet.sc' in 0.45s[0m
2024.03.29 15:32:52 WARN  no build target for: /home/ione/Documents/University/Year_3/Functional_Programming/Labs/lab_04/lab_04.worksheet.sc[0m
[31merror[39m: lab_04/lab_04.worksheet.sc:102:27: 
Not found: type Ilist
    def auxiliar(element: Ilist): Int = {   
                          ^^^^^
[31merror[39m: lab_04/lab_04.worksheet.sc:104:36: 
Not found: tail
            case Cons(x, tail) if (tail == Void) => x
                                   ^^^^
[31merror[39m: lab_04/lab_04.worksheet.sc:104:53: 
Not found: x
            case Cons(x, tail) if (tail == Void) => x
                                                    ^
[31merror[39m: lab_04/lab_04.worksheet.sc:105:20: 
Found:    Unit
Required: Int
            case _ => 
                   ^^
[31merror[39m: lab_04/lab_04.worksheet.sc:108:1: 
Found:    Unit
Required: Int
}
^
2024.03.29 15:32:52 INFO  time: evaluated worksheet 'lab_04.worksheet.sc' in 0.56s[0m
2024.03.29 15:32:57 WARN  no build target for: /home/ione/Documents/University/Year_3/Functional_Programming/Labs/lab_04/lab_04.worksheet.sc[0m
[31merror[39m: lab_04/lab_04.worksheet.sc:102:27: 
Not found: type Ilist
    def auxiliar(element: Ilist): Int = {   
                          ^^^^^
[31merror[39m: lab_04/lab_04.worksheet.sc:104:35: 
Not found: tail
            case Cons(x, tail) if tail == Void => x
                                  ^^^^
[31merror[39m: lab_04/lab_04.worksheet.sc:104:51: 
Not found: x
            case Cons(x, tail) if tail == Void => x
                                                  ^
[31merror[39m: lab_04/lab_04.worksheet.sc:105:20: 
Found:    Unit
Required: Int
            case _ => 
                   ^^
[31merror[39m: lab_04/lab_04.worksheet.sc:108:1: 
Found:    Unit
Required: Int
}
^
2024.03.29 15:32:57 INFO  time: evaluated worksheet 'lab_04.worksheet.sc' in 0.39s[0m
2024.03.29 15:33:10 WARN  no build target for: /home/ione/Documents/University/Year_3/Functional_Programming/Labs/lab_04/lab_04.worksheet.sc[0m
[31merror[39m: lab_04/lab_04.worksheet.sc:102:27: 
Not found: type Ilist
    def auxiliar(element: Ilist): Int = {   
                          ^^^^^
[31merror[39m: lab_04/lab_04.worksheet.sc:104:35: 
Not found: tail
            case Cons(x, tail) if tail == Void => x
                                  ^^^^
[31merror[39m: lab_04/lab_04.worksheet.sc:104:51: 
Not found: x
            case Cons(x, tail) if tail == Void => x
                                                  ^
[31merror[39m: lab_04/lab_04.worksheet.sc:107:1: 
Found:    Unit
Required: Int
}
^
2024.03.29 15:33:11 INFO  time: evaluated worksheet 'lab_04.worksheet.sc' in 0.33s[0m
2024.03.29 15:33:17 WARN  no build target for: /home/ione/Documents/University/Year_3/Functional_Programming/Labs/lab_04/lab_04.worksheet.sc[0m
[31merror[39m: lab_04/lab_04.worksheet.sc:107:1: 
Found:    Unit
Required: Int
}
^
2024.03.29 15:33:17 INFO  time: evaluated worksheet 'lab_04.worksheet.sc' in 0.43s[0m
2024.03.29 15:33:18 WARN  no build target for: /home/ione/Documents/University/Year_3/Functional_Programming/Labs/lab_04/lab_04.worksheet.sc[0m
[31merror[39m: lab_04/lab_04.worksheet.sc:107:1: 
Found:    Unit
Required: Int
}
^
2024.03.29 15:33:18 INFO  time: evaluated worksheet 'lab_04.worksheet.sc' in 0.33s[0m
2024.03.29 15:33:27 WARN  no build target for: /home/ione/Documents/University/Year_3/Functional_Programming/Labs/lab_04/lab_04.worksheet.sc[0m
2024.03.29 15:33:28 INFO  time: evaluated worksheet 'lab_04.worksheet.sc' in 0.85s[0m
2024.03.29 15:34:03 WARN  no build target for: /home/ione/Documents/University/Year_3/Functional_Programming/Labs/lab_04/lab_04.worksheet.sc[0m
[31merror[39m: lab_04/lab_04.worksheet.sc:105:32: 
Not found: tail
            case _ => auxiliar(tail)
                               ^^^^
2024.03.29 15:34:03 INFO  time: evaluated worksheet 'lab_04.worksheet.sc' in 0.52s[0m
2024.03.29 15:34:04 WARN  no build target for: /home/ione/Documents/University/Year_3/Functional_Programming/Labs/lab_04/lab_04.worksheet.sc[0m
[31merror[39m: lab_04/lab_04.worksheet.sc:105:32: 
Not found: tail
            case _ => auxiliar(tail)
                               ^^^^
2024.03.29 15:34:04 INFO  time: evaluated worksheet 'lab_04.worksheet.sc' in 0.33s[0m
2024.03.29 15:34:39 WARN  no build target for: /home/ione/Documents/University/Year_3/Functional_Programming/Labs/lab_04/lab_04.worksheet.sc[0m
2024.03.29 15:34:40 INFO  time: evaluated worksheet 'lab_04.worksheet.sc' in 0.68s[0m
2024.03.29 15:34:42 WARN  no build target for: /home/ione/Documents/University/Year_3/Functional_Programming/Labs/lab_04/lab_04.worksheet.sc[0m
2024.03.29 15:34:42 INFO  time: evaluated worksheet 'lab_04.worksheet.sc' in 0.95s[0m
2024.03.29 15:34:43 WARN  no build target for: /home/ione/Documents/University/Year_3/Functional_Programming/Labs/lab_04/lab_04.worksheet.sc[0m
2024.03.29 15:34:43 INFO  time: evaluated worksheet 'lab_04.worksheet.sc' in 0.6s[0m
2024.03.29 15:34:48 WARN  no build target for: /home/ione/Documents/University/Year_3/Functional_Programming/Labs/lab_04/lab_04.worksheet.sc[0m
2024.03.29 15:34:49 INFO  time: evaluated worksheet 'lab_04.worksheet.sc' in 0.81s[0m
2024.03.29 15:34:52 WARN  no build target for: /home/ione/Documents/University/Year_3/Functional_Programming/Labs/lab_04/lab_04.worksheet.sc[0m
2024.03.29 15:34:52 INFO  time: evaluated worksheet 'lab_04.worksheet.sc' in 0.58s[0m
2024.03.29 15:35:08 WARN  no build target for: /home/ione/Documents/University/Year_3/Functional_Programming/Labs/lab_04/lab_04.worksheet.sc[0m
2024.03.29 15:35:09 INFO  time: evaluated worksheet 'lab_04.worksheet.sc' in 0.66s[0m
2024.03.29 15:35:09 WARN  no build target for: /home/ione/Documents/University/Year_3/Functional_Programming/Labs/lab_04/lab_04.worksheet.sc[0m
2024.03.29 15:35:10 INFO  time: evaluated worksheet 'lab_04.worksheet.sc' in 0.64s[0m
2024.03.29 15:35:13 WARN  no build target for: /home/ione/Documents/University/Year_3/Functional_Programming/Labs/lab_04/lab_04.worksheet.sc[0m
Mar 29, 2024 3:35:13 PM org.eclipse.lsp4j.jsonrpc.RemoteEndpoint handleCancellation
WARNING: Unmatched cancel notification for request id 12334
2024.03.29 15:35:14 INFO  time: evaluated worksheet 'lab_04.worksheet.sc' in 0.9s[0m
2024.03.29 15:35:17 WARN  no build target for: /home/ione/Documents/University/Year_3/Functional_Programming/Labs/lab_04/lab_04.worksheet.sc[0m
2024.03.29 15:35:17 WARN  no build target for: /home/ione/Documents/University/Year_3/Functional_Programming/Labs/lab_04/lab_04.worksheet.sc[0m
2024.03.29 15:35:18 INFO  time: evaluated worksheet 'lab_04.worksheet.sc' in 1s[0m
2024.03.29 15:35:19 INFO  time: evaluated worksheet 'lab_04.worksheet.sc' in 0.84s[0m
2024.03.29 15:35:42 WARN  no build target for: /home/ione/Documents/University/Year_3/Functional_Programming/Labs/lab_04/lab_04.worksheet.sc[0m
[31merror[39m: lab_04/lab_04.worksheet.sc:106:20: 
Found:    Unit
Required: Int
            case _ => 
                   ^^
2024.03.29 15:35:42 INFO  time: evaluated worksheet 'lab_04.worksheet.sc' in 0.47s[0m
2024.03.29 15:35:43 WARN  no build target for: /home/ione/Documents/University/Year_3/Functional_Programming/Labs/lab_04/lab_04.worksheet.sc[0m
[31merror[39m: lab_04/lab_04.worksheet.sc:106:23: 
Found:    MdocApp.this.Void.type
Required: Int
            case _ => Void
                      ^^^^
2024.03.29 15:35:44 INFO  time: evaluated worksheet 'lab_04.worksheet.sc' in 0.39s[0m
2024.03.29 15:35:44 WARN  no build target for: /home/ione/Documents/University/Year_3/Functional_Programming/Labs/lab_04/lab_04.worksheet.sc[0m
[31merror[39m: lab_04/lab_04.worksheet.sc:106:23: 
Found:    MdocApp.this.Void.type
Required: Int
            case _ => Void
                      ^^^^
2024.03.29 15:35:45 INFO  time: evaluated worksheet 'lab_04.worksheet.sc' in 0.5s[0m
Mar 29, 2024 3:35:48 PM org.eclipse.lsp4j.jsonrpc.RemoteEndpoint handleCancellation
WARNING: Unmatched cancel notification for request id 12533
2024.03.29 15:35:48 WARN  no build target for: /home/ione/Documents/University/Year_3/Functional_Programming/Labs/lab_04/lab_04.worksheet.sc[0m
2024.03.29 15:35:49 INFO  time: evaluated worksheet 'lab_04.worksheet.sc' in 0.64s[0m
2024.03.29 15:36:50 WARN  no build target for: /home/ione/Documents/University/Year_3/Functional_Programming/Labs/lab_04/lab_04.worksheet.sc[0m
[31merror[39m: lab_04/lab_04.worksheet.sc:106:32: 
Not found: NoSuchElementException
            case Void => throw NoSuchElementException
                               ^^^^^^^^^^^^^^^^^^^^^^
2024.03.29 15:36:50 INFO  time: evaluated worksheet 'lab_04.worksheet.sc' in 0.65s[0m
2024.03.29 15:36:52 WARN  no build target for: /home/ione/Documents/University/Year_3/Functional_Programming/Labs/lab_04/lab_04.worksheet.sc[0m
[31merror[39m: lab_04/lab_04.worksheet.sc:106:32: 
Not found: NoSuchElementException
            case Void => throw NoSuchElementException
                               ^^^^^^^^^^^^^^^^^^^^^^
2024.03.29 15:36:52 INFO  time: evaluated worksheet 'lab_04.worksheet.sc' in 0.38s[0m
2024.03.29 15:36:57 WARN  no build target for: /home/ione/Documents/University/Year_3/Functional_Programming/Labs/lab_04/lab_04.worksheet.sc[0m
[31merror[39m: lab_04/lab_04.worksheet.sc:107:32: 
Java defined class NoSuchElementException is not a value
            case Void => throw ju.NoSuchElementException
                               ^^^^^^^^^^^^^^^^^^^^^^^^^
2024.03.29 15:36:57 INFO  time: evaluated worksheet 'lab_04.worksheet.sc' in 0.52s[0m
2024.03.29 15:37:03 WARN  no build target for: /home/ione/Documents/University/Year_3/Functional_Programming/Labs/lab_04/lab_04.worksheet.sc[0m
[31merror[39m: lab_04/lab_04.worksheet.sc:106:32: 
Not found: exce
            case Void => throw exce
                               ^^^^
2024.03.29 15:37:03 INFO  time: evaluated worksheet 'lab_04.worksheet.sc' in 0.53s[0m
2024.03.29 15:37:18 WARN  no build target for: /home/ione/Documents/University/Year_3/Functional_Programming/Labs/lab_04/lab_04.worksheet.sc[0m
2024.03.29 15:37:19 INFO  time: evaluated worksheet 'lab_04.worksheet.sc' in 0.89s[0m
Mar 29, 2024 3:37:29 PM org.eclipse.lsp4j.jsonrpc.RemoteEndpoint handleCancellation
WARNING: Unmatched cancel notification for request id 12751
2024.03.29 15:37:38 WARN  no build target for: /home/ione/Documents/University/Year_3/Functional_Programming/Labs/lab_04/lab_04.worksheet.sc[0m
[31merror[39m: lab_04/lab_04.worksheet.sc:112:1: { expected but } found
}
^
2024.03.29 15:37:38 INFO  time: evaluated worksheet 'lab_04.worksheet.sc' in 0.29s[0m
2024.03.29 15:37:40 WARN  no build target for: /home/ione/Documents/University/Year_3/Functional_Programming/Labs/lab_04/lab_04.worksheet.sc[0m
[31merror[39m: lab_04/lab_04.worksheet.sc:111:1: { expected but } found
}
^
2024.03.29 15:37:40 INFO  time: evaluated worksheet 'lab_04.worksheet.sc' in 0.21s[0m
2024.03.29 15:38:03 WARN  no build target for: /home/ione/Documents/University/Year_3/Functional_Programming/Labs/lab_04/lab_04.worksheet.sc[0m
2024.03.29 15:38:04 INFO  time: evaluated worksheet 'lab_04.worksheet.sc' in 0.87s[0m
2024.03.29 15:38:06 WARN  no build target for: /home/ione/Documents/University/Year_3/Functional_Programming/Labs/lab_04/lab_04.worksheet.sc[0m
2024.03.29 15:38:06 INFO  time: evaluated worksheet 'lab_04.worksheet.sc' in 0.67s[0m
2024.03.29 15:38:37 WARN  no build target for: /home/ione/Documents/University/Year_3/Functional_Programming/Labs/lab_04/lab_04.worksheet.sc[0m
2024.03.29 15:38:38 INFO  time: evaluated worksheet 'lab_04.worksheet.sc' in 0.86s[0m
2024.03.29 15:38:38 WARN  no build target for: /home/ione/Documents/University/Year_3/Functional_Programming/Labs/lab_04/lab_04.worksheet.sc[0m
2024.03.29 15:38:39 INFO  time: evaluated worksheet 'lab_04.worksheet.sc' in 0.77s[0m
2024.03.29 15:38:42 WARN  no build target for: /home/ione/Documents/University/Year_3/Functional_Programming/Labs/lab_04/lab_04.worksheet.sc[0m
2024.03.29 15:38:42 INFO  time: evaluated worksheet 'lab_04.worksheet.sc' in 0.69s[0m
2024.03.29 15:39:35 WARN  no build target for: /home/ione/Documents/University/Year_3/Functional_Programming/Labs/lab_04/lab_04.worksheet.sc[0m
2024.03.29 15:39:35 INFO  time: evaluated worksheet 'lab_04.worksheet.sc' in 0.77s[0m
2024.03.29 15:39:35 WARN  no build target for: /home/ione/Documents/University/Year_3/Functional_Programming/Labs/lab_04/lab_04.worksheet.sc[0m
2024.03.29 15:39:36 INFO  time: evaluated worksheet 'lab_04.worksheet.sc' in 0.67s[0m
2024.03.29 15:39:38 WARN  no build target for: /home/ione/Documents/University/Year_3/Functional_Programming/Labs/lab_04/lab_04.worksheet.sc[0m
2024.03.29 15:39:39 INFO  time: evaluated worksheet 'lab_04.worksheet.sc' in 0.74s[0m
Mar 29, 2024 3:39:42 PM org.eclipse.lsp4j.jsonrpc.RemoteEndpoint handleCancellation
WARNING: Unmatched cancel notification for request id 13143
2024.03.29 15:39:52 WARN  no build target for: /home/ione/Documents/University/Year_3/Functional_Programming/Labs/lab_04/lab_04.worksheet.sc[0m
2024.03.29 15:39:53 INFO  time: evaluated worksheet 'lab_04.worksheet.sc' in 0.69s[0m
2024.03.29 15:40:02 WARN  no build target for: /home/ione/Documents/University/Year_3/Functional_Programming/Labs/lab_04/lab_04.worksheet.sc[0m
2024.03.29 15:40:03 INFO  time: evaluated worksheet 'lab_04.worksheet.sc' in 0.68s[0m
Mar 29, 2024 3:40:28 PM org.eclipse.lsp4j.jsonrpc.RemoteEndpoint handleCancellation
WARNING: Unmatched cancel notification for request id 13182
2024.03.29 15:41:14 WARN  no build target for: /home/ione/Documents/University/Year_3/Functional_Programming/Labs/lab_04/lab_04.worksheet.sc[0m
2024.03.29 15:41:15 WARN  no build target for: /home/ione/Documents/University/Year_3/Functional_Programming/Labs/lab_04/lab_04.worksheet.sc[0m
2024.03.29 15:41:15 INFO  time: evaluated worksheet 'lab_04.worksheet.sc' in 0.67s[0m
2024.03.29 15:41:15 INFO  time: evaluated worksheet 'lab_04.worksheet.sc' in 0.62s[0m
2024.03.29 15:42:15 ERROR Failed to tokenize input for semantic tokens for /home/ione/Documents/University/Year_3/Functional_Programming/Labs/lab_04/lab_04.worksheet.sc
scala.meta.tokenizers.TokenizeException: <input>:102: error: unclosed comment
  /* def last(list: IList): Int = {
  ^
	at scala.meta.internal.tokenizers.Reporter.incompleteInputError(Reporter.scala:27)
	at scala.meta.internal.tokenizers.Reporter.incompleteInputError$(Reporter.scala:26)
	at scala.meta.internal.tokenizers.Reporter$$anon$1.incompleteInputError(Reporter.scala:33)
	at scala.meta.internal.tokenizers.Reporter.incompleteInputError(Reporter.scala:29)
	at scala.meta.internal.tokenizers.Reporter.incompleteInputError$(Reporter.scala:29)
	at scala.meta.internal.tokenizers.Reporter$$anon$1.incompleteInputError(Reporter.scala:33)
	at scala.meta.internal.tokenizers.LegacyScanner.skipNestedComments(LegacyScanner.scala:52)
	at scala.meta.internal.tokenizers.LegacyScanner.skipToCommentEnd(LegacyScanner.scala:71)
	at scala.meta.internal.tokenizers.LegacyScanner.fetchToken(LegacyScanner.scala:313)
	at scala.meta.internal.tokenizers.LegacyScanner.nextToken(LegacyScanner.scala:211)
	at scala.meta.internal.tokenizers.LegacyScanner.foreach(LegacyScanner.scala:1011)
	at scala.meta.internal.tokenizers.ScalametaTokenizer.uncachedTokenize(ScalametaTokenizer.scala:24)
	at scala.meta.internal.tokenizers.ScalametaTokenizer.$anonfun$tokenize$1(ScalametaTokenizer.scala:17)
	at scala.collection.concurrent.TrieMap.getOrElseUpdate(TrieMap.scala:962)
	at scala.meta.internal.tokenizers.ScalametaTokenizer.tokenize(ScalametaTokenizer.scala:17)
	at scala.meta.internal.tokenizers.ScalametaTokenizer$$anon$2.apply(ScalametaTokenizer.scala:332)
	at scala.meta.tokenizers.Api$XtensionTokenizeDialectInput.tokenize(Api.scala:25)
	at scala.meta.tokenizers.Api$XtensionTokenizeInputLike.tokenize(Api.scala:14)
	at scala.meta.internal.metals.SemanticTokensProvider$.getTokens(SemanticTokensProvider.scala:28)
	at scala.meta.internal.metals.SemanticTokensProvider$.provide(SemanticTokensProvider.scala:89)
	at scala.meta.internal.metals.Compilers.$anonfun$semanticTokens$3(Compilers.scala:541)
	at scala.concurrent.impl.Promise$Transformation.run(Promise.scala:467)
	at java.util.concurrent.ThreadPoolExecutor.runWorker(ThreadPoolExecutor.java:1136)
	at java.util.concurrent.ThreadPoolExecutor$Worker.run(ThreadPoolExecutor.java:635)
	at java.lang.Thread.run(Thread.java:833)
[0m
2024.03.29 15:42:18 ERROR Failed to tokenize input for semantic tokens for /home/ione/Documents/University/Year_3/Functional_Programming/Labs/lab_04/lab_04.worksheet.sc
scala.meta.tokenizers.TokenizeException: <input>:102: error: unclosed comment
  /* def last(list: IList): Int = {
  ^
	at scala.meta.internal.tokenizers.Reporter.incompleteInputError(Reporter.scala:27)
	at scala.meta.internal.tokenizers.Reporter.incompleteInputError$(Reporter.scala:26)
	at scala.meta.internal.tokenizers.Reporter$$anon$1.incompleteInputError(Reporter.scala:33)
	at scala.meta.internal.tokenizers.Reporter.incompleteInputError(Reporter.scala:29)
	at scala.meta.internal.tokenizers.Reporter.incompleteInputError$(Reporter.scala:29)
	at scala.meta.internal.tokenizers.Reporter$$anon$1.incompleteInputError(Reporter.scala:33)
	at scala.meta.internal.tokenizers.LegacyScanner.skipNestedComments(LegacyScanner.scala:52)
	at scala.meta.internal.tokenizers.LegacyScanner.skipToCommentEnd(LegacyScanner.scala:71)
	at scala.meta.internal.tokenizers.LegacyScanner.fetchToken(LegacyScanner.scala:313)
	at scala.meta.internal.tokenizers.LegacyScanner.nextToken(LegacyScanner.scala:211)
	at scala.meta.internal.tokenizers.LegacyScanner.foreach(LegacyScanner.scala:1011)
	at scala.meta.internal.tokenizers.ScalametaTokenizer.uncachedTokenize(ScalametaTokenizer.scala:24)
	at scala.meta.internal.tokenizers.ScalametaTokenizer.$anonfun$tokenize$1(ScalametaTokenizer.scala:17)
	at scala.collection.concurrent.TrieMap.getOrElseUpdate(TrieMap.scala:962)
	at scala.meta.internal.tokenizers.ScalametaTokenizer.tokenize(ScalametaTokenizer.scala:17)
	at scala.meta.internal.tokenizers.ScalametaTokenizer$$anon$2.apply(ScalametaTokenizer.scala:332)
	at scala.meta.tokenizers.Api$XtensionTokenizeDialectInput.tokenize(Api.scala:25)
	at scala.meta.tokenizers.Api$XtensionTokenizeInputLike.tokenize(Api.scala:14)
	at scala.meta.internal.metals.SemanticTokensProvider$.getTokens(SemanticTokensProvider.scala:28)
	at scala.meta.internal.metals.SemanticTokensProvider$.provide(SemanticTokensProvider.scala:89)
	at scala.meta.internal.metals.Compilers.$anonfun$semanticTokens$3(Compilers.scala:541)
	at scala.concurrent.impl.Promise$Transformation.run(Promise.scala:467)
	at java.util.concurrent.ThreadPoolExecutor.runWorker(ThreadPoolExecutor.java:1136)
	at java.util.concurrent.ThreadPoolExecutor$Worker.run(ThreadPoolExecutor.java:635)
	at java.lang.Thread.run(Thread.java:833)
[0m
Mar 29, 2024 3:43:10 PM org.eclipse.lsp4j.jsonrpc.RemoteEndpoint handleCancellation
WARNING: Unmatched cancel notification for request id 13382
2024.03.29 15:44:08 WARN  no build target for: /home/ione/Documents/University/Year_3/Functional_Programming/Labs/lab_04/lab_04.worksheet.sc[0m
[31merror[39m: lab_04/lab_04.worksheet.sc:118:1: illegal start of simple expression
}
^
2024.03.29 15:44:08 INFO  time: evaluated worksheet 'lab_04.worksheet.sc' in 0.25s[0m
2024.03.29 15:44:10 WARN  no build target for: /home/ione/Documents/University/Year_3/Functional_Programming/Labs/lab_04/lab_04.worksheet.sc[0m
[31merror[39m: lab_04/lab_04.worksheet.sc:118:1: illegal start of simple expression
}
^
2024.03.29 15:44:11 INFO  time: evaluated worksheet 'lab_04.worksheet.sc' in 0.17s[0m
2024.03.29 15:44:25 WARN  no build target for: /home/ione/Documents/University/Year_3/Functional_Programming/Labs/lab_04/lab_04.worksheet.sc[0m
[31merror[39m: lab_04/lab_04.worksheet.sc:118:14: 
value tail is not a member of MdocApp.this.IList - did you mean list.wait?
        last(list.tail)
             ^^^^^^^^^
2024.03.29 15:44:25 INFO  time: evaluated worksheet 'lab_04.worksheet.sc' in 0.38s[0m
2024.03.29 15:44:29 WARN  no build target for: /home/ione/Documents/University/Year_3/Functional_Programming/Labs/lab_04/lab_04.worksheet.sc[0m
[31merror[39m: lab_04/lab_04.worksheet.sc:118:9: 
missing argument for parameter list of method last in class MdocApp: (list: MdocApp.this.IList): Int
        last()
        ^^^^^^
2024.03.29 15:44:29 INFO  time: evaluated worksheet 'lab_04.worksheet.sc' in 0.52s[0m
Mar 29, 2024 3:44:46 PM org.eclipse.lsp4j.jsonrpc.RemoteEndpoint fallbackResponseError
SEVERE: Internal error: java.lang.StringIndexOutOfBoundsException: begin 2894, end 2907, length 2906
java.util.concurrent.CompletionException: java.lang.StringIndexOutOfBoundsException: begin 2894, end 2907, length 2906
	at java.base/java.util.concurrent.CompletableFuture.encodeThrowable(CompletableFuture.java:332)
	at java.base/java.util.concurrent.CompletableFuture.completeThrowable(CompletableFuture.java:347)
	at java.base/java.util.concurrent.CompletableFuture$UniAccept.tryFire(CompletableFuture.java:708)
	at java.base/java.util.concurrent.CompletableFuture.postComplete(CompletableFuture.java:510)
	at java.base/java.util.concurrent.CompletableFuture.completeExceptionally(CompletableFuture.java:2162)
	at scala.meta.internal.metals.CancelTokens$.$anonfun$future$1(CancelTokens.scala:40)
	at scala.meta.internal.metals.CancelTokens$.$anonfun$future$1$adapted(CancelTokens.scala:38)
	at scala.concurrent.impl.Promise$Transformation.run(Promise.scala:484)
	at java.base/java.util.concurrent.ThreadPoolExecutor.runWorker(ThreadPoolExecutor.java:1136)
	at java.base/java.util.concurrent.ThreadPoolExecutor$Worker.run(ThreadPoolExecutor.java:635)
	at java.base/java.lang.Thread.run(Thread.java:833)
Caused by: java.lang.StringIndexOutOfBoundsException: begin 2894, end 2907, length 2906
	at java.base/java.lang.String.checkBoundsBeginEnd(String.java:4601)
	at java.base/java.lang.String.substring(String.java:2704)
	at scala.meta.internal.metals.codeactions.FlatMapToForComprehensionCodeAction.getIndentForPos(FlatMapToForComprehensionCodeAction.scala:677)
	at scala.meta.internal.metals.codeactions.FlatMapToForComprehensionCodeAction.$anonfun$contribute$4(FlatMapToForComprehensionCodeAction.scala:57)
	at scala.Option.map(Option.scala:242)
	at scala.meta.internal.metals.codeactions.FlatMapToForComprehensionCodeAction.$anonfun$contribute$3(FlatMapToForComprehensionCodeAction.scala:53)
	at scala.Option.flatMap(Option.scala:283)
	at scala.meta.internal.metals.codeactions.FlatMapToForComprehensionCodeAction.$anonfun$contribute$2(FlatMapToForComprehensionCodeAction.scala:52)
	at scala.Option.flatMap(Option.scala:283)
	at scala.meta.internal.metals.codeactions.FlatMapToForComprehensionCodeAction.$anonfun$contribute$1(FlatMapToForComprehensionCodeAction.scala:51)
	at scala.concurrent.Future$.$anonfun$apply$1(Future.scala:687)
	at scala.concurrent.impl.Promise$Transformation.run(Promise.scala:467)
	... 3 more

Mar 29, 2024 3:44:48 PM org.eclipse.lsp4j.jsonrpc.services.GenericEndpoint notify
INFO: Unsupported notification method: $/setTrace
2024.03.29 15:44:58 ERROR Failed to tokenize input for semantic tokens for /home/ione/Documents/University/Year_3/Functional_Programming/Labs/lab_04/lab_04.worksheet.sc
scala.meta.tokenizers.TokenizeException: <input>:91: error: unclosed comment
  /* def append(list1: IList, list2: IList): IList = {
  ^
	at scala.meta.internal.tokenizers.Reporter.incompleteInputError(Reporter.scala:27)
	at scala.meta.internal.tokenizers.Reporter.incompleteInputError$(Reporter.scala:26)
	at scala.meta.internal.tokenizers.Reporter$$anon$1.incompleteInputError(Reporter.scala:33)
	at scala.meta.internal.tokenizers.Reporter.incompleteInputError(Reporter.scala:29)
	at scala.meta.internal.tokenizers.Reporter.incompleteInputError$(Reporter.scala:29)
	at scala.meta.internal.tokenizers.Reporter$$anon$1.incompleteInputError(Reporter.scala:33)
	at scala.meta.internal.tokenizers.LegacyScanner.skipNestedComments(LegacyScanner.scala:52)
	at scala.meta.internal.tokenizers.LegacyScanner.skipToCommentEnd(LegacyScanner.scala:71)
	at scala.meta.internal.tokenizers.LegacyScanner.fetchToken(LegacyScanner.scala:313)
	at scala.meta.internal.tokenizers.LegacyScanner.nextToken(LegacyScanner.scala:211)
	at scala.meta.internal.tokenizers.LegacyScanner.foreach(LegacyScanner.scala:1011)
	at scala.meta.internal.tokenizers.ScalametaTokenizer.uncachedTokenize(ScalametaTokenizer.scala:24)
	at scala.meta.internal.tokenizers.ScalametaTokenizer.$anonfun$tokenize$1(ScalametaTokenizer.scala:17)
	at scala.collection.concurrent.TrieMap.getOrElseUpdate(TrieMap.scala:962)
	at scala.meta.internal.tokenizers.ScalametaTokenizer.tokenize(ScalametaTokenizer.scala:17)
	at scala.meta.internal.tokenizers.ScalametaTokenizer$$anon$2.apply(ScalametaTokenizer.scala:332)
	at scala.meta.tokenizers.Api$XtensionTokenizeDialectInput.tokenize(Api.scala:25)
	at scala.meta.tokenizers.Api$XtensionTokenizeInputLike.tokenize(Api.scala:14)
	at scala.meta.internal.metals.SemanticTokensProvider$.getTokens(SemanticTokensProvider.scala:28)
	at scala.meta.internal.metals.SemanticTokensProvider$.provide(SemanticTokensProvider.scala:89)
	at scala.meta.internal.metals.Compilers.$anonfun$semanticTokens$3(Compilers.scala:541)
	at scala.concurrent.impl.Promise$Transformation.run(Promise.scala:467)
	at java.util.concurrent.ThreadPoolExecutor.runWorker(ThreadPoolExecutor.java:1136)
	at java.util.concurrent.ThreadPoolExecutor$Worker.run(ThreadPoolExecutor.java:635)
	at java.lang.Thread.run(Thread.java:833)
[0m
2024.03.29 15:44:58 WARN  no build target for: /home/ione/Documents/University/Year_3/Functional_Programming/Labs/lab_04/lab_04.worksheet.sc[0m
[31merror[39m: lab_04/lab_04.worksheet.sc:90:1: unclosed comment
/* def append(list1: IList, list2: IList): IList = {
^
2024.03.29 15:44:58 INFO  time: evaluated worksheet 'lab_04.worksheet.sc' in 0.22s[0m
2024.03.29 15:44:58 ERROR Failed to tokenize input for semantic tokens for /home/ione/Documents/University/Year_3/Functional_Programming/Labs/lab_04/lab_04.worksheet.sc
scala.meta.tokenizers.TokenizeException: <input>:91: error: unclosed comment
  /* def append(list1: IList, list2: IList): IList = {
  ^
	at scala.meta.internal.tokenizers.Reporter.incompleteInputError(Reporter.scala:27)
	at scala.meta.internal.tokenizers.Reporter.incompleteInputError$(Reporter.scala:26)
	at scala.meta.internal.tokenizers.Reporter$$anon$1.incompleteInputError(Reporter.scala:33)
	at scala.meta.internal.tokenizers.Reporter.incompleteInputError(Reporter.scala:29)
	at scala.meta.internal.tokenizers.Reporter.incompleteInputError$(Reporter.scala:29)
	at scala.meta.internal.tokenizers.Reporter$$anon$1.incompleteInputError(Reporter.scala:33)
	at scala.meta.internal.tokenizers.LegacyScanner.skipNestedComments(LegacyScanner.scala:52)
	at scala.meta.internal.tokenizers.LegacyScanner.skipToCommentEnd(LegacyScanner.scala:71)
	at scala.meta.internal.tokenizers.LegacyScanner.fetchToken(LegacyScanner.scala:313)
	at scala.meta.internal.tokenizers.LegacyScanner.nextToken(LegacyScanner.scala:211)
	at scala.meta.internal.tokenizers.LegacyScanner.foreach(LegacyScanner.scala:1011)
	at scala.meta.internal.tokenizers.ScalametaTokenizer.uncachedTokenize(ScalametaTokenizer.scala:24)
	at scala.meta.internal.tokenizers.ScalametaTokenizer.$anonfun$tokenize$1(ScalametaTokenizer.scala:17)
	at scala.collection.concurrent.TrieMap.getOrElseUpdate(TrieMap.scala:962)
	at scala.meta.internal.tokenizers.ScalametaTokenizer.tokenize(ScalametaTokenizer.scala:17)
	at scala.meta.internal.tokenizers.ScalametaTokenizer$$anon$2.apply(ScalametaTokenizer.scala:332)
	at scala.meta.tokenizers.Api$XtensionTokenizeDialectInput.tokenize(Api.scala:25)
	at scala.meta.tokenizers.Api$XtensionTokenizeInputLike.tokenize(Api.scala:14)
	at scala.meta.internal.metals.SemanticTokensProvider$.getTokens(SemanticTokensProvider.scala:28)
	at scala.meta.internal.metals.SemanticTokensProvider$.provide(SemanticTokensProvider.scala:89)
	at scala.meta.internal.metals.Compilers.$anonfun$semanticTokens$3(Compilers.scala:541)
	at scala.concurrent.impl.Promise$Transformation.run(Promise.scala:467)
	at java.util.concurrent.ThreadPoolExecutor.runWorker(ThreadPoolExecutor.java:1136)
	at java.util.concurrent.ThreadPoolExecutor$Worker.run(ThreadPoolExecutor.java:635)
	at java.lang.Thread.run(Thread.java:833)
[0m
2024.03.29 15:44:59 WARN  no build target for: /home/ione/Documents/University/Year_3/Functional_Programming/Labs/lab_04/lab_04.worksheet.sc[0m
[31merror[39m: lab_04/lab_04.worksheet.sc:93:53: 
value update is not a member of object MdocApp.this.Cons
            case Cons(x, tail) if (tail == Void) => Cons() = list2
                                                    ^^^^
[31merror[39m: lab_04/lab_04.worksheet.sc:94:30: 
Not found: tail
            case _ => append(tail, list2)
                             ^^^^
[31merror[39m: lab_04/lab_04.worksheet.sc:97:2: 
Found:    Unit
Required: MdocApp.this.IList
}
 ^
[31merror[39m: lab_04/lab_04.worksheet.sc:118:9: 
Not found: s
        s
        ^
2024.03.29 15:45:00 INFO  time: evaluated worksheet 'lab_04.worksheet.sc' in 0.45s[0m
2024.03.29 15:45:02 WARN  no build target for: /home/ione/Documents/University/Year_3/Functional_Programming/Labs/lab_04/lab_04.worksheet.sc[0m
[31merror[39m: lab_04/lab_04.worksheet.sc:118:9: 
Not found: s
        s
        ^
2024.03.29 15:45:02 INFO  time: evaluated worksheet 'lab_04.worksheet.sc' in 0.42s[0m
2024.03.29 15:45:05 WARN  no build target for: /home/ione/Documents/University/Year_3/Functional_Programming/Labs/lab_04/lab_04.worksheet.sc[0m
[31merror[39m: lab_04/lab_04.worksheet.sc:118:9: 
Not found: s
        s
        ^
2024.03.29 15:45:05 INFO  time: evaluated worksheet 'lab_04.worksheet.sc' in 0.48s[0m
2024.03.29 15:45:06 WARN  no build target for: /home/ione/Documents/University/Year_3/Functional_Programming/Labs/lab_04/lab_04.worksheet.sc[0m
[31merror[39m: lab_04/lab_04.worksheet.sc:120:1: illegal start of simple expression
}
^
2024.03.29 15:45:07 INFO  time: evaluated worksheet 'lab_04.worksheet.sc' in 0.2s[0m
2024.03.29 15:45:22 WARN  no build target for: /home/ione/Documents/University/Year_3/Functional_Programming/Labs/lab_04/lab_04.worksheet.sc[0m
[31merror[39m: lab_04/lab_04.worksheet.sc:118:23: ; expected but => found
        Cons(_, tail) => last()
                      ^^
2024.03.29 15:45:23 INFO  time: evaluated worksheet 'lab_04.worksheet.sc' in 0.2s[0m
2024.03.29 15:45:24 WARN  no build target for: /home/ione/Documents/University/Year_3/Functional_Programming/Labs/lab_04/lab_04.worksheet.sc[0m
[31merror[39m: lab_04/lab_04.worksheet.sc:118:23: ; expected but => found
        Cons(_, tail) => last(tail)
                      ^^
2024.03.29 15:45:24 INFO  time: evaluated worksheet 'lab_04.worksheet.sc' in 0.26s[0m
2024.03.29 15:45:31 WARN  no build target for: /home/ione/Documents/University/Year_3/Functional_Programming/Labs/lab_04/lab_04.worksheet.sc[0m
[31merror[39m: lab_04/lab_04.worksheet.sc:118:17: 
Not found: tail
        Cons(_, tail); last(tail)
                ^^^^
[31merror[39m: lab_04/lab_04.worksheet.sc:118:29: 
Not found: tail
        Cons(_, tail); last(tail)
                            ^^^^
2024.03.29 15:45:31 INFO  time: evaluated worksheet 'lab_04.worksheet.sc' in 0.41s[0m
2024.03.29 15:45:36 WARN  no build target for: /home/ione/Documents/University/Year_3/Functional_Programming/Labs/lab_04/lab_04.worksheet.sc[0m
[31merror[39m: lab_04/lab_04.worksheet.sc:118:14: 
Found:    MdocApp.this.Cons.type
Required: MdocApp.this.IList
        last(Cons)
             ^^^^
2024.03.29 15:45:36 INFO  time: evaluated worksheet 'lab_04.worksheet.sc' in 0.41s[0m
2024.03.29 15:45:38 WARN  no build target for: /home/ione/Documents/University/Year_3/Functional_Programming/Labs/lab_04/lab_04.worksheet.sc[0m
[31merror[39m: lab_04/lab_04.worksheet.sc:118:9: 
missing argument for parameter list of method last in class MdocApp: (list: MdocApp.this.IList): Int
        last()
        ^^^^^^
2024.03.29 15:45:38 INFO  time: evaluated worksheet 'lab_04.worksheet.sc' in 0.33s[0m
Mar 29, 2024 3:46:06 PM scala.meta.internal.pc.CompilerAccess handleError
SEVERE: A severe compiler error occurred, full details of the error can be found in the error report /home/ione/Documents/University/Year_3/Functional_Programming/Labs/.metals/.reports/metals-full/2024-03-29/r_compiler-error_15-46-06-153.md
2024.03.29 15:46:15 WARN  no build target for: /home/ione/Documents/University/Year_3/Functional_Programming/Labs/lab_04/lab_04.worksheet.sc[0m
2024.03.29 15:46:16 INFO  time: evaluated worksheet 'lab_04.worksheet.sc' in 0.77s[0m
2024.03.29 15:47:03 WARN  no build target for: /home/ione/Documents/University/Year_3/Functional_Programming/Labs/lab_04/lab_04.worksheet.sc[0m
[31merror[39m: lab_04/lab_04.worksheet.sc:121:9: illegal start of simple expression
        case Void => throw new IllegalArgumentException
        ^^^^
2024.03.29 15:47:03 INFO  time: evaluated worksheet 'lab_04.worksheet.sc' in 0.27s[0m
2024.03.29 15:47:05 WARN  no build target for: /home/ione/Documents/University/Year_3/Functional_Programming/Labs/lab_04/lab_04.worksheet.sc[0m
[31merror[39m: lab_04/lab_04.worksheet.sc:121:9: illegal start of simple expression
        case Void => throw new IllegalArgumentException
        ^^^^
2024.03.29 15:47:05 INFO  time: evaluated worksheet 'lab_04.worksheet.sc' in 0.2s[0m
2024.03.29 15:47:24 WARN  no build target for: /home/ione/Documents/University/Year_3/Functional_Programming/Labs/lab_04/lab_04.worksheet.sc[0m
[31merror[39m: lab_04/lab_04.worksheet.sc:121:9: illegal start of simple expression
        case Void => throw new IllegalArgumentException
        ^^^^
2024.03.29 15:47:25 INFO  time: evaluated worksheet 'lab_04.worksheet.sc' in 0.24s[0m
Mar 29, 2024 3:47:30 PM org.eclipse.lsp4j.jsonrpc.RemoteEndpoint handleCancellation
WARNING: Unmatched cancel notification for request id 14397
Mar 29, 2024 3:47:30 PM org.eclipse.lsp4j.jsonrpc.RemoteEndpoint handleCancellation
WARNING: Unmatched cancel notification for request id 14400
2024.03.29 15:48:08 WARN  no build target for: /home/ione/Documents/University/Year_3/Functional_Programming/Labs/lab_04/lab_04.worksheet.sc[0m
2024.03.29 15:48:08 INFO  time: evaluated worksheet 'lab_04.worksheet.sc' in 0.74s[0m
2024.03.29 15:48:16 WARN  no build target for: /home/ione/Documents/University/Year_3/Functional_Programming/Labs/lab_04/lab_04.worksheet.sc[0m
2024.03.29 15:48:17 INFO  time: evaluated worksheet 'lab_04.worksheet.sc' in 0.69s[0m
2024.03.29 15:48:17 WARN  no build target for: /home/ione/Documents/University/Year_3/Functional_Programming/Labs/lab_04/lab_04.worksheet.sc[0m
2024.03.29 15:48:17 INFO  time: evaluated worksheet 'lab_04.worksheet.sc' in 0.64s[0m
2024.03.29 15:48:20 WARN  no build target for: /home/ione/Documents/University/Year_3/Functional_Programming/Labs/lab_04/lab_04.worksheet.sc[0m
2024.03.29 15:48:21 INFO  time: evaluated worksheet 'lab_04.worksheet.sc' in 0.83s[0m
2024.03.29 15:48:25 WARN  no build target for: /home/ione/Documents/University/Year_3/Functional_Programming/Labs/lab_04/lab_04.worksheet.sc[0m
2024.03.29 15:48:26 INFO  time: evaluated worksheet 'lab_04.worksheet.sc' in 0.8s[0m
2024.03.29 15:48:27 WARN  no build target for: /home/ione/Documents/University/Year_3/Functional_Programming/Labs/lab_04/lab_04.worksheet.sc[0m
2024.03.29 15:48:27 INFO  time: evaluated worksheet 'lab_04.worksheet.sc' in 0.68s[0m
2024.03.29 15:48:33 WARN  no build target for: /home/ione/Documents/University/Year_3/Functional_Programming/Labs/lab_04/lab_04.worksheet.sc[0m
2024.03.29 15:48:34 INFO  time: evaluated worksheet 'lab_04.worksheet.sc' in 0.69s[0m
2024.03.29 15:48:37 WARN  no build target for: /home/ione/Documents/University/Year_3/Functional_Programming/Labs/lab_04/lab_04.worksheet.sc[0m
2024.03.29 15:48:38 INFO  time: evaluated worksheet 'lab_04.worksheet.sc' in 0.52s[0m
2024.03.29 15:48:39 WARN  no build target for: /home/ione/Documents/University/Year_3/Functional_Programming/Labs/lab_04/lab_04.worksheet.sc[0m
2024.03.29 15:48:40 INFO  time: evaluated worksheet 'lab_04.worksheet.sc' in 0.62s[0m
2024.03.29 15:49:20 WARN  no build target for: /home/ione/Documents/University/Year_3/Functional_Programming/Labs/lab_04/lab_04.worksheet.sc[0m
[31merror[39m: lab_04/lab_04.worksheet.sc:119:27: 
duplicate pattern variable: x
        case Cons(x, Cons(x, xs)) =>
                          ^
[31merror[39m: lab_04/lab_04.worksheet.sc:119:35: 
Found:    Unit
Required: Int
        case Cons(x, Cons(x, xs)) =>
                                  ^^
2024.03.29 15:49:21 INFO  time: evaluated worksheet 'lab_04.worksheet.sc' in 0.39s[0m
2024.03.29 15:49:32 WARN  no build target for: /home/ione/Documents/University/Year_3/Functional_Programming/Labs/lab_04/lab_04.worksheet.sc[0m
[31merror[39m: lab_04/lab_04.worksheet.sc:119:27: 
Found:    (x : Any)
Required: Int
        case (x, Void) => x
                          ^
[31merror[39m: lab_04/lab_04.worksheet.sc:120:27: 
duplicate pattern variable: x
        case Cons(x, Cons(x, xs)) => 
                          ^
[31merror[39m: lab_04/lab_04.worksheet.sc:120:35: 
Found:    Unit
Required: Int
        case Cons(x, Cons(x, xs)) => 
                                  ^^
2024.03.29 15:49:32 INFO  time: evaluated worksheet 'lab_04.worksheet.sc' in 0.4s[0m
2024.03.29 15:50:06 WARN  no build target for: /home/ione/Documents/University/Year_3/Functional_Programming/Labs/lab_04/lab_04.worksheet.sc[0m
[31merror[39m: lab_04/lab_04.worksheet.sc:119:27: 
Found:    (x : Any)
Required: Int
        case (x, Void) => x
                          ^
[31merror[39m: lab_04/lab_04.worksheet.sc:120:27: 
duplicate pattern variable: x
        case Cons(x, Cons(x, xs)) => last(Cons(x, xs))
                          ^
2024.03.29 15:50:06 INFO  time: evaluated worksheet 'lab_04.worksheet.sc' in 0.46s[0m
2024.03.29 15:50:07 WARN  no build target for: /home/ione/Documents/University/Year_3/Functional_Programming/Labs/lab_04/lab_04.worksheet.sc[0m
[31merror[39m: lab_04/lab_04.worksheet.sc:119:27: 
Found:    (x : Any)
Required: Int
        case (x, Void) => x
                          ^
[31merror[39m: lab_04/lab_04.worksheet.sc:120:27: 
duplicate pattern variable: x
        case Cons(x, Cons(x, xs)) => last(Cons(x, xs))
                          ^
2024.03.29 15:50:08 INFO  time: evaluated worksheet 'lab_04.worksheet.sc' in 0.38s[0m
2024.03.29 15:50:13 WARN  no build target for: /home/ione/Documents/University/Year_3/Functional_Programming/Labs/lab_04/lab_04.worksheet.sc[0m
[31merror[39m: lab_04/lab_04.worksheet.sc:119:27: 
Found:    (x : Any)
Required: Int
        case (x, Void) => x
                          ^
[31merror[39m: lab_04/lab_04.worksheet.sc:120:53: 
Found:    (xs : Int)
Required: MdocApp.this.IList
        case Cons(x, Cons(xs, xss)) => last(Cons(x, xs))
                                                    ^^
2024.03.29 15:50:14 INFO  time: evaluated worksheet 'lab_04.worksheet.sc' in 0.41s[0m
2024.03.29 15:50:21 WARN  no build target for: /home/ione/Documents/University/Year_3/Functional_Programming/Labs/lab_04/lab_04.worksheet.sc[0m
[31merror[39m: lab_04/lab_04.worksheet.sc:119:27: 
Found:    (x : Any)
Required: Int
        case (x, Void) => x
                          ^
2024.03.29 15:50:21 INFO  time: evaluated worksheet 'lab_04.worksheet.sc' in 0.45s[0m
2024.03.29 15:50:27 WARN  no build target for: /home/ione/Documents/University/Year_3/Functional_Programming/Labs/lab_04/lab_04.worksheet.sc[0m
2024.03.29 15:50:28 INFO  time: evaluated worksheet 'lab_04.worksheet.sc' in 0.66s[0m
2024.03.29 15:50:28 WARN  no build target for: /home/ione/Documents/University/Year_3/Functional_Programming/Labs/lab_04/lab_04.worksheet.sc[0m
2024.03.29 15:50:29 INFO  time: evaluated worksheet 'lab_04.worksheet.sc' in 0.7s[0m
2024.03.29 15:50:32 WARN  no build target for: /home/ione/Documents/University/Year_3/Functional_Programming/Labs/lab_04/lab_04.worksheet.sc[0m
2024.03.29 15:50:33 INFO  time: evaluated worksheet 'lab_04.worksheet.sc' in 0.78s[0m
2024.03.29 15:50:33 WARN  no build target for: /home/ione/Documents/University/Year_3/Functional_Programming/Labs/lab_04/lab_04.worksheet.sc[0m
2024.03.29 15:50:33 INFO  time: evaluated worksheet 'lab_04.worksheet.sc' in 0.81s[0m
2024.03.29 15:50:39 WARN  no build target for: /home/ione/Documents/University/Year_3/Functional_Programming/Labs/lab_04/lab_04.worksheet.sc[0m
2024.03.29 15:50:40 INFO  time: evaluated worksheet 'lab_04.worksheet.sc' in 0.95s[0m
2024.03.29 15:50:44 WARN  no build target for: /home/ione/Documents/University/Year_3/Functional_Programming/Labs/lab_04/lab_04.worksheet.sc[0m
2024.03.29 15:50:45 INFO  time: evaluated worksheet 'lab_04.worksheet.sc' in 0.85s[0m
2024.03.29 15:50:45 WARN  no build target for: /home/ione/Documents/University/Year_3/Functional_Programming/Labs/lab_04/lab_04.worksheet.sc[0m
2024.03.29 15:50:46 INFO  time: evaluated worksheet 'lab_04.worksheet.sc' in 0.73s[0m
2024.03.29 15:51:21 WARN  no build target for: /home/ione/Documents/University/Year_3/Functional_Programming/Labs/lab_04/lab_04.worksheet.sc[0m
2024.03.29 15:51:22 INFO  time: evaluated worksheet 'lab_04.worksheet.sc' in 0.77s[0m
2024.03.29 15:51:23 WARN  no build target for: /home/ione/Documents/University/Year_3/Functional_Programming/Labs/lab_04/lab_04.worksheet.sc[0m
2024.03.29 15:51:24 INFO  time: evaluated worksheet 'lab_04.worksheet.sc' in 0.67s[0m
2024.03.29 15:51:26 WARN  no build target for: /home/ione/Documents/University/Year_3/Functional_Programming/Labs/lab_04/lab_04.worksheet.sc[0m
2024.03.29 15:51:27 INFO  time: evaluated worksheet 'lab_04.worksheet.sc' in 0.76s[0m
2024.03.29 15:51:53 WARN  no build target for: /home/ione/Documents/University/Year_3/Functional_Programming/Labs/lab_04/lab_04.worksheet.sc[0m
2024.03.29 15:51:53 INFO  time: evaluated worksheet 'lab_04.worksheet.sc' in 0.87s[0m
2024.03.29 15:51:58 WARN  no build target for: /home/ione/Documents/University/Year_3/Functional_Programming/Labs/lab_04/lab_04.worksheet.sc[0m
2024.03.29 15:51:59 INFO  time: evaluated worksheet 'lab_04.worksheet.sc' in 0.72s[0m
2024.03.29 15:52:15 WARN  no build target for: /home/ione/Documents/University/Year_3/Functional_Programming/Labs/lab_04/lab_04.worksheet.sc[0m
2024.03.29 15:52:15 INFO  time: evaluated worksheet 'lab_04.worksheet.sc' in 0.74s[0m
2024.03.29 15:52:47 WARN  no build target for: /home/ione/Documents/University/Year_3/Functional_Programming/Labs/lab_04/lab_04.worksheet.sc[0m
2024.03.29 15:52:48 INFO  time: evaluated worksheet 'lab_04.worksheet.sc' in 0.88s[0m
2024.03.29 15:53:01 WARN  no build target for: /home/ione/Documents/University/Year_3/Functional_Programming/Labs/lab_04/lab_04.worksheet.sc[0m
2024.03.29 15:53:02 INFO  time: evaluated worksheet 'lab_04.worksheet.sc' in 0.84s[0m
2024.03.29 15:53:03 WARN  no build target for: /home/ione/Documents/University/Year_3/Functional_Programming/Labs/lab_04/lab_04.worksheet.sc[0m
2024.03.29 15:53:04 WARN  no build target for: /home/ione/Documents/University/Year_3/Functional_Programming/Labs/lab_04/lab_04.worksheet.sc[0m
2024.03.29 15:53:04 INFO  time: evaluated worksheet 'lab_04.worksheet.sc' in 0.81s[0m
2024.03.29 15:53:04 WARN  no build target for: /home/ione/Documents/University/Year_3/Functional_Programming/Labs/lab_04/lab_04.worksheet.sc[0m
2024.03.29 15:53:05 INFO  time: evaluated worksheet 'lab_04.worksheet.sc' in 0.66s[0m
2024.03.29 15:53:05 INFO  time: evaluated worksheet 'lab_04.worksheet.sc' in 0.56s[0m
2024.03.29 15:53:08 WARN  no build target for: /home/ione/Documents/University/Year_3/Functional_Programming/Labs/lab_04/lab_04.worksheet.sc[0m
2024.03.29 15:53:09 INFO  time: evaluated worksheet 'lab_04.worksheet.sc' in 0.72s[0m
2024.03.29 15:53:12 ERROR Failed to tokenize input for semantic tokens for /home/ione/Documents/University/Year_3/Functional_Programming/Labs/lab_04/lab_04.worksheet.sc
scala.meta.tokenizers.TokenizeException: <input>:92: error: unclosed comment
  /* def append(list1: IList, list2: IList): IList = {
  ^
	at scala.meta.internal.tokenizers.Reporter.incompleteInputError(Reporter.scala:27)
	at scala.meta.internal.tokenizers.Reporter.incompleteInputError$(Reporter.scala:26)
	at scala.meta.internal.tokenizers.Reporter$$anon$1.incompleteInputError(Reporter.scala:33)
	at scala.meta.internal.tokenizers.Reporter.incompleteInputError(Reporter.scala:29)
	at scala.meta.internal.tokenizers.Reporter.incompleteInputError$(Reporter.scala:29)
	at scala.meta.internal.tokenizers.Reporter$$anon$1.incompleteInputError(Reporter.scala:33)
	at scala.meta.internal.tokenizers.LegacyScanner.skipNestedComments(LegacyScanner.scala:52)
	at scala.meta.internal.tokenizers.LegacyScanner.skipToCommentEnd(LegacyScanner.scala:71)
	at scala.meta.internal.tokenizers.LegacyScanner.fetchToken(LegacyScanner.scala:313)
	at scala.meta.internal.tokenizers.LegacyScanner.nextToken(LegacyScanner.scala:211)
	at scala.meta.internal.tokenizers.LegacyScanner.foreach(LegacyScanner.scala:1011)
	at scala.meta.internal.tokenizers.ScalametaTokenizer.uncachedTokenize(ScalametaTokenizer.scala:24)
	at scala.meta.internal.tokenizers.ScalametaTokenizer.$anonfun$tokenize$1(ScalametaTokenizer.scala:17)
	at scala.collection.concurrent.TrieMap.getOrElseUpdate(TrieMap.scala:962)
	at scala.meta.internal.tokenizers.ScalametaTokenizer.tokenize(ScalametaTokenizer.scala:17)
	at scala.meta.internal.tokenizers.ScalametaTokenizer$$anon$2.apply(ScalametaTokenizer.scala:332)
	at scala.meta.tokenizers.Api$XtensionTokenizeDialectInput.tokenize(Api.scala:25)
	at scala.meta.tokenizers.Api$XtensionTokenizeInputLike.tokenize(Api.scala:14)
	at scala.meta.internal.metals.SemanticTokensProvider$.getTokens(SemanticTokensProvider.scala:28)
	at scala.meta.internal.metals.SemanticTokensProvider$.provide(SemanticTokensProvider.scala:89)
	at scala.meta.internal.metals.Compilers.$anonfun$semanticTokens$3(Compilers.scala:541)
	at scala.concurrent.impl.Promise$Transformation.run(Promise.scala:467)
	at java.util.concurrent.ThreadPoolExecutor.runWorker(ThreadPoolExecutor.java:1136)
	at java.util.concurrent.ThreadPoolExecutor$Worker.run(ThreadPoolExecutor.java:635)
	at java.lang.Thread.run(Thread.java:833)
[0m
Mar 29, 2024 3:53:14 PM org.eclipse.lsp4j.jsonrpc.RemoteEndpoint handleCancellation
WARNING: Unmatched cancel notification for request id 15391
2024.03.29 15:53:14 WARN  no build target for: /home/ione/Documents/University/Year_3/Functional_Programming/Labs/lab_04/lab_04.worksheet.sc[0m
[31merror[39m: lab_04/lab_04.worksheet.sc:94:53: 
value update is not a member of object MdocApp.this.Cons
            case Cons(x, tail) if (tail == Void) => Cons() = list2
                                                    ^^^^
[31merror[39m: lab_04/lab_04.worksheet.sc:95:30: 
Not found: tail
            case _ => append(tail, list2)
                             ^^^^
[31merror[39m: lab_04/lab_04.worksheet.sc:98:2: 
Found:    Unit
Required: MdocApp.this.IList
}
 ^
2024.03.29 15:53:14 INFO  time: evaluated worksheet 'lab_04.worksheet.sc' in 0.51s[0m
2024.03.29 15:53:16 WARN  no build target for: /home/ione/Documents/University/Year_3/Functional_Programming/Labs/lab_04/lab_04.worksheet.sc[0m
[31merror[39m: lab_04/lab_04.worksheet.sc:94:53: 
value update is not a member of object MdocApp.this.Cons
            case Cons(x, tail) if (tail == Void) => Cons() = list2
                                                    ^^^^
[31merror[39m: lab_04/lab_04.worksheet.sc:95:30: 
Not found: tail
            case _ => append(tail, list2)
                             ^^^^
[31merror[39m: lab_04/lab_04.worksheet.sc:98:2: 
Found:    Unit
Required: MdocApp.this.IList
}
 ^
2024.03.29 15:53:16 INFO  time: evaluated worksheet 'lab_04.worksheet.sc' in 0.57s[0m
2024.03.29 15:53:27 WARN  no build target for: /home/ione/Documents/University/Year_3/Functional_Programming/Labs/lab_04/lab_04.worksheet.sc[0m
[31merror[39m: lab_04/lab_04.worksheet.sc:94:36: 
Not found: tail
            case Cons(x, Void) if (tail == Void) => Cons() = list2
                                   ^^^^
[31merror[39m: lab_04/lab_04.worksheet.sc:94:53: 
value update is not a member of object MdocApp.this.Cons
            case Cons(x, Void) if (tail == Void) => Cons() = list2
                                                    ^^^^
[31merror[39m: lab_04/lab_04.worksheet.sc:95:30: 
Not found: tail
            case _ => append(tail, list2)
                             ^^^^
[31merror[39m: lab_04/lab_04.worksheet.sc:98:2: 
Found:    Unit
Required: MdocApp.this.IList
}
 ^
2024.03.29 15:53:28 INFO  time: evaluated worksheet 'lab_04.worksheet.sc' in 0.72s[0m
Mar 29, 2024 3:53:30 PM org.eclipse.lsp4j.jsonrpc.RemoteEndpoint handleCancellation
WARNING: Unmatched cancel notification for request id 15455
Mar 29, 2024 3:53:39 PM org.eclipse.lsp4j.jsonrpc.RemoteEndpoint handleCancellation
WARNING: Unmatched cancel notification for request id 15517
2024.03.29 15:54:07 WARN  no build target for: /home/ione/Documents/University/Year_3/Functional_Programming/Labs/lab_04/lab_04.worksheet.sc[0m
[31merror[39m: lab_04/lab_04.worksheet.sc:94:35: 
Reassignment to val currentElem
            case Cons(x, Void) => currentElem = Cons(x, list2)
                                  ^^^^^^^^^^^^^^^^^^^^^^^^^^^^
[31merror[39m: lab_04/lab_04.worksheet.sc:97:2: 
Found:    Unit
Required: MdocApp.this.IList
}
 ^
2024.03.29 15:54:08 INFO  time: evaluated worksheet 'lab_04.worksheet.sc' in 0.52s[0m
2024.03.29 15:54:09 WARN  no build target for: /home/ione/Documents/University/Year_3/Functional_Programming/Labs/lab_04/lab_04.worksheet.sc[0m
[31merror[39m: lab_04/lab_04.worksheet.sc:94:35: 
Reassignment to val currentElem
            case Cons(x, Void) => currentElem = Cons(x, list2)
                                  ^^^^^^^^^^^^^^^^^^^^^^^^^^^^
[31merror[39m: lab_04/lab_04.worksheet.sc:97:2: 
Found:    Unit
Required: MdocApp.this.IList
}
 ^
2024.03.29 15:54:09 INFO  time: evaluated worksheet 'lab_04.worksheet.sc' in 0.44s[0m
2024.03.29 15:54:13 WARN  no build target for: /home/ione/Documents/University/Year_3/Functional_Programming/Labs/lab_04/lab_04.worksheet.sc[0m
[31merror[39m: lab_04/lab_04.worksheet.sc:92:13: identifier expected but var found
    def aux(var currentElem: IList): IList ={
            ^^^
2024.03.29 15:54:13 INFO  time: evaluated worksheet 'lab_04.worksheet.sc' in 0.19s[0m
2024.03.29 15:54:16 WARN  no build target for: /home/ione/Documents/University/Year_3/Functional_Programming/Labs/lab_04/lab_04.worksheet.sc[0m
[31merror[39m: lab_04/lab_04.worksheet.sc:94:35: 
Reassignment to val currentElem
            case Cons(x, Void) => currentElem = Cons(x, list2)
                                  ^^^^^^^^^^^^^^^^^^^^^^^^^^^^
[31merror[39m: lab_04/lab_04.worksheet.sc:97:2: 
Found:    Unit
Required: MdocApp.this.IList
}
 ^
2024.03.29 15:54:16 INFO  time: evaluated worksheet 'lab_04.worksheet.sc' in 0.52s[0m
2024.03.29 15:54:17 WARN  no build target for: /home/ione/Documents/University/Year_3/Functional_Programming/Labs/lab_04/lab_04.worksheet.sc[0m
[31merror[39m: lab_04/lab_04.worksheet.sc:94:35: 
Reassignment to val currentElem
            case Cons(x, Void) => currentElem = Cons(x, list2)
                                  ^^^^^^^^^^^^^^^^^^^^^^^^^^^^
[31merror[39m: lab_04/lab_04.worksheet.sc:97:2: 
Found:    Unit
Required: MdocApp.this.IList
}
 ^
2024.03.29 15:54:18 INFO  time: evaluated worksheet 'lab_04.worksheet.sc' in 0.48s[0m
2024.03.29 15:54:31 ERROR Failed to tokenize input for semantic tokens for /home/ione/Documents/University/Year_3/Functional_Programming/Labs/lab_04/lab_04.worksheet.sc
scala.meta.tokenizers.TokenizeException: <input>:92: error: unclosed comment
  /* def append(list1: IList, list2: IList): IList = {
  ^
	at scala.meta.internal.tokenizers.Reporter.incompleteInputError(Reporter.scala:27)
	at scala.meta.internal.tokenizers.Reporter.incompleteInputError$(Reporter.scala:26)
	at scala.meta.internal.tokenizers.Reporter$$anon$1.incompleteInputError(Reporter.scala:33)
	at scala.meta.internal.tokenizers.Reporter.incompleteInputError(Reporter.scala:29)
	at scala.meta.internal.tokenizers.Reporter.incompleteInputError$(Reporter.scala:29)
	at scala.meta.internal.tokenizers.Reporter$$anon$1.incompleteInputError(Reporter.scala:33)
	at scala.meta.internal.tokenizers.LegacyScanner.skipNestedComments(LegacyScanner.scala:52)
	at scala.meta.internal.tokenizers.LegacyScanner.skipToCommentEnd(LegacyScanner.scala:71)
	at scala.meta.internal.tokenizers.LegacyScanner.fetchToken(LegacyScanner.scala:313)
	at scala.meta.internal.tokenizers.LegacyScanner.nextToken(LegacyScanner.scala:211)
	at scala.meta.internal.tokenizers.LegacyScanner.foreach(LegacyScanner.scala:1011)
	at scala.meta.internal.tokenizers.ScalametaTokenizer.uncachedTokenize(ScalametaTokenizer.scala:24)
	at scala.meta.internal.tokenizers.ScalametaTokenizer.$anonfun$tokenize$1(ScalametaTokenizer.scala:17)
	at scala.collection.concurrent.TrieMap.getOrElseUpdate(TrieMap.scala:962)
	at scala.meta.internal.tokenizers.ScalametaTokenizer.tokenize(ScalametaTokenizer.scala:17)
	at scala.meta.internal.tokenizers.ScalametaTokenizer$$anon$2.apply(ScalametaTokenizer.scala:332)
	at scala.meta.tokenizers.Api$XtensionTokenizeDialectInput.tokenize(Api.scala:25)
	at scala.meta.tokenizers.Api$XtensionTokenizeInputLike.tokenize(Api.scala:14)
	at scala.meta.internal.metals.SemanticTokensProvider$.getTokens(SemanticTokensProvider.scala:28)
	at scala.meta.internal.metals.SemanticTokensProvider$.provide(SemanticTokensProvider.scala:89)
	at scala.meta.internal.metals.Compilers.$anonfun$semanticTokens$3(Compilers.scala:541)
	at scala.concurrent.impl.Promise$Transformation.run(Promise.scala:467)
	at java.util.concurrent.ThreadPoolExecutor.runWorker(ThreadPoolExecutor.java:1136)
	at java.util.concurrent.ThreadPoolExecutor$Worker.run(ThreadPoolExecutor.java:635)
	at java.lang.Thread.run(Thread.java:833)
[0m
2024.03.29 15:54:31 WARN  no build target for: /home/ione/Documents/University/Year_3/Functional_Programming/Labs/lab_04/lab_04.worksheet.sc[0m
2024.03.29 15:54:32 WARN  no build target for: /home/ione/Documents/University/Year_3/Functional_Programming/Labs/lab_04/lab_04.worksheet.sc[0m
2024.03.29 15:54:31 INFO  time: evaluated worksheet 'lab_04.worksheet.sc' in 0.7s[0m
2024.03.29 15:54:32 INFO  time: evaluated worksheet 'lab_04.worksheet.sc' in 0.62s[0m
2024.03.30 19:57:46 INFO  Started: Metals version 1.2.2 in folders '/home/ione/Documents/University/Year_3/Functional_Programming/Labs' for client Visual Studio Code 1.87.2.[0m
19:57:50.300 [pool-1-thread-1] INFO org.flywaydb.core.internal.license.VersionPrinter -- Flyway Community Edition 9.22.3 by Redgate
19:57:50.302 [pool-1-thread-1] INFO org.flywaydb.core.internal.license.VersionPrinter -- See release notes here: https://rd.gt/416ObMi
19:57:50.302 [pool-1-thread-1] INFO org.flywaydb.core.internal.license.VersionPrinter -- 
19:57:50.304 [pool-1-thread-1] DEBUG org.flywaydb.core.internal.scanner.classpath.ClassPathScanner -- Scanning for classpath resources at 'classpath:db/callback' ...
19:57:50.304 [pool-1-thread-1] DEBUG org.flywaydb.core.internal.scanner.classpath.ClassPathScanner -- Determining location urls for classpath:db/callback using ClassLoader jdk.internal.loader.ClassLoaders$AppClassLoader@5cb0d902 ...
19:57:50.304 [pool-1-thread-1] DEBUG org.flywaydb.core.internal.scanner.classpath.ClassPathScanner -- Unable to resolve location classpath:db/callback.
19:57:50.304 [pool-1-thread-1] DEBUG org.flywaydb.core.internal.scanner.classpath.ClassPathScanner -- Scanning for classpath resources at 'classpath:db/migration' ...
19:57:50.304 [pool-1-thread-1] DEBUG org.flywaydb.core.internal.scanner.classpath.ClassPathScanner -- Determining location urls for classpath:db/migration using ClassLoader jdk.internal.loader.ClassLoaders$AppClassLoader@5cb0d902 ...
19:57:50.304 [pool-1-thread-1] DEBUG org.flywaydb.core.internal.scanner.classpath.ClassPathScanner -- Scanning URL: jar:file:/home/ione/.cache/coursier/v1/https/repo1.maven.org/maven2/org/scalameta/metals_2.13/1.2.2/metals_2.13-1.2.2.jar!/db/migration
19:57:50.306 [pool-1-thread-1] DEBUG org.flywaydb.core.internal.scanner.classpath.ClassPathScanner -- Found resource: db/migration/
19:57:50.306 [pool-1-thread-1] DEBUG org.flywaydb.core.internal.scanner.classpath.ClassPathScanner -- Found resource: db/migration/V1__Create_tables.sql
19:57:50.306 [pool-1-thread-1] DEBUG org.flywaydb.core.internal.scanner.classpath.ClassPathScanner -- Found resource: db/migration/V2__Server_discovery.sql
19:57:50.306 [pool-1-thread-1] DEBUG org.flywaydb.core.internal.scanner.classpath.ClassPathScanner -- Found resource: db/migration/V3__Jar_symbols.sql
19:57:50.306 [pool-1-thread-1] DEBUG org.flywaydb.core.internal.scanner.classpath.ClassPathScanner -- Found resource: db/migration/V4__Fingerprints.sql
19:57:50.306 [pool-1-thread-1] DEBUG org.flywaydb.core.internal.scanner.classpath.ClassPathScanner -- Scanning for classes at classpath:db/migration
19:57:50.308 [pool-1-thread-1] DEBUG org.flywaydb.core.internal.scanner.Scanner -- Filtering out resource: db/migration/ (filename: )
19:57:50.308 [pool-1-thread-1] DEBUG org.flywaydb.core.internal.resource.ResourceNameValidator -- Validating V3__Jar_symbols.sql
19:57:50.308 [pool-1-thread-1] DEBUG org.flywaydb.core.internal.resource.ResourceNameValidator -- Validating V2__Server_discovery.sql
19:57:50.308 [pool-1-thread-1] DEBUG org.flywaydb.core.internal.resource.ResourceNameValidator -- Validating V1__Create_tables.sql
19:57:50.308 [pool-1-thread-1] DEBUG org.flywaydb.core.internal.resource.ResourceNameValidator -- Validating V4__Fingerprints.sql
19:57:50.360 [pool-1-thread-1] INFO org.flywaydb.core.FlywayExecutor -- Database: jdbc:h2:file:/home/ione/Documents/University/Year_3/Functional_Programming/Labs/.metals/metals (H2 2.2)
19:57:50.360 [pool-1-thread-1] DEBUG org.flywaydb.core.FlywayExecutor -- Driver: H2 JDBC Driver 2.2.224 (2023-09-17)
19:57:50.360 [pool-1-thread-1] DEBUG org.flywaydb.core.FlywayExecutor -- DDL Transactions Supported: false
19:57:50.361 [pool-1-thread-1] DEBUG org.flywaydb.core.internal.schemahistory.SchemaHistoryFactory -- Schemas: 
19:57:50.361 [pool-1-thread-1] DEBUG org.flywaydb.core.internal.schemahistory.SchemaHistoryFactory -- Default schema: null
19:57:50.365 [pool-1-thread-1] WARN org.flywaydb.core.internal.database.base.Database -- Flyway upgrade recommended: H2 2.2.224 is newer than this version of Flyway and support has not been tested. The latest supported version of H2 is 2.2.220.
19:57:50.366 [pool-1-thread-1] DEBUG org.flywaydb.core.internal.callback.SqlScriptCallbackFactory -- Scanning for SQL callbacks ...
19:57:50.366 [pool-1-thread-1] DEBUG org.flywaydb.core.internal.scanner.Scanner -- Filtering out resource: db/migration/ (filename: )
19:57:50.371 [pool-1-thread-1] DEBUG org.flywaydb.core.internal.command.DbValidate -- Validating migrations ...
19:57:50.373 [pool-1-thread-1] DEBUG org.flywaydb.core.internal.scanner.Scanner -- Filtering out resource: db/migration/ (filename: )
19:57:50.377 [pool-1-thread-1] DEBUG org.flywaydb.core.internal.scanner.Scanner -- Filtering out resource: db/migration/V3__Jar_symbols.sql (filename: V3__Jar_symbols.sql)
19:57:50.377 [pool-1-thread-1] DEBUG org.flywaydb.core.internal.scanner.Scanner -- Filtering out resource: db/migration/ (filename: )
19:57:50.378 [pool-1-thread-1] DEBUG org.flywaydb.core.internal.scanner.Scanner -- Filtering out resource: db/migration/V2__Server_discovery.sql (filename: V2__Server_discovery.sql)
19:57:50.378 [pool-1-thread-1] DEBUG org.flywaydb.core.internal.scanner.Scanner -- Filtering out resource: db/migration/V1__Create_tables.sql (filename: V1__Create_tables.sql)
19:57:50.378 [pool-1-thread-1] DEBUG org.flywaydb.core.internal.scanner.Scanner -- Filtering out resource: db/migration/V4__Fingerprints.sql (filename: V4__Fingerprints.sql)
19:57:50.378 [pool-1-thread-1] DEBUG org.flywaydb.core.internal.scanner.Scanner -- Filtering out resource: db/migration/V3__Jar_symbols.sql (filename: V3__Jar_symbols.sql)
19:57:50.378 [pool-1-thread-1] DEBUG org.flywaydb.core.internal.scanner.Scanner -- Filtering out resource: db/migration/ (filename: )
19:57:50.378 [pool-1-thread-1] DEBUG org.flywaydb.core.internal.scanner.Scanner -- Filtering out resource: db/migration/V2__Server_discovery.sql (filename: V2__Server_discovery.sql)
19:57:50.378 [pool-1-thread-1] DEBUG org.flywaydb.core.internal.scanner.Scanner -- Filtering out resource: db/migration/V1__Create_tables.sql (filename: V1__Create_tables.sql)
19:57:50.378 [pool-1-thread-1] DEBUG org.flywaydb.core.internal.scanner.Scanner -- Filtering out resource: db/migration/V4__Fingerprints.sql (filename: V4__Fingerprints.sql)
19:57:50.383 [pool-1-thread-1] INFO org.flywaydb.core.internal.command.DbValidate -- Successfully validated 4 migrations (execution time 00:00.011s)
19:57:50.384 [pool-1-thread-1] DEBUG org.flywaydb.core.internal.command.DbSchemas -- Skipping creation of existing schema: "PUBLIC"
19:57:50.387 [pool-1-thread-1] INFO org.flywaydb.core.internal.command.DbMigrate -- Current version of schema "PUBLIC": 4
19:57:50.388 [pool-1-thread-1] INFO org.flywaydb.core.internal.command.DbMigrate -- Schema "PUBLIC" is up to date. No migration necessary.
19:57:50.398 [pool-1-thread-1] DEBUG org.flywaydb.core.FlywayExecutor -- Memory usage: 35 of 100M
2024.03.30 19:57:50 WARN  Build server is not auto-connectable.[0m
2024.03.30 19:57:50 WARN  no build target for: /home/ione/Documents/University/Year_3/Functional_Programming/Labs/lab_04/lab_04.worksheet.sc[0m
2024.03.30 19:57:55 INFO  time: evaluated worksheet 'lab_04.worksheet.sc' in 5s[0m
2024.03.30 19:57:56 INFO  no build target found for /home/ione/Documents/University/Year_3/Functional_Programming/Labs/lab_04/lab_04.worksheet.sc. Using presentation compiler with project's scala-library version: 3.3.1[0m
2024.03.30 19:57:57 INFO  time: code lens generation in 1s[0m
2024.03.30 19:57:57 INFO  time: code lens generation in 6.35s[0m
2024.03.30 19:57:59 INFO  no build target found for /home/ione/Documents/University/Year_3/Functional_Programming/Labs/lab_04/lab_04.worksheet.sc. Using presentation compiler with project's scala-library version: 3.3.1[0m
2024.03.30 20:00:32 INFO  Shutting down server[0m
2024.03.30 20:00:32 INFO  shutting down Metals[0m
2024.03.30 20:00:32 INFO  Exiting server[0m
